  복원할 프로젝트를 확인하는 중...
  복원할 모든 프로젝트가 최신 상태입니다.
  Avalonia Accelerate Community requires telemetry. To opt out, please upgrade to a paid tier. Learn more: https://avaloniaui.net/accelerate/
/Users/azrael/Documents/ETA/Views/InstallCheckDialog.cs(4,7): warning CS0105: 'ETA.Views'에 대한 using 지시문을 이 네임스페이스에서 이전에 사용했습니다. [/Users/azrael/Documents/ETA/ETA.csproj]
/Users/azrael/Documents/ETA/Views/OrderRequestWindow.axaml.cs(4,7): warning CS0105: 'ETA.Views'에 대한 using 지시문을 이 네임스페이스에서 이전에 사용했습니다. [/Users/azrael/Documents/ETA/ETA.csproj]
/Users/azrael/Documents/ETA/Views/Pages/Common/Purchasepage.axaml.cs(14,7): warning CS0105: 'ETA.Services.Common'에 대한 using 지시문을 이 네임스페이스에서 이전에 사용했습니다. [/Users/azrael/Documents/ETA/ETA.csproj]
/Users/azrael/Documents/ETA/Views/Pages/Common/RiskManagePage.cs(14,7): warning CS0105: 'System.Threading.Tasks'에 대한 using 지시문을 이 네임스페이스에서 이전에 사용했습니다. [/Users/azrael/Documents/ETA/ETA.csproj]
/Users/azrael/Documents/ETA/Views/Pages/Common/SchedulePage.cs(14,7): warning CS0105: 'ETA.Services.Common'에 대한 using 지시문을 이 네임스페이스에서 이전에 사용했습니다. [/Users/azrael/Documents/ETA/ETA.csproj]
/Users/azrael/Documents/ETA/Views/Pages/PAGE1/OrderRequestEditPanel.cs(16,7): warning CS0105: 'System.Threading.Tasks'에 대한 using 지시문을 이 네임스페이스에서 이전에 사용했습니다. [/Users/azrael/Documents/ETA/ETA.csproj]
/Users/azrael/Documents/ETA/Views/Pages/PAGE1/QuotationCheckPanel.axaml.cs(14,7): warning CS0105: 'System.Linq'에 대한 using 지시문을 이 네임스페이스에서 이전에 사용했습니다. [/Users/azrael/Documents/ETA/ETA.csproj]
/Users/azrael/Documents/ETA/Views/Pages/PAGE1/TestReportPage.axaml.cs(20,7): warning CS0105: 'ETA.Services.Common'에 대한 using 지시문을 이 네임스페이스에서 이전에 사용했습니다. [/Users/azrael/Documents/ETA/ETA.csproj]
/Users/azrael/Documents/ETA/Views/Pages/PAGE2/WasteDataQueryPage.axaml.cs(14,7): warning CS0105: 'ETA.Services.Common'에 대한 using 지시문을 이 네임스페이스에서 이전에 사용했습니다. [/Users/azrael/Documents/ETA/ETA.csproj]
/Users/azrael/Documents/ETA/Views/Pages/PAGE2/WasteNameReconcilePage.cs(16,7): warning CS0105: 'ETA.Services.Common'에 대한 using 지시문을 이 네임스페이스에서 이전에 사용했습니다. [/Users/azrael/Documents/ETA/ETA.csproj]
/Users/azrael/Documents/ETA/Views/Pages/PAGE2/WasteSampleListPage.axaml.cs(17,7): warning CS0105: 'ETA.Services.Common'에 대한 using 지시문을 이 네임스페이스에서 이전에 사용했습니다. [/Users/azrael/Documents/ETA/ETA.csproj]
/Users/azrael/Documents/ETA/Views/Pages/PAGE2/WasteAnalysisInputPage.axaml.cs(2188,63): warning CS0618: 'IDataObject'은(는) 사용되지 않습니다. 'Use IDataTransfer or IAsyncDataTransfer instead' [/Users/azrael/Documents/ETA/ETA.csproj]
/Users/azrael/Documents/ETA/Services/SERVICE1/MeasurerService.cs(172,26): warning CS0168: 'ex' 변수가 선언되었지만 사용되지 않았습니다. [/Users/azrael/Documents/ETA/ETA.csproj]
/Users/azrael/Documents/ETA/Views/Pages/PAGE1/AgentTreePage.axaml.cs(275,28): warning CS0618: 'DataObject'은(는) 사용되지 않습니다. 'Use DataTransfer instead' [/Users/azrael/Documents/ETA/ETA.csproj]
/Users/azrael/Documents/ETA/Views/Pages/PAGE1/AgentTreePage.axaml.cs(277,19): warning CS0618: 'DragDrop.DoDragDrop(PointerEventArgs, IDataObject, DragDropEffects)'은(는) 사용되지 않습니다. 'Use DoDragDropAsync instead.' [/Users/azrael/Documents/ETA/ETA.csproj]
/Users/azrael/Documents/ETA/Services/SERVICE4/ManualMatchWindow.cs(922,28): warning CS0618: 'DataObject'은(는) 사용되지 않습니다. 'Use DataTransfer instead' [/Users/azrael/Documents/ETA/ETA.csproj]
/Users/azrael/Documents/ETA/Services/SERVICE4/ManualMatchWindow.cs(924,19): warning CS0618: 'DragDrop.DoDragDrop(PointerEventArgs, IDataObject, DragDropEffects)'은(는) 사용되지 않습니다. 'Use DoDragDropAsync instead.' [/Users/azrael/Documents/ETA/ETA.csproj]
/Users/azrael/Documents/ETA/Views/Pages/PAGE1/AgentTreePage.axaml.cs(596,29): warning CS0618: 'DragEventArgs.Data'은(는) 사용되지 않습니다. 'Use DataTransfer instead.' [/Users/azrael/Documents/ETA/ETA.csproj]
/Users/azrael/Documents/ETA/Views/Pages/PAGE1/AgentTreePage.axaml.cs(601,18): warning CS0618: 'DragEventArgs.Data'은(는) 사용되지 않습니다. 'Use DataTransfer instead.' [/Users/azrael/Documents/ETA/ETA.csproj]
/Users/azrael/Documents/ETA/Views/Pages/PAGE1/AgentTreePage.axaml.cs(602,27): warning CS0618: 'DragEventArgs.Data'은(는) 사용되지 않습니다. 'Use DataTransfer instead.' [/Users/azrael/Documents/ETA/ETA.csproj]
/Users/azrael/Documents/ETA/Views/Pages/PAGE1/AnalysisRequestListPanel.axaml.cs(139,29): warning CS0618: 'DragEventArgs.Data'은(는) 사용되지 않습니다. 'Use DataTransfer instead.' [/Users/azrael/Documents/ETA/ETA.csproj]
/Users/azrael/Documents/ETA/Views/Pages/PAGE1/AnalysisRequestListPanel.axaml.cs(144,18): warning CS0618: 'DragEventArgs.Data'은(는) 사용되지 않습니다. 'Use DataTransfer instead.' [/Users/azrael/Documents/ETA/ETA.csproj]
/Users/azrael/Documents/ETA/Views/Pages/PAGE1/AnalysisRequestListPanel.axaml.cs(145,31): warning CS0618: 'DragEventArgs.Data'은(는) 사용되지 않습니다. 'Use DataTransfer instead.' [/Users/azrael/Documents/ETA/ETA.csproj]
/Users/azrael/Documents/ETA/Views/Pages/PAGE1/AgentTreePage.axaml.cs(822,29): warning CS0618: 'DragEventArgs.Data'은(는) 사용되지 않습니다. 'Use DataTransfer instead.' [/Users/azrael/Documents/ETA/ETA.csproj]
/Users/azrael/Documents/ETA/Views/Pages/PAGE1/AgentTreePage.axaml.cs(829,18): warning CS0618: 'DragEventArgs.Data'은(는) 사용되지 않습니다. 'Use DataTransfer instead.' [/Users/azrael/Documents/ETA/ETA.csproj]
/Users/azrael/Documents/ETA/Views/Pages/PAGE1/AgentTreePage.axaml.cs(831,27): warning CS0618: 'DragEventArgs.Data'은(는) 사용되지 않습니다. 'Use DataTransfer instead.' [/Users/azrael/Documents/ETA/ETA.csproj]
/Users/azrael/Documents/ETA/Views/Pages/PAGE2/WasteCompanyPage.axaml.cs(205,13): warning CS0162: 접근할 수 없는 코드가 있습니다. [/Users/azrael/Documents/ETA/ETA.csproj]
/Users/azrael/Documents/ETA/Views/Pages/PAGE1/AnalysisRequestListPanel.axaml.cs(527,32): warning CS0618: 'DataObject'은(는) 사용되지 않습니다. 'Use DataTransfer instead' [/Users/azrael/Documents/ETA/ETA.csproj]
/Users/azrael/Documents/ETA/Views/Pages/PAGE1/AnalysisRequestListPanel.axaml.cs(529,23): warning CS0618: 'DragDrop.DoDragDrop(PointerEventArgs, IDataObject, DragDropEffects)'은(는) 사용되지 않습니다. 'Use DoDragDropAsync instead.' [/Users/azrael/Documents/ETA/ETA.csproj]
/Users/azrael/Documents/ETA/Views/Pages/PAGE2/WasteSampleListPage.axaml.cs(468,28): warning CS0618: 'DataObject'은(는) 사용되지 않습니다. 'Use DataTransfer instead' [/Users/azrael/Documents/ETA/ETA.csproj]
/Users/azrael/Documents/ETA/Views/Pages/PAGE2/WasteSampleListPage.axaml.cs(470,19): warning CS0618: 'DragDrop.DoDragDrop(PointerEventArgs, IDataObject, DragDropEffects)'은(는) 사용되지 않습니다. 'Use DoDragDropAsync instead.' [/Users/azrael/Documents/ETA/ETA.csproj]
/Users/azrael/Documents/ETA/Views/Pages/PAGE2/WasteSampleListPage.axaml.cs(573,32): warning CS0618: 'DataObject'은(는) 사용되지 않습니다. 'Use DataTransfer instead' [/Users/azrael/Documents/ETA/ETA.csproj]
/Users/azrael/Documents/ETA/Views/Pages/PAGE2/WasteSampleListPage.axaml.cs(575,23): warning CS0618: 'DragDrop.DoDragDrop(PointerEventArgs, IDataObject, DragDropEffects)'은(는) 사용되지 않습니다. 'Use DoDragDropAsync instead.' [/Users/azrael/Documents/ETA/ETA.csproj]
/Users/azrael/Documents/ETA/Views/Pages/PAGE2/WasteSampleListPage.axaml.cs(622,14): warning CS0618: 'DragEventArgs.Data'은(는) 사용되지 않습니다. 'Use DataTransfer instead.' [/Users/azrael/Documents/ETA/ETA.csproj]
/Users/azrael/Documents/ETA/Views/Pages/PAGE2/WasteSampleListPage.axaml.cs(635,14): warning CS0618: 'DragEventArgs.Data'은(는) 사용되지 않습니다. 'Use DataTransfer instead.' [/Users/azrael/Documents/ETA/ETA.csproj]
/Users/azrael/Documents/ETA/Views/Pages/PAGE2/WasteSampleListPage.axaml.cs(666,14): warning CS0618: 'DragEventArgs.Data'은(는) 사용되지 않습니다. 'Use DataTransfer instead.' [/Users/azrael/Documents/ETA/ETA.csproj]
/Users/azrael/Documents/ETA/Views/Pages/PAGE2/WasteSampleListPage.axaml.cs(676,14): warning CS0618: 'DragEventArgs.Data'은(는) 사용되지 않습니다. 'Use DataTransfer instead.' [/Users/azrael/Documents/ETA/ETA.csproj]
/Users/azrael/Documents/ETA/Views/MainPage.axaml.cs(1439,40): warning CS0618: 'DataObject'은(는) 사용되지 않습니다. 'Use DataTransfer instead' [/Users/azrael/Documents/ETA/ETA.csproj]
/Users/azrael/Documents/ETA/Views/MainPage.axaml.cs(1441,25): warning CS0618: 'DragDrop.DoDragDrop(PointerEventArgs, IDataObject, DragDropEffects)'은(는) 사용되지 않습니다. 'Use DoDragDropAsync instead.' [/Users/azrael/Documents/ETA/ETA.csproj]
/Users/azrael/Documents/ETA/Views/MainPage.axaml.cs(1563,32): warning CS0618: 'DataObject'은(는) 사용되지 않습니다. 'Use DataTransfer instead' [/Users/azrael/Documents/ETA/ETA.csproj]
/Users/azrael/Documents/ETA/Views/MainPage.axaml.cs(1565,17): warning CS0618: 'DragDrop.DoDragDrop(PointerEventArgs, IDataObject, DragDropEffects)'은(는) 사용되지 않습니다. 'Use DoDragDropAsync instead.' [/Users/azrael/Documents/ETA/ETA.csproj]
/Users/azrael/Documents/ETA/Views/Pages/PAGE1/AgentTreePage.axaml.cs(2278,29): warning CS0618: 'DragEventArgs.Data'은(는) 사용되지 않습니다. 'Use DataTransfer instead.' [/Users/azrael/Documents/ETA/ETA.csproj]
/Users/azrael/Documents/ETA/Views/Pages/PAGE1/AgentTreePage.axaml.cs(2284,18): warning CS0618: 'DragEventArgs.Data'은(는) 사용되지 않습니다. 'Use DataTransfer instead.' [/Users/azrael/Documents/ETA/ETA.csproj]
/Users/azrael/Documents/ETA/Views/Pages/PAGE1/AgentTreePage.axaml.cs(2285,27): warning CS0618: 'DragEventArgs.Data'은(는) 사용되지 않습니다. 'Use DataTransfer instead.' [/Users/azrael/Documents/ETA/ETA.csproj]
/Users/azrael/Documents/ETA/Views/Pages/PAGE2/WasteAnalysisInputPage.axaml.cs(1953,35): warning CS0618: 'DragEventArgs.Data'은(는) 사용되지 않습니다. 'Use DataTransfer instead.' [/Users/azrael/Documents/ETA/ETA.csproj]
/Users/azrael/Documents/ETA/Views/Pages/PAGE2/WasteAnalysisInputPage.axaml.cs(1954,35): warning CS0618: 'DragEventArgs.Data'은(는) 사용되지 않습니다. 'Use DataTransfer instead.' [/Users/azrael/Documents/ETA/ETA.csproj]
/Users/azrael/Documents/ETA/Views/Pages/PAGE2/WasteAnalysisInputPage.axaml.cs(1955,35): warning CS0618: 'DragEventArgs.Data'은(는) 사용되지 않습니다. 'Use DataTransfer instead.' [/Users/azrael/Documents/ETA/ETA.csproj]
/Users/azrael/Documents/ETA/Views/Pages/PAGE2/WasteAnalysisInputPage.axaml.cs(1968,58): warning CS0618: 'DragEventArgs.Data'은(는) 사용되지 않습니다. 'Use DataTransfer instead.' [/Users/azrael/Documents/ETA/ETA.csproj]
/Users/azrael/Documents/ETA/Views/Pages/PAGE2/WasteAnalysisInputPage.axaml.cs(1700,90): warning CS8602: null 가능 참조에 대한 역참조입니다. [/Users/azrael/Documents/ETA/ETA.csproj]
/Users/azrael/Documents/ETA/Views/MainPage.axaml.cs(2984,29): warning CS0618: 'DragEventArgs.Data'은(는) 사용되지 않습니다. 'Use DataTransfer instead.' [/Users/azrael/Documents/ETA/ETA.csproj]
/Users/azrael/Documents/ETA/Views/MainPage.axaml.cs(2989,18): warning CS0618: 'DragEventArgs.Data'은(는) 사용되지 않습니다. 'Use DataTransfer instead.' [/Users/azrael/Documents/ETA/ETA.csproj]
/Users/azrael/Documents/ETA/Views/MainPage.axaml.cs(2990,31): warning CS0618: 'DragEventArgs.Data'은(는) 사용되지 않습니다. 'Use DataTransfer instead.' [/Users/azrael/Documents/ETA/ETA.csproj]
/Users/azrael/Documents/ETA/Views/MainPage.axaml.cs(3161,32): warning CS0618: 'DataObject'은(는) 사용되지 않습니다. 'Use DataTransfer instead' [/Users/azrael/Documents/ETA/ETA.csproj]
/Users/azrael/Documents/ETA/Views/MainPage.axaml.cs(3163,23): warning CS0618: 'DragDrop.DoDragDrop(PointerEventArgs, IDataObject, DragDropEffects)'은(는) 사용되지 않습니다. 'Use DoDragDropAsync instead.' [/Users/azrael/Documents/ETA/ETA.csproj]
/Users/azrael/Documents/ETA/Views/MainPage.axaml.cs(3549,29): warning CS0618: 'DragEventArgs.Data'은(는) 사용되지 않습니다. 'Use DataTransfer instead.' [/Users/azrael/Documents/ETA/ETA.csproj]
/Users/azrael/Documents/ETA/Views/MainPage.axaml.cs(3554,18): warning CS0618: 'DragEventArgs.Data'은(는) 사용되지 않습니다. 'Use DataTransfer instead.' [/Users/azrael/Documents/ETA/ETA.csproj]
/Users/azrael/Documents/ETA/Views/MainPage.axaml.cs(3555,33): warning CS0618: 'DragEventArgs.Data'은(는) 사용되지 않습니다. 'Use DataTransfer instead.' [/Users/azrael/Documents/ETA/ETA.csproj]
/Users/azrael/Documents/ETA/Views/MainPage.axaml.cs(3644,44): warning CS0618: 'DataObject'은(는) 사용되지 않습니다. 'Use DataTransfer instead' [/Users/azrael/Documents/ETA/ETA.csproj]
/Users/azrael/Documents/ETA/Views/MainPage.axaml.cs(3646,35): warning CS0618: 'DragDrop.DoDragDrop(PointerEventArgs, IDataObject, DragDropEffects)'은(는) 사용되지 않습니다. 'Use DoDragDropAsync instead.' [/Users/azrael/Documents/ETA/ETA.csproj]
/Users/azrael/Documents/ETA/Views/Pages/PAGE1/AgentTreePage.axaml.cs(4306,38): warning CS0618: 'DragEventArgs.Data'은(는) 사용되지 않습니다. 'Use DataTransfer instead.' [/Users/azrael/Documents/ETA/ETA.csproj]
/Users/azrael/Documents/ETA/Views/Pages/PAGE1/AgentTreePage.axaml.cs(4310,26): warning CS0618: 'DragEventArgs.Data'은(는) 사용되지 않습니다. 'Use DataTransfer instead.' [/Users/azrael/Documents/ETA/ETA.csproj]
/Users/azrael/Documents/ETA/Views/Pages/PAGE1/AgentTreePage.axaml.cs(4311,40): warning CS0618: 'DragEventArgs.Data'은(는) 사용되지 않습니다. 'Use DataTransfer instead.' [/Users/azrael/Documents/ETA/ETA.csproj]
/Users/azrael/Documents/ETA/Views/Pages/PAGE2/WasteAnalysisInputPage.axaml.cs(2937,60): warning CS8601: 가능한 null 참조 할당입니다. [/Users/azrael/Documents/ETA/ETA.csproj]
/Users/azrael/Documents/ETA/Views/Pages/PAGE2/WasteAnalysisInputPage.axaml.cs(3037,27): warning CS8601: 가능한 null 참조 할당입니다. [/Users/azrael/Documents/ETA/ETA.csproj]
/Users/azrael/Documents/ETA/Views/Pages/PAGE2/WasteAnalysisInputPage.axaml.cs(3127,32): warning CS8601: 가능한 null 참조 할당입니다. [/Users/azrael/Documents/ETA/ETA.csproj]
/Users/azrael/Documents/ETA/Views/Pages/PAGE1/AnalysisRequestListPanel.axaml.cs(58,27): warning CS0169: 'AnalysisRequestListPanel._progressBar' 필드가 사용되지 않았습니다. [/Users/azrael/Documents/ETA/ETA.csproj]
/Users/azrael/Documents/ETA/Views/Pages/PAGE1/QuotationHistoryPanel.axaml.cs(57,49): warning CS0067: 'QuotationHistoryPanel.StatementTabActivated' 이벤트가 사용되지 않았습니다. [/Users/azrael/Documents/ETA/ETA.csproj]
/Users/azrael/Documents/ETA/Views/MainPage.axaml.cs(55,42): warning CS0169: 'MainPage._resultSubmitMeasurePage' 필드가 사용되지 않았습니다. [/Users/azrael/Documents/ETA/ETA.csproj]
/Users/azrael/Documents/ETA/Views/Pages/Common/SchedulePage.cs(73,25): warning CS0649: 'SchedulePage._formTitle' 필드에는 할당되지 않으므로 항상 null 기본값을 사용합니다. [/Users/azrael/Documents/ETA/ETA.csproj]
/Users/azrael/Documents/ETA/Views/MainPage.axaml.cs(69,40): warning CS0169: 'MainPage._dbMigrationPointPanel' 필드가 사용되지 않았습니다. [/Users/azrael/Documents/ETA/ETA.csproj]
/Users/azrael/Documents/ETA/Views/Pages/PAGE1/AgentTreePage.axaml.cs(87,25): warning CS0649: 'AgentTreePage._miscTaskPanel' 필드에는 할당되지 않으므로 항상 null 기본값을 사용합니다. [/Users/azrael/Documents/ETA/ETA.csproj]
/Users/azrael/Documents/ETA/Services/SERVICE4/ManualMatchWindow.cs(56,24): warning CS0169: 'ManualMatchWindow._facilityColGrid' 필드가 사용되지 않았습니다. [/Users/azrael/Documents/ETA/ETA.csproj]
/Users/azrael/Documents/ETA/Views/Login.axaml.cs(354,17): warning CS0169: 'Login._titleClickCount' 필드가 사용되지 않았습니다. [/Users/azrael/Documents/ETA/ETA.csproj]
/Users/azrael/Documents/ETA/Views/Pages/PAGE1/AgentTreePage.axaml.cs(93,22): warning CS0169: 'AgentTreePage._chartCanvas' 필드가 사용되지 않았습니다. [/Users/azrael/Documents/ETA/ETA.csproj]
/Users/azrael/Documents/ETA/Views/MainPage.axaml.cs(70,40): warning CS0169: 'MainPage._dbMigrationMappingPanel' 필드가 사용되지 않았습니다. [/Users/azrael/Documents/ETA/ETA.csproj]
/Users/azrael/Documents/ETA/Views/Pages/PAGE1/QuotationCheckPanel.axaml.cs(34,18): warning CS0414: 'QuotationCheckPanel._isDirty' 필드가 할당되었지만 사용되지 않았습니다. [/Users/azrael/Documents/ETA/ETA.csproj]
/Users/azrael/Documents/ETA/Views/Pages/PAGE1/AgentTreePage.axaml.cs(78,27): warning CS0414: 'AgentTreePage._assignmentListBox' 필드가 할당되었지만 사용되지 않았습니다. [/Users/azrael/Documents/ETA/ETA.csproj]
  ETA -> /Users/azrael/Documents/ETA/bin/Debug/net8.0/ETA.dll

빌드했습니다.

/Users/azrael/Documents/ETA/Views/InstallCheckDialog.cs(4,7): warning CS0105: 'ETA.Views'에 대한 using 지시문을 이 네임스페이스에서 이전에 사용했습니다. [/Users/azrael/Documents/ETA/ETA.csproj]
/Users/azrael/Documents/ETA/Views/OrderRequestWindow.axaml.cs(4,7): warning CS0105: 'ETA.Views'에 대한 using 지시문을 이 네임스페이스에서 이전에 사용했습니다. [/Users/azrael/Documents/ETA/ETA.csproj]
/Users/azrael/Documents/ETA/Views/Pages/Common/Purchasepage.axaml.cs(14,7): warning CS0105: 'ETA.Services.Common'에 대한 using 지시문을 이 네임스페이스에서 이전에 사용했습니다. [/Users/azrael/Documents/ETA/ETA.csproj]
/Users/azrael/Documents/ETA/Views/Pages/Common/RiskManagePage.cs(14,7): warning CS0105: 'System.Threading.Tasks'에 대한 using 지시문을 이 네임스페이스에서 이전에 사용했습니다. [/Users/azrael/Documents/ETA/ETA.csproj]
/Users/azrael/Documents/ETA/Views/Pages/Common/SchedulePage.cs(14,7): warning CS0105: 'ETA.Services.Common'에 대한 using 지시문을 이 네임스페이스에서 이전에 사용했습니다. [/Users/azrael/Documents/ETA/ETA.csproj]
/Users/azrael/Documents/ETA/Views/Pages/PAGE1/OrderRequestEditPanel.cs(16,7): warning CS0105: 'System.Threading.Tasks'에 대한 using 지시문을 이 네임스페이스에서 이전에 사용했습니다. [/Users/azrael/Documents/ETA/ETA.csproj]
/Users/azrael/Documents/ETA/Views/Pages/PAGE1/QuotationCheckPanel.axaml.cs(14,7): warning CS0105: 'System.Linq'에 대한 using 지시문을 이 네임스페이스에서 이전에 사용했습니다. [/Users/azrael/Documents/ETA/ETA.csproj]
/Users/azrael/Documents/ETA/Views/Pages/PAGE1/TestReportPage.axaml.cs(20,7): warning CS0105: 'ETA.Services.Common'에 대한 using 지시문을 이 네임스페이스에서 이전에 사용했습니다. [/Users/azrael/Documents/ETA/ETA.csproj]
/Users/azrael/Documents/ETA/Views/Pages/PAGE2/WasteDataQueryPage.axaml.cs(14,7): warning CS0105: 'ETA.Services.Common'에 대한 using 지시문을 이 네임스페이스에서 이전에 사용했습니다. [/Users/azrael/Documents/ETA/ETA.csproj]
/Users/azrael/Documents/ETA/Views/Pages/PAGE2/WasteNameReconcilePage.cs(16,7): warning CS0105: 'ETA.Services.Common'에 대한 using 지시문을 이 네임스페이스에서 이전에 사용했습니다. [/Users/azrael/Documents/ETA/ETA.csproj]
/Users/azrael/Documents/ETA/Views/Pages/PAGE2/WasteSampleListPage.axaml.cs(17,7): warning CS0105: 'ETA.Services.Common'에 대한 using 지시문을 이 네임스페이스에서 이전에 사용했습니다. [/Users/azrael/Documents/ETA/ETA.csproj]
/Users/azrael/Documents/ETA/Views/Pages/PAGE2/WasteAnalysisInputPage.axaml.cs(2188,63): warning CS0618: 'IDataObject'은(는) 사용되지 않습니다. 'Use IDataTransfer or IAsyncDataTransfer instead' [/Users/azrael/Documents/ETA/ETA.csproj]
/Users/azrael/Documents/ETA/Services/SERVICE1/MeasurerService.cs(172,26): warning CS0168: 'ex' 변수가 선언되었지만 사용되지 않았습니다. [/Users/azrael/Documents/ETA/ETA.csproj]
/Users/azrael/Documents/ETA/Views/Pages/PAGE1/AgentTreePage.axaml.cs(275,28): warning CS0618: 'DataObject'은(는) 사용되지 않습니다. 'Use DataTransfer instead' [/Users/azrael/Documents/ETA/ETA.csproj]
/Users/azrael/Documents/ETA/Views/Pages/PAGE1/AgentTreePage.axaml.cs(277,19): warning CS0618: 'DragDrop.DoDragDrop(PointerEventArgs, IDataObject, DragDropEffects)'은(는) 사용되지 않습니다. 'Use DoDragDropAsync instead.' [/Users/azrael/Documents/ETA/ETA.csproj]
/Users/azrael/Documents/ETA/Services/SERVICE4/ManualMatchWindow.cs(922,28): warning CS0618: 'DataObject'은(는) 사용되지 않습니다. 'Use DataTransfer instead' [/Users/azrael/Documents/ETA/ETA.csproj]
/Users/azrael/Documents/ETA/Services/SERVICE4/ManualMatchWindow.cs(924,19): warning CS0618: 'DragDrop.DoDragDrop(PointerEventArgs, IDataObject, DragDropEffects)'은(는) 사용되지 않습니다. 'Use DoDragDropAsync instead.' [/Users/azrael/Documents/ETA/ETA.csproj]
/Users/azrael/Documents/ETA/Views/Pages/PAGE1/AgentTreePage.axaml.cs(596,29): warning CS0618: 'DragEventArgs.Data'은(는) 사용되지 않습니다. 'Use DataTransfer instead.' [/Users/azrael/Documents/ETA/ETA.csproj]
/Users/azrael/Documents/ETA/Views/Pages/PAGE1/AgentTreePage.axaml.cs(601,18): warning CS0618: 'DragEventArgs.Data'은(는) 사용되지 않습니다. 'Use DataTransfer instead.' [/Users/azrael/Documents/ETA/ETA.csproj]
/Users/azrael/Documents/ETA/Views/Pages/PAGE1/AgentTreePage.axaml.cs(602,27): warning CS0618: 'DragEventArgs.Data'은(는) 사용되지 않습니다. 'Use DataTransfer instead.' [/Users/azrael/Documents/ETA/ETA.csproj]
/Users/azrael/Documents/ETA/Views/Pages/PAGE1/AnalysisRequestListPanel.axaml.cs(139,29): warning CS0618: 'DragEventArgs.Data'은(는) 사용되지 않습니다. 'Use DataTransfer instead.' [/Users/azrael/Documents/ETA/ETA.csproj]
/Users/azrael/Documents/ETA/Views/Pages/PAGE1/AnalysisRequestListPanel.axaml.cs(144,18): warning CS0618: 'DragEventArgs.Data'은(는) 사용되지 않습니다. 'Use DataTransfer instead.' [/Users/azrael/Documents/ETA/ETA.csproj]
/Users/azrael/Documents/ETA/Views/Pages/PAGE1/AnalysisRequestListPanel.axaml.cs(145,31): warning CS0618: 'DragEventArgs.Data'은(는) 사용되지 않습니다. 'Use DataTransfer instead.' [/Users/azrael/Documents/ETA/ETA.csproj]
/Users/azrael/Documents/ETA/Views/Pages/PAGE1/AgentTreePage.axaml.cs(822,29): warning CS0618: 'DragEventArgs.Data'은(는) 사용되지 않습니다. 'Use DataTransfer instead.' [/Users/azrael/Documents/ETA/ETA.csproj]
/Users/azrael/Documents/ETA/Views/Pages/PAGE1/AgentTreePage.axaml.cs(829,18): warning CS0618: 'DragEventArgs.Data'은(는) 사용되지 않습니다. 'Use DataTransfer instead.' [/Users/azrael/Documents/ETA/ETA.csproj]
/Users/azrael/Documents/ETA/Views/Pages/PAGE1/AgentTreePage.axaml.cs(831,27): warning CS0618: 'DragEventArgs.Data'은(는) 사용되지 않습니다. 'Use DataTransfer instead.' [/Users/azrael/Documents/ETA/ETA.csproj]
/Users/azrael/Documents/ETA/Views/Pages/PAGE2/WasteCompanyPage.axaml.cs(205,13): warning CS0162: 접근할 수 없는 코드가 있습니다. [/Users/azrael/Documents/ETA/ETA.csproj]
/Users/azrael/Documents/ETA/Views/Pages/PAGE1/AnalysisRequestListPanel.axaml.cs(527,32): warning CS0618: 'DataObject'은(는) 사용되지 않습니다. 'Use DataTransfer instead' [/Users/azrael/Documents/ETA/ETA.csproj]
/Users/azrael/Documents/ETA/Views/Pages/PAGE1/AnalysisRequestListPanel.axaml.cs(529,23): warning CS0618: 'DragDrop.DoDragDrop(PointerEventArgs, IDataObject, DragDropEffects)'은(는) 사용되지 않습니다. 'Use DoDragDropAsync instead.' [/Users/azrael/Documents/ETA/ETA.csproj]
/Users/azrael/Documents/ETA/Views/Pages/PAGE2/WasteSampleListPage.axaml.cs(468,28): warning CS0618: 'DataObject'은(는) 사용되지 않습니다. 'Use DataTransfer instead' [/Users/azrael/Documents/ETA/ETA.csproj]
/Users/azrael/Documents/ETA/Views/Pages/PAGE2/WasteSampleListPage.axaml.cs(470,19): warning CS0618: 'DragDrop.DoDragDrop(PointerEventArgs, IDataObject, DragDropEffects)'은(는) 사용되지 않습니다. 'Use DoDragDropAsync instead.' [/Users/azrael/Documents/ETA/ETA.csproj]
/Users/azrael/Documents/ETA/Views/Pages/PAGE2/WasteSampleListPage.axaml.cs(573,32): warning CS0618: 'DataObject'은(는) 사용되지 않습니다. 'Use DataTransfer instead' [/Users/azrael/Documents/ETA/ETA.csproj]
/Users/azrael/Documents/ETA/Views/Pages/PAGE2/WasteSampleListPage.axaml.cs(575,23): warning CS0618: 'DragDrop.DoDragDrop(PointerEventArgs, IDataObject, DragDropEffects)'은(는) 사용되지 않습니다. 'Use DoDragDropAsync instead.' [/Users/azrael/Documents/ETA/ETA.csproj]
/Users/azrael/Documents/ETA/Views/Pages/PAGE2/WasteSampleListPage.axaml.cs(622,14): warning CS0618: 'DragEventArgs.Data'은(는) 사용되지 않습니다. 'Use DataTransfer instead.' [/Users/azrael/Documents/ETA/ETA.csproj]
/Users/azrael/Documents/ETA/Views/Pages/PAGE2/WasteSampleListPage.axaml.cs(635,14): warning CS0618: 'DragEventArgs.Data'은(는) 사용되지 않습니다. 'Use DataTransfer instead.' [/Users/azrael/Documents/ETA/ETA.csproj]
/Users/azrael/Documents/ETA/Views/Pages/PAGE2/WasteSampleListPage.axaml.cs(666,14): warning CS0618: 'DragEventArgs.Data'은(는) 사용되지 않습니다. 'Use DataTransfer instead.' [/Users/azrael/Documents/ETA/ETA.csproj]
/Users/azrael/Documents/ETA/Views/Pages/PAGE2/WasteSampleListPage.axaml.cs(676,14): warning CS0618: 'DragEventArgs.Data'은(는) 사용되지 않습니다. 'Use DataTransfer instead.' [/Users/azrael/Documents/ETA/ETA.csproj]
/Users/azrael/Documents/ETA/Views/MainPage.axaml.cs(1439,40): warning CS0618: 'DataObject'은(는) 사용되지 않습니다. 'Use DataTransfer instead' [/Users/azrael/Documents/ETA/ETA.csproj]
/Users/azrael/Documents/ETA/Views/MainPage.axaml.cs(1441,25): warning CS0618: 'DragDrop.DoDragDrop(PointerEventArgs, IDataObject, DragDropEffects)'은(는) 사용되지 않습니다. 'Use DoDragDropAsync instead.' [/Users/azrael/Documents/ETA/ETA.csproj]
/Users/azrael/Documents/ETA/Views/MainPage.axaml.cs(1563,32): warning CS0618: 'DataObject'은(는) 사용되지 않습니다. 'Use DataTransfer instead' [/Users/azrael/Documents/ETA/ETA.csproj]
/Users/azrael/Documents/ETA/Views/MainPage.axaml.cs(1565,17): warning CS0618: 'DragDrop.DoDragDrop(PointerEventArgs, IDataObject, DragDropEffects)'은(는) 사용되지 않습니다. 'Use DoDragDropAsync instead.' [/Users/azrael/Documents/ETA/ETA.csproj]
/Users/azrael/Documents/ETA/Views/Pages/PAGE1/AgentTreePage.axaml.cs(2278,29): warning CS0618: 'DragEventArgs.Data'은(는) 사용되지 않습니다. 'Use DataTransfer instead.' [/Users/azrael/Documents/ETA/ETA.csproj]
/Users/azrael/Documents/ETA/Views/Pages/PAGE1/AgentTreePage.axaml.cs(2284,18): warning CS0618: 'DragEventArgs.Data'은(는) 사용되지 않습니다. 'Use DataTransfer instead.' [/Users/azrael/Documents/ETA/ETA.csproj]
/Users/azrael/Documents/ETA/Views/Pages/PAGE1/AgentTreePage.axaml.cs(2285,27): warning CS0618: 'DragEventArgs.Data'은(는) 사용되지 않습니다. 'Use DataTransfer instead.' [/Users/azrael/Documents/ETA/ETA.csproj]
/Users/azrael/Documents/ETA/Views/Pages/PAGE2/WasteAnalysisInputPage.axaml.cs(1953,35): warning CS0618: 'DragEventArgs.Data'은(는) 사용되지 않습니다. 'Use DataTransfer instead.' [/Users/azrael/Documents/ETA/ETA.csproj]
/Users/azrael/Documents/ETA/Views/Pages/PAGE2/WasteAnalysisInputPage.axaml.cs(1954,35): warning CS0618: 'DragEventArgs.Data'은(는) 사용되지 않습니다. 'Use DataTransfer instead.' [/Users/azrael/Documents/ETA/ETA.csproj]
/Users/azrael/Documents/ETA/Views/Pages/PAGE2/WasteAnalysisInputPage.axaml.cs(1955,35): warning CS0618: 'DragEventArgs.Data'은(는) 사용되지 않습니다. 'Use DataTransfer instead.' [/Users/azrael/Documents/ETA/ETA.csproj]
/Users/azrael/Documents/ETA/Views/Pages/PAGE2/WasteAnalysisInputPage.axaml.cs(1968,58): warning CS0618: 'DragEventArgs.Data'은(는) 사용되지 않습니다. 'Use DataTransfer instead.' [/Users/azrael/Documents/ETA/ETA.csproj]
/Users/azrael/Documents/ETA/Views/Pages/PAGE2/WasteAnalysisInputPage.axaml.cs(1700,90): warning CS8602: null 가능 참조에 대한 역참조입니다. [/Users/azrael/Documents/ETA/ETA.csproj]
/Users/azrael/Documents/ETA/Views/MainPage.axaml.cs(2984,29): warning CS0618: 'DragEventArgs.Data'은(는) 사용되지 않습니다. 'Use DataTransfer instead.' [/Users/azrael/Documents/ETA/ETA.csproj]
/Users/azrael/Documents/ETA/Views/MainPage.axaml.cs(2989,18): warning CS0618: 'DragEventArgs.Data'은(는) 사용되지 않습니다. 'Use DataTransfer instead.' [/Users/azrael/Documents/ETA/ETA.csproj]
/Users/azrael/Documents/ETA/Views/MainPage.axaml.cs(2990,31): warning CS0618: 'DragEventArgs.Data'은(는) 사용되지 않습니다. 'Use DataTransfer instead.' [/Users/azrael/Documents/ETA/ETA.csproj]
/Users/azrael/Documents/ETA/Views/MainPage.axaml.cs(3161,32): warning CS0618: 'DataObject'은(는) 사용되지 않습니다. 'Use DataTransfer instead' [/Users/azrael/Documents/ETA/ETA.csproj]
/Users/azrael/Documents/ETA/Views/MainPage.axaml.cs(3163,23): warning CS0618: 'DragDrop.DoDragDrop(PointerEventArgs, IDataObject, DragDropEffects)'은(는) 사용되지 않습니다. 'Use DoDragDropAsync instead.' [/Users/azrael/Documents/ETA/ETA.csproj]
/Users/azrael/Documents/ETA/Views/MainPage.axaml.cs(3549,29): warning CS0618: 'DragEventArgs.Data'은(는) 사용되지 않습니다. 'Use DataTransfer instead.' [/Users/azrael/Documents/ETA/ETA.csproj]
/Users/azrael/Documents/ETA/Views/MainPage.axaml.cs(3554,18): warning CS0618: 'DragEventArgs.Data'은(는) 사용되지 않습니다. 'Use DataTransfer instead.' [/Users/azrael/Documents/ETA/ETA.csproj]
/Users/azrael/Documents/ETA/Views/MainPage.axaml.cs(3555,33): warning CS0618: 'DragEventArgs.Data'은(는) 사용되지 않습니다. 'Use DataTransfer instead.' [/Users/azrael/Documents/ETA/ETA.csproj]
/Users/azrael/Documents/ETA/Views/MainPage.axaml.cs(3644,44): warning CS0618: 'DataObject'은(는) 사용되지 않습니다. 'Use DataTransfer instead' [/Users/azrael/Documents/ETA/ETA.csproj]
/Users/azrael/Documents/ETA/Views/MainPage.axaml.cs(3646,35): warning CS0618: 'DragDrop.DoDragDrop(PointerEventArgs, IDataObject, DragDropEffects)'은(는) 사용되지 않습니다. 'Use DoDragDropAsync instead.' [/Users/azrael/Documents/ETA/ETA.csproj]
/Users/azrael/Documents/ETA/Views/Pages/PAGE1/AgentTreePage.axaml.cs(4306,38): warning CS0618: 'DragEventArgs.Data'은(는) 사용되지 않습니다. 'Use DataTransfer instead.' [/Users/azrael/Documents/ETA/ETA.csproj]
/Users/azrael/Documents/ETA/Views/Pages/PAGE1/AgentTreePage.axaml.cs(4310,26): warning CS0618: 'DragEventArgs.Data'은(는) 사용되지 않습니다. 'Use DataTransfer instead.' [/Users/azrael/Documents/ETA/ETA.csproj]
/Users/azrael/Documents/ETA/Views/Pages/PAGE1/AgentTreePage.axaml.cs(4311,40): warning CS0618: 'DragEventArgs.Data'은(는) 사용되지 않습니다. 'Use DataTransfer instead.' [/Users/azrael/Documents/ETA/ETA.csproj]
/Users/azrael/Documents/ETA/Views/Pages/PAGE2/WasteAnalysisInputPage.axaml.cs(2937,60): warning CS8601: 가능한 null 참조 할당입니다. [/Users/azrael/Documents/ETA/ETA.csproj]
/Users/azrael/Documents/ETA/Views/Pages/PAGE2/WasteAnalysisInputPage.axaml.cs(3037,27): warning CS8601: 가능한 null 참조 할당입니다. [/Users/azrael/Documents/ETA/ETA.csproj]
/Users/azrael/Documents/ETA/Views/Pages/PAGE2/WasteAnalysisInputPage.axaml.cs(3127,32): warning CS8601: 가능한 null 참조 할당입니다. [/Users/azrael/Documents/ETA/ETA.csproj]
/Users/azrael/Documents/ETA/Views/Pages/PAGE1/AnalysisRequestListPanel.axaml.cs(58,27): warning CS0169: 'AnalysisRequestListPanel._progressBar' 필드가 사용되지 않았습니다. [/Users/azrael/Documents/ETA/ETA.csproj]
/Users/azrael/Documents/ETA/Views/Pages/PAGE1/QuotationHistoryPanel.axaml.cs(57,49): warning CS0067: 'QuotationHistoryPanel.StatementTabActivated' 이벤트가 사용되지 않았습니다. [/Users/azrael/Documents/ETA/ETA.csproj]
/Users/azrael/Documents/ETA/Views/MainPage.axaml.cs(55,42): warning CS0169: 'MainPage._resultSubmitMeasurePage' 필드가 사용되지 않았습니다. [/Users/azrael/Documents/ETA/ETA.csproj]
/Users/azrael/Documents/ETA/Views/Pages/Common/SchedulePage.cs(73,25): warning CS0649: 'SchedulePage._formTitle' 필드에는 할당되지 않으므로 항상 null 기본값을 사용합니다. [/Users/azrael/Documents/ETA/ETA.csproj]
/Users/azrael/Documents/ETA/Views/MainPage.axaml.cs(69,40): warning CS0169: 'MainPage._dbMigrationPointPanel' 필드가 사용되지 않았습니다. [/Users/azrael/Documents/ETA/ETA.csproj]
/Users/azrael/Documents/ETA/Views/Pages/PAGE1/AgentTreePage.axaml.cs(87,25): warning CS0649: 'AgentTreePage._miscTaskPanel' 필드에는 할당되지 않으므로 항상 null 기본값을 사용합니다. [/Users/azrael/Documents/ETA/ETA.csproj]
/Users/azrael/Documents/ETA/Services/SERVICE4/ManualMatchWindow.cs(56,24): warning CS0169: 'ManualMatchWindow._facilityColGrid' 필드가 사용되지 않았습니다. [/Users/azrael/Documents/ETA/ETA.csproj]
/Users/azrael/Documents/ETA/Views/Login.axaml.cs(354,17): warning CS0169: 'Login._titleClickCount' 필드가 사용되지 않았습니다. [/Users/azrael/Documents/ETA/ETA.csproj]
/Users/azrael/Documents/ETA/Views/Pages/PAGE1/AgentTreePage.axaml.cs(93,22): warning CS0169: 'AgentTreePage._chartCanvas' 필드가 사용되지 않았습니다. [/Users/azrael/Documents/ETA/ETA.csproj]
/Users/azrael/Documents/ETA/Views/MainPage.axaml.cs(70,40): warning CS0169: 'MainPage._dbMigrationMappingPanel' 필드가 사용되지 않았습니다. [/Users/azrael/Documents/ETA/ETA.csproj]
/Users/azrael/Documents/ETA/Views/Pages/PAGE1/QuotationCheckPanel.axaml.cs(34,18): warning CS0414: 'QuotationCheckPanel._isDirty' 필드가 할당되었지만 사용되지 않았습니다. [/Users/azrael/Documents/ETA/ETA.csproj]
/Users/azrael/Documents/ETA/Views/Pages/PAGE1/AgentTreePage.axaml.cs(78,27): warning CS0414: 'AgentTreePage._assignmentListBox' 필드가 할당되었지만 사용되지 않았습니다. [/Users/azrael/Documents/ETA/ETA.csproj]
    경고 77개
    오류 0개

경과 시간: 00:00:04.79
