[12:00:30] [Contract] LoadData() 시작
[12:00:30] [Contract] 로드 완료 → 33건
[12:00:39] [Contract] 선택: ㈜LG화학 생명과학 익산공장
[12:00:40] [Contract] 선택: ㈜LG화학 여수-용성
[12:00:41] [Contract] 선택: ㈜LG화학 여수-적량
[12:00:42] [Contract] 선택: ㈜LG화학 여수-화치
[12:00:42] [Contract] 선택: 가나다
[12:00:43] [Contract] 선택: 동서식품㈜
[12:00:44] [Contract] 추가 모드
[12:00:54] [Contract] 선택: 보임열병합발전㈜
[12:00:57] [Contract] 선택: 산하종합기술㈜
[12:00:57] [Contract] 선택: 수질분석센터㈜
[12:00:58] [Contract] 선택: 심텍
[12:00:58] [Contract] 선택: 심텍(오창3지점)
[12:02:19] [Contract] LoadData() 시작
[12:02:19] [Contract] 로드 완료 → 33건
[12:02:21] [Contract] 선택: ㈜LG화학 여수-확장
[12:02:22] [Contract] 선택: 금호미쓰이화학㈜ 여수
[12:02:23] [Contract] 선택: 동서식품㈜
[12:02:23] [Contract] 선택: 롯데에너지머티리얼즈㈜
[12:02:24] [Contract] 선택: 롯데케미칼㈜ 첨단소재 여수공장
[12:02:24] [Contract] 선택: 보임열병합발전㈜
[12:02:24] [Contract] 선택: 심텍
[12:02:25] [Contract] 선택: 심텍(오창지점)
[12:02:25] [Contract] 선택: 보임열병합발전㈜
[12:02:25] [Contract] 선택: 롯데엠시시㈜ 여수공장
[12:02:26] [Contract] 선택: 금호미쓰이화학㈜ 여수
[12:02:26] [Contract] 선택: ㈜LG화학 여수-적량
[12:02:55] [Contract] 추가 모드
[12:03:00] [Contract] 선택: 가나다
[12:03:04] [Contract] ✅ 삭제: 가나다
[12:03:11] [Contract] 선택: 동서식품㈜
[12:03:12] [Contract] 선택: 롯데에너지머티리얼즈㈜
[12:03:12] [Contract] 선택: 롯데케미칼㈜ 첨단소재 여수공장
[12:03:14] [Contract] ✅ 수정 저장: 롯데케미칼㈜ 첨단소재 여수공장
[12:03:37] [Contract] 선택: ㈜LG화학 생명과학 익산공장
[12:03:37] [Contract] 선택: ㈜LG화학 여수-적량
[12:11:41] [Contract] LoadData() 시작
[12:11:41] [Contract] 로드 완료 → 32건
[12:36:55] [Contract] LoadData() 시작
[12:36:55] [Contract] 로드 완료 → 32건
[12:45:37] [Contract] LoadData() 시작
[12:45:38] [Contract] 로드 완료 → 32건
[12:46:24] [Contract] LoadData() 시작
[12:46:24] [Contract] 로드 완료 → 32건
[12:46:25] [Contract] 선택: ㈜LG화학 생명과학 익산공장
[12:46:25] [Contract] 선택: ㈜LG화학 여수-적량
[12:46:26] [Contract] 선택: ㈜LG화학 여수-확장
[12:46:26] [Contract] 선택: 금호석유화학
[12:46:45] [Contract] LoadData() 시작
[12:46:45] [Contract] 로드 완료 → 32건
[12:48:14] [Contract] LoadData() 시작
[12:48:14] [Contract] 로드 완료 → 32건
[12:48:23] [Contract] LoadData() 시작
[12:48:23] [Contract] 로드 완료 → 32건
[12:49:30] [Contract] LoadData() 시작
[12:49:30] [Contract] 로드 완료 → 32건
[12:49:36] [Contract] 선택: ㈜LG화학 여수-용성
[12:49:36] [Contract] 선택: ㈜LG화학 여수-적량
[12:49:37] [Contract] 선택: ㈜LG화학 여수-확장
[12:49:37] [Contract] 선택: 디엘케미칼㈜ 여수
[12:49:39] [Contract] 선택: 보임열병합발전㈜
[12:49:39] [Contract] 선택: 에코융합섬유연구원
[12:49:40] [Contract] 선택: 에코융합섬유연구원
[12:49:41] [Contract] 선택: 포스코리튬솔루션㈜
[12:49:43] [Contract] 선택: ㈜LG화학 생명과학 익산공장
[13:01:54] [Contract] LoadData() 시작
[13:01:54] [Contract] 로드 완료 → 32건
[13:20:55] [Contract] LoadData() 시작
[13:20:56] [Contract] 로드 완료 → 32건
[14:14:10] [Contract] LoadData() 시작
[14:14:10] [Contract] 로드 완료 → 32건
[18:20:44] [Contract] LoadData() 시작
[18:20:44] [Contract] 로드 완료 → 32건
[18:20:45] [Contract] 선택: ㈜LG화학 생명과학 익산공장
[18:20:46] [Contract] 선택: ㈜LG화학 여수-용성
[18:20:47] [Contract] 선택: ㈜LG화학 여수-화치
[18:20:47] [Contract] 선택: 금호미쓰이화학㈜ 여수
[18:20:47] [Contract] 선택: 동서식품㈜
