System.Reflection.TargetInvocationException: Exception has been thrown by the target of an invocation.
 ---> Microsoft.Data.Sqlite.SqliteException (0x80004005): SQLite Error 5: 'database is locked'.
   at Microsoft.Data.Sqlite.SqliteException.ThrowExceptionForRC(Int32 rc, sqlite3 db)
   at Microsoft.Data.Sqlite.SqliteDataReader.NextResult()
   at Microsoft.Data.Sqlite.SqliteCommand.ExecuteReader(CommandBehavior behavior)
   at Microsoft.Data.Sqlite.SqliteCommand.ExecuteReader()
   at Microsoft.Data.Sqlite.SqliteCommand.ExecuteNonQuery()
   at ETA.Services.AgentService.ChangePassword(String employeeId, String currentPassword, String newPassword) in C:\Users\ironu\Documents\ETA\Services\AgentService.cs:line 358
   at ETA.Views.ChangePasswordWindow.DoChange() in C:\Users\ironu\Documents\ETA\Services\ChangePasswordWindow.axaml.cs:line 90
   at ETA.Views.ChangePasswordWindow.Confirm_Click(Object sender, RoutedEventArgs e) in C:\Users\ironu\Documents\ETA\Services\ChangePasswordWindow.axaml.cs:line 49
   at System.RuntimeMethodHandle.InvokeMethod(Object target, Void** arguments, Signature sig, Boolean isConstructor)
   at System.Reflection.MethodBaseInvoker.InvokeDirectByRefWithFewArgs(Object obj, Span`1 copyOfArgs, BindingFlags invokeAttr)
   --- End of inner exception stack trace ---
   at System.Reflection.MethodBaseInvoker.InvokeDirectByRefWithFewArgs(Object obj, Span`1 copyOfArgs, BindingFlags invokeAttr)
   at System.Reflection.MethodBaseInvoker.InvokeWithFewArgs(Object obj, BindingFlags invokeAttr, Binder binder, Object[] parameters, CultureInfo culture)
   at System.Delegate.DynamicInvokeImpl(Object[] args)
   at Avalonia.Interactivity.EventRoute.RaiseEventImpl(RoutedEventArgs e)
   at Avalonia.Interactivity.EventRoute.RaiseEvent(Interactive source, RoutedEventArgs e)
   at Avalonia.Interactivity.Interactive.RaiseEvent(RoutedEventArgs e)
   at Avalonia.Controls.Button.OnClick()
   at Avalonia.Controls.Button.OnPointerReleased(PointerReleasedEventArgs e)
   at Avalonia.Reactive.LightweightObservableBase`1.PublishNext(T value)
   at Avalonia.Interactivity.EventRoute.RaiseEventImpl(RoutedEventArgs e)
   at Avalonia.Interactivity.EventRoute.RaiseEvent(Interactive source, RoutedEventArgs e)
   at Avalonia.Interactivity.Interactive.RaiseEvent(RoutedEventArgs e)
   at Avalonia.Input.MouseDevice.MouseUp(IMouseDevice device, UInt64 timestamp, IInputRoot root, Point p, PointerPointProperties props, KeyModifiers inputModifiers, IInputElement hitTest)
   at Avalonia.Input.MouseDevice.ProcessRawEvent(RawPointerEventArgs e)
   at Avalonia.Controls.TopLevel.<>c.<HandleInput>b__150_0(Object state)
   at Avalonia.Threading.Dispatcher.Send(SendOrPostCallback action, Object arg, Nullable`1 priority)
   at Avalonia.Controls.TopLevel.HandleInput(RawInputEventArgs e)
   at Avalonia.Win32.WindowImpl.AppWndProc(IntPtr hWnd, UInt32 msg, IntPtr wParam, IntPtr lParam)
   at Avalonia.Win32.WindowImpl.WndProcMessageHandler(IntPtr hWnd, UInt32 msg, IntPtr wParam, IntPtr lParam)
   at Avalonia.Win32.Interop.UnmanagedMethods.DispatchMessage(MSG& lpmsg)
   at Avalonia.Win32.Win32DispatcherImpl.RunLoop(CancellationToken cancellationToken)
   at Avalonia.Threading.DispatcherFrame.Run(IControlledDispatcherImpl impl)
   at Avalonia.Threading.Dispatcher.PushFrame(DispatcherFrame frame)
   at Avalonia.Threading.Dispatcher.MainLoop(CancellationToken cancellationToken)
   at Avalonia.Controls.ApplicationLifetimes.ClassicDesktopStyleApplicationLifetime.StartCore(String[] args)
   at Avalonia.Controls.ApplicationLifetimes.ClassicDesktopStyleApplicationLifetime.Start(String[] args)
   at Avalonia.ClassicDesktopStyleApplicationLifetimeExtensions.StartWithClassicDesktopLifetime(AppBuilder builder, String[] args, Action`1 lifetimeBuilder)
   at ETA.Program.Main(String[] args) in C:\Users\ironu\Documents\ETA\Program.cs:line 36