[2026-03-26 16:56:46] ========== лЎңк·ёмқё м°Ҫ мӢңмһ‘ ==========
[2026-03-26 16:56:46] [Init] MigrateAccountColumns мӢңмһ‘
[2026-03-26 16:56:46] [Init] MigrateAccountColumns мҷ„лЈҢ
[2026-03-26 16:56:46] [Init] MigrateInitialPasswords мӢңмһ‘
[2026-03-26 16:56:46] [Init] MigrateInitialPasswords мҷ„лЈҢ
[2026-03-26 16:57:08] ---------- лЎңк·ёмқё мӢңлҸ„ ----------
[2026-03-26 16:57:08] [DoLogin] мӮ¬лІҲ мһ…л Ҙк°’: '201000308'
[2026-03-26 16:57:08] [DoLogin] л№„л°ҖлІҲнҳё кёёмқҙ: 10мһҗ / л№„м–ҙмһҲмқҢ: False
[2026-03-26 16:57:08] [DoLogin] л№„л°ҖлІҲнҳё мһ…л Ҙ н•ҙмӢң: f3898fe2...
[2026-03-26 16:57:08] [DoLogin] TodoService.SyncApprovalStatusAsync мӢңмһ‘
[2026-03-26 16:57:08.051] === SyncApprovalStatusAsync() мӢңмһ‘ ===
[2026-03-26 16:57:09.629] To Do ETA Task: 14к°ң  DB кі„м •: 14к°ң
[2026-03-26 16:57:09.630] === Sync мҷ„лЈҢ approved=0 pending=0 мһ¬мғқм„ұ=0 ===
[2026-03-26 16:57:09] [DoLogin] TodoService.SyncApprovalStatusAsync мҷ„лЈҢ
[2026-03-26 16:57:09] [DoLogin] DB кі„м • мғҒнғң нҷ•мқё мӢңмһ‘
[2026-03-26 16:57:09] [DebugCheck] DB кІҪлЎң: C:\Users\ironu\Documents\ETA\Data\eta.db
[2026-03-26 16:57:09] [DebugCheck] DB мЎҙмһ¬: True
[2026-03-26 16:57:09] [DebugCheck] мӮ¬лІҲ=201000308 мғҒнғң=approved must_change=0 н•ҙмӢң=f3898fe2... taskId=AQMkADAwATM3ZmYAZS0xYTYxLTUwMTEALTAwAi0wMAoARgAAA6fkKAJzURFCp03uDLvXp98HALAvg_JdvZ9GofhcqP1PJIMAAAIBEgAAALAvg_JdvZ9GofhcqP1PJIMABvr4c1sAAAA=
[2026-03-26 16:57:09] [DebugCheck] 123456 н•ҙмӢң=8d969eef...
[2026-03-26 16:57:09] [DoLogin] ValidateLogin нҳём¶ң
[2026-03-26 16:57:09] [ValidateLogin] DBн•ҙмӢң=f3898fe2... / мһ…л Ҙн•ҙмӢң=f3898fe2... / мқјм№ҳ=True
[2026-03-26 16:57:09] [DoLogin] ValidateLogin кІ°кіј вҶ’ success=True, mustChangePw=False, message='лЎңк·ёмқё м„ұкіө'
[2026-03-26 16:57:09] [DoLogin] лЎңк·ёмқё м„ұкіө вҶ’ MainPage мқҙлҸҷ
[2026-03-26 17:01:49] ========== лЎңк·ёмқё м°Ҫ мӢңмһ‘ ==========
[2026-03-26 17:01:49] [Init] MigrateAccountColumns мӢңмһ‘
[2026-03-26 17:01:49] [Init] MigrateAccountColumns мҷ„лЈҢ
[2026-03-26 17:01:49] [Init] MigrateInitialPasswords мӢңмһ‘
[2026-03-26 17:01:49] [Init] MigrateInitialPasswords мҷ„лЈҢ
[2026-03-26 17:01:56] ---------- лЎңк·ёмқё мӢңлҸ„ ----------
[2026-03-26 17:01:56] [DoLogin] мӮ¬лІҲ мһ…л Ҙк°’: '201000308'
[2026-03-26 17:01:56] [DoLogin] л№„л°ҖлІҲнҳё кёёмқҙ: 10мһҗ / л№„м–ҙмһҲмқҢ: False
[2026-03-26 17:01:56] [DoLogin] л№„л°ҖлІҲнҳё мһ…л Ҙ н•ҙмӢң: f3898fe2...
[2026-03-26 17:01:56] [DoLogin] TodoService.SyncApprovalStatusAsync мӢңмһ‘
[2026-03-26 17:01:56.784] === SyncApprovalStatusAsync() мӢңмһ‘ ===
[2026-03-26 17:01:57] [DoLogin] мӨ‘ліө нҳём¶ң м°ЁлӢЁ
[2026-03-26 17:01:58.905] To Do ETA Task: 14к°ң  DB кі„м •: 14к°ң
[2026-03-26 17:01:58.906] === Sync мҷ„лЈҢ approved=0 pending=0 мһ¬мғқм„ұ=0 ===
[2026-03-26 17:01:58] [DoLogin] TodoService.SyncApprovalStatusAsync мҷ„лЈҢ
[2026-03-26 17:01:58] [DoLogin] DB кі„м • мғҒнғң нҷ•мқё мӢңмһ‘
[2026-03-26 17:01:58] [DebugCheck] DB кІҪлЎң: C:\Users\ironu\Documents\ETA\Data\eta.db
[2026-03-26 17:01:58] [DebugCheck] DB мЎҙмһ¬: True
[2026-03-26 17:01:58] [DebugCheck] мӮ¬лІҲ=201000308 мғҒнғң=approved must_change=0 н•ҙмӢң=f3898fe2... taskId=AQMkADAwATM3ZmYAZS0xYTYxLTUwMTEALTAwAi0wMAoARgAAA6fkKAJzURFCp03uDLvXp98HALAvg_JdvZ9GofhcqP1PJIMAAAIBEgAAALAvg_JdvZ9GofhcqP1PJIMABvr4c1sAAAA=
[2026-03-26 17:01:58] [DebugCheck] 123456 н•ҙмӢң=8d969eef...
[2026-03-26 17:01:58] [DoLogin] ValidateLogin нҳём¶ң
[2026-03-26 17:01:58] [ValidateLogin] DBн•ҙмӢң=f3898fe2... / мһ…л Ҙн•ҙмӢң=f3898fe2... / мқјм№ҳ=True
[2026-03-26 17:01:58] [DoLogin] ValidateLogin кІ°кіј вҶ’ success=True, mustChangePw=False, message='лЎңк·ёмқё м„ұкіө'
[2026-03-26 17:01:58] [DoLogin] лЎңк·ёмқё м„ұкіө вҶ’ MainPage мқҙлҸҷ
[2026-03-26 17:05:07] ========== лЎңк·ёмқё м°Ҫ мӢңмһ‘ ==========
[2026-03-26 17:05:07] [Init] MigrateAccountColumns мӢңмһ‘
[2026-03-26 17:05:07] [Init] MigrateAccountColumns мҷ„лЈҢ
[2026-03-26 17:05:07] [Init] MigrateInitialPasswords мӢңмһ‘
[2026-03-26 17:05:07] [Init] MigrateInitialPasswords мҷ„лЈҢ
[2026-03-26 17:05:16] ---------- лЎңк·ёмқё мӢңлҸ„ ----------
[2026-03-26 17:05:16] [DoLogin] мӮ¬лІҲ мһ…л Ҙк°’: '201000308'
[2026-03-26 17:05:16] [DoLogin] л№„л°ҖлІҲнҳё кёёмқҙ: 10мһҗ / л№„м–ҙмһҲмқҢ: False
[2026-03-26 17:05:16] [DoLogin] л№„л°ҖлІҲнҳё мһ…л Ҙ н•ҙмӢң: f3898fe2...
[2026-03-26 17:05:16] [DoLogin] TodoService.SyncApprovalStatusAsync мӢңмһ‘
[2026-03-26 17:05:16.703] === SyncApprovalStatusAsync() мӢңмһ‘ ===
[2026-03-26 17:05:18.336] To Do ETA Task: 14к°ң  DB кі„м •: 14к°ң
[2026-03-26 17:05:18.337] === Sync мҷ„лЈҢ approved=0 pending=0 мһ¬мғқм„ұ=0 ===
[2026-03-26 17:05:18] [DoLogin] TodoService.SyncApprovalStatusAsync мҷ„лЈҢ
[2026-03-26 17:05:18] [DoLogin] DB кі„м • мғҒнғң нҷ•мқё мӢңмһ‘
[2026-03-26 17:05:18] [DebugCheck] DB кІҪлЎң: C:\Users\ironu\Documents\ETA\Data\eta.db
[2026-03-26 17:05:18] [DebugCheck] DB мЎҙмһ¬: True
[2026-03-26 17:05:18] [DebugCheck] мӮ¬лІҲ=201000308 мғҒнғң=approved must_change=0 н•ҙмӢң=f3898fe2... taskId=AQMkADAwATM3ZmYAZS0xYTYxLTUwMTEALTAwAi0wMAoARgAAA6fkKAJzURFCp03uDLvXp98HALAvg_JdvZ9GofhcqP1PJIMAAAIBEgAAALAvg_JdvZ9GofhcqP1PJIMABvr4c1sAAAA=
[2026-03-26 17:05:18] [DebugCheck] 123456 н•ҙмӢң=8d969eef...
[2026-03-26 17:05:18] [DoLogin] ValidateLogin нҳём¶ң
[2026-03-26 17:05:18] [ValidateLogin] DBн•ҙмӢң=f3898fe2... / мһ…л Ҙн•ҙмӢң=f3898fe2... / мқјм№ҳ=True
[2026-03-26 17:05:18] [DoLogin] ValidateLogin кІ°кіј вҶ’ success=True, mustChangePw=False, message='лЎңк·ёмқё м„ұкіө'
[2026-03-26 17:05:18] [DoLogin] лЎңк·ёмқё м„ұкіө вҶ’ MainPage мқҙлҸҷ
[2026-03-27 20:02:07] ========== лЎңк·ёмқё м°Ҫ мӢңмһ‘ ==========
[2026-03-27 20:02:07] [Init] MigrateAccountColumns мӢңмһ‘
[2026-03-27 20:02:07] [Init] MigrateAccountColumns мҷ„лЈҢ
[2026-03-27 20:02:07] [Init] MigrateInitialPasswords мӢңмһ‘
[2026-03-27 20:02:08] [Init] MigrateInitialPasswords мҷ„лЈҢ
[2026-03-27 20:02:18] ---------- лЎңк·ёмқё мӢңлҸ„ ----------
[2026-03-27 20:02:18] [DoLogin] мӮ¬лІҲ мһ…л Ҙк°’: '201000308'
[2026-03-27 20:02:18] [DoLogin] л№„л°ҖлІҲнҳё кёёмқҙ: 10мһҗ / л№„м–ҙмһҲмқҢ: False
[2026-03-27 20:02:18] [DoLogin] л№„л°ҖлІҲнҳё мһ…л Ҙ н•ҙмӢң: f3898fe2...
[2026-03-27 20:02:18] [DoLogin] TodoService.SyncApprovalStatusAsync мӢңмһ‘
[2026-03-27 20:02:18.988] === SyncApprovalStatusAsync() мӢңмһ‘ ===
[2026-03-27 20:02:21.092] To Do ETA Task: 14к°ң  DB кі„м •: 14к°ң
[2026-03-27 20:02:21.093] === Sync мҷ„лЈҢ approved=0 pending=0 мһ¬мғқм„ұ=0 ===
[2026-03-27 20:02:21] [DoLogin] TodoService.SyncApprovalStatusAsync мҷ„лЈҢ
[2026-03-27 20:02:21] [DoLogin] DB кі„м • мғҒнғң нҷ•мқё мӢңмһ‘
[2026-03-27 20:02:21] [DebugCheck] DB кІҪлЎң: C:\Users\ironu\Documents\ETA\Data\eta.db
[2026-03-27 20:02:21] [DebugCheck] DB мЎҙмһ¬: True
[2026-03-27 20:02:21] [DebugCheck] мӮ¬лІҲ=201000308 мғҒнғң=approved must_change=0 н•ҙмӢң=f3898fe2... taskId=AQMkADAwATM3ZmYAZS0xYTYxLTUwMTEALTAwAi0wMAoARgAAA6fkKAJzURFCp03uDLvXp98HALAvg_JdvZ9GofhcqP1PJIMAAAIBEgAAALAvg_JdvZ9GofhcqP1PJIMABvr4c1sAAAA=
[2026-03-27 20:02:21] [DebugCheck] 123456 н•ҙмӢң=8d969eef...
[2026-03-27 20:02:21] [DoLogin] ValidateLogin нҳём¶ң
[2026-03-27 20:02:21] [ValidateLogin] DBн•ҙмӢң=f3898fe2... / мһ…л Ҙн•ҙмӢң=f3898fe2... / мқјм№ҳ=True
[2026-03-27 20:02:21] [DoLogin] ValidateLogin кІ°кіј вҶ’ success=True, mustChangePw=False, message='лЎңк·ёмқё м„ұкіө'
[2026-03-27 20:02:21] [DoLogin] лЎңк·ёмқё м„ұкіө вҶ’ MainPage мқҙлҸҷ
[2026-03-27 21:25:49] ========== лЎңк·ёмқё м°Ҫ мӢңмһ‘ ==========
[2026-03-27 21:25:49] [Init] MigrateAccountColumns мӢңмһ‘
[2026-03-27 21:25:49] [Init] MigrateAccountColumns мҷ„лЈҢ
[2026-03-27 21:25:49] [Init] MigrateInitialPasswords мӢңмһ‘
[2026-03-27 21:25:49] [Init] MigrateInitialPasswords мҷ„лЈҢ
[2026-03-27 21:25:59] ---------- лЎңк·ёмқё мӢңлҸ„ ----------
[2026-03-27 21:25:59] [DoLogin] мӮ¬лІҲ мһ…л Ҙк°’: '201000308'
[2026-03-27 21:25:59] [DoLogin] л№„л°ҖлІҲнҳё кёёмқҙ: 10мһҗ / л№„м–ҙмһҲмқҢ: False
[2026-03-27 21:25:59] [DoLogin] л№„л°ҖлІҲнҳё мһ…л Ҙ н•ҙмӢң: f3898fe2...
[2026-03-27 21:25:59] [DoLogin] TodoService.SyncApprovalStatusAsync мӢңмһ‘
[2026-03-27 21:25:59.981] === SyncApprovalStatusAsync() мӢңмһ‘ ===
[2026-03-27 21:26:01.807] To Do ETA Task: 14к°ң  DB кі„м •: 14к°ң
[2026-03-27 21:26:01.808] === Sync мҷ„лЈҢ approved=0 pending=0 мһ¬мғқм„ұ=0 ===
[2026-03-27 21:26:01] [DoLogin] TodoService.SyncApprovalStatusAsync мҷ„лЈҢ
[2026-03-27 21:26:01] [DoLogin] DB кі„м • мғҒнғң нҷ•мқё мӢңмһ‘
[2026-03-27 21:26:01] [DebugCheck] DB кІҪлЎң: C:\Users\ironu\Documents\ETA\Data\eta.db
[2026-03-27 21:26:01] [DebugCheck] DB мЎҙмһ¬: True
[2026-03-27 21:26:01] [DebugCheck] мӮ¬лІҲ=201000308 мғҒнғң=approved must_change=0 н•ҙмӢң=f3898fe2... taskId=AQMkADAwATM3ZmYAZS0xYTYxLTUwMTEALTAwAi0wMAoARgAAA6fkKAJzURFCp03uDLvXp98HALAvg_JdvZ9GofhcqP1PJIMAAAIBEgAAALAvg_JdvZ9GofhcqP1PJIMABvr4c1sAAAA=
[2026-03-27 21:26:01] [DebugCheck] 123456 н•ҙмӢң=8d969eef...
[2026-03-27 21:26:01] [DoLogin] ValidateLogin нҳём¶ң
[2026-03-27 21:26:01] [ValidateLogin] DBн•ҙмӢң=f3898fe2... / мһ…л Ҙн•ҙмӢң=f3898fe2... / мқјм№ҳ=True
[2026-03-27 21:26:01] [DoLogin] ValidateLogin кІ°кіј вҶ’ success=True, mustChangePw=False, message='лЎңк·ёмқё м„ұкіө'
[2026-03-27 21:26:01] [DoLogin] лЎңк·ёмқё м„ұкіө вҶ’ MainPage мқҙлҸҷ
[2026-03-27 21:31:41] ========== лЎңк·ёмқё м°Ҫ мӢңмһ‘ ==========
[2026-03-27 21:31:41] [Init] MigrateAccountColumns мӢңмһ‘
[2026-03-27 21:31:41] [Init] MigrateAccountColumns мҷ„лЈҢ
[2026-03-27 21:31:41] [Init] MigrateInitialPasswords мӢңмһ‘
[2026-03-27 21:31:42] [Init] MigrateInitialPasswords мҷ„лЈҢ
[2026-03-27 21:31:52] ---------- лЎңк·ёмқё мӢңлҸ„ ----------
[2026-03-27 21:31:52] [DoLogin] мӮ¬лІҲ мһ…л Ҙк°’: '201000308'
[2026-03-27 21:31:52] [DoLogin] л№„л°ҖлІҲнҳё кёёмқҙ: 10мһҗ / л№„м–ҙмһҲмқҢ: False
[2026-03-27 21:31:52] [DoLogin] л№„л°ҖлІҲнҳё мһ…л Ҙ н•ҙмӢң: f3898fe2...
[2026-03-27 21:31:52] [DoLogin] TodoService.SyncApprovalStatusAsync мӢңмһ‘
[2026-03-27 21:31:52.885] === SyncApprovalStatusAsync() мӢңмһ‘ ===
[2026-03-27 21:31:54.724] To Do ETA Task: 14к°ң  DB кі„м •: 14к°ң
[2026-03-27 21:31:54.726] === Sync мҷ„лЈҢ approved=0 pending=0 мһ¬мғқм„ұ=0 ===
[2026-03-27 21:31:54] [DoLogin] TodoService.SyncApprovalStatusAsync мҷ„лЈҢ
[2026-03-27 21:31:54] [DoLogin] DB кі„м • мғҒнғң нҷ•мқё мӢңмһ‘
[2026-03-27 21:31:54] [DebugCheck] DB кІҪлЎң: C:\Users\ironu\Documents\ETA\Data\eta.db
[2026-03-27 21:31:54] [DebugCheck] DB мЎҙмһ¬: True
[2026-03-27 21:31:54] [DebugCheck] мӮ¬лІҲ=201000308 мғҒнғң=approved must_change=0 н•ҙмӢң=f3898fe2... taskId=AQMkADAwATM3ZmYAZS0xYTYxLTUwMTEALTAwAi0wMAoARgAAA6fkKAJzURFCp03uDLvXp98HALAvg_JdvZ9GofhcqP1PJIMAAAIBEgAAALAvg_JdvZ9GofhcqP1PJIMABvr4c1sAAAA=
[2026-03-27 21:31:54] [DebugCheck] 123456 н•ҙмӢң=8d969eef...
[2026-03-27 21:31:54] [DoLogin] ValidateLogin нҳём¶ң
[2026-03-27 21:31:54] [ValidateLogin] DBн•ҙмӢң=f3898fe2... / мһ…л Ҙн•ҙмӢң=f3898fe2... / мқјм№ҳ=True
[2026-03-27 21:31:54] [DoLogin] ValidateLogin кІ°кіј вҶ’ success=True, mustChangePw=False, message='лЎңк·ёмқё м„ұкіө'
[2026-03-27 21:31:54] [DoLogin] лЎңк·ёмқё м„ұкіө вҶ’ MainPage мқҙлҸҷ
[2026-03-27 21:36:52] ========== лЎңк·ёмқё м°Ҫ мӢңмһ‘ ==========
[2026-03-27 21:36:52] [Init] MigrateAccountColumns мӢңмһ‘
[2026-03-27 21:36:52] [Init] MigrateAccountColumns мҷ„лЈҢ
[2026-03-27 21:36:52] [Init] MigrateInitialPasswords мӢңмһ‘
[2026-03-27 21:36:53] [Init] MigrateInitialPasswords мҷ„лЈҢ
[2026-03-27 21:37:04] ---------- лЎңк·ёмқё мӢңлҸ„ ----------
[2026-03-27 21:37:04] [DoLogin] мӮ¬лІҲ мһ…л Ҙк°’: '201000308'
[2026-03-27 21:37:04] [DoLogin] л№„л°ҖлІҲнҳё кёёмқҙ: 10мһҗ / л№„м–ҙмһҲмқҢ: False
[2026-03-27 21:37:04] [DoLogin] л№„л°ҖлІҲнҳё мһ…л Ҙ н•ҙмӢң: f3898fe2...
[2026-03-27 21:37:04] [DoLogin] TodoService.SyncApprovalStatusAsync мӢңмһ‘
[2026-03-27 21:37:04.502] === SyncApprovalStatusAsync() мӢңмһ‘ ===
[2026-03-27 21:37:05] [DoLogin] мӨ‘ліө нҳём¶ң м°ЁлӢЁ
[2026-03-27 21:37:06.227] To Do ETA Task: 14к°ң  DB кі„м •: 14к°ң
[2026-03-27 21:37:06.228] === Sync мҷ„лЈҢ approved=0 pending=0 мһ¬мғқм„ұ=0 ===
[2026-03-27 21:37:06] [DoLogin] TodoService.SyncApprovalStatusAsync мҷ„лЈҢ
[2026-03-27 21:37:06] [DoLogin] DB кі„м • мғҒнғң нҷ•мқё мӢңмһ‘
[2026-03-27 21:37:06] [DebugCheck] DB кІҪлЎң: C:\Users\ironu\Documents\ETA\Data\eta.db
[2026-03-27 21:37:06] [DebugCheck] DB мЎҙмһ¬: True
[2026-03-27 21:37:06] [DebugCheck] мӮ¬лІҲ=201000308 мғҒнғң=approved must_change=0 н•ҙмӢң=f3898fe2... taskId=AQMkADAwATM3ZmYAZS0xYTYxLTUwMTEALTAwAi0wMAoARgAAA6fkKAJzURFCp03uDLvXp98HALAvg_JdvZ9GofhcqP1PJIMAAAIBEgAAALAvg_JdvZ9GofhcqP1PJIMABvr4c1sAAAA=
[2026-03-27 21:37:06] [DebugCheck] 123456 н•ҙмӢң=8d969eef...
[2026-03-27 21:37:06] [DoLogin] ValidateLogin нҳём¶ң
[2026-03-27 21:37:06] [ValidateLogin] DBн•ҙмӢң=f3898fe2... / мһ…л Ҙн•ҙмӢң=f3898fe2... / мқјм№ҳ=True
[2026-03-27 21:37:06] [DoLogin] ValidateLogin кІ°кіј вҶ’ success=True, mustChangePw=False, message='лЎңк·ёмқё м„ұкіө'
[2026-03-27 21:37:06] [DoLogin] лЎңк·ёмқё м„ұкіө вҶ’ MainPage мқҙлҸҷ
[2026-03-27 22:00:34] ========== лЎңк·ёмқё м°Ҫ мӢңмһ‘ ==========
[2026-03-27 22:00:34] [Init] MigrateAccountColumns мӢңмһ‘
[2026-03-27 22:00:34] [Init] MigrateAccountColumns мҷ„лЈҢ
[2026-03-27 22:00:34] [Init] MigrateInitialPasswords мӢңмһ‘
[2026-03-27 22:00:34] [Init] MigrateInitialPasswords мҷ„лЈҢ
[2026-03-27 22:00:46] ---------- лЎңк·ёмқё мӢңлҸ„ ----------
[2026-03-27 22:00:46] [DoLogin] мӮ¬лІҲ мһ…л Ҙк°’: '201000308'
[2026-03-27 22:00:46] [DoLogin] л№„л°ҖлІҲнҳё кёёмқҙ: 10мһҗ / л№„м–ҙмһҲмқҢ: False
[2026-03-27 22:00:46] [DoLogin] л№„л°ҖлІҲнҳё мһ…л Ҙ н•ҙмӢң: f3898fe2...
[2026-03-27 22:00:46] [DoLogin] TodoService.SyncApprovalStatusAsync мӢңмһ‘
[2026-03-27 22:00:46.152] === SyncApprovalStatusAsync() мӢңмһ‘ ===
[2026-03-27 22:00:47] [DoLogin] мӨ‘ліө нҳём¶ң м°ЁлӢЁ
[2026-03-27 22:00:48.147] To Do ETA Task: 14к°ң  DB кі„м •: 14к°ң
[2026-03-27 22:00:48.149] === Sync мҷ„лЈҢ approved=0 pending=0 мһ¬мғқм„ұ=0 ===
[2026-03-27 22:00:48] [DoLogin] TodoService.SyncApprovalStatusAsync мҷ„лЈҢ
[2026-03-27 22:00:48] [DoLogin] DB кі„м • мғҒнғң нҷ•мқё мӢңмһ‘
[2026-03-27 22:00:48] [DebugCheck] DB кІҪлЎң: C:\Users\ironu\Documents\ETA\Data\eta.db
[2026-03-27 22:00:48] [DebugCheck] DB мЎҙмһ¬: True
[2026-03-27 22:00:48] [DebugCheck] мӮ¬лІҲ=201000308 мғҒнғң=approved must_change=0 н•ҙмӢң=f3898fe2... taskId=AQMkADAwATM3ZmYAZS0xYTYxLTUwMTEALTAwAi0wMAoARgAAA6fkKAJzURFCp03uDLvXp98HALAvg_JdvZ9GofhcqP1PJIMAAAIBEgAAALAvg_JdvZ9GofhcqP1PJIMABvr4c1sAAAA=
[2026-03-27 22:00:48] [DebugCheck] 123456 н•ҙмӢң=8d969eef...
[2026-03-27 22:00:48] [DoLogin] ValidateLogin нҳём¶ң
[2026-03-27 22:00:48] [ValidateLogin] DBн•ҙмӢң=f3898fe2... / мһ…л Ҙн•ҙмӢң=f3898fe2... / мқјм№ҳ=True
[2026-03-27 22:00:48] [DoLogin] ValidateLogin кІ°кіј вҶ’ success=True, mustChangePw=False, message='лЎңк·ёмқё м„ұкіө'
[2026-03-27 22:00:48] [DoLogin] лЎңк·ёмқё м„ұкіө вҶ’ MainPage мқҙлҸҷ
[2026-03-27 22:04:35] ========== лЎңк·ёмқё м°Ҫ мӢңмһ‘ ==========
[2026-03-27 22:04:35] [Init] MigrateAccountColumns мӢңмһ‘
[2026-03-27 22:04:35] [Init] MigrateAccountColumns мҷ„лЈҢ
[2026-03-27 22:04:35] [Init] MigrateInitialPasswords мӢңмһ‘
[2026-03-27 22:04:35] [Init] MigrateInitialPasswords мҷ„лЈҢ
[2026-03-27 22:04:42] ---------- лЎңк·ёмқё мӢңлҸ„ ----------
[2026-03-27 22:04:42] [DoLogin] мӮ¬лІҲ мһ…л Ҙк°’: '201000308'
[2026-03-27 22:04:42] [DoLogin] л№„л°ҖлІҲнҳё кёёмқҙ: 10мһҗ / л№„м–ҙмһҲмқҢ: False
[2026-03-27 22:04:42] [DoLogin] л№„л°ҖлІҲнҳё мһ…л Ҙ н•ҙмӢң: f3898fe2...
[2026-03-27 22:04:42] [DoLogin] TodoService.SyncApprovalStatusAsync мӢңмһ‘
[2026-03-27 22:04:42.635] === SyncApprovalStatusAsync() мӢңмһ‘ ===
[2026-03-27 22:04:44] [DoLogin] мӨ‘ліө нҳём¶ң м°ЁлӢЁ
[2026-03-27 22:04:44.750] To Do ETA Task: 14к°ң  DB кі„м •: 14к°ң
[2026-03-27 22:04:44.781] === Sync мҷ„лЈҢ approved=0 pending=0 мһ¬мғқм„ұ=0 ===
[2026-03-27 22:04:44] [DoLogin] TodoService.SyncApprovalStatusAsync мҷ„лЈҢ
[2026-03-27 22:04:44] [DoLogin] DB кі„м • мғҒнғң нҷ•мқё мӢңмһ‘
[2026-03-27 22:04:44] [DebugCheck] DB кІҪлЎң: C:\Users\ironu\Documents\ETA\Data\eta.db
[2026-03-27 22:04:44] [DebugCheck] DB мЎҙмһ¬: True
[2026-03-27 22:04:44] [DebugCheck] мӮ¬лІҲ=201000308 мғҒнғң=approved must_change=0 н•ҙмӢң=f3898fe2... taskId=AQMkADAwATM3ZmYAZS0xYTYxLTUwMTEALTAwAi0wMAoARgAAA6fkKAJzURFCp03uDLvXp98HALAvg_JdvZ9GofhcqP1PJIMAAAIBEgAAALAvg_JdvZ9GofhcqP1PJIMABvr4c1sAAAA=
[2026-03-27 22:04:44] [DebugCheck] 123456 н•ҙмӢң=8d969eef...
[2026-03-27 22:04:44] [DoLogin] ValidateLogin нҳём¶ң
[2026-03-27 22:04:44] [ValidateLogin] DBн•ҙмӢң=f3898fe2... / мһ…л Ҙн•ҙмӢң=f3898fe2... / мқјм№ҳ=True
[2026-03-27 22:04:44] [DoLogin] ValidateLogin кІ°кіј вҶ’ success=True, mustChangePw=False, message='лЎңк·ёмқё м„ұкіө'
[2026-03-27 22:04:44] [DoLogin] лЎңк·ёмқё м„ұкіө вҶ’ MainPage мқҙлҸҷ
[2026-03-27 22:15:46] ========== лЎңк·ёмқё м°Ҫ мӢңмһ‘ ==========
[2026-03-27 22:15:46] [Init] MigrateAccountColumns мӢңмһ‘
[2026-03-27 22:15:46] [Init] MigrateAccountColumns мҷ„лЈҢ
[2026-03-27 22:15:46] [Init] MigrateInitialPasswords мӢңмһ‘
[2026-03-27 22:15:47] [Init] MigrateInitialPasswords мҷ„лЈҢ
[2026-03-27 22:16:05] ---------- лЎңк·ёмқё мӢңлҸ„ ----------
[2026-03-27 22:16:05] [DoLogin] мӮ¬лІҲ мһ…л Ҙк°’: '201000308'
[2026-03-27 22:16:05] [DoLogin] л№„л°ҖлІҲнҳё кёёмқҙ: 10мһҗ / л№„м–ҙмһҲмқҢ: False
[2026-03-27 22:16:05] [DoLogin] л№„л°ҖлІҲнҳё мһ…л Ҙ н•ҙмӢң: f3898fe2...
[2026-03-27 22:16:05] [DoLogin] TodoService.SyncApprovalStatusAsync мӢңмһ‘
[2026-03-27 22:16:05.782] === SyncApprovalStatusAsync() мӢңмһ‘ ===
[2026-03-27 22:16:06] [DoLogin] мӨ‘ліө нҳём¶ң м°ЁлӢЁ
[2026-03-27 22:16:07.627] To Do ETA Task: 14к°ң  DB кі„м •: 14к°ң
[2026-03-27 22:16:07.628] === Sync мҷ„лЈҢ approved=0 pending=0 мһ¬мғқм„ұ=0 ===
[2026-03-27 22:16:07] [DoLogin] TodoService.SyncApprovalStatusAsync мҷ„лЈҢ
[2026-03-27 22:16:07] [DoLogin] DB кі„м • мғҒнғң нҷ•мқё мӢңмһ‘
[2026-03-27 22:16:07] [DebugCheck] DB кІҪлЎң: C:\Users\ironu\Documents\ETA\Data\eta.db
[2026-03-27 22:16:07] [DebugCheck] DB мЎҙмһ¬: True
[2026-03-27 22:16:07] [DebugCheck] мӮ¬лІҲ=201000308 мғҒнғң=approved must_change=0 н•ҙмӢң=f3898fe2... taskId=AQMkADAwATM3ZmYAZS0xYTYxLTUwMTEALTAwAi0wMAoARgAAA6fkKAJzURFCp03uDLvXp98HALAvg_JdvZ9GofhcqP1PJIMAAAIBEgAAALAvg_JdvZ9GofhcqP1PJIMABvr4c1sAAAA=
[2026-03-27 22:16:07] [DebugCheck] 123456 н•ҙмӢң=8d969eef...
[2026-03-27 22:16:07] [DoLogin] ValidateLogin нҳём¶ң
[2026-03-27 22:16:07] [ValidateLogin] DBн•ҙмӢң=f3898fe2... / мһ…л Ҙн•ҙмӢң=f3898fe2... / мқјм№ҳ=True
[2026-03-27 22:16:07] [DoLogin] ValidateLogin кІ°кіј вҶ’ success=True, mustChangePw=False, message='лЎңк·ёмқё м„ұкіө'
[2026-03-27 22:16:07] [DoLogin] лЎңк·ёмқё м„ұкіө вҶ’ MainPage мқҙлҸҷ
[2026-03-27 22:21:20] ========== лЎңк·ёмқё м°Ҫ мӢңмһ‘ ==========
[2026-03-27 22:21:20] [Init] MigrateAccountColumns мӢңмһ‘
[2026-03-27 22:21:20] [Init] MigrateAccountColumns мҷ„лЈҢ
[2026-03-27 22:21:20] [Init] MigrateInitialPasswords мӢңмһ‘
[2026-03-27 22:21:21] [Init] MigrateInitialPasswords мҷ„лЈҢ
[2026-03-27 22:21:29] ---------- лЎңк·ёмқё мӢңлҸ„ ----------
[2026-03-27 22:21:29] [DoLogin] мӮ¬лІҲ мһ…л Ҙк°’: '20100038'
[2026-03-27 22:21:29] [DoLogin] л№„л°ҖлІҲнҳё кёёмқҙ: 10мһҗ / л№„м–ҙмһҲмқҢ: False
[2026-03-27 22:21:29] [DoLogin] л№„л°ҖлІҲнҳё мһ…л Ҙ н•ҙмӢң: f3898fe2...
[2026-03-27 22:21:29] [DoLogin] TodoService.SyncApprovalStatusAsync мӢңмһ‘
[2026-03-27 22:21:29.384] === SyncApprovalStatusAsync() мӢңмһ‘ ===
[2026-03-27 22:21:30] [DoLogin] мӨ‘ліө нҳём¶ң м°ЁлӢЁ
[2026-03-27 22:21:31.148] To Do ETA Task: 14к°ң  DB кі„м •: 14к°ң
[2026-03-27 22:21:31.149] === Sync мҷ„лЈҢ approved=0 pending=0 мһ¬мғқм„ұ=0 ===
[2026-03-27 22:21:31] [DoLogin] TodoService.SyncApprovalStatusAsync мҷ„лЈҢ
[2026-03-27 22:21:31] [DoLogin] DB кі„м • мғҒнғң нҷ•мқё мӢңмһ‘
[2026-03-27 22:21:31] [DebugCheck] DB кІҪлЎң: C:\Users\ironu\Documents\ETA\Data\eta.db
[2026-03-27 22:21:31] [DebugCheck] DB мЎҙмһ¬: True
[2026-03-27 22:21:31] [DebugCheck] 20100038 вҶ’ DBм—җ л ҲмҪ”л“ң м—ҶмқҢ!
[2026-03-27 22:21:31] [DoLogin] ValidateLogin нҳём¶ң
[2026-03-27 22:21:31] [DoLogin] ValidateLogin кІ°кіј вҶ’ success=False, mustChangePw=False, message='л“ұлЎқлҗҳм§Җ м•ҠмқҖ мӮ¬лІҲмһ…лӢҲлӢӨ.'
[2026-03-27 22:21:31] [DoLogin] лЎңк·ёмқё мӢӨнҢЁ: л“ұлЎқлҗҳм§Җ м•ҠмқҖ мӮ¬лІҲмһ…лӢҲлӢӨ.
[2026-03-27 22:21:40] ---------- лЎңк·ёмқё мӢңлҸ„ ----------
[2026-03-27 22:21:40] [DoLogin] мӮ¬лІҲ мһ…л Ҙк°’: '201000308'
[2026-03-27 22:21:40] [DoLogin] л№„л°ҖлІҲнҳё кёёмқҙ: 8мһҗ / л№„м–ҙмһҲмқҢ: False
[2026-03-27 22:21:40] [DoLogin] л№„л°ҖлІҲнҳё мһ…л Ҙ н•ҙмӢң: 9e1b4a96...
[2026-03-27 22:21:40] [DoLogin] TodoService.SyncApprovalStatusAsync мӢңмһ‘
[2026-03-27 22:21:40.612] === SyncApprovalStatusAsync() мӢңмһ‘ ===
[2026-03-27 22:21:41.526] To Do ETA Task: 14к°ң  DB кі„м •: 14к°ң
[2026-03-27 22:21:41.527] === Sync мҷ„лЈҢ approved=0 pending=0 мһ¬мғқм„ұ=0 ===
[2026-03-27 22:21:41] [DoLogin] TodoService.SyncApprovalStatusAsync мҷ„лЈҢ
[2026-03-27 22:21:41] [DoLogin] DB кі„м • мғҒнғң нҷ•мқё мӢңмһ‘
[2026-03-27 22:21:41] [DebugCheck] DB кІҪлЎң: C:\Users\ironu\Documents\ETA\Data\eta.db
[2026-03-27 22:21:41] [DebugCheck] DB мЎҙмһ¬: True
[2026-03-27 22:21:41] [DebugCheck] мӮ¬лІҲ=201000308 мғҒнғң=approved must_change=0 н•ҙмӢң=f3898fe2... taskId=AQMkADAwATM3ZmYAZS0xYTYxLTUwMTEALTAwAi0wMAoARgAAA6fkKAJzURFCp03uDLvXp98HALAvg_JdvZ9GofhcqP1PJIMAAAIBEgAAALAvg_JdvZ9GofhcqP1PJIMABvr4c1sAAAA=
[2026-03-27 22:21:41] [DebugCheck] 123456 н•ҙмӢң=8d969eef...
[2026-03-27 22:21:41] [DoLogin] ValidateLogin нҳём¶ң
[2026-03-27 22:21:41] [ValidateLogin] DBн•ҙмӢң=f3898fe2... / мһ…л Ҙн•ҙмӢң=9e1b4a96... / мқјм№ҳ=False
[2026-03-27 22:21:41] [DoLogin] ValidateLogin кІ°кіј вҶ’ success=False, mustChangePw=False, message='л№„л°ҖлІҲнҳёк°Җ мҳ¬л°”лҘҙм§Җ м•ҠмҠөлӢҲлӢӨ.'
[2026-03-27 22:21:41] [DoLogin] лЎңк·ёмқё мӢӨнҢЁ: л№„л°ҖлІҲнҳёк°Җ мҳ¬л°”лҘҙм§Җ м•ҠмҠөлӢҲлӢӨ.
[2026-03-27 22:21:50] ---------- лЎңк·ёмқё мӢңлҸ„ ----------
[2026-03-27 22:21:50] [DoLogin] мӮ¬лІҲ мһ…л Ҙк°’: '201000308'
[2026-03-27 22:21:50] [DoLogin] л№„л°ҖлІҲнҳё кёёмқҙ: 10мһҗ / л№„м–ҙмһҲмқҢ: False
[2026-03-27 22:21:50] [DoLogin] л№„л°ҖлІҲнҳё мһ…л Ҙ н•ҙмӢң: f3898fe2...
[2026-03-27 22:21:50] [DoLogin] TodoService.SyncApprovalStatusAsync мӢңмһ‘
[2026-03-27 22:21:50.387] === SyncApprovalStatusAsync() мӢңмһ‘ ===
[2026-03-27 22:21:51.157] To Do ETA Task: 14к°ң  DB кі„м •: 14к°ң
[2026-03-27 22:21:51.175] === Sync мҷ„лЈҢ approved=0 pending=0 мһ¬мғқм„ұ=0 ===
[2026-03-27 22:21:51] [DoLogin] TodoService.SyncApprovalStatusAsync мҷ„лЈҢ
[2026-03-27 22:21:51] [DoLogin] DB кі„м • мғҒнғң нҷ•мқё мӢңмһ‘
[2026-03-27 22:21:51] [DebugCheck] DB кІҪлЎң: C:\Users\ironu\Documents\ETA\Data\eta.db
[2026-03-27 22:21:51] [DebugCheck] DB мЎҙмһ¬: True
[2026-03-27 22:21:51] [DebugCheck] мӮ¬лІҲ=201000308 мғҒнғң=approved must_change=0 н•ҙмӢң=f3898fe2... taskId=AQMkADAwATM3ZmYAZS0xYTYxLTUwMTEALTAwAi0wMAoARgAAA6fkKAJzURFCp03uDLvXp98HALAvg_JdvZ9GofhcqP1PJIMAAAIBEgAAALAvg_JdvZ9GofhcqP1PJIMABvr4c1sAAAA=
[2026-03-27 22:21:51] [DebugCheck] 123456 н•ҙмӢң=8d969eef...
[2026-03-27 22:21:51] [DoLogin] ValidateLogin нҳём¶ң
[2026-03-27 22:21:51] [ValidateLogin] DBн•ҙмӢң=f3898fe2... / мһ…л Ҙн•ҙмӢң=f3898fe2... / мқјм№ҳ=True
[2026-03-27 22:21:51] [DoLogin] ValidateLogin кІ°кіј вҶ’ success=True, mustChangePw=False, message='лЎңк·ёмқё м„ұкіө'
[2026-03-27 22:21:51] [DoLogin] лЎңк·ёмқё м„ұкіө вҶ’ MainPage мқҙлҸҷ
[2026-03-27 22:29:44] ========== лЎңк·ёмқё м°Ҫ мӢңмһ‘ ==========
[2026-03-27 22:29:44] [Init] MigrateAccountColumns мӢңмһ‘
[2026-03-27 22:29:44] [Init] MigrateAccountColumns мҷ„лЈҢ
[2026-03-27 22:29:44] [Init] MigrateInitialPasswords мӢңмһ‘
[2026-03-27 22:29:45] [Init] MigrateInitialPasswords мҷ„лЈҢ
[2026-03-27 22:30:15] ---------- лЎңк·ёмқё мӢңлҸ„ ----------
[2026-03-27 22:30:15] [DoLogin] мӮ¬лІҲ мһ…л Ҙк°’: '201000308'
[2026-03-27 22:30:15] [DoLogin] л№„л°ҖлІҲнҳё кёёмқҙ: 10мһҗ / л№„м–ҙмһҲмқҢ: False
[2026-03-27 22:30:15] [DoLogin] л№„л°ҖлІҲнҳё мһ…л Ҙ н•ҙмӢң: f3898fe2...
[2026-03-27 22:30:15] [DoLogin] TodoService.SyncApprovalStatusAsync мӢңмһ‘
[2026-03-27 22:30:15.245] === SyncApprovalStatusAsync() мӢңмһ‘ ===
[2026-03-27 22:30:17.258] To Do ETA Task: 14к°ң  DB кі„м •: 14к°ң
[2026-03-27 22:30:17.259] === Sync мҷ„лЈҢ approved=0 pending=0 мһ¬мғқм„ұ=0 ===
[2026-03-27 22:30:17] [DoLogin] TodoService.SyncApprovalStatusAsync мҷ„лЈҢ
[2026-03-27 22:30:17] [DoLogin] DB кі„м • мғҒнғң нҷ•мқё мӢңмһ‘
[2026-03-27 22:30:17] [DebugCheck] DB кІҪлЎң: C:\Users\ironu\Documents\ETA\Data\eta.db
[2026-03-27 22:30:17] [DebugCheck] DB мЎҙмһ¬: True
[2026-03-27 22:30:17] [DebugCheck] мӮ¬лІҲ=201000308 мғҒнғң=approved must_change=0 н•ҙмӢң=f3898fe2... taskId=AQMkADAwATM3ZmYAZS0xYTYxLTUwMTEALTAwAi0wMAoARgAAA6fkKAJzURFCp03uDLvXp98HALAvg_JdvZ9GofhcqP1PJIMAAAIBEgAAALAvg_JdvZ9GofhcqP1PJIMABvr4c1sAAAA=
[2026-03-27 22:30:17] [DebugCheck] 123456 н•ҙмӢң=8d969eef...
[2026-03-27 22:30:17] [DoLogin] ValidateLogin нҳём¶ң
[2026-03-27 22:30:17] [ValidateLogin] DBн•ҙмӢң=f3898fe2... / мһ…л Ҙн•ҙмӢң=f3898fe2... / мқјм№ҳ=True
[2026-03-27 22:30:17] [DoLogin] ValidateLogin кІ°кіј вҶ’ success=True, mustChangePw=False, message='лЎңк·ёмқё м„ұкіө'
[2026-03-27 22:30:17] [DoLogin] лЎңк·ёмқё м„ұкіө вҶ’ MainPage мқҙлҸҷ
[2026-03-27 22:35:50] ========== лЎңк·ёмқё м°Ҫ мӢңмһ‘ ==========
[2026-03-27 22:35:50] [Init] MigrateAccountColumns мӢңмһ‘
[2026-03-27 22:35:50] [Init] MigrateAccountColumns мҷ„лЈҢ
[2026-03-27 22:35:50] [Init] MigrateInitialPasswords мӢңмһ‘
[2026-03-27 22:35:50] [Init] MigrateInitialPasswords мҷ„лЈҢ
[2026-03-27 22:35:59] ---------- лЎңк·ёмқё мӢңлҸ„ ----------
[2026-03-27 22:35:59] [DoLogin] мӮ¬лІҲ мһ…л Ҙк°’: '201000308'
[2026-03-27 22:35:59] [DoLogin] л№„л°ҖлІҲнҳё кёёмқҙ: 10мһҗ / л№„м–ҙмһҲмқҢ: False
[2026-03-27 22:36:00] [DoLogin] л№„л°ҖлІҲнҳё мһ…л Ҙ н•ҙмӢң: f3898fe2...
[2026-03-27 22:36:00] [DoLogin] TodoService.SyncApprovalStatusAsync мӢңмһ‘
[2026-03-27 22:36:00.006] === SyncApprovalStatusAsync() мӢңмһ‘ ===
[2026-03-27 22:36:02.212] To Do ETA Task: 14к°ң  DB кі„м •: 14к°ң
[2026-03-27 22:36:02.213] === Sync мҷ„лЈҢ approved=0 pending=0 мһ¬мғқм„ұ=0 ===
[2026-03-27 22:36:02] [DoLogin] TodoService.SyncApprovalStatusAsync мҷ„лЈҢ
[2026-03-27 22:36:02] [DoLogin] DB кі„м • мғҒнғң нҷ•мқё мӢңмһ‘
[2026-03-27 22:36:02] [DebugCheck] DB кІҪлЎң: C:\Users\ironu\Documents\ETA\Data\eta.db
[2026-03-27 22:36:02] [DebugCheck] DB мЎҙмһ¬: True
[2026-03-27 22:36:02] [DebugCheck] мӮ¬лІҲ=201000308 мғҒнғң=approved must_change=0 н•ҙмӢң=f3898fe2... taskId=AQMkADAwATM3ZmYAZS0xYTYxLTUwMTEALTAwAi0wMAoARgAAA6fkKAJzURFCp03uDLvXp98HALAvg_JdvZ9GofhcqP1PJIMAAAIBEgAAALAvg_JdvZ9GofhcqP1PJIMABvr4c1sAAAA=
[2026-03-27 22:36:02] [DebugCheck] 123456 н•ҙмӢң=8d969eef...
[2026-03-27 22:36:02] [DoLogin] ValidateLogin нҳём¶ң
[2026-03-27 22:36:02] [ValidateLogin] DBн•ҙмӢң=f3898fe2... / мһ…л Ҙн•ҙмӢң=f3898fe2... / мқјм№ҳ=True
[2026-03-27 22:36:02] [DoLogin] ValidateLogin кІ°кіј вҶ’ success=True, mustChangePw=False, message='лЎңк·ёмқё м„ұкіө'
[2026-03-27 22:36:02] [DoLogin] лЎңк·ёмқё м„ұкіө вҶ’ MainPage мқҙлҸҷ
[2026-03-27 22:50:32] ========== лЎңк·ёмқё м°Ҫ мӢңмһ‘ ==========
[2026-03-27 22:50:32] [Init] MigrateAccountColumns мӢңмһ‘
[2026-03-27 22:50:32] [Init] MigrateAccountColumns мҷ„лЈҢ
[2026-03-27 22:50:32] [Init] MigrateInitialPasswords мӢңмһ‘
[2026-03-27 22:50:33] [Init] MigrateInitialPasswords мҷ„лЈҢ
[2026-03-27 22:50:42] ---------- лЎңк·ёмқё мӢңлҸ„ ----------
[2026-03-27 22:50:42] [DoLogin] мӮ¬лІҲ мһ…л Ҙк°’: '201000308'
[2026-03-27 22:50:42] [DoLogin] л№„л°ҖлІҲнҳё кёёмқҙ: 10мһҗ / л№„м–ҙмһҲмқҢ: False
[2026-03-27 22:50:42] [DoLogin] л№„л°ҖлІҲнҳё мһ…л Ҙ н•ҙмӢң: f3898fe2...
[2026-03-27 22:50:42] [DoLogin] TodoService.SyncApprovalStatusAsync мӢңмһ‘
[2026-03-27 22:50:42.925] === SyncApprovalStatusAsync() мӢңмһ‘ ===
[2026-03-27 22:50:45.322] To Do ETA Task: 14к°ң  DB кі„м •: 14к°ң
[2026-03-27 22:50:45.323] === Sync мҷ„лЈҢ approved=0 pending=0 мһ¬мғқм„ұ=0 ===
[2026-03-27 22:50:45] [DoLogin] TodoService.SyncApprovalStatusAsync мҷ„лЈҢ
[2026-03-27 22:50:45] [DoLogin] DB кі„м • мғҒнғң нҷ•мқё мӢңмһ‘
[2026-03-27 22:50:45] [DebugCheck] DB кІҪлЎң: C:\Users\ironu\Documents\ETA\Data\eta.db
[2026-03-27 22:50:45] [DebugCheck] DB мЎҙмһ¬: True
[2026-03-27 22:50:45] [DebugCheck] мӮ¬лІҲ=201000308 мғҒнғң=approved must_change=0 н•ҙмӢң=f3898fe2... taskId=AQMkADAwATM3ZmYAZS0xYTYxLTUwMTEALTAwAi0wMAoARgAAA6fkKAJzURFCp03uDLvXp98HALAvg_JdvZ9GofhcqP1PJIMAAAIBEgAAALAvg_JdvZ9GofhcqP1PJIMABvr4c1sAAAA=
[2026-03-27 22:50:45] [DebugCheck] 123456 н•ҙмӢң=8d969eef...
[2026-03-27 22:50:45] [DoLogin] ValidateLogin нҳём¶ң
[2026-03-27 22:50:45] [ValidateLogin] DBн•ҙмӢң=f3898fe2... / мһ…л Ҙн•ҙмӢң=f3898fe2... / мқјм№ҳ=True
[2026-03-27 22:50:45] [DoLogin] ValidateLogin кІ°кіј вҶ’ success=True, mustChangePw=False, message='лЎңк·ёмқё м„ұкіө'
[2026-03-27 22:50:45] [DoLogin] лЎңк·ёмқё м„ұкіө вҶ’ MainPage мқҙлҸҷ
[2026-03-27 23:00:31] ========== лЎңк·ёмқё м°Ҫ мӢңмһ‘ ==========
[2026-03-27 23:00:31] [Init] MigrateAccountColumns мӢңмһ‘
[2026-03-27 23:00:31] [Init] MigrateAccountColumns мҷ„лЈҢ
[2026-03-27 23:00:31] [Init] MigrateInitialPasswords мӢңмһ‘
[2026-03-27 23:00:32] [Init] MigrateInitialPasswords мҷ„лЈҢ
[2026-03-27 23:00:46] ---------- лЎңк·ёмқё мӢңлҸ„ ----------
[2026-03-27 23:00:46] [DoLogin] мӮ¬лІҲ мһ…л Ҙк°’: '201000308'
[2026-03-27 23:00:46] [DoLogin] л№„л°ҖлІҲнҳё кёёмқҙ: 10мһҗ / л№„м–ҙмһҲмқҢ: False
[2026-03-27 23:00:46] [DoLogin] л№„л°ҖлІҲнҳё мһ…л Ҙ н•ҙмӢң: f3898fe2...
[2026-03-27 23:00:46] [DoLogin] TodoService.SyncApprovalStatusAsync мӢңмһ‘
[2026-03-27 23:00:46.024] === SyncApprovalStatusAsync() мӢңмһ‘ ===
[2026-03-27 23:00:47] [DoLogin] мӨ‘ліө нҳём¶ң м°ЁлӢЁ
[2026-03-27 23:00:47.993] To Do ETA Task: 14к°ң  DB кі„м •: 14к°ң
[2026-03-27 23:00:47.994] === Sync мҷ„лЈҢ approved=0 pending=0 мһ¬мғқм„ұ=0 ===
[2026-03-27 23:00:47] [DoLogin] TodoService.SyncApprovalStatusAsync мҷ„лЈҢ
[2026-03-27 23:00:47] [DoLogin] DB кі„м • мғҒнғң нҷ•мқё мӢңмһ‘
[2026-03-27 23:00:47] [DebugCheck] DB кІҪлЎң: C:\Users\ironu\Documents\ETA\Data\eta.db
[2026-03-27 23:00:47] [DebugCheck] DB мЎҙмһ¬: True
[2026-03-27 23:00:48] [DebugCheck] мӮ¬лІҲ=201000308 мғҒнғң=approved must_change=0 н•ҙмӢң=f3898fe2... taskId=AQMkADAwATM3ZmYAZS0xYTYxLTUwMTEALTAwAi0wMAoARgAAA6fkKAJzURFCp03uDLvXp98HALAvg_JdvZ9GofhcqP1PJIMAAAIBEgAAALAvg_JdvZ9GofhcqP1PJIMABvr4c1sAAAA=
[2026-03-27 23:00:48] [DebugCheck] 123456 н•ҙмӢң=8d969eef...
[2026-03-27 23:00:48] [DoLogin] ValidateLogin нҳём¶ң
[2026-03-27 23:00:48] [ValidateLogin] DBн•ҙмӢң=f3898fe2... / мһ…л Ҙн•ҙмӢң=f3898fe2... / мқјм№ҳ=True
[2026-03-27 23:00:48] [DoLogin] ValidateLogin кІ°кіј вҶ’ success=True, mustChangePw=False, message='лЎңк·ёмқё м„ұкіө'
[2026-03-27 23:00:48] [DoLogin] лЎңк·ёмқё м„ұкіө вҶ’ MainPage мқҙлҸҷ
