[16:31:37] === ShowIssue rowid=11  업체=㈜LG화학 여수-용성  시료=LG화학(주) 용성단지 TOC 재분석 4EA 견적서 ===
[16:31:37] GetIssueRow → 715컬럼
[16:31:37]   COL[견적발행일자] = [2026-02-25]
[16:31:37]   COL[업체명] = [㈜LG화학 여수-용성]
[16:31:37]   COL[약칭] = [용성]
[16:31:37]   COL[대표자] = [여수 LG화학 공장장]
[16:31:37]   COL[견적요청담당] = [환경2팀 김성은 책임]
[16:31:37]   COL[담당자연락처] = [010-4189-1515]
[16:31:37]   COL[담당자 e-Mail] = [esm_kse@lgchem.com]
[16:31:37]   COL[시료명] = [LG화학(주) 용성단지 TOC 재분석 4EA 견적서]
[16:31:37]   COL[견적번호] = [20260225-092450]
[16:31:37]   COL[적용구분] = [45% NFS]
[16:31:37]   COL[견적작성] = [김지은]
[16:31:37]   COL[합계 금액] = [₩83,200]
[16:31:37]   COL[수량] = []
[16:31:37]   COL[단가] = []
[16:31:37]   COL[소계] = [0]
[16:31:37]   COL[수량2] = []
[16:31:37]   COL[단가3] = []
[16:31:37]   COL[소계4] = [0]
[16:31:37]   COL[노말헥산추출물질(동·식물 유지류)] = []
[16:31:37]   COL[노말헥산추출물질(동·식물 유지류)단가] = []
[16:31:37]   COL[노말헥산추출물질(동·식물 유지류)소계] = [0]
[16:31:37]   COL[부유물질] = []
[16:31:37]   COL[부유물질단가] = []
[16:31:37]   COL[부유물질소계] = [0]
[16:31:37]   COL[색도] = []
[16:31:37]   COL[색도단가] = []
[16:31:37]   COL[색도소계] = [0]
[16:31:37]   COL[생물화학적 산소요구량] = []
[16:31:37]   COL[생물화학적 산소요구량단가] = []
[16:31:37]   COL[생물화학적 산소요구량소계] = [0]
[16:31:37]   COL[수소이온농도] = []
[16:31:37]   COL[수소이온농도단가] = []
[16:31:37]   COL[수소이온농도소계] = [0]
[16:31:37]   COL[온도] = []
[16:31:37]   COL[온도단가] = []
[16:31:37]   COL[온도소계] = [0]
[16:31:37]   COL[전기전도도] = []
[16:31:37]   COL[전기전도도단가] = []
[16:31:37]   COL[전기전도도소계] = [0]
[16:31:37]   COL[총 유기탄소] = [4]
[16:31:37]   COL[총 유기탄소단가] = [20800]
[16:31:37]   COL[총 유기탄소소계] = [83200]
[16:31:37]   COL[탁도] = []
[16:31:37]   COL[탁도단가] = []
[16:31:37]   COL[탁도소계] = [0]
[16:31:37]   COL[화학적 산소요구량] = []
[16:31:37]   COL[화학적 산소요구량단가] = []
[16:31:37]   COL[화학적 산소요구량소계] = [0]
[16:31:37]   COL[시안] = []
[16:31:37]   COL[시안단가] = []
[16:31:37]   COL[시안소계] = [0]
[16:31:37]   COL[음이온계면활성제] = []
[16:31:37]   COL[음이온계면활성제단가] = []
[16:31:37]   COL[음이온계면활성제소계] = [0]
[16:31:37]   COL[총인] = []
[16:31:37]   COL[총인단가] = []
[16:31:37]   COL[총인소계] = [0]
[16:31:37]   COL[총질소] = []
[16:31:37]   COL[총질소단가] = []
[16:31:37]   COL[총질소소계] = [0]
[16:31:37]   COL[퍼클로레이트] = []
[16:31:37]   COL[퍼클로레이트단가] = []
[16:31:37]   COL[퍼클로레이트소계] = [0]
[16:31:37]   COL[페놀류] = []
[16:31:37]   COL[페놀류단가] = []
[16:31:37]   COL[페놀류소계] = [0]
[16:31:37]   COL[불소화합물] = []
[16:31:37]   COL[불소화합물단가] = []
[16:31:37]   COL[불소화합물소계] = [0]
[16:31:37]   COL[염소이온] = []
[16:31:37]   COL[염소이온단가] = []
[16:31:37]   COL[염소이온소계] = [0]
[16:31:37]   COL[황산이온] = []
[16:31:37]   COL[황산이온단가] = []
[16:31:37]   COL[황산이온소계] = [0]
[16:31:37]   COL[구리] = []
[16:31:37]   COL[구리단가] = []
[16:31:37]   COL[구리소계] = [0]
[16:31:37]   COL[납] = []
[16:31:37]   COL[납단가] = []
[16:31:37]   COL[납소계] = [0]
[16:31:37]   COL[니켈] = []
[16:31:37]   COL[니켈단가] = []
[16:31:37]   COL[니켈소계] = [0]
[16:31:37]   COL[망간] = []
[16:31:37]   COL[망간단가] = []
[16:31:37]   COL[망간소계] = [0]
[16:31:37]   COL[바륨] = []
[16:31:37]   COL[바륨단가] = []
[16:31:37]   COL[바륨소계] = [0]
[16:31:37]   COL[비소] = []
[16:31:37]   COL[비소단가] = []
[16:31:37]   COL[비소소계] = [0]
[16:31:37]   COL[아연] = []
[16:31:37]   COL[아연단가] = []
[16:31:37]   COL[아연소계] = [0]
[16:31:37]   COL[안티몬] = []
[16:31:37]   COL[안티몬단가] = []
[16:31:37]   COL[안티몬소계] = [0]
[16:31:37]   COL[주석] = []
[16:31:37]   COL[주석단가] = []
[16:31:37]   COL[주석소계] = [0]
[16:31:37]   COL[철] = []
[16:31:37]   COL[철단가] = []
[16:31:37]   COL[철소계] = [0]
[16:31:37]   COL[셀레늄] = []
[16:31:37]   COL[셀레늄단가] = []
[16:31:37]   COL[셀레늄소계] = [0]
[16:31:37]   COL[수은] = []
[16:31:37]   COL[수은단가] = []
[16:31:37]   COL[수은소계] = [0]
[16:31:37]   COL[카드뮴] = []
[16:31:37]   COL[카드뮴단가] = []
[16:31:37]   COL[카드뮴소계] = [0]
[16:31:37]   COL[크롬] = []
[16:31:37]   COL[크롬단가] = []
[16:31:37]   COL[크롬소계] = [0]
[16:31:37]   COL[6가크롬] = []
[16:31:37]   COL[6가크롬단가] = []
[16:31:37]   COL[6가크롬소계] = [0]
[16:31:37]   COL[다이에틸헥실프탈레이트] = []
[16:31:37]   COL[다이에틸헥실프탈레이트단가] = []
[16:31:37]   COL[다이에틸헥실프탈레이트소계] = [0]
[16:31:37]   COL[유기인] = []
[16:31:37]   COL[유기인단가] = []
[16:31:37]   COL[유기인소계] = [0]
[16:31:37]   COL[폴리클로리네이티드비페닐] = []
[16:31:37]   COL[폴리클로리네이티드비페닐단가] = []
[16:31:37]   COL[폴리클로리네이티드비페닐소계] = [0]
[16:31:37]   COL[다이에틸헥실아디페이트] = []
[16:31:37]   COL[다이에틸헥실아디페이트단가] = []
[16:31:37]   COL[다이에틸헥실아디페이트소계] = [0]
[16:31:37]   COL[과불화헥산술폰산(PFHxS)] = []
[16:31:37]   COL[과불화헥산술폰산(PFHxS)단가] = []
[16:31:37]   COL[과불화헥산술폰산(PFHxS)소계] = [0]
[16:31:37]   COL[과불화옥탄술폰산(PFOS)] = []
[16:31:37]   COL[과불화옥탄술폰산(PFOS)단가] = []
[16:31:37]   COL[과불화옥탄술폰산(PFOS)소계] = [0]
[16:31:37]   COL[과불화옥탄산(PFOA)] = []
[16:31:37]   COL[과불화옥탄산(PFOA)단가] = []
[16:31:37]   COL[과불화옥탄산(PFOA)소계] = [0]
[16:31:37]   COL[1,4-다이옥산] = []
[16:31:37]   COL[1,4-다이옥산단가] = []
[16:31:37]   COL[1,4-다이옥산소계] = [0]
[16:31:37]   COL[아크릴로니트릴] = []
[16:31:37]   COL[아크릴로니트릴단가] = []
[16:31:37]   COL[아크릴로니트릴소계] = [0]
[16:31:37]   COL[염화비닐] = []
[16:31:37]   COL[염화비닐단가] = []
[16:31:37]   COL[염화비닐소계] = [0]
[16:31:37]   COL[브로모포름] = []
[16:31:37]   COL[브로모포름단가] = []
[16:31:37]   COL[브로모포름소계] = [0]
[16:31:37]   COL[1,1-다이클로로에틸렌] = []
[16:31:37]   COL[1,1-다이클로로에틸렌단가] = []
[16:31:37]   COL[1,1-다이클로로에틸렌소계] = [0]
[16:31:37]   COL[다이클로로메탄] = []
[16:31:37]   COL[다이클로로메탄단가] = []
[16:31:37]   COL[다이클로로메탄소계] = [0]
[16:31:37]   COL[클로로폼] = []
[16:31:37]   COL[클로로폼단가] = []
[16:31:37]   COL[클로로폼소계] = [0]
[16:31:37]   COL[1,2-다이클로로에탄] = []
[16:31:37]   COL[1,2-다이클로로에탄단가] = []
[16:31:37]   COL[1,2-다이클로로에탄소계] = [0]
[16:31:37]   COL[벤젠] = []
[16:31:37]   COL[벤젠단가] = []
[16:31:37]   COL[벤젠소계] = [0]
[16:31:37]   COL[사염화탄소] = []
[16:31:37]   COL[사염화탄소단가] = []
[16:31:37]   COL[사염화탄소소계] = [0]
[16:31:37]   COL[트리클로로에틸렌] = []
[16:31:37]   COL[트리클로로에틸렌단가] = []
[16:31:37]   COL[트리클로로에틸렌소계] = [0]
[16:31:37]   COL[톨루엔] = []
[16:31:37]   COL[톨루엔단가] = []
[16:31:37]   COL[톨루엔소계] = [0]
[16:31:37]   COL[테트라클로로에틸렌] = []
[16:31:37]   COL[테트라클로로에틸렌단가] = []
[16:31:37]   COL[테트라클로로에틸렌소계] = [0]
[16:31:37]   COL[자일렌] = []
[16:31:37]   COL[자일렌단가] = []
[16:31:37]   COL[자일렌소계] = [0]
[16:31:37]   COL[폼알데하이드] = []
[16:31:37]   COL[폼알데하이드단가] = []
[16:31:37]   COL[폼알데하이드소계] = [0]
[16:31:37]   COL[나프탈렌] = []
[16:31:37]   COL[나프탈렌단가] = []
[16:31:37]   COL[나프탈렌소계] = [0]
[16:31:37]   COL[아크릴아미드] = []
[16:31:37]   COL[아크릴아미드단가] = []
[16:31:37]   COL[아크릴아미드소계] = [0]
[16:31:37]   COL[에피클로로하이드린] = []
[16:31:37]   COL[에피클로로하이드린단가] = []
[16:31:37]   COL[에피클로로하이드린소계] = [0]
[16:31:37]   COL[스타이렌] = []
[16:31:37]   COL[스타이렌단가] = []
[16:31:37]   COL[스타이렌소계] = [0]
[16:31:37]   COL[페놀] = []
[16:31:37]   COL[페놀단가] = []
[16:31:37]   COL[페놀소계] = [0]
[16:31:37]   COL[펜타클로로페놀] = []
[16:31:37]   COL[펜타클로로페놀단가] = []
[16:31:37]   COL[펜타클로로페놀소계] = [0]
[16:31:37]   COL[총대장균군] = []
[16:31:37]   COL[총대장균군단가] = []
[16:31:37]   COL[총대장균군소계] = [0]
[16:31:37]   COL[생태독성] = []
[16:31:37]   COL[생태독성단가] = []
[16:31:37]   COL[생태독성소계] = [0]
[16:31:37]   COL[현장측정 및 시료채취] = []
[16:31:37]   COL[현장측정 및 시료채취단가] = []
[16:31:37]   COL[현장측정 및 시료채취소계] = [0]
[16:31:37]   COL[field214] = []
[16:31:37]   COL[field215] = []
[16:31:37]   COL[field216] = []
[16:31:37]   COL[field217] = []
[16:31:37]   COL[field218] = []
[16:31:37]   COL[field219] = []
[16:31:37]   COL[field220] = []
[16:31:37]   COL[field221] = []
[16:31:37]   COL[field222] = []
[16:31:37]   COL[field223] = []
[16:31:37]   COL[field224] = []
[16:31:37]   COL[field225] = []
[16:31:37]   COL[field226] = []
[16:31:37]   COL[field227] = []
[16:31:37]   COL[field228] = []
[16:31:37]   COL[field229] = []
[16:31:37]   COL[field230] = []
[16:31:37]   COL[field231] = []
[16:31:37]   COL[field232] = []
[16:31:37]   COL[field233] = []
[16:31:37]   COL[field234] = []
[16:31:37]   COL[field235] = []
[16:31:37]   COL[field236] = []
[16:31:37]   COL[field237] = []
[16:31:37]   COL[field238] = []
[16:31:37]   COL[field239] = []
[16:31:37]   COL[field240] = []
[16:31:37]   COL[field241] = []
[16:31:37]   COL[field242] = []
[16:31:37]   COL[field243] = []
[16:31:37]   COL[field244] = []
[16:31:37]   COL[field245] = []
[16:31:37]   COL[field246] = []
[16:31:37]   COL[field247] = []
[16:31:37]   COL[field248] = []
[16:31:37]   COL[field249] = []
[16:31:37]   COL[field250] = []
[16:31:37]   COL[field251] = []
[16:31:37]   COL[field252] = []
[16:31:37]   COL[field253] = []
[16:31:37]   COL[field254] = []
[16:31:37]   COL[field255] = []
[16:31:37]   COL[field256] = []
[16:31:37]   COL[field257] = []
[16:31:37]   COL[field258] = []
[16:31:37]   COL[field259] = []
[16:31:37]   COL[field260] = []
[16:31:37]   COL[field261] = []
[16:31:37]   COL[field262] = []
[16:31:37]   COL[field263] = []
[16:31:37]   COL[field264] = []
[16:31:37]   COL[field265] = []
[16:31:37]   COL[field266] = []
[16:31:37]   COL[field267] = []
[16:31:37]   COL[field268] = []
[16:31:37]   COL[field269] = []
[16:31:37]   COL[field270] = []
[16:31:37]   COL[field271] = []
[16:31:37]   COL[field272] = []
[16:31:37]   COL[field273] = []
[16:31:37]   COL[field274] = []
[16:31:37]   COL[field275] = []
[16:31:37]   COL[field276] = []
[16:31:37]   COL[field277] = []
[16:31:37]   COL[field278] = []
[16:31:37]   COL[field279] = []
[16:31:37]   COL[field280] = []
[16:31:37]   COL[field281] = []
[16:31:37]   COL[field282] = []
[16:31:37]   COL[field283] = []
[16:31:37]   COL[field284] = []
[16:31:37]   COL[field285] = []
[16:31:37]   COL[field286] = []
[16:31:37]   COL[field287] = []
[16:31:37]   COL[field288] = []
[16:31:37]   COL[field289] = []
[16:31:37]   COL[field290] = []
[16:31:37]   COL[field291] = []
[16:31:37]   COL[field292] = []
[16:31:37]   COL[field293] = []
[16:31:37]   COL[field294] = []
[16:31:37]   COL[field295] = []
[16:31:37]   COL[field296] = []
[16:31:37]   COL[field297] = []
[16:31:37]   COL[field298] = []
[16:31:37]   COL[field299] = []
[16:31:37]   COL[field300] = []
[16:31:37]   COL[field301] = []
[16:31:37]   COL[field302] = []
[16:31:37]   COL[field303] = []
[16:31:37]   COL[field304] = []
[16:31:37]   COL[field305] = []
[16:31:37]   COL[field306] = []
[16:31:37]   COL[field307] = []
[16:31:37]   COL[field308] = []
[16:31:37]   COL[field309] = []
[16:31:37]   COL[field310] = []
[16:31:37]   COL[field311] = []
[16:31:37]   COL[field312] = []
[16:31:37]   COL[field313] = []
[16:31:37]   COL[field314] = []
[16:31:37]   COL[field315] = []
[16:31:37]   COL[field316] = []
[16:31:37]   COL[field317] = []
[16:31:37]   COL[field318] = []
[16:31:37]   COL[field319] = []
[16:31:37]   COL[field320] = []
[16:31:37]   COL[field321] = []
[16:31:37]   COL[field322] = []
[16:31:37]   COL[field323] = []
[16:31:37]   COL[field324] = []
[16:31:37]   COL[field325] = []
[16:31:37]   COL[field326] = []
[16:31:37]   COL[field327] = []
[16:31:37]   COL[field328] = []
[16:31:37]   COL[field329] = []
[16:31:37]   COL[field330] = []
[16:31:37]   COL[field331] = []
[16:31:37]   COL[field332] = []
[16:31:37]   COL[field333] = []
[16:31:37]   COL[field334] = []
[16:31:37]   COL[field335] = []
[16:31:37]   COL[field336] = []
[16:31:37]   COL[field337] = []
[16:31:37]   COL[field338] = []
[16:31:37]   COL[field339] = []
[16:31:37]   COL[field340] = []
[16:31:37]   COL[field341] = []
[16:31:37]   COL[field342] = []
[16:31:37]   COL[field343] = []
[16:31:37]   COL[field344] = []
[16:31:37]   COL[field345] = []
[16:31:37]   COL[field346] = []
[16:31:37]   COL[field347] = []
[16:31:37]   COL[field348] = []
[16:31:37]   COL[field349] = []
[16:31:37]   COL[field350] = []
[16:31:37]   COL[field351] = []
[16:31:37]   COL[field352] = []
[16:31:37]   COL[field353] = []
[16:31:37]   COL[field354] = []
[16:31:37]   COL[field355] = []
[16:31:37]   COL[field356] = []
[16:31:37]   COL[field357] = []
[16:31:37]   COL[field358] = []
[16:31:37]   COL[field359] = []
[16:31:37]   COL[field360] = []
[16:31:37]   COL[field361] = []
[16:31:37]   COL[field362] = []
[16:31:37]   COL[field363] = []
[16:31:37]   COL[field364] = []
[16:31:37]   COL[field365] = []
[16:31:37]   COL[field366] = []
[16:31:37]   COL[field367] = []
[16:31:37]   COL[field368] = []
[16:31:37]   COL[field369] = []
[16:31:37]   COL[field370] = []
[16:31:37]   COL[field371] = []
[16:31:37]   COL[field372] = []
[16:31:37]   COL[field373] = []
[16:31:37]   COL[field374] = []
[16:31:37]   COL[field375] = []
[16:31:37]   COL[field376] = []
[16:31:37]   COL[field377] = []
[16:31:37]   COL[field378] = []
[16:31:37]   COL[field379] = []
[16:31:37]   COL[field380] = []
[16:31:37]   COL[field381] = []
[16:31:37]   COL[field382] = []
[16:31:37]   COL[field383] = []
[16:31:37]   COL[field384] = []
[16:31:37]   COL[field385] = []
[16:31:37]   COL[field386] = []
[16:31:37]   COL[field387] = []
[16:31:37]   COL[field388] = []
[16:31:37]   COL[field389] = []
[16:31:37]   COL[field390] = []
[16:31:37]   COL[field391] = []
[16:31:37]   COL[field392] = []
[16:31:37]   COL[field393] = []
[16:31:37]   COL[field394] = []
[16:31:37]   COL[field395] = []
[16:31:37]   COL[field396] = []
[16:31:37]   COL[field397] = []
[16:31:37]   COL[field398] = []
[16:31:37]   COL[field399] = []
[16:31:37]   COL[field400] = []
[16:31:37]   COL[field401] = []
[16:31:37]   COL[field402] = []
[16:31:37]   COL[field403] = []
[16:31:37]   COL[field404] = []
[16:31:37]   COL[field405] = []
[16:31:37]   COL[field406] = []
[16:31:37]   COL[field407] = []
[16:31:37]   COL[field408] = []
[16:31:37]   COL[field409] = []
[16:31:37]   COL[field410] = []
[16:31:37]   COL[field411] = []
[16:31:37]   COL[field412] = []
[16:31:37]   COL[field413] = []
[16:31:37]   COL[field414] = []
[16:31:37]   COL[field415] = []
[16:31:37]   COL[field416] = []
[16:31:37]   COL[field417] = []
[16:31:37]   COL[field418] = []
[16:31:37]   COL[field419] = []
[16:31:37]   COL[field420] = []
[16:31:37]   COL[field421] = []
[16:31:37]   COL[field422] = []
[16:31:37]   COL[field423] = []
[16:31:37]   COL[field424] = []
[16:31:37]   COL[field425] = []
[16:31:37]   COL[field426] = []
[16:31:37]   COL[field427] = []
[16:31:37]   COL[field428] = []
[16:31:37]   COL[field429] = []
[16:31:37]   COL[field430] = []
[16:31:37]   COL[field431] = []
[16:31:37]   COL[field432] = []
[16:31:37]   COL[field433] = []
[16:31:37]   COL[field434] = []
[16:31:37]   COL[field435] = []
[16:31:37]   COL[field436] = []
[16:31:37]   COL[field437] = []
[16:31:37]   COL[field438] = []
[16:31:37]   COL[field439] = []
[16:31:37]   COL[field440] = []
[16:31:37]   COL[field441] = []
[16:31:37]   COL[field442] = []
[16:31:37]   COL[field443] = []
[16:31:37]   COL[field444] = []
[16:31:37]   COL[field445] = []
[16:31:37]   COL[field446] = []
[16:31:37]   COL[field447] = []
[16:31:37]   COL[field448] = []
[16:31:37]   COL[field449] = []
[16:31:37]   COL[field450] = []
[16:31:37]   COL[field451] = []
[16:31:37]   COL[field452] = []
[16:31:37]   COL[field453] = []
[16:31:37]   COL[field454] = []
[16:31:37]   COL[field455] = []
[16:31:37]   COL[field456] = []
[16:31:37]   COL[field457] = []
[16:31:37]   COL[field458] = []
[16:31:37]   COL[field459] = []
[16:31:37]   COL[field460] = []
[16:31:37]   COL[field461] = []
[16:31:37]   COL[field462] = []
[16:31:37]   COL[field463] = []
[16:31:37]   COL[field464] = []
[16:31:37]   COL[field465] = []
[16:31:37]   COL[field466] = []
[16:31:37]   COL[field467] = []
[16:31:37]   COL[field468] = []
[16:31:37]   COL[field469] = []
[16:31:37]   COL[field470] = []
[16:31:37]   COL[field471] = []
[16:31:37]   COL[field472] = []
[16:31:37]   COL[field473] = []
[16:31:37]   COL[field474] = []
[16:31:37]   COL[field475] = []
[16:31:37]   COL[field476] = []
[16:31:37]   COL[field477] = []
[16:31:37]   COL[field478] = []
[16:31:37]   COL[field479] = []
[16:31:37]   COL[field480] = []
[16:31:37]   COL[field481] = []
[16:31:37]   COL[field482] = []
[16:31:37]   COL[field483] = []
[16:31:37]   COL[field484] = []
[16:31:37]   COL[field485] = []
[16:31:37]   COL[field486] = []
[16:31:37]   COL[field487] = []
[16:31:37]   COL[field488] = []
[16:31:37]   COL[field489] = []
[16:31:37]   COL[field490] = []
[16:31:37]   COL[field491] = []
[16:31:37]   COL[field492] = []
[16:31:37]   COL[field493] = []
[16:31:37]   COL[field494] = []
[16:31:37]   COL[field495] = []
[16:31:37]   COL[field496] = []
[16:31:37]   COL[field497] = []
[16:31:37]   COL[field498] = []
[16:31:37]   COL[field499] = []
[16:31:37]   COL[field500] = []
[16:31:37]   COL[field501] = []
[16:31:37]   COL[field502] = []
[16:31:37]   COL[field503] = []
[16:31:37]   COL[field504] = []
[16:31:37]   COL[field505] = []
[16:31:37]   COL[field506] = []
[16:31:37]   COL[field507] = []
[16:31:37]   COL[field508] = []
[16:31:37]   COL[field509] = []
[16:31:37]   COL[field510] = []
[16:31:37]   COL[field511] = []
[16:31:37]   COL[field512] = []
[16:31:37]   COL[field513] = []
[16:31:37]   COL[field514] = []
[16:31:37]   COL[field515] = []
[16:31:37]   COL[field516] = []
[16:31:37]   COL[field517] = []
[16:31:37]   COL[field518] = []
[16:31:37]   COL[field519] = []
[16:31:37]   COL[field520] = []
[16:31:37]   COL[field521] = []
[16:31:37]   COL[field522] = []
[16:31:37]   COL[field523] = []
[16:31:37]   COL[field524] = []
[16:31:37]   COL[field525] = []
[16:31:37]   COL[field526] = []
[16:31:37]   COL[field527] = []
[16:31:37]   COL[field528] = []
[16:31:37]   COL[field529] = []
[16:31:37]   COL[field530] = []
[16:31:37]   COL[field531] = []
[16:31:37]   COL[field532] = []
[16:31:37]   COL[field533] = []
[16:31:37]   COL[field534] = []
[16:31:37]   COL[field535] = []
[16:31:37]   COL[field536] = []
[16:31:37]   COL[field537] = []
[16:31:37]   COL[field538] = []
[16:31:37]   COL[field539] = []
[16:31:37]   COL[field540] = []
[16:31:37]   COL[field541] = []
[16:31:37]   COL[field542] = []
[16:31:37]   COL[field543] = []
[16:31:37]   COL[field544] = []
[16:31:37]   COL[field545] = []
[16:31:37]   COL[field546] = []
[16:31:37]   COL[field547] = []
[16:31:37]   COL[field548] = []
[16:31:37]   COL[field549] = []
[16:31:37]   COL[field550] = []
[16:31:37]   COL[field551] = []
[16:31:37]   COL[field552] = []
[16:31:37]   COL[field553] = []
[16:31:37]   COL[field554] = []
[16:31:37]   COL[field555] = []
[16:31:37]   COL[field556] = []
[16:31:37]   COL[field557] = []
[16:31:37]   COL[field558] = []
[16:31:37]   COL[field559] = []
[16:31:37]   COL[field560] = []
[16:31:37]   COL[field561] = []
[16:31:37]   COL[field562] = []
[16:31:37]   COL[field563] = []
[16:31:37]   COL[field564] = []
[16:31:37]   COL[field565] = []
[16:31:37]   COL[field566] = []
[16:31:37]   COL[field567] = []
[16:31:37]   COL[field568] = []
[16:31:37]   COL[field569] = []
[16:31:37]   COL[field570] = []
[16:31:37]   COL[field571] = []
[16:31:37]   COL[field572] = []
[16:31:37]   COL[field573] = []
[16:31:37]   COL[field574] = []
[16:31:37]   COL[field575] = []
[16:31:37]   COL[field576] = []
[16:31:37]   COL[field577] = []
[16:31:37]   COL[field578] = []
[16:31:37]   COL[field579] = []
[16:31:37]   COL[field580] = []
[16:31:37]   COL[field581] = []
[16:31:37]   COL[field582] = []
[16:31:37]   COL[field583] = []
[16:31:37]   COL[field584] = []
[16:31:37]   COL[field585] = []
[16:31:37]   COL[field586] = []
[16:31:37]   COL[field587] = []
[16:31:37]   COL[field588] = []
[16:31:37]   COL[field589] = []
[16:31:37]   COL[field590] = []
[16:31:37]   COL[field591] = []
[16:31:37]   COL[field592] = []
[16:31:37]   COL[field593] = []
[16:31:37]   COL[field594] = []
[16:31:37]   COL[field595] = []
[16:31:37]   COL[field596] = []
[16:31:37]   COL[field597] = []
[16:31:37]   COL[field598] = []
[16:31:37]   COL[field599] = []
[16:31:37]   COL[field600] = []
[16:31:37]   COL[field601] = []
[16:31:37]   COL[field602] = []
[16:31:37]   COL[field603] = []
[16:31:37]   COL[field604] = []
[16:31:37]   COL[field605] = []
[16:31:37]   COL[field606] = []
[16:31:37]   COL[field607] = []
[16:31:37]   COL[field608] = []
[16:31:37]   COL[field609] = []
[16:31:37]   COL[field610] = []
[16:31:37]   COL[field611] = []
[16:31:37]   COL[field612] = []
[16:31:37]   COL[field613] = []
[16:31:37]   COL[field614] = []
[16:31:37]   COL[field615] = []
[16:31:37]   COL[field616] = []
[16:31:37]   COL[field617] = []
[16:31:37]   COL[field618] = []
[16:31:37]   COL[field619] = []
[16:31:37]   COL[field620] = []
[16:31:37]   COL[field621] = []
[16:31:37]   COL[field622] = []
[16:31:37]   COL[field623] = []
[16:31:37]   COL[field624] = []
[16:31:37]   COL[field625] = []
[16:31:37]   COL[field626] = []
[16:31:37]   COL[field627] = []
[16:31:37]   COL[field628] = []
[16:31:37]   COL[field629] = []
[16:31:37]   COL[field630] = []
[16:31:37]   COL[field631] = []
[16:31:37]   COL[field632] = []
[16:31:37]   COL[field633] = []
[16:31:37]   COL[field634] = []
[16:31:37]   COL[field635] = []
[16:31:37]   COL[field636] = []
[16:31:37]   COL[field637] = []
[16:31:37]   COL[field638] = []
[16:31:37]   COL[field639] = []
[16:31:37]   COL[field640] = []
[16:31:37]   COL[field641] = []
[16:31:37]   COL[field642] = []
[16:31:37]   COL[field643] = []
[16:31:37]   COL[field644] = []
[16:31:37]   COL[field645] = []
[16:31:37]   COL[field646] = []
[16:31:37]   COL[field647] = []
[16:31:37]   COL[field648] = []
[16:31:37]   COL[field649] = []
[16:31:37]   COL[field650] = []
[16:31:37]   COL[field651] = []
[16:31:37]   COL[field652] = []
[16:31:37]   COL[field653] = []
[16:31:37]   COL[field654] = []
[16:31:37]   COL[field655] = []
[16:31:37]   COL[field656] = []
[16:31:37]   COL[field657] = []
[16:31:37]   COL[field658] = []
[16:31:37]   COL[field659] = []
[16:31:37]   COL[field660] = []
[16:31:37]   COL[field661] = []
[16:31:37]   COL[field662] = []
[16:31:37]   COL[field663] = []
[16:31:37]   COL[field664] = []
[16:31:37]   COL[field665] = []
[16:31:37]   COL[field666] = []
[16:31:37]   COL[field667] = []
[16:31:37]   COL[field668] = []
[16:31:37]   COL[field669] = []
[16:31:37]   COL[field670] = []
[16:31:37]   COL[field671] = []
[16:31:37]   COL[field672] = []
[16:31:37]   COL[field673] = []
[16:31:37]   COL[field674] = []
[16:31:37]   COL[field675] = []
[16:31:37]   COL[field676] = []
[16:31:37]   COL[field677] = []
[16:31:37]   COL[field678] = []
[16:31:37]   COL[field679] = []
[16:31:37]   COL[field680] = []
[16:31:37]   COL[field681] = []
[16:31:37]   COL[field682] = []
[16:31:37]   COL[field683] = []
[16:31:37]   COL[field684] = []
[16:31:37]   COL[field685] = []
[16:31:37]   COL[field686] = []
[16:31:37]   COL[field687] = []
[16:31:37]   COL[field688] = []
[16:31:37]   COL[field689] = []
[16:31:37]   COL[field690] = []
[16:31:37]   COL[field691] = []
[16:31:37]   COL[field692] = []
[16:31:37]   COL[field693] = []
[16:31:37]   COL[field694] = []
[16:31:37]   COL[field695] = []
[16:31:37]   COL[field696] = []
[16:31:37]   COL[field697] = []
[16:31:37]   COL[field698] = []
[16:31:37]   COL[field699] = []
[16:31:37]   COL[field700] = []
[16:31:37]   COL[field701] = []
[16:31:37]   COL[field702] = []
[16:31:37]   COL[field703] = []
[16:31:37]   COL[field704] = []
[16:31:37]   COL[field705] = []
[16:31:37]   COL[field706] = []
[16:31:37]   COL[field707] = []
[16:31:37]   COL[field708] = []
[16:31:37]   COL[field709] = []
[16:31:37]   COL[field710] = []
[16:31:37]   COL[field711] = []
[16:31:37]   COL[field712] = []
[16:31:37]   COL[field713] = []
[16:31:37]   COL[field714] = []
[16:31:37]   COL[field715] = []
[16:31:37] BuildItemLines → 2행 렌더
[16:31:37] CheckPanel == null → 체크 스킵
[16:48:56] === ShowIssue rowid=1  수질분석센터㈜  ㅌㅁㄴㅇㅁㄴㅇㅁㄴㅇ ===
[16:48:56] row 컬럼수=715
[16:48:56] 항목 컬럼 후보(567개): 1,1-다이클로로에틸렌, 1,2-다이클로로에탄, 1,4-다이옥산, 6가크롬, 과불화옥탄산(PFOA), 과불화옥탄술폰산(PFOS), 과불화헥산술폰산(PFHxS), 구리, 나프탈렌, 납, 노말헥산추출물질(동·식물 유지류), 니켈, 다이에틸헥실아디페이트, 다이에틸헥실프탈레이트, 다이클로로메탄, 망간, 바륨, 벤젠, 부유물질, 불소화합물
[16:48:56] BuildItemLines → 10행
[16:48:56] WARNING: CheckPanel == null
[16:48:59] === ShowIssue rowid=4  보임열병합발전㈜  테스트 입니다….. ===
[16:48:59] row 컬럼수=715
[16:48:59] 항목 컬럼 후보(567개): 1,1-다이클로로에틸렌, 1,2-다이클로로에탄, 1,4-다이옥산, 6가크롬, 과불화옥탄산(PFOA), 과불화옥탄술폰산(PFOS), 과불화헥산술폰산(PFHxS), 구리, 나프탈렌, 납, 노말헥산추출물질(동·식물 유지류), 니켈, 다이에틸헥실아디페이트, 다이에틸헥실프탈레이트, 다이클로로메탄, 망간, 바륨, 벤젠, 부유물질, 불소화합물
[16:48:59] BuildItemLines → 14행
[16:48:59] WARNING: CheckPanel == null
[16:49:12] === ShowIssue rowid=26  ㈜LG화학 여수-확장  2026년 1분기(26.01.28, 17EA) 견적서 ===
[16:49:12] row 컬럼수=715
[16:49:12] 항목 컬럼 후보(567개): 1,1-다이클로로에틸렌, 1,2-다이클로로에탄, 1,4-다이옥산, 6가크롬, 과불화옥탄산(PFOA), 과불화옥탄술폰산(PFOS), 과불화헥산술폰산(PFHxS), 구리, 나프탈렌, 납, 노말헥산추출물질(동·식물 유지류), 니켈, 다이에틸헥실아디페이트, 다이에틸헥실프탈레이트, 다이클로로메탄, 망간, 바륨, 벤젠, 부유물질, 불소화합물
[16:49:12] BuildItemLines → 55행
[16:49:12] WARNING: CheckPanel == null
[16:49:13] === ShowIssue rowid=27  ㈜LG화학 여수-화치  1/27 화치 SAMPLE 1EA ===
[16:49:13] row 컬럼수=715
[16:49:13] 항목 컬럼 후보(567개): 1,1-다이클로로에틸렌, 1,2-다이클로로에탄, 1,4-다이옥산, 6가크롬, 과불화옥탄산(PFOA), 과불화옥탄술폰산(PFOS), 과불화헥산술폰산(PFHxS), 구리, 나프탈렌, 납, 노말헥산추출물질(동·식물 유지류), 니켈, 다이에틸헥실아디페이트, 다이에틸헥실프탈레이트, 다이클로로메탄, 망간, 바륨, 벤젠, 부유물질, 불소화합물
[16:49:13] BuildItemLines → 18행
[16:49:13] WARNING: CheckPanel == null
[16:49:13] === ShowIssue rowid=29  ㈜LG화학 여수-화치  1-26 수질관리 P ===
[16:49:13] row 컬럼수=715
[16:49:13] 항목 컬럼 후보(567개): 1,1-다이클로로에틸렌, 1,2-다이클로로에탄, 1,4-다이옥산, 6가크롬, 과불화옥탄산(PFOA), 과불화옥탄술폰산(PFOS), 과불화헥산술폰산(PFHxS), 구리, 나프탈렌, 납, 노말헥산추출물질(동·식물 유지류), 니켈, 다이에틸헥실아디페이트, 다이에틸헥실프탈레이트, 다이클로로메탄, 망간, 바륨, 벤젠, 부유물질, 불소화합물
[16:49:13] BuildItemLines → 1행
[16:49:13] WARNING: CheckPanel == null
[16:49:15] === ShowIssue rowid=32  주식회사 넥스워터  넥스워터 처리수(~12/29) ===
[16:49:15] row 컬럼수=715
[16:49:15] 항목 컬럼 후보(567개): 1,1-다이클로로에틸렌, 1,2-다이클로로에탄, 1,4-다이옥산, 6가크롬, 과불화옥탄산(PFOA), 과불화옥탄술폰산(PFOS), 과불화헥산술폰산(PFHxS), 구리, 나프탈렌, 납, 노말헥산추출물질(동·식물 유지류), 니켈, 다이에틸헥실아디페이트, 다이에틸헥실프탈레이트, 다이클로로메탄, 망간, 바륨, 벤젠, 부유물질, 불소화합물
[16:49:15] BuildItemLines → 17행
[16:49:15] WARNING: CheckPanel == null
[16:49:16] === ShowIssue rowid=36  ㈜LG화학 여수-화치  LG화학 화치단지 1분기 1/22 ===
[16:49:16] row 컬럼수=715
[16:49:16] 항목 컬럼 후보(567개): 1,1-다이클로로에틸렌, 1,2-다이클로로에탄, 1,4-다이옥산, 6가크롬, 과불화옥탄산(PFOA), 과불화옥탄술폰산(PFOS), 과불화헥산술폰산(PFHxS), 구리, 나프탈렌, 납, 노말헥산추출물질(동·식물 유지류), 니켈, 다이에틸헥실아디페이트, 다이에틸헥실프탈레이트, 다이클로로메탄, 망간, 바륨, 벤젠, 부유물질, 불소화합물
[16:49:16] BuildItemLines → 55행
[16:49:16] WARNING: CheckPanel == null
[16:49:17] === ShowIssue rowid=40  롯데케미칼㈜ 첨단소재 여수공장  롯데케미칼 첨단소재 TOC 접수 견적서(26.01.13, 30EA) ===
[16:49:17] row 컬럼수=715
[16:49:17] 항목 컬럼 후보(567개): 1,1-다이클로로에틸렌, 1,2-다이클로로에탄, 1,4-다이옥산, 6가크롬, 과불화옥탄산(PFOA), 과불화옥탄술폰산(PFOS), 과불화헥산술폰산(PFHxS), 구리, 나프탈렌, 납, 노말헥산추출물질(동·식물 유지류), 니켈, 다이에틸헥실아디페이트, 다이에틸헥실프탈레이트, 다이클로로메탄, 망간, 바륨, 벤젠, 부유물질, 불소화합물
[16:49:17] BuildItemLines → 1행
[16:49:17] WARNING: CheckPanel == null
[16:49:18] === ShowIssue rowid=43  ㈜LG화학 여수-적량  LG화학-적량 26년 1분기(8EA) ===
[16:49:18] row 컬럼수=715
[16:49:18] 항목 컬럼 후보(567개): 1,1-다이클로로에틸렌, 1,2-다이클로로에탄, 1,4-다이옥산, 6가크롬, 과불화옥탄산(PFOA), 과불화옥탄술폰산(PFOS), 과불화헥산술폰산(PFHxS), 구리, 나프탈렌, 납, 노말헥산추출물질(동·식물 유지류), 니켈, 다이에틸헥실아디페이트, 다이에틸헥실프탈레이트, 다이클로로메탄, 망간, 바륨, 벤젠, 부유물질, 불소화합물
[16:49:18] BuildItemLines → 55행
[16:49:18] WARNING: CheckPanel == null
[16:55:55] === ShowIssue rowid=1  수질분석센터㈜  ㅌㅁㄴㅇㅁㄴㅇㅁㄴㅇ ===
[16:55:55] row 컬럼수=715
[16:55:55] 항목 컬럼 후보(567개): 1,1-다이클로로에틸렌, 1,2-다이클로로에탄, 1,4-다이옥산, 6가크롬, 과불화옥탄산(PFOA), 과불화옥탄술폰산(PFOS), 과불화헥산술폰산(PFHxS), 구리, 나프탈렌, 납, 노말헥산추출물질(동·식물 유지류), 니켈, 다이에틸헥실아디페이트, 다이에틸헥실프탈레이트, 다이클로로메탄, 망간, 바륨, 벤젠, 부유물질, 불소화합물
[16:55:55] BuildItemLines → 10행
[16:55:55] WARNING: CheckPanel == null
[16:55:57] === ShowIssue rowid=4  보임열병합발전㈜  테스트 입니다….. ===
[16:55:57] row 컬럼수=715
[16:55:57] 항목 컬럼 후보(567개): 1,1-다이클로로에틸렌, 1,2-다이클로로에탄, 1,4-다이옥산, 6가크롬, 과불화옥탄산(PFOA), 과불화옥탄술폰산(PFOS), 과불화헥산술폰산(PFHxS), 구리, 나프탈렌, 납, 노말헥산추출물질(동·식물 유지류), 니켈, 다이에틸헥실아디페이트, 다이에틸헥실프탈레이트, 다이클로로메탄, 망간, 바륨, 벤젠, 부유물질, 불소화합물
[16:55:57] BuildItemLines → 14행
[16:55:57] WARNING: CheckPanel == null
[16:55:58] === ShowIssue rowid=5  국도화학㈜익산지점  3/4 국도화학(주) 익산지점 3EA 견적서 ===
[16:55:58] row 컬럼수=715
[16:55:58] 항목 컬럼 후보(567개): 1,1-다이클로로에틸렌, 1,2-다이클로로에탄, 1,4-다이옥산, 6가크롬, 과불화옥탄산(PFOA), 과불화옥탄술폰산(PFOS), 과불화헥산술폰산(PFHxS), 구리, 나프탈렌, 납, 노말헥산추출물질(동·식물 유지류), 니켈, 다이에틸헥실아디페이트, 다이에틸헥실프탈레이트, 다이클로로메탄, 망간, 바륨, 벤젠, 부유물질, 불소화합물
[16:55:58] BuildItemLines → 54행
[16:55:58] WARNING: CheckPanel == null
[16:55:59] === ShowIssue rowid=6  보임열병합발전㈜  (주)보임열병합발전 2026년 견적서 ===
[16:55:59] row 컬럼수=715
[16:55:59] 항목 컬럼 후보(567개): 1,1-다이클로로에틸렌, 1,2-다이클로로에탄, 1,4-다이옥산, 6가크롬, 과불화옥탄산(PFOA), 과불화옥탄술폰산(PFOS), 과불화헥산술폰산(PFHxS), 구리, 나프탈렌, 납, 노말헥산추출물질(동·식물 유지류), 니켈, 다이에틸헥실아디페이트, 다이에틸헥실프탈레이트, 다이클로로메탄, 망간, 바륨, 벤젠, 부유물질, 불소화합물
[16:55:59] BuildItemLines → 14행
[16:55:59] WARNING: CheckPanel == null
[17:23:32] === ShowIssue rowid=938  한화에너지㈜ 여수공장  테스트 테스트 테스트 아하~ 테스형~ ===
[17:23:32] row 컬럼수=715
[17:23:32] 항목 컬럼 후보(567개): 1,1-다이클로로에틸렌, 1,2-다이클로로에탄, 1,4-다이옥산, 6가크롬, 과불화옥탄산(PFOA), 과불화옥탄술폰산(PFOS), 과불화헥산술폰산(PFHxS), 구리, 나프탈렌, 납, 노말헥산추출물질(동·식물 유지류), 니켈, 다이에틸헥실아디페이트, 다이에틸헥실프탈레이트, 다이클로로메탄, 망간, 바륨, 벤젠, 부유물질, 불소화합물
[17:23:32] BuildItemLines → 57행
[17:23:32] WARNING: CheckPanel == null
[17:23:44] === ShowIssue rowid=26  ㈜LG화학 여수-확장  2026년 1분기(26.01.28, 17EA) 견적서 ===
[17:23:44] row 컬럼수=715
[17:23:44] 항목 컬럼 후보(567개): 1,1-다이클로로에틸렌, 1,2-다이클로로에탄, 1,4-다이옥산, 6가크롬, 과불화옥탄산(PFOA), 과불화옥탄술폰산(PFOS), 과불화헥산술폰산(PFHxS), 구리, 나프탈렌, 납, 노말헥산추출물질(동·식물 유지류), 니켈, 다이에틸헥실아디페이트, 다이에틸헥실프탈레이트, 다이클로로메탄, 망간, 바륨, 벤젠, 부유물질, 불소화합물
[17:23:44] BuildItemLines → 55행
[17:23:44] WARNING: CheckPanel == null
[17:23:44] === ShowIssue rowid=28  롯데케미칼㈜ 첨단소재 여수공장  추가시료(26.01.27, 2EA) 견적서 ===
[17:23:44] row 컬럼수=715
[17:23:44] 항목 컬럼 후보(567개): 1,1-다이클로로에틸렌, 1,2-다이클로로에탄, 1,4-다이옥산, 6가크롬, 과불화옥탄산(PFOA), 과불화옥탄술폰산(PFOS), 과불화헥산술폰산(PFHxS), 구리, 나프탈렌, 납, 노말헥산추출물질(동·식물 유지류), 니켈, 다이에틸헥실아디페이트, 다이에틸헥실프탈레이트, 다이클로로메탄, 망간, 바륨, 벤젠, 부유물질, 불소화합물
[17:23:44] BuildItemLines → 1행
[17:23:44] WARNING: CheckPanel == null
[17:23:45] === ShowIssue rowid=30  ㈜LG화학 여수-화치  LG화학 화치단지 추가시료 ===
[17:23:45] row 컬럼수=715
[17:23:45] 항목 컬럼 후보(567개): 1,1-다이클로로에틸렌, 1,2-다이클로로에탄, 1,4-다이옥산, 6가크롬, 과불화옥탄산(PFOA), 과불화옥탄술폰산(PFOS), 과불화헥산술폰산(PFHxS), 구리, 나프탈렌, 납, 노말헥산추출물질(동·식물 유지류), 니켈, 다이에틸헥실아디페이트, 다이에틸헥실프탈레이트, 다이클로로메탄, 망간, 바륨, 벤젠, 부유물질, 불소화합물
[17:23:45] BuildItemLines → 55행
[17:23:45] WARNING: CheckPanel == null
[17:23:45] === ShowIssue rowid=33  지에스칼텍스㈜여수공장  GS칼텍스 추가의뢰시료(20D-341) ===
[17:23:45] row 컬럼수=715
[17:23:45] 항목 컬럼 후보(567개): 1,1-다이클로로에틸렌, 1,2-다이클로로에탄, 1,4-다이옥산, 6가크롬, 과불화옥탄산(PFOA), 과불화옥탄술폰산(PFOS), 과불화헥산술폰산(PFHxS), 구리, 나프탈렌, 납, 노말헥산추출물질(동·식물 유지류), 니켈, 다이에틸헥실아디페이트, 다이에틸헥실프탈레이트, 다이클로로메탄, 망간, 바륨, 벤젠, 부유물질, 불소화합물
[17:23:45] BuildItemLines → 0행
[17:23:45] WARNING: CheckPanel == null
[17:23:54] === ShowIssue rowid=31  한세모빌리티㈜  26년 1월 정기시료(1EA) 견적서(26.01.21) ===
[17:23:54] row 컬럼수=715
[17:23:54] 항목 컬럼 후보(567개): 1,1-다이클로로에틸렌, 1,2-다이클로로에탄, 1,4-다이옥산, 6가크롬, 과불화옥탄산(PFOA), 과불화옥탄술폰산(PFOS), 과불화헥산술폰산(PFHxS), 구리, 나프탈렌, 납, 노말헥산추출물질(동·식물 유지류), 니켈, 다이에틸헥실아디페이트, 다이에틸헥실프탈레이트, 다이클로로메탄, 망간, 바륨, 벤젠, 부유물질, 불소화합물
[17:23:54] BuildItemLines → 29행
[17:23:54] WARNING: CheckPanel == null
[17:23:55] === ShowIssue rowid=38  국도화학㈜익산지점  1/15 국도화학(주) 익산지점 2EA 견적서 ===
[17:23:55] row 컬럼수=715
[17:23:55] 항목 컬럼 후보(567개): 1,1-다이클로로에틸렌, 1,2-다이클로로에탄, 1,4-다이옥산, 6가크롬, 과불화옥탄산(PFOA), 과불화옥탄술폰산(PFOS), 과불화헥산술폰산(PFHxS), 구리, 나프탈렌, 납, 노말헥산추출물질(동·식물 유지류), 니켈, 다이에틸헥실아디페이트, 다이에틸헥실프탈레이트, 다이클로로메탄, 망간, 바륨, 벤젠, 부유물질, 불소화합물
[17:23:55] BuildItemLines → 54행
[17:23:55] WARNING: CheckPanel == null
[17:23:56] === ShowIssue rowid=42  ㈜LG화학 여수-적량  LG화학-적량 1분기 생태독성 참고측정 (3EA) ===
[17:23:56] row 컬럼수=715
[17:23:56] 항목 컬럼 후보(567개): 1,1-다이클로로에틸렌, 1,2-다이클로로에탄, 1,4-다이옥산, 6가크롬, 과불화옥탄산(PFOA), 과불화옥탄술폰산(PFOS), 과불화헥산술폰산(PFHxS), 구리, 나프탈렌, 납, 노말헥산추출물질(동·식물 유지류), 니켈, 다이에틸헥실아디페이트, 다이에틸헥실프탈레이트, 다이클로로메탄, 망간, 바륨, 벤젠, 부유물질, 불소화합물
[17:23:56] BuildItemLines → 1행
[17:23:56] WARNING: CheckPanel == null
[17:24:11] === ShowIssue rowid=3  가나다  애플테스트 ===
[17:24:11] row 컬럼수=715
[17:24:11] 항목 컬럼 후보(567개): 1,1-다이클로로에틸렌, 1,2-다이클로로에탄, 1,4-다이옥산, 6가크롬, 과불화옥탄산(PFOA), 과불화옥탄술폰산(PFOS), 과불화헥산술폰산(PFHxS), 구리, 나프탈렌, 납, 노말헥산추출물질(동·식물 유지류), 니켈, 다이에틸헥실아디페이트, 다이에틸헥실프탈레이트, 다이클로로메탄, 망간, 바륨, 벤젠, 부유물질, 불소화합물
[17:24:11] BuildItemLines → 6행
[17:24:11] WARNING: CheckPanel == null
[17:24:12] === ShowIssue rowid=2  지에스칼텍스㈜여수공장  와와와와와와아와와와왕 ===
[17:24:12] row 컬럼수=715
[17:24:12] 항목 컬럼 후보(567개): 1,1-다이클로로에틸렌, 1,2-다이클로로에탄, 1,4-다이옥산, 6가크롬, 과불화옥탄산(PFOA), 과불화옥탄술폰산(PFOS), 과불화헥산술폰산(PFHxS), 구리, 나프탈렌, 납, 노말헥산추출물질(동·식물 유지류), 니켈, 다이에틸헥실아디페이트, 다이에틸헥실프탈레이트, 다이클로로메탄, 망간, 바륨, 벤젠, 부유물질, 불소화합물
[17:24:12] BuildItemLines → 10행
[17:24:12] WARNING: CheckPanel == null
[17:24:13] === ShowIssue rowid=1  수질분석센터㈜  ㅌㅁㄴㅇㅁㄴㅇㅁㄴㅇ ===
[17:24:13] row 컬럼수=715
[17:24:13] 항목 컬럼 후보(567개): 1,1-다이클로로에틸렌, 1,2-다이클로로에탄, 1,4-다이옥산, 6가크롬, 과불화옥탄산(PFOA), 과불화옥탄술폰산(PFOS), 과불화헥산술폰산(PFHxS), 구리, 나프탈렌, 납, 노말헥산추출물질(동·식물 유지류), 니켈, 다이에틸헥실아디페이트, 다이에틸헥실프탈레이트, 다이클로로메탄, 망간, 바륨, 벤젠, 부유물질, 불소화합물
[17:24:13] BuildItemLines → 10행
[17:24:13] WARNING: CheckPanel == null
[17:24:14] === ShowIssue rowid=2  지에스칼텍스㈜여수공장  와와와와와와아와와와왕 ===
[17:24:14] row 컬럼수=715
[17:24:14] 항목 컬럼 후보(567개): 1,1-다이클로로에틸렌, 1,2-다이클로로에탄, 1,4-다이옥산, 6가크롬, 과불화옥탄산(PFOA), 과불화옥탄술폰산(PFOS), 과불화헥산술폰산(PFHxS), 구리, 나프탈렌, 납, 노말헥산추출물질(동·식물 유지류), 니켈, 다이에틸헥실아디페이트, 다이에틸헥실프탈레이트, 다이클로로메탄, 망간, 바륨, 벤젠, 부유물질, 불소화합물
[17:24:14] BuildItemLines → 10행
[17:24:14] WARNING: CheckPanel == null
[17:24:16] === ShowIssue rowid=1  수질분석센터㈜  ㅌㅁㄴㅇㅁㄴㅇㅁㄴㅇ ===
[17:24:16] row 컬럼수=715
[17:24:16] 항목 컬럼 후보(567개): 1,1-다이클로로에틸렌, 1,2-다이클로로에탄, 1,4-다이옥산, 6가크롬, 과불화옥탄산(PFOA), 과불화옥탄술폰산(PFOS), 과불화헥산술폰산(PFHxS), 구리, 나프탈렌, 납, 노말헥산추출물질(동·식물 유지류), 니켈, 다이에틸헥실아디페이트, 다이에틸헥실프탈레이트, 다이클로로메탄, 망간, 바륨, 벤젠, 부유물질, 불소화합물
[17:24:16] BuildItemLines → 10행
[17:24:16] WARNING: CheckPanel == null
[17:24:17] === ShowIssue rowid=2  지에스칼텍스㈜여수공장  와와와와와와아와와와왕 ===
[17:24:17] row 컬럼수=715
[17:24:17] 항목 컬럼 후보(567개): 1,1-다이클로로에틸렌, 1,2-다이클로로에탄, 1,4-다이옥산, 6가크롬, 과불화옥탄산(PFOA), 과불화옥탄술폰산(PFOS), 과불화헥산술폰산(PFHxS), 구리, 나프탈렌, 납, 노말헥산추출물질(동·식물 유지류), 니켈, 다이에틸헥실아디페이트, 다이에틸헥실프탈레이트, 다이클로로메탄, 망간, 바륨, 벤젠, 부유물질, 불소화합물
[17:24:17] BuildItemLines → 10행
[17:24:17] WARNING: CheckPanel == null
[17:24:17] === ShowIssue rowid=1  수질분석센터㈜  ㅌㅁㄴㅇㅁㄴㅇㅁㄴㅇ ===
[17:24:17] row 컬럼수=715
[17:24:17] 항목 컬럼 후보(567개): 1,1-다이클로로에틸렌, 1,2-다이클로로에탄, 1,4-다이옥산, 6가크롬, 과불화옥탄산(PFOA), 과불화옥탄술폰산(PFOS), 과불화헥산술폰산(PFHxS), 구리, 나프탈렌, 납, 노말헥산추출물질(동·식물 유지류), 니켈, 다이에틸헥실아디페이트, 다이에틸헥실프탈레이트, 다이클로로메탄, 망간, 바륨, 벤젠, 부유물질, 불소화합물
[17:24:17] BuildItemLines → 10행
[17:24:17] WARNING: CheckPanel == null
[17:24:18] === ShowIssue rowid=2  지에스칼텍스㈜여수공장  와와와와와와아와와와왕 ===
[17:24:18] row 컬럼수=715
[17:24:18] 항목 컬럼 후보(567개): 1,1-다이클로로에틸렌, 1,2-다이클로로에탄, 1,4-다이옥산, 6가크롬, 과불화옥탄산(PFOA), 과불화옥탄술폰산(PFOS), 과불화헥산술폰산(PFHxS), 구리, 나프탈렌, 납, 노말헥산추출물질(동·식물 유지류), 니켈, 다이에틸헥실아디페이트, 다이에틸헥실프탈레이트, 다이클로로메탄, 망간, 바륨, 벤젠, 부유물질, 불소화합물
[17:24:18] BuildItemLines → 10행
[17:24:18] WARNING: CheckPanel == null
[17:24:18] === ShowIssue rowid=1  수질분석센터㈜  ㅌㅁㄴㅇㅁㄴㅇㅁㄴㅇ ===
[17:24:18] row 컬럼수=715
[17:24:18] 항목 컬럼 후보(567개): 1,1-다이클로로에틸렌, 1,2-다이클로로에탄, 1,4-다이옥산, 6가크롬, 과불화옥탄산(PFOA), 과불화옥탄술폰산(PFOS), 과불화헥산술폰산(PFHxS), 구리, 나프탈렌, 납, 노말헥산추출물질(동·식물 유지류), 니켈, 다이에틸헥실아디페이트, 다이에틸헥실프탈레이트, 다이클로로메탄, 망간, 바륨, 벤젠, 부유물질, 불소화합물
[17:24:18] BuildItemLines → 10행
[17:24:18] WARNING: CheckPanel == null
[17:24:19] === ShowIssue rowid=938  한화에너지㈜ 여수공장  테스트 테스트 테스트 아하~ 테스형~ ===
[17:24:19] row 컬럼수=715
[17:24:19] 항목 컬럼 후보(567개): 1,1-다이클로로에틸렌, 1,2-다이클로로에탄, 1,4-다이옥산, 6가크롬, 과불화옥탄산(PFOA), 과불화옥탄술폰산(PFOS), 과불화헥산술폰산(PFHxS), 구리, 나프탈렌, 납, 노말헥산추출물질(동·식물 유지류), 니켈, 다이에틸헥실아디페이트, 다이에틸헥실프탈레이트, 다이클로로메탄, 망간, 바륨, 벤젠, 부유물질, 불소화합물
[17:24:19] BuildItemLines → 57행
[17:24:19] WARNING: CheckPanel == null
[17:24:19] === ShowIssue rowid=4  보임열병합발전㈜  테스트 입니다….. ===
[17:24:19] row 컬럼수=715
[17:24:19] 항목 컬럼 후보(567개): 1,1-다이클로로에틸렌, 1,2-다이클로로에탄, 1,4-다이옥산, 6가크롬, 과불화옥탄산(PFOA), 과불화옥탄술폰산(PFOS), 과불화헥산술폰산(PFHxS), 구리, 나프탈렌, 납, 노말헥산추출물질(동·식물 유지류), 니켈, 다이에틸헥실아디페이트, 다이에틸헥실프탈레이트, 다이클로로메탄, 망간, 바륨, 벤젠, 부유물질, 불소화합물
[17:24:19] BuildItemLines → 14행
[17:24:19] WARNING: CheckPanel == null
[17:24:20] === ShowIssue rowid=5  국도화학㈜익산지점  3/4 국도화학(주) 익산지점 3EA 견적서 ===
[17:24:20] row 컬럼수=715
[17:24:20] 항목 컬럼 후보(567개): 1,1-다이클로로에틸렌, 1,2-다이클로로에탄, 1,4-다이옥산, 6가크롬, 과불화옥탄산(PFOA), 과불화옥탄술폰산(PFOS), 과불화헥산술폰산(PFHxS), 구리, 나프탈렌, 납, 노말헥산추출물질(동·식물 유지류), 니켈, 다이에틸헥실아디페이트, 다이에틸헥실프탈레이트, 다이클로로메탄, 망간, 바륨, 벤젠, 부유물질, 불소화합물
[17:24:20] BuildItemLines → 54행
[17:24:20] WARNING: CheckPanel == null
[17:24:20] === ShowIssue rowid=6  보임열병합발전㈜  (주)보임열병합발전 2026년 견적서 ===
[17:24:20] row 컬럼수=715
[17:24:20] 항목 컬럼 후보(567개): 1,1-다이클로로에틸렌, 1,2-다이클로로에탄, 1,4-다이옥산, 6가크롬, 과불화옥탄산(PFOA), 과불화옥탄술폰산(PFOS), 과불화헥산술폰산(PFHxS), 구리, 나프탈렌, 납, 노말헥산추출물질(동·식물 유지류), 니켈, 다이에틸헥실아디페이트, 다이에틸헥실프탈레이트, 다이클로로메탄, 망간, 바륨, 벤젠, 부유물질, 불소화합물
[17:24:20] BuildItemLines → 14행
[17:24:20] WARNING: CheckPanel == null
[17:50:13] === ShowIssue rowid=2  지에스칼텍스㈜여수공장  와와와와와와아와와와왕 ===
[17:50:13] row 컬럼수=715
[17:50:13] 항목 컬럼 후보(567개): 1,1-다이클로로에틸렌, 1,2-다이클로로에탄, 1,4-다이옥산, 6가크롬, 과불화옥탄산(PFOA), 과불화옥탄술폰산(PFOS), 과불화헥산술폰산(PFHxS), 구리, 나프탈렌, 납, 노말헥산추출물질(동·식물 유지류), 니켈, 다이에틸헥실아디페이트, 다이에틸헥실프탈레이트, 다이클로로메탄, 망간, 바륨, 벤젠, 부유물질, 불소화합물
[17:50:13] BuildItemLines → 10행
[17:50:13] WARNING: CheckPanel == null
[17:50:13] === ShowIssue rowid=938  한화에너지㈜ 여수공장  테스트 테스트 테스트 아하~ 테스형~ ===
[17:50:13] row 컬럼수=715
[17:50:13] 항목 컬럼 후보(567개): 1,1-다이클로로에틸렌, 1,2-다이클로로에탄, 1,4-다이옥산, 6가크롬, 과불화옥탄산(PFOA), 과불화옥탄술폰산(PFOS), 과불화헥산술폰산(PFHxS), 구리, 나프탈렌, 납, 노말헥산추출물질(동·식물 유지류), 니켈, 다이에틸헥실아디페이트, 다이에틸헥실프탈레이트, 다이클로로메탄, 망간, 바륨, 벤젠, 부유물질, 불소화합물
[17:50:13] BuildItemLines → 57행
[17:50:13] WARNING: CheckPanel == null
[17:50:13] === ShowIssue rowid=5  국도화학㈜익산지점  3/4 국도화학(주) 익산지점 3EA 견적서 ===
[17:50:13] row 컬럼수=715
[17:50:13] 항목 컬럼 후보(567개): 1,1-다이클로로에틸렌, 1,2-다이클로로에탄, 1,4-다이옥산, 6가크롬, 과불화옥탄산(PFOA), 과불화옥탄술폰산(PFOS), 과불화헥산술폰산(PFHxS), 구리, 나프탈렌, 납, 노말헥산추출물질(동·식물 유지류), 니켈, 다이에틸헥실아디페이트, 다이에틸헥실프탈레이트, 다이클로로메탄, 망간, 바륨, 벤젠, 부유물질, 불소화합물
[17:50:13] BuildItemLines → 54행
[17:50:13] WARNING: CheckPanel == null
[17:50:17] === ShowIssue rowid=6  보임열병합발전㈜  (주)보임열병합발전 2026년 견적서 ===
[17:50:17] row 컬럼수=715
[17:50:17] 항목 컬럼 후보(567개): 1,1-다이클로로에틸렌, 1,2-다이클로로에탄, 1,4-다이옥산, 6가크롬, 과불화옥탄산(PFOA), 과불화옥탄술폰산(PFOS), 과불화헥산술폰산(PFHxS), 구리, 나프탈렌, 납, 노말헥산추출물질(동·식물 유지류), 니켈, 다이에틸헥실아디페이트, 다이에틸헥실프탈레이트, 다이클로로메탄, 망간, 바륨, 벤젠, 부유물질, 불소화합물
[17:50:17] BuildItemLines → 14행
[17:50:17] WARNING: CheckPanel == null
[17:50:26] === ShowIssue rowid=319  리뉴어스주식회사  아산폐수사업소 요청 견적서 ===
[17:50:26] row 컬럼수=715
[17:50:26] 항목 컬럼 후보(567개): 1,1-다이클로로에틸렌, 1,2-다이클로로에탄, 1,4-다이옥산, 6가크롬, 과불화옥탄산(PFOA), 과불화옥탄술폰산(PFOS), 과불화헥산술폰산(PFHxS), 구리, 나프탈렌, 납, 노말헥산추출물질(동·식물 유지류), 니켈, 다이에틸헥실아디페이트, 다이에틸헥실프탈레이트, 다이클로로메탄, 망간, 바륨, 벤젠, 부유물질, 불소화합물
[17:50:26] BuildItemLines → 15행
[17:50:26] WARNING: CheckPanel == null
[17:50:27] === ShowIssue rowid=321  나로우주센터 우주과학관  나로우주센터 수질 분석 관련 견적서(10개소/1회, 2회/년) ===
[17:50:27] row 컬럼수=715
[17:50:27] 항목 컬럼 후보(567개): 1,1-다이클로로에틸렌, 1,2-다이클로로에탄, 1,4-다이옥산, 6가크롬, 과불화옥탄산(PFOA), 과불화옥탄술폰산(PFOS), 과불화헥산술폰산(PFHxS), 구리, 나프탈렌, 납, 노말헥산추출물질(동·식물 유지류), 니켈, 다이에틸헥실아디페이트, 다이에틸헥실프탈레이트, 다이클로로메탄, 망간, 바륨, 벤젠, 부유물질, 불소화합물
[17:50:27] BuildItemLines → 33행
[17:50:27] WARNING: CheckPanel == null
[17:50:28] === ShowIssue rowid=320  ㈜LG화학 여수-용성  25-05-30 용성 BPA, 4AA (생태독성, 총인) ===
[17:50:28] row 컬럼수=715
[17:50:28] 항목 컬럼 후보(567개): 1,1-다이클로로에틸렌, 1,2-다이클로로에탄, 1,4-다이옥산, 6가크롬, 과불화옥탄산(PFOA), 과불화옥탄술폰산(PFOS), 과불화헥산술폰산(PFHxS), 구리, 나프탈렌, 납, 노말헥산추출물질(동·식물 유지류), 니켈, 다이에틸헥실아디페이트, 다이에틸헥실프탈레이트, 다이클로로메탄, 망간, 바륨, 벤젠, 부유물질, 불소화합물
[17:50:28] BuildItemLines → 2행
[17:50:28] WARNING: CheckPanel == null
[17:50:29] === ShowIssue rowid=324  익산사업소  특정수질유해물질 32종 견적서 ===
[17:50:29] row 컬럼수=715
[17:50:29] 항목 컬럼 후보(567개): 1,1-다이클로로에틸렌, 1,2-다이클로로에탄, 1,4-다이옥산, 6가크롬, 과불화옥탄산(PFOA), 과불화옥탄술폰산(PFOS), 과불화헥산술폰산(PFHxS), 구리, 나프탈렌, 납, 노말헥산추출물질(동·식물 유지류), 니켈, 다이에틸헥실아디페이트, 다이에틸헥실프탈레이트, 다이클로로메탄, 망간, 바륨, 벤젠, 부유물질, 불소화합물
[17:50:29] BuildItemLines → 32행
[17:50:29] WARNING: CheckPanel == null
[17:50:36] === ShowIssue rowid=228  롯데케미칼㈜ 첨단소재 여수공장  3분기(7.31, 11EA) 견적서 ===
[17:50:36] row 컬럼수=715
[17:50:36] 항목 컬럼 후보(567개): 1,1-다이클로로에틸렌, 1,2-다이클로로에탄, 1,4-다이옥산, 6가크롬, 과불화옥탄산(PFOA), 과불화옥탄술폰산(PFOS), 과불화헥산술폰산(PFHxS), 구리, 나프탈렌, 납, 노말헥산추출물질(동·식물 유지류), 니켈, 다이에틸헥실아디페이트, 다이에틸헥실프탈레이트, 다이클로로메탄, 망간, 바륨, 벤젠, 부유물질, 불소화합물
[17:50:36] BuildItemLines → 57행
[17:50:36] WARNING: CheckPanel == null
[19:26:01] === ShowIssue rowid=938  한화에너지㈜ 여수공장  테스트 테스트 테스트 아하~ 테스형~ ===
[19:26:01] row 컬럼수=715
[19:26:01] 항목 컬럼 후보(567개): 1,1-다이클로로에틸렌, 1,2-다이클로로에탄, 1,4-다이옥산, 6가크롬, 과불화옥탄산(PFOA), 과불화옥탄술폰산(PFOS), 과불화헥산술폰산(PFHxS), 구리, 나프탈렌, 납, 노말헥산추출물질(동·식물 유지류), 니켈, 다이에틸헥실아디페이트, 다이에틸헥실프탈레이트, 다이클로로메탄, 망간, 바륨, 벤젠, 부유물질, 불소화합물
[19:26:01] BuildItemLines → 57행
[19:26:01] WARNING: CheckPanel == null
[19:26:13] === ShowIssue rowid=2  지에스칼텍스㈜여수공장  와와와와와와아와와와왕 ===
[19:26:13] row 컬럼수=715
[19:26:13] 항목 컬럼 후보(567개): 1,1-다이클로로에틸렌, 1,2-다이클로로에탄, 1,4-다이옥산, 6가크롬, 과불화옥탄산(PFOA), 과불화옥탄술폰산(PFOS), 과불화헥산술폰산(PFHxS), 구리, 나프탈렌, 납, 노말헥산추출물질(동·식물 유지류), 니켈, 다이에틸헥실아디페이트, 다이에틸헥실프탈레이트, 다이클로로메탄, 망간, 바륨, 벤젠, 부유물질, 불소화합물
[19:26:13] BuildItemLines → 10행
[19:26:13] WARNING: CheckPanel == null
[19:26:16] === ShowIssue rowid=2  지에스칼텍스㈜여수공장  와와와와와와아와와와왕 ===
[19:26:16] row 컬럼수=715
[19:26:16] 항목 컬럼 후보(567개): 1,1-다이클로로에틸렌, 1,2-다이클로로에탄, 1,4-다이옥산, 6가크롬, 과불화옥탄산(PFOA), 과불화옥탄술폰산(PFOS), 과불화헥산술폰산(PFHxS), 구리, 나프탈렌, 납, 노말헥산추출물질(동·식물 유지류), 니켈, 다이에틸헥실아디페이트, 다이에틸헥실프탈레이트, 다이클로로메탄, 망간, 바륨, 벤젠, 부유물질, 불소화합물
[19:26:16] BuildItemLines → 10행
[19:26:16] WARNING: CheckPanel == null
[19:26:16] === ShowIssue rowid=2  지에스칼텍스㈜여수공장  와와와와와와아와와와왕 ===
[19:26:16] row 컬럼수=715
[19:26:16] 항목 컬럼 후보(567개): 1,1-다이클로로에틸렌, 1,2-다이클로로에탄, 1,4-다이옥산, 6가크롬, 과불화옥탄산(PFOA), 과불화옥탄술폰산(PFOS), 과불화헥산술폰산(PFHxS), 구리, 나프탈렌, 납, 노말헥산추출물질(동·식물 유지류), 니켈, 다이에틸헥실아디페이트, 다이에틸헥실프탈레이트, 다이클로로메탄, 망간, 바륨, 벤젠, 부유물질, 불소화합물
[19:26:16] BuildItemLines → 10행
[19:26:16] WARNING: CheckPanel == null
[19:26:18] === ShowIssue rowid=3  가나다  애플테스트 ===
[19:26:18] row 컬럼수=715
[19:26:18] 항목 컬럼 후보(567개): 1,1-다이클로로에틸렌, 1,2-다이클로로에탄, 1,4-다이옥산, 6가크롬, 과불화옥탄산(PFOA), 과불화옥탄술폰산(PFOS), 과불화헥산술폰산(PFHxS), 구리, 나프탈렌, 납, 노말헥산추출물질(동·식물 유지류), 니켈, 다이에틸헥실아디페이트, 다이에틸헥실프탈레이트, 다이클로로메탄, 망간, 바륨, 벤젠, 부유물질, 불소화합물
[19:26:18] BuildItemLines → 6행
[19:26:18] WARNING: CheckPanel == null
[20:16:27] === ShowIssue rowid=3  가나다  애플테스트 ===
[20:16:27] row 컬럼수=715
[20:16:27] 항목 컬럼 후보(567개): 1,1-다이클로로에틸렌, 1,2-다이클로로에탄, 1,4-다이옥산, 6가크롬, 과불화옥탄산(PFOA), 과불화옥탄술폰산(PFOS), 과불화헥산술폰산(PFHxS), 구리, 나프탈렌, 납, 노말헥산추출물질(동·식물 유지류), 니켈, 다이에틸헥실아디페이트, 다이에틸헥실프탈레이트, 다이클로로메탄, 망간, 바륨, 벤젠, 부유물질, 불소화합물
[20:16:27] BuildItemLines → 6행
[20:16:27] WARNING: CheckPanel == null
[20:16:31] === ShowIssue rowid=3  가나다  애플테스트 ===
[20:16:31] row 컬럼수=715
[20:16:31] 항목 컬럼 후보(567개): 1,1-다이클로로에틸렌, 1,2-다이클로로에탄, 1,4-다이옥산, 6가크롬, 과불화옥탄산(PFOA), 과불화옥탄술폰산(PFOS), 과불화헥산술폰산(PFHxS), 구리, 나프탈렌, 납, 노말헥산추출물질(동·식물 유지류), 니켈, 다이에틸헥실아디페이트, 다이에틸헥실프탈레이트, 다이클로로메탄, 망간, 바륨, 벤젠, 부유물질, 불소화합물
[20:16:31] BuildItemLines → 6행
[20:16:31] WARNING: CheckPanel == null
[20:16:32] === ShowIssue rowid=2  지에스칼텍스㈜여수공장  와와와와와와아와와와왕 ===
[20:16:32] row 컬럼수=715
[20:16:32] 항목 컬럼 후보(567개): 1,1-다이클로로에틸렌, 1,2-다이클로로에탄, 1,4-다이옥산, 6가크롬, 과불화옥탄산(PFOA), 과불화옥탄술폰산(PFOS), 과불화헥산술폰산(PFHxS), 구리, 나프탈렌, 납, 노말헥산추출물질(동·식물 유지류), 니켈, 다이에틸헥실아디페이트, 다이에틸헥실프탈레이트, 다이클로로메탄, 망간, 바륨, 벤젠, 부유물질, 불소화합물
[20:16:32] BuildItemLines → 10행
[20:16:32] WARNING: CheckPanel == null
[20:16:34] === ShowIssue rowid=1  수질분석센터㈜  ㅌㅁㄴㅇㅁㄴㅇㅁㄴㅇ ===
[20:16:35] row 컬럼수=715
[20:16:35] 항목 컬럼 후보(567개): 1,1-다이클로로에틸렌, 1,2-다이클로로에탄, 1,4-다이옥산, 6가크롬, 과불화옥탄산(PFOA), 과불화옥탄술폰산(PFOS), 과불화헥산술폰산(PFHxS), 구리, 나프탈렌, 납, 노말헥산추출물질(동·식물 유지류), 니켈, 다이에틸헥실아디페이트, 다이에틸헥실프탈레이트, 다이클로로메탄, 망간, 바륨, 벤젠, 부유물질, 불소화합물
[20:16:35] BuildItemLines → 10행
[20:16:35] WARNING: CheckPanel == null
[20:16:37] 삭제 완료 → 20260313-170142
[20:16:38] === ShowIssue rowid=1  수질분석센터㈜  ㅌㅁㄴㅇㅁㄴㅇㅁㄴㅇ ===
[20:16:38] row 컬럼수=0
[20:16:38] 항목 컬럼 후보(0개): 
[20:16:38] BuildItemLines → 0행
[20:16:38] WARNING: CheckPanel == null
[20:16:42] === ShowIssue rowid=938  한화에너지㈜ 여수공장  테스트 테스트 테스트 아하~ 테스형~ ===
[20:16:42] row 컬럼수=715
[20:16:42] 항목 컬럼 후보(567개): 1,1-다이클로로에틸렌, 1,2-다이클로로에탄, 1,4-다이옥산, 6가크롬, 과불화옥탄산(PFOA), 과불화옥탄술폰산(PFOS), 과불화헥산술폰산(PFHxS), 구리, 나프탈렌, 납, 노말헥산추출물질(동·식물 유지류), 니켈, 다이에틸헥실아디페이트, 다이에틸헥실프탈레이트, 다이클로로메탄, 망간, 바륨, 벤젠, 부유물질, 불소화합물
[20:16:42] BuildItemLines → 57행
[20:16:42] WARNING: CheckPanel == null
[20:16:43] 삭제 완료 → 20260312-194943
[20:16:45] === ShowIssue rowid=1  수질분석센터㈜  ㅌㅁㄴㅇㅁㄴㅇㅁㄴㅇ ===
[20:16:45] row 컬럼수=0
[20:16:45] 항목 컬럼 후보(0개): 
[20:16:45] BuildItemLines → 0행
[20:16:45] WARNING: CheckPanel == null
[20:16:45] === ShowIssue rowid=938  한화에너지㈜ 여수공장  테스트 테스트 테스트 아하~ 테스형~ ===
[20:16:45] row 컬럼수=0
[20:16:45] 항목 컬럼 후보(0개): 
[20:16:45] BuildItemLines → 0행
[20:16:45] WARNING: CheckPanel == null
[22:11:52] === ShowIssue rowid=3  가나다  애플테스트 ===
[22:11:52] row 컬럼수=715
[22:11:52] 항목 컬럼 후보(567개): 1,1-다이클로로에틸렌, 1,2-다이클로로에탄, 1,4-다이옥산, 6가크롬, 과불화옥탄산(PFOA), 과불화옥탄술폰산(PFOS), 과불화헥산술폰산(PFHxS), 구리, 나프탈렌, 납, 노말헥산추출물질(동·식물 유지류), 니켈, 다이에틸헥실아디페이트, 다이에틸헥실프탈레이트, 다이클로로메탄, 망간, 바륨, 벤젠, 부유물질, 불소화합물
[22:11:52] BuildItemLines → 6행
[22:11:52] WARNING: CheckPanel == null
[22:11:54] 삭제 완료 → 20260313-151707
[22:11:55] === ShowIssue rowid=3  가나다  애플테스트 ===
[22:11:55] row 컬럼수=0
[22:11:55] 항목 컬럼 후보(0개): 
[22:11:55] BuildItemLines → 0행
[22:11:55] WARNING: CheckPanel == null
[22:11:58] === ShowIssue rowid=3  가나다  애플테스트 ===
[22:11:58] row 컬럼수=0
[22:11:58] 항목 컬럼 후보(0개): 
[22:11:58] BuildItemLines → 0행
[22:11:58] WARNING: CheckPanel == null
[22:11:59] === ShowIssue rowid=3  가나다  애플테스트 ===
[22:11:59] row 컬럼수=0
[22:11:59] 항목 컬럼 후보(0개): 
[22:11:59] BuildItemLines → 0행
[22:11:59] WARNING: CheckPanel == null
[22:12:05] === ShowIssue rowid=2  지에스칼텍스㈜여수공장  와와와와와와아와와와왕 ===
[22:12:05] row 컬럼수=715
[22:12:05] 항목 컬럼 후보(567개): 1,1-다이클로로에틸렌, 1,2-다이클로로에탄, 1,4-다이옥산, 6가크롬, 과불화옥탄산(PFOA), 과불화옥탄술폰산(PFOS), 과불화헥산술폰산(PFHxS), 구리, 나프탈렌, 납, 노말헥산추출물질(동·식물 유지류), 니켈, 다이에틸헥실아디페이트, 다이에틸헥실프탈레이트, 다이클로로메탄, 망간, 바륨, 벤젠, 부유물질, 불소화합물
[22:12:05] BuildItemLines → 10행
[22:12:05] WARNING: CheckPanel == null
[22:12:10] === ShowIssue rowid=2  지에스칼텍스㈜여수공장  와와와와와와아와와와왕 ===
[22:12:10] row 컬럼수=715
[22:12:10] 항목 컬럼 후보(567개): 1,1-다이클로로에틸렌, 1,2-다이클로로에탄, 1,4-다이옥산, 6가크롬, 과불화옥탄산(PFOA), 과불화옥탄술폰산(PFOS), 과불화헥산술폰산(PFHxS), 구리, 나프탈렌, 납, 노말헥산추출물질(동·식물 유지류), 니켈, 다이에틸헥실아디페이트, 다이에틸헥실프탈레이트, 다이클로로메탄, 망간, 바륨, 벤젠, 부유물질, 불소화합물
[22:12:10] BuildItemLines → 10행
[22:12:10] WARNING: CheckPanel == null
[22:12:10] === ShowIssue rowid=2  지에스칼텍스㈜여수공장  와와와와와와아와와와왕 ===
[22:12:10] row 컬럼수=715
[22:12:10] 항목 컬럼 후보(567개): 1,1-다이클로로에틸렌, 1,2-다이클로로에탄, 1,4-다이옥산, 6가크롬, 과불화옥탄산(PFOA), 과불화옥탄술폰산(PFOS), 과불화헥산술폰산(PFHxS), 구리, 나프탈렌, 납, 노말헥산추출물질(동·식물 유지류), 니켈, 다이에틸헥실아디페이트, 다이에틸헥실프탈레이트, 다이클로로메탄, 망간, 바륨, 벤젠, 부유물질, 불소화합물
[22:12:10] BuildItemLines → 10행
[22:12:10] WARNING: CheckPanel == null
[22:12:10] === ShowIssue rowid=2  지에스칼텍스㈜여수공장  와와와와와와아와와와왕 ===
[22:12:10] row 컬럼수=715
[22:12:10] 항목 컬럼 후보(567개): 1,1-다이클로로에틸렌, 1,2-다이클로로에탄, 1,4-다이옥산, 6가크롬, 과불화옥탄산(PFOA), 과불화옥탄술폰산(PFOS), 과불화헥산술폰산(PFHxS), 구리, 나프탈렌, 납, 노말헥산추출물질(동·식물 유지류), 니켈, 다이에틸헥실아디페이트, 다이에틸헥실프탈레이트, 다이클로로메탄, 망간, 바륨, 벤젠, 부유물질, 불소화합물
[22:12:10] BuildItemLines → 10행
[22:12:10] WARNING: CheckPanel == null
[22:12:11] === ShowIssue rowid=2  지에스칼텍스㈜여수공장  와와와와와와아와와와왕 ===
[22:12:11] row 컬럼수=715
[22:12:11] 항목 컬럼 후보(567개): 1,1-다이클로로에틸렌, 1,2-다이클로로에탄, 1,4-다이옥산, 6가크롬, 과불화옥탄산(PFOA), 과불화옥탄술폰산(PFOS), 과불화헥산술폰산(PFHxS), 구리, 나프탈렌, 납, 노말헥산추출물질(동·식물 유지류), 니켈, 다이에틸헥실아디페이트, 다이에틸헥실프탈레이트, 다이클로로메탄, 망간, 바륨, 벤젠, 부유물질, 불소화합물
[22:12:11] BuildItemLines → 10행
[22:12:11] WARNING: CheckPanel == null
[22:12:17] === ShowIssue rowid=5  국도화학㈜익산지점  3/4 국도화학(주) 익산지점 3EA 견적서 ===
[22:12:17] row 컬럼수=715
[22:12:17] 항목 컬럼 후보(567개): 1,1-다이클로로에틸렌, 1,2-다이클로로에탄, 1,4-다이옥산, 6가크롬, 과불화옥탄산(PFOA), 과불화옥탄술폰산(PFOS), 과불화헥산술폰산(PFHxS), 구리, 나프탈렌, 납, 노말헥산추출물질(동·식물 유지류), 니켈, 다이에틸헥실아디페이트, 다이에틸헥실프탈레이트, 다이클로로메탄, 망간, 바륨, 벤젠, 부유물질, 불소화합물
[22:12:17] BuildItemLines → 54행
[22:12:17] WARNING: CheckPanel == null
[22:12:21] === ShowIssue rowid=141  리뉴리퀴드호남㈜  리뉴리퀴드호남 처리수 ===
[22:12:21] row 컬럼수=715
[22:12:21] 항목 컬럼 후보(567개): 1,1-다이클로로에틸렌, 1,2-다이클로로에탄, 1,4-다이옥산, 6가크롬, 과불화옥탄산(PFOA), 과불화옥탄술폰산(PFOS), 과불화헥산술폰산(PFHxS), 구리, 나프탈렌, 납, 노말헥산추출물질(동·식물 유지류), 니켈, 다이에틸헥실아디페이트, 다이에틸헥실프탈레이트, 다이클로로메탄, 망간, 바륨, 벤젠, 부유물질, 불소화합물
[22:12:21] BuildItemLines → 17행
[22:12:21] WARNING: CheckPanel == null
[22:12:22] === ShowIssue rowid=146  롯데에너지머티리얼즈㈜  롯데에너지머티리얼즈(주) 3분기 채수 ===
[22:12:22] row 컬럼수=715
[22:12:22] 항목 컬럼 후보(567개): 1,1-다이클로로에틸렌, 1,2-다이클로로에탄, 1,4-다이옥산, 6가크롬, 과불화옥탄산(PFOA), 과불화옥탄술폰산(PFOS), 과불화헥산술폰산(PFHxS), 구리, 나프탈렌, 납, 노말헥산추출물질(동·식물 유지류), 니켈, 다이에틸헥실아디페이트, 다이에틸헥실프탈레이트, 다이클로로메탄, 망간, 바륨, 벤젠, 부유물질, 불소화합물
[22:12:22] BuildItemLines → 19행
[22:12:22] WARNING: CheckPanel == null
[22:12:24] === ShowIssue rowid=145  롯데에너지머티리얼즈㈜  롯데에너지머티리얼즈(주) 9월 견적서 ===
[22:12:24] row 컬럼수=715
[22:12:24] 항목 컬럼 후보(567개): 1,1-다이클로로에틸렌, 1,2-다이클로로에탄, 1,4-다이옥산, 6가크롬, 과불화옥탄산(PFOA), 과불화옥탄술폰산(PFOS), 과불화헥산술폰산(PFHxS), 구리, 나프탈렌, 납, 노말헥산추출물질(동·식물 유지류), 니켈, 다이에틸헥실아디페이트, 다이에틸헥실프탈레이트, 다이클로로메탄, 망간, 바륨, 벤젠, 부유물질, 불소화합물
[22:12:24] BuildItemLines → 1행
[22:12:24] WARNING: CheckPanel == null
[22:13:57] === ShowIssue rowid=4  보임열병합발전㈜  테스트 입니다….. ===
[22:13:57] row 컬럼수=715
[22:13:57] 항목 컬럼 후보(567개): 1,1-다이클로로에틸렌, 1,2-다이클로로에탄, 1,4-다이옥산, 6가크롬, 과불화옥탄산(PFOA), 과불화옥탄술폰산(PFOS), 과불화헥산술폰산(PFHxS), 구리, 나프탈렌, 납, 노말헥산추출물질(동·식물 유지류), 니켈, 다이에틸헥실아디페이트, 다이에틸헥실프탈레이트, 다이클로로메탄, 망간, 바륨, 벤젠, 부유물질, 불소화합물
[22:13:58] BuildItemLines → 14행
[22:13:58] WARNING: CheckPanel == null
[22:14:01] === ShowIssue rowid=5  국도화학㈜익산지점  3/4 국도화학(주) 익산지점 3EA 견적서 ===
[22:14:01] row 컬럼수=715
[22:14:01] 항목 컬럼 후보(567개): 1,1-다이클로로에틸렌, 1,2-다이클로로에탄, 1,4-다이옥산, 6가크롬, 과불화옥탄산(PFOA), 과불화옥탄술폰산(PFOS), 과불화헥산술폰산(PFHxS), 구리, 나프탈렌, 납, 노말헥산추출물질(동·식물 유지류), 니켈, 다이에틸헥실아디페이트, 다이에틸헥실프탈레이트, 다이클로로메탄, 망간, 바륨, 벤젠, 부유물질, 불소화합물
[22:14:01] BuildItemLines → 54행
[22:14:01] WARNING: CheckPanel == null
[22:14:06] === ShowIssue rowid=7  디엘케미칼㈜ 여수  DL케미칼 1분기 정기시료 ===
[22:14:06] row 컬럼수=715
[22:14:06] 항목 컬럼 후보(567개): 1,1-다이클로로에틸렌, 1,2-다이클로로에탄, 1,4-다이옥산, 6가크롬, 과불화옥탄산(PFOA), 과불화옥탄술폰산(PFOS), 과불화헥산술폰산(PFHxS), 구리, 나프탈렌, 납, 노말헥산추출물질(동·식물 유지류), 니켈, 다이에틸헥실아디페이트, 다이에틸헥실프탈레이트, 다이클로로메탄, 망간, 바륨, 벤젠, 부유물질, 불소화합물
[22:14:06] BuildItemLines → 54행
[22:14:06] WARNING: CheckPanel == null
[22:14:06] === ShowIssue rowid=10  포스코리튬솔루션㈜  2/27 포스코리튬솔루션 1분기 (6EA) ===
[22:14:06] row 컬럼수=715
[22:14:06] 항목 컬럼 후보(567개): 1,1-다이클로로에틸렌, 1,2-다이클로로에탄, 1,4-다이옥산, 6가크롬, 과불화옥탄산(PFOA), 과불화옥탄술폰산(PFOS), 과불화헥산술폰산(PFHxS), 구리, 나프탈렌, 납, 노말헥산추출물질(동·식물 유지류), 니켈, 다이에틸헥실아디페이트, 다이에틸헥실프탈레이트, 다이클로로메탄, 망간, 바륨, 벤젠, 부유물질, 불소화합물
[22:14:06] BuildItemLines → 54행
[22:14:06] WARNING: CheckPanel == null
[22:14:07] === ShowIssue rowid=13  롯데케미칼㈜ 첨단소재 여수공장  TOC 의뢰시료(25.12.22, 26.01.13, 26.01.27 총 138EA) 견적서 ===
[22:14:07] row 컬럼수=715
[22:14:07] 항목 컬럼 후보(567개): 1,1-다이클로로에틸렌, 1,2-다이클로로에탄, 1,4-다이옥산, 6가크롬, 과불화옥탄산(PFOA), 과불화옥탄술폰산(PFOS), 과불화헥산술폰산(PFHxS), 구리, 나프탈렌, 납, 노말헥산추출물질(동·식물 유지류), 니켈, 다이에틸헥실아디페이트, 다이에틸헥실프탈레이트, 다이클로로메탄, 망간, 바륨, 벤젠, 부유물질, 불소화합물
[22:14:07] BuildItemLines → 1행
[22:14:07] WARNING: CheckPanel == null
[22:14:07] === ShowIssue rowid=17  ㈜LG화학 여수-적량  LG화학-적량 26년 1분기(8EA)+생태독성 참고측정(3EA) ===
[22:14:07] row 컬럼수=715
[22:14:07] 항목 컬럼 후보(567개): 1,1-다이클로로에틸렌, 1,2-다이클로로에탄, 1,4-다이옥산, 6가크롬, 과불화옥탄산(PFOA), 과불화옥탄술폰산(PFOS), 과불화헥산술폰산(PFHxS), 구리, 나프탈렌, 납, 노말헥산추출물질(동·식물 유지류), 니켈, 다이에틸헥실아디페이트, 다이에틸헥실프탈레이트, 다이클로로메탄, 망간, 바륨, 벤젠, 부유물질, 불소화합물
[22:14:07] BuildItemLines → 56행
[22:14:07] WARNING: CheckPanel == null
[22:16:09] === ShowIssue rowid=4  보임열병합발전㈜  테스트 입니다….. ===
[22:16:09] row 컬럼수=715
[22:16:09] 항목 컬럼 후보(567개): 1,1-다이클로로에틸렌, 1,2-다이클로로에탄, 1,4-다이옥산, 6가크롬, 과불화옥탄산(PFOA), 과불화옥탄술폰산(PFOS), 과불화헥산술폰산(PFHxS), 구리, 나프탈렌, 납, 노말헥산추출물질(동·식물 유지류), 니켈, 다이에틸헥실아디페이트, 다이에틸헥실프탈레이트, 다이클로로메탄, 망간, 바륨, 벤젠, 부유물질, 불소화합물
[22:16:09] BuildItemLines → 14행
[22:16:09] WARNING: CheckPanel == null
[22:21:37] === ShowIssue rowid=4  보임열병합발전㈜  테스트 입니다….. ===
[22:21:37] row 컬럼수=715
[22:21:37] 항목 컬럼 후보(567개): 1,1-다이클로로에틸렌, 1,2-다이클로로에탄, 1,4-다이옥산, 6가크롬, 과불화옥탄산(PFOA), 과불화옥탄술폰산(PFOS), 과불화헥산술폰산(PFHxS), 구리, 나프탈렌, 납, 노말헥산추출물질(동·식물 유지류), 니켈, 다이에틸헥실아디페이트, 다이에틸헥실프탈레이트, 다이클로로메탄, 망간, 바륨, 벤젠, 부유물질, 불소화합물
[22:21:37] BuildItemLines → 14행
[22:21:37] ApplyCheckStates: CheckPanel항목=67개
[22:21:37] ApplyCheckStates 완료: 컬럼매칭=65  체크됨=14
[22:21:38] === ShowIssue rowid=5  국도화학㈜익산지점  3/4 국도화학(주) 익산지점 3EA 견적서 ===
[22:21:38] row 컬럼수=715
[22:21:38] 항목 컬럼 후보(567개): 1,1-다이클로로에틸렌, 1,2-다이클로로에탄, 1,4-다이옥산, 6가크롬, 과불화옥탄산(PFOA), 과불화옥탄술폰산(PFOS), 과불화헥산술폰산(PFHxS), 구리, 나프탈렌, 납, 노말헥산추출물질(동·식물 유지류), 니켈, 다이에틸헥실아디페이트, 다이에틸헥실프탈레이트, 다이클로로메탄, 망간, 바륨, 벤젠, 부유물질, 불소화합물
[22:21:39] BuildItemLines → 54행
[22:21:39] ApplyCheckStates: CheckPanel항목=67개
[22:21:39] ApplyCheckStates 완료: 컬럼매칭=65  체크됨=54
[23:00:34] === ShowIssue rowid=2  지에스칼텍스㈜여수공장  와와와와와와아와와와왕 ===
[23:00:34] row 컬럼수=715
[23:00:34] 항목 컬럼 후보(567개): 1,1-다이클로로에틸렌, 1,2-다이클로로에탄, 1,4-다이옥산, 6가크롬, 과불화옥탄산(PFOA), 과불화옥탄술폰산(PFOS), 과불화헥산술폰산(PFHxS), 구리, 나프탈렌, 납, 노말헥산추출물질(동·식물 유지류), 니켈, 다이에틸헥실아디페이트, 다이에틸헥실프탈레이트, 다이클로로메탄, 망간, 바륨, 벤젠, 부유물질, 불소화합물
[23:00:34] BuildItemLines → 10행
[23:00:34] ApplyCheckStates: CheckPanel항목=67개
[23:00:34] ApplyCheckStates 완료: 컬럼매칭=65  체크됨=10
[23:00:45] === ShowIssue rowid=5  국도화학㈜익산지점  3/4 국도화학(주) 익산지점 3EA 견적서 ===
[23:00:45] row 컬럼수=715
[23:00:45] 항목 컬럼 후보(567개): 1,1-다이클로로에틸렌, 1,2-다이클로로에탄, 1,4-다이옥산, 6가크롬, 과불화옥탄산(PFOA), 과불화옥탄술폰산(PFOS), 과불화헥산술폰산(PFHxS), 구리, 나프탈렌, 납, 노말헥산추출물질(동·식물 유지류), 니켈, 다이에틸헥실아디페이트, 다이에틸헥실프탈레이트, 다이클로로메탄, 망간, 바륨, 벤젠, 부유물질, 불소화합물
[23:00:45] BuildItemLines → 54행
[23:00:45] ApplyCheckStates: CheckPanel항목=67개
[23:00:46] ApplyCheckStates 완료: 컬럼매칭=65  체크됨=54
[23:00:46] === ShowIssue rowid=6  보임열병합발전㈜  (주)보임열병합발전 2026년 견적서 ===
[23:00:46] row 컬럼수=715
[23:00:46] 항목 컬럼 후보(567개): 1,1-다이클로로에틸렌, 1,2-다이클로로에탄, 1,4-다이옥산, 6가크롬, 과불화옥탄산(PFOA), 과불화옥탄술폰산(PFOS), 과불화헥산술폰산(PFHxS), 구리, 나프탈렌, 납, 노말헥산추출물질(동·식물 유지류), 니켈, 다이에틸헥실아디페이트, 다이에틸헥실프탈레이트, 다이클로로메탄, 망간, 바륨, 벤젠, 부유물질, 불소화합물
[23:00:46] BuildItemLines → 14행
[23:00:46] ApplyCheckStates: CheckPanel항목=67개
[23:00:46] ApplyCheckStates 완료: 컬럼매칭=65  체크됨=14
[23:00:47] === ShowIssue rowid=4  보임열병합발전㈜  테스트 입니다….. ===
[23:00:47] row 컬럼수=715
[23:00:47] 항목 컬럼 후보(567개): 1,1-다이클로로에틸렌, 1,2-다이클로로에탄, 1,4-다이옥산, 6가크롬, 과불화옥탄산(PFOA), 과불화옥탄술폰산(PFOS), 과불화헥산술폰산(PFHxS), 구리, 나프탈렌, 납, 노말헥산추출물질(동·식물 유지류), 니켈, 다이에틸헥실아디페이트, 다이에틸헥실프탈레이트, 다이클로로메탄, 망간, 바륨, 벤젠, 부유물질, 불소화합물
[23:00:47] BuildItemLines → 14행
[23:00:47] ApplyCheckStates: CheckPanel항목=67개
[23:00:47] ApplyCheckStates 완료: 컬럼매칭=65  체크됨=14
[23:00:48] === ShowIssue rowid=6  보임열병합발전㈜  (주)보임열병합발전 2026년 견적서 ===
[23:00:48] row 컬럼수=715
[23:00:48] 항목 컬럼 후보(567개): 1,1-다이클로로에틸렌, 1,2-다이클로로에탄, 1,4-다이옥산, 6가크롬, 과불화옥탄산(PFOA), 과불화옥탄술폰산(PFOS), 과불화헥산술폰산(PFHxS), 구리, 나프탈렌, 납, 노말헥산추출물질(동·식물 유지류), 니켈, 다이에틸헥실아디페이트, 다이에틸헥실프탈레이트, 다이클로로메탄, 망간, 바륨, 벤젠, 부유물질, 불소화합물
[23:00:48] BuildItemLines → 14행
[23:00:48] ApplyCheckStates: CheckPanel항목=67개
[23:00:48] ApplyCheckStates 완료: 컬럼매칭=65  체크됨=14
[23:00:53] === ShowIssue rowid=50  포스코필바라리튬솔루션㈜  26년 포스코필바라리튬솔루션(주) 입찰 견적서(회당 단가) ===
[23:00:53] row 컬럼수=715
[23:00:53] 항목 컬럼 후보(567개): 1,1-다이클로로에틸렌, 1,2-다이클로로에탄, 1,4-다이옥산, 6가크롬, 과불화옥탄산(PFOA), 과불화옥탄술폰산(PFOS), 과불화헥산술폰산(PFHxS), 구리, 나프탈렌, 납, 노말헥산추출물질(동·식물 유지류), 니켈, 다이에틸헥실아디페이트, 다이에틸헥실프탈레이트, 다이클로로메탄, 망간, 바륨, 벤젠, 부유물질, 불소화합물
[23:00:53] BuildItemLines → 54행
[23:00:53] ApplyCheckStates: CheckPanel항목=67개
[23:00:53] ApplyCheckStates 완료: 컬럼매칭=65  체크됨=54
[23:00:54] === ShowIssue rowid=50  포스코필바라리튬솔루션㈜  26년 포스코필바라리튬솔루션(주) 입찰 견적서(회당 단가) ===
[23:00:54] row 컬럼수=715
[23:00:54] 항목 컬럼 후보(567개): 1,1-다이클로로에틸렌, 1,2-다이클로로에탄, 1,4-다이옥산, 6가크롬, 과불화옥탄산(PFOA), 과불화옥탄술폰산(PFOS), 과불화헥산술폰산(PFHxS), 구리, 나프탈렌, 납, 노말헥산추출물질(동·식물 유지류), 니켈, 다이에틸헥실아디페이트, 다이에틸헥실프탈레이트, 다이클로로메탄, 망간, 바륨, 벤젠, 부유물질, 불소화합물
[23:00:54] BuildItemLines → 54행
[23:00:54] ApplyCheckStates: CheckPanel항목=67개
[23:00:54] ApplyCheckStates 완료: 컬럼매칭=65  체크됨=54
[23:00:54] === ShowIssue rowid=47  한화에너지㈜ 여수공장  26-28년 한화에너지(주) 여수공장 입찰 UNPRICE 견적서(2년) ===
[23:00:54] row 컬럼수=715
[23:00:54] 항목 컬럼 후보(567개): 1,1-다이클로로에틸렌, 1,2-다이클로로에탄, 1,4-다이옥산, 6가크롬, 과불화옥탄산(PFOA), 과불화옥탄술폰산(PFOS), 과불화헥산술폰산(PFHxS), 구리, 나프탈렌, 납, 노말헥산추출물질(동·식물 유지류), 니켈, 다이에틸헥실아디페이트, 다이에틸헥실프탈레이트, 다이클로로메탄, 망간, 바륨, 벤젠, 부유물질, 불소화합물
[23:00:54] BuildItemLines → 1행
[23:00:54] ApplyCheckStates: CheckPanel항목=67개
[23:00:54] ApplyCheckStates 완료: 컬럼매칭=65  체크됨=1
[23:00:54] === ShowIssue rowid=45  롯데케미칼㈜ 첨단소재 여수공장  TOC 의뢰 접수시료(12.22, 106EA) 견적서 ===
[23:00:54] row 컬럼수=715
[23:00:54] 항목 컬럼 후보(567개): 1,1-다이클로로에틸렌, 1,2-다이클로로에탄, 1,4-다이옥산, 6가크롬, 과불화옥탄산(PFOA), 과불화옥탄술폰산(PFOS), 과불화헥산술폰산(PFHxS), 구리, 나프탈렌, 납, 노말헥산추출물질(동·식물 유지류), 니켈, 다이에틸헥실아디페이트, 다이에틸헥실프탈레이트, 다이클로로메탄, 망간, 바륨, 벤젠, 부유물질, 불소화합물
[23:00:54] BuildItemLines → 1행
[23:00:54] ApplyCheckStates: CheckPanel항목=67개
[23:00:54] ApplyCheckStates 완료: 컬럼매칭=65  체크됨=1
[23:00:55] === ShowIssue rowid=48  한화에너지㈜ 여수공장  26-28년 한화에너지(주) 여수공장 입찰 UNPRICE 견적서(2년) ===
[23:00:55] row 컬럼수=715
[23:00:55] 항목 컬럼 후보(567개): 1,1-다이클로로에틸렌, 1,2-다이클로로에탄, 1,4-다이옥산, 6가크롬, 과불화옥탄산(PFOA), 과불화옥탄술폰산(PFOS), 과불화헥산술폰산(PFHxS), 구리, 나프탈렌, 납, 노말헥산추출물질(동·식물 유지류), 니켈, 다이에틸헥실아디페이트, 다이에틸헥실프탈레이트, 다이클로로메탄, 망간, 바륨, 벤젠, 부유물질, 불소화합물
[23:00:55] BuildItemLines → 0행
[23:00:55] ApplyCheckStates: CheckPanel항목=67개
[23:00:55] ApplyCheckStates 완료: 컬럼매칭=65  체크됨=0
[23:03:09] === ShowIssue rowid=6  보임열병합발전㈜  (주)보임열병합발전 2026년 견적서 ===
[23:03:09] row 컬럼수=715
[23:03:09] 항목 컬럼 후보(567개): 1,1-다이클로로에틸렌, 1,2-다이클로로에탄, 1,4-다이옥산, 6가크롬, 과불화옥탄산(PFOA), 과불화옥탄술폰산(PFOS), 과불화헥산술폰산(PFHxS), 구리, 나프탈렌, 납, 노말헥산추출물질(동·식물 유지류), 니켈, 다이에틸헥실아디페이트, 다이에틸헥실프탈레이트, 다이클로로메탄, 망간, 바륨, 벤젠, 부유물질, 불소화합물
[23:03:09] BuildItemLines → 14행
[23:03:09] ApplyCheckStates: CheckPanel항목=67개
[23:03:09] ApplyCheckStates 완료: 컬럼매칭=65  체크됨=14
[23:03:10] === ShowIssue rowid=8  롯데에너지머티리얼즈㈜  롯데에너지머티리얼즈(주) 2026년 견적서 ===
[23:03:10] row 컬럼수=715
[23:03:10] 항목 컬럼 후보(567개): 1,1-다이클로로에틸렌, 1,2-다이클로로에탄, 1,4-다이옥산, 6가크롬, 과불화옥탄산(PFOA), 과불화옥탄술폰산(PFOS), 과불화헥산술폰산(PFHxS), 구리, 나프탈렌, 납, 노말헥산추출물질(동·식물 유지류), 니켈, 다이에틸헥실아디페이트, 다이에틸헥실프탈레이트, 다이클로로메탄, 망간, 바륨, 벤젠, 부유물질, 불소화합물
[23:03:10] BuildItemLines → 19행
[23:03:10] ApplyCheckStates: CheckPanel항목=67개
[23:03:10] ApplyCheckStates 완료: 컬럼매칭=65  체크됨=19
[23:03:11] === ShowIssue rowid=11  ㈜LG화학 여수-용성  LG화학(주) 용성단지 TOC 재분석 4EA 견적서 ===
[23:03:11] row 컬럼수=715
[23:03:11] 항목 컬럼 후보(567개): 1,1-다이클로로에틸렌, 1,2-다이클로로에탄, 1,4-다이옥산, 6가크롬, 과불화옥탄산(PFOA), 과불화옥탄술폰산(PFOS), 과불화헥산술폰산(PFHxS), 구리, 나프탈렌, 납, 노말헥산추출물질(동·식물 유지류), 니켈, 다이에틸헥실아디페이트, 다이에틸헥실프탈레이트, 다이클로로메탄, 망간, 바륨, 벤젠, 부유물질, 불소화합물
[23:03:11] BuildItemLines → 1행
[23:03:11] ApplyCheckStates: CheckPanel항목=67개
[23:03:11] ApplyCheckStates 완료: 컬럼매칭=65  체크됨=1
[23:03:11] === ShowIssue rowid=13  롯데케미칼㈜ 첨단소재 여수공장  TOC 의뢰시료(25.12.22, 26.01.13, 26.01.27 총 138EA) 견적서 ===
[23:03:11] row 컬럼수=715
[23:03:11] 항목 컬럼 후보(567개): 1,1-다이클로로에틸렌, 1,2-다이클로로에탄, 1,4-다이옥산, 6가크롬, 과불화옥탄산(PFOA), 과불화옥탄술폰산(PFOS), 과불화헥산술폰산(PFHxS), 구리, 나프탈렌, 납, 노말헥산추출물질(동·식물 유지류), 니켈, 다이에틸헥실아디페이트, 다이에틸헥실프탈레이트, 다이클로로메탄, 망간, 바륨, 벤젠, 부유물질, 불소화합물
[23:03:11] BuildItemLines → 1행
[23:03:11] ApplyCheckStates: CheckPanel항목=67개
[23:03:11] ApplyCheckStates 완료: 컬럼매칭=65  체크됨=1
[23:03:11] === ShowIssue rowid=16  ㈜LG화학 여수-적량  적량단지 정기시료 5종 (01/02, 01/19, 02/06, 02/20 총 4EA) ===
[23:03:11] row 컬럼수=715
[23:03:11] 항목 컬럼 후보(567개): 1,1-다이클로로에틸렌, 1,2-다이클로로에탄, 1,4-다이옥산, 6가크롬, 과불화옥탄산(PFOA), 과불화옥탄술폰산(PFOS), 과불화헥산술폰산(PFHxS), 구리, 나프탈렌, 납, 노말헥산추출물질(동·식물 유지류), 니켈, 다이에틸헥실아디페이트, 다이에틸헥실프탈레이트, 다이클로로메탄, 망간, 바륨, 벤젠, 부유물질, 불소화합물
[23:03:11] BuildItemLines → 4행
[23:03:11] ApplyCheckStates: CheckPanel항목=67개
[23:03:11] ApplyCheckStates 완료: 컬럼매칭=65  체크됨=4
[23:03:12] === ShowIssue rowid=20  금호미쓰이화학㈜ 여수  금호미쓰이화학(주) 접수시료(260210, 1EA, 54종) ===
[23:03:12] row 컬럼수=715
[23:03:12] 항목 컬럼 후보(567개): 1,1-다이클로로에틸렌, 1,2-다이클로로에탄, 1,4-다이옥산, 6가크롬, 과불화옥탄산(PFOA), 과불화옥탄술폰산(PFOS), 과불화헥산술폰산(PFHxS), 구리, 나프탈렌, 납, 노말헥산추출물질(동·식물 유지류), 니켈, 다이에틸헥실아디페이트, 다이에틸헥실프탈레이트, 다이클로로메탄, 망간, 바륨, 벤젠, 부유물질, 불소화합물
[23:03:12] BuildItemLines → 54행
[23:03:12] ApplyCheckStates: CheckPanel항목=67개
[23:03:12] ApplyCheckStates 완료: 컬럼매칭=65  체크됨=54
[23:03:13] === ShowIssue rowid=21  ㈜LG화학 여수-화치  2/9 bcs 수질관리p ===
[23:03:13] row 컬럼수=715
[23:03:13] 항목 컬럼 후보(567개): 1,1-다이클로로에틸렌, 1,2-다이클로로에탄, 1,4-다이옥산, 6가크롬, 과불화옥탄산(PFOA), 과불화옥탄술폰산(PFOS), 과불화헥산술폰산(PFHxS), 구리, 나프탈렌, 납, 노말헥산추출물질(동·식물 유지류), 니켈, 다이에틸헥실아디페이트, 다이에틸헥실프탈레이트, 다이클로로메탄, 망간, 바륨, 벤젠, 부유물질, 불소화합물
[23:03:13] BuildItemLines → 4행
[23:03:13] ApplyCheckStates: CheckPanel항목=67개
[23:03:13] ApplyCheckStates 완료: 컬럼매칭=65  체크됨=4
[23:03:13] === ShowIssue rowid=24  국도화학㈜익산지점  2/4 국도화학(주) 익산지점 4EA 견적서 ===
[23:03:13] row 컬럼수=715
[23:03:13] 항목 컬럼 후보(567개): 1,1-다이클로로에틸렌, 1,2-다이클로로에탄, 1,4-다이옥산, 6가크롬, 과불화옥탄산(PFOA), 과불화옥탄술폰산(PFOS), 과불화헥산술폰산(PFHxS), 구리, 나프탈렌, 납, 노말헥산추출물질(동·식물 유지류), 니켈, 다이에틸헥실아디페이트, 다이에틸헥실프탈레이트, 다이클로로메탄, 망간, 바륨, 벤젠, 부유물질, 불소화합물
[23:03:13] BuildItemLines → 54행
[23:03:13] ApplyCheckStates: CheckPanel항목=67개
[23:03:14] ApplyCheckStates 완료: 컬럼매칭=65  체크됨=54
[23:23:58] === ShowIssue rowid=322  보임열병합발전㈜  2025년 상반기 견적서(4EA) ===
[23:23:58] row 컬럼수=715
[23:23:58] 항목 컬럼 후보(567개): 1,1-다이클로로에틸렌, 1,2-다이클로로에탄, 1,4-다이옥산, 6가크롬, 과불화옥탄산(PFOA), 과불화옥탄술폰산(PFOS), 과불화헥산술폰산(PFHxS), 구리, 나프탈렌, 납, 노말헥산추출물질(동·식물 유지류), 니켈, 다이에틸헥실아디페이트, 다이에틸헥실프탈레이트, 다이클로로메탄, 망간, 바륨, 벤젠, 부유물질, 불소화합물
[23:23:58] BuildItemLines → 36행
[23:23:58] ApplyCheckStates: CheckPanel항목=67개
[23:23:58] ApplyCheckStates 완료: 컬럼매칭=65  체크됨=36
[23:23:59] === ShowIssue rowid=320  ㈜LG화학 여수-용성  25-05-30 용성 BPA, 4AA (생태독성, 총인) ===
[23:23:59] row 컬럼수=715
[23:23:59] 항목 컬럼 후보(567개): 1,1-다이클로로에틸렌, 1,2-다이클로로에탄, 1,4-다이옥산, 6가크롬, 과불화옥탄산(PFOA), 과불화옥탄술폰산(PFOS), 과불화헥산술폰산(PFHxS), 구리, 나프탈렌, 납, 노말헥산추출물질(동·식물 유지류), 니켈, 다이에틸헥실아디페이트, 다이에틸헥실프탈레이트, 다이클로로메탄, 망간, 바륨, 벤젠, 부유물질, 불소화합물
[23:23:59] BuildItemLines → 2행
[23:23:59] ApplyCheckStates: CheckPanel항목=67개
[23:23:59] ApplyCheckStates 완료: 컬럼매칭=65  체크됨=2
[23:24:01] === ShowIssue rowid=323  익산사업소  생태독성 견적서 ===
[23:24:01] row 컬럼수=715
[23:24:01] 항목 컬럼 후보(567개): 1,1-다이클로로에틸렌, 1,2-다이클로로에탄, 1,4-다이옥산, 6가크롬, 과불화옥탄산(PFOA), 과불화옥탄술폰산(PFOS), 과불화헥산술폰산(PFHxS), 구리, 나프탈렌, 납, 노말헥산추출물질(동·식물 유지류), 니켈, 다이에틸헥실아디페이트, 다이에틸헥실프탈레이트, 다이클로로메탄, 망간, 바륨, 벤젠, 부유물질, 불소화합물
[23:24:01] BuildItemLines → 1행
[23:24:01] ApplyCheckStates: CheckPanel항목=67개
[23:24:01] ApplyCheckStates 완료: 컬럼매칭=65  체크됨=1
[23:24:02] === ShowIssue rowid=320  ㈜LG화학 여수-용성  25-05-30 용성 BPA, 4AA (생태독성, 총인) ===
[23:24:02] row 컬럼수=715
[23:24:02] 항목 컬럼 후보(567개): 1,1-다이클로로에틸렌, 1,2-다이클로로에탄, 1,4-다이옥산, 6가크롬, 과불화옥탄산(PFOA), 과불화옥탄술폰산(PFOS), 과불화헥산술폰산(PFHxS), 구리, 나프탈렌, 납, 노말헥산추출물질(동·식물 유지류), 니켈, 다이에틸헥실아디페이트, 다이에틸헥실프탈레이트, 다이클로로메탄, 망간, 바륨, 벤젠, 부유물질, 불소화합물
[23:24:02] BuildItemLines → 2행
[23:24:02] ApplyCheckStates: CheckPanel항목=67개
[23:24:02] ApplyCheckStates 완료: 컬럼매칭=65  체크됨=2
[23:24:03] === ShowIssue rowid=322  보임열병합발전㈜  2025년 상반기 견적서(4EA) ===
[23:24:03] row 컬럼수=715
[23:24:03] 항목 컬럼 후보(567개): 1,1-다이클로로에틸렌, 1,2-다이클로로에탄, 1,4-다이옥산, 6가크롬, 과불화옥탄산(PFOA), 과불화옥탄술폰산(PFOS), 과불화헥산술폰산(PFHxS), 구리, 나프탈렌, 납, 노말헥산추출물질(동·식물 유지류), 니켈, 다이에틸헥실아디페이트, 다이에틸헥실프탈레이트, 다이클로로메탄, 망간, 바륨, 벤젠, 부유물질, 불소화합물
[23:24:03] BuildItemLines → 36행
[23:24:03] ApplyCheckStates: CheckPanel항목=67개
[23:24:03] ApplyCheckStates 완료: 컬럼매칭=65  체크됨=36
[23:24:04] === ShowIssue rowid=320  ㈜LG화학 여수-용성  25-05-30 용성 BPA, 4AA (생태독성, 총인) ===
[23:24:04] row 컬럼수=715
[23:24:04] 항목 컬럼 후보(567개): 1,1-다이클로로에틸렌, 1,2-다이클로로에탄, 1,4-다이옥산, 6가크롬, 과불화옥탄산(PFOA), 과불화옥탄술폰산(PFOS), 과불화헥산술폰산(PFHxS), 구리, 나프탈렌, 납, 노말헥산추출물질(동·식물 유지류), 니켈, 다이에틸헥실아디페이트, 다이에틸헥실프탈레이트, 다이클로로메탄, 망간, 바륨, 벤젠, 부유물질, 불소화합물
[23:24:04] BuildItemLines → 2행
[23:24:04] ApplyCheckStates: CheckPanel항목=67개
[23:24:04] ApplyCheckStates 완료: 컬럼매칭=65  체크됨=2
[23:24:04] === ShowIssue rowid=329  리뉴리퀴드호남㈜  리뉴리퀴드호남 처리수 ===
[23:24:04] row 컬럼수=715
[23:24:04] 항목 컬럼 후보(567개): 1,1-다이클로로에틸렌, 1,2-다이클로로에탄, 1,4-다이옥산, 6가크롬, 과불화옥탄산(PFOA), 과불화옥탄술폰산(PFOS), 과불화헥산술폰산(PFHxS), 구리, 나프탈렌, 납, 노말헥산추출물질(동·식물 유지류), 니켈, 다이에틸헥실아디페이트, 다이에틸헥실프탈레이트, 다이클로로메탄, 망간, 바륨, 벤젠, 부유물질, 불소화합물
[23:24:04] BuildItemLines → 17행
[23:24:04] ApplyCheckStates: CheckPanel항목=67개
[23:24:04] ApplyCheckStates 완료: 컬럼매칭=65  체크됨=17
[23:24:06] === ShowIssue rowid=328  ㈜LG화학 여수-화치  5/26 LG화치 생독,총인 2EA ===
[23:24:06] row 컬럼수=715
[23:24:06] 항목 컬럼 후보(567개): 1,1-다이클로로에틸렌, 1,2-다이클로로에탄, 1,4-다이옥산, 6가크롬, 과불화옥탄산(PFOA), 과불화옥탄술폰산(PFOS), 과불화헥산술폰산(PFHxS), 구리, 나프탈렌, 납, 노말헥산추출물질(동·식물 유지류), 니켈, 다이에틸헥실아디페이트, 다이에틸헥실프탈레이트, 다이클로로메탄, 망간, 바륨, 벤젠, 부유물질, 불소화합물
[23:24:06] BuildItemLines → 2행
[23:24:06] ApplyCheckStates: CheckPanel항목=67개
[23:24:06] ApplyCheckStates 완료: 컬럼매칭=65  체크됨=2
[23:24:06] === ShowIssue rowid=327  ㈜LG화학 여수-확장  LG화학-확장단지 냉각탑 접수시료(2EA) ===
[23:24:06] row 컬럼수=715
[23:24:06] 항목 컬럼 후보(567개): 1,1-다이클로로에틸렌, 1,2-다이클로로에탄, 1,4-다이옥산, 6가크롬, 과불화옥탄산(PFOA), 과불화옥탄술폰산(PFOS), 과불화헥산술폰산(PFHxS), 구리, 나프탈렌, 납, 노말헥산추출물질(동·식물 유지류), 니켈, 다이에틸헥실아디페이트, 다이에틸헥실프탈레이트, 다이클로로메탄, 망간, 바륨, 벤젠, 부유물질, 불소화합물
[23:24:06] BuildItemLines → 1행
[23:24:06] ApplyCheckStates: CheckPanel항목=67개
[23:24:06] ApplyCheckStates 완료: 컬럼매칭=65  체크됨=1
[23:24:08] === ShowIssue rowid=326  ㈜LG화학 여수-용성  25-05-26 용성 BPA (생태독성, 총인) ===
[23:24:08] row 컬럼수=715
[23:24:08] 항목 컬럼 후보(567개): 1,1-다이클로로에틸렌, 1,2-다이클로로에탄, 1,4-다이옥산, 6가크롬, 과불화옥탄산(PFOA), 과불화옥탄술폰산(PFOS), 과불화헥산술폰산(PFHxS), 구리, 나프탈렌, 납, 노말헥산추출물질(동·식물 유지류), 니켈, 다이에틸헥실아디페이트, 다이에틸헥실프탈레이트, 다이클로로메탄, 망간, 바륨, 벤젠, 부유물질, 불소화합물
[23:24:08] BuildItemLines → 2행
[23:24:08] ApplyCheckStates: CheckPanel항목=67개
[23:24:08] ApplyCheckStates 완료: 컬럼매칭=65  체크됨=2
[23:24:09] === ShowIssue rowid=331  한화에너지㈜ 여수공장  [한화]한화에너지 5욀 의뢰시료 ===
[23:24:09] row 컬럼수=715
[23:24:09] 항목 컬럼 후보(567개): 1,1-다이클로로에틸렌, 1,2-다이클로로에탄, 1,4-다이옥산, 6가크롬, 과불화옥탄산(PFOA), 과불화옥탄술폰산(PFOS), 과불화헥산술폰산(PFHxS), 구리, 나프탈렌, 납, 노말헥산추출물질(동·식물 유지류), 니켈, 다이에틸헥실아디페이트, 다이에틸헥실프탈레이트, 다이클로로메탄, 망간, 바륨, 벤젠, 부유물질, 불소화합물
[23:24:09] BuildItemLines → 27행
[23:24:09] ApplyCheckStates: CheckPanel항목=67개
[23:24:09] ApplyCheckStates 완료: 컬럼매칭=65  체크됨=27
[23:24:10] === ShowIssue rowid=332  리뉴어스주식회사-익산사업소  특정수질유해물질 32종 단가 견적 ===
[23:24:10] row 컬럼수=715
[23:24:10] 항목 컬럼 후보(567개): 1,1-다이클로로에틸렌, 1,2-다이클로로에탄, 1,4-다이옥산, 6가크롬, 과불화옥탄산(PFOA), 과불화옥탄술폰산(PFOS), 과불화헥산술폰산(PFHxS), 구리, 나프탈렌, 납, 노말헥산추출물질(동·식물 유지류), 니켈, 다이에틸헥실아디페이트, 다이에틸헥실프탈레이트, 다이클로로메탄, 망간, 바륨, 벤젠, 부유물질, 불소화합물
[23:24:10] BuildItemLines → 32행
[23:24:10] ApplyCheckStates: CheckPanel항목=67개
[23:24:10] ApplyCheckStates 완료: 컬럼매칭=65  체크됨=32
[23:24:11] === ShowIssue rowid=333  (주)LG화학 생명과학 익산공장  (주)LG화학 생명과학 익산공장-수질분석 견적(2025년도 상반기)-1_원폐수, 최종방류수 ===
[23:24:11] row 컬럼수=715
[23:24:11] 항목 컬럼 후보(567개): 1,1-다이클로로에틸렌, 1,2-다이클로로에탄, 1,4-다이옥산, 6가크롬, 과불화옥탄산(PFOA), 과불화옥탄술폰산(PFOS), 과불화헥산술폰산(PFHxS), 구리, 나프탈렌, 납, 노말헥산추출물질(동·식물 유지류), 니켈, 다이에틸헥실아디페이트, 다이에틸헥실프탈레이트, 다이클로로메탄, 망간, 바륨, 벤젠, 부유물질, 불소화합물
[23:24:11] BuildItemLines → 61행
[23:24:11] ApplyCheckStates: CheckPanel항목=67개
[23:24:11] ApplyCheckStates 완료: 컬럼매칭=65  체크됨=61
[23:24:11] === ShowIssue rowid=326  ㈜LG화학 여수-용성  25-05-26 용성 BPA (생태독성, 총인) ===
[23:24:11] row 컬럼수=715
[23:24:11] 항목 컬럼 후보(567개): 1,1-다이클로로에틸렌, 1,2-다이클로로에탄, 1,4-다이옥산, 6가크롬, 과불화옥탄산(PFOA), 과불화옥탄술폰산(PFOS), 과불화헥산술폰산(PFHxS), 구리, 나프탈렌, 납, 노말헥산추출물질(동·식물 유지류), 니켈, 다이에틸헥실아디페이트, 다이에틸헥실프탈레이트, 다이클로로메탄, 망간, 바륨, 벤젠, 부유물질, 불소화합물
[23:24:11] BuildItemLines → 2행
[23:24:11] ApplyCheckStates: CheckPanel항목=67개
[23:24:11] ApplyCheckStates 완료: 컬럼매칭=65  체크됨=2
[23:24:17] === ShowIssue rowid=325  ㈜LG화학 여수-용성  25-05-27 용성 4AA (생태독성, 총인) ===
[23:24:17] row 컬럼수=715
[23:24:17] 항목 컬럼 후보(567개): 1,1-다이클로로에틸렌, 1,2-다이클로로에탄, 1,4-다이옥산, 6가크롬, 과불화옥탄산(PFOA), 과불화옥탄술폰산(PFOS), 과불화헥산술폰산(PFHxS), 구리, 나프탈렌, 납, 노말헥산추출물질(동·식물 유지류), 니켈, 다이에틸헥실아디페이트, 다이에틸헥실프탈레이트, 다이클로로메탄, 망간, 바륨, 벤젠, 부유물질, 불소화합물
[23:24:17] BuildItemLines → 2행
[23:24:17] ApplyCheckStates: CheckPanel항목=67개
[23:24:17] ApplyCheckStates 완료: 컬럼매칭=65  체크됨=2
[23:24:18] === ShowIssue rowid=320  ㈜LG화학 여수-용성  25-05-30 용성 BPA, 4AA (생태독성, 총인) ===
[23:24:18] row 컬럼수=715
[23:24:18] 항목 컬럼 후보(567개): 1,1-다이클로로에틸렌, 1,2-다이클로로에탄, 1,4-다이옥산, 6가크롬, 과불화옥탄산(PFOA), 과불화옥탄술폰산(PFOS), 과불화헥산술폰산(PFHxS), 구리, 나프탈렌, 납, 노말헥산추출물질(동·식물 유지류), 니켈, 다이에틸헥실아디페이트, 다이에틸헥실프탈레이트, 다이클로로메탄, 망간, 바륨, 벤젠, 부유물질, 불소화합물
[23:24:18] BuildItemLines → 2행
[23:24:18] ApplyCheckStates: CheckPanel항목=67개
[23:24:18] ApplyCheckStates 완료: 컬럼매칭=65  체크됨=2
[23:24:19] === ShowIssue rowid=322  보임열병합발전㈜  2025년 상반기 견적서(4EA) ===
[23:24:19] row 컬럼수=715
[23:24:19] 항목 컬럼 후보(567개): 1,1-다이클로로에틸렌, 1,2-다이클로로에탄, 1,4-다이옥산, 6가크롬, 과불화옥탄산(PFOA), 과불화옥탄술폰산(PFOS), 과불화헥산술폰산(PFHxS), 구리, 나프탈렌, 납, 노말헥산추출물질(동·식물 유지류), 니켈, 다이에틸헥실아디페이트, 다이에틸헥실프탈레이트, 다이클로로메탄, 망간, 바륨, 벤젠, 부유물질, 불소화합물
[23:24:19] BuildItemLines → 36행
[23:24:19] ApplyCheckStates: CheckPanel항목=67개
[23:24:19] ApplyCheckStates 완료: 컬럼매칭=65  체크됨=36
[23:24:20] === ShowIssue rowid=319  리뉴어스주식회사  아산폐수사업소 요청 견적서 ===
[23:24:20] row 컬럼수=715
[23:24:20] 항목 컬럼 후보(567개): 1,1-다이클로로에틸렌, 1,2-다이클로로에탄, 1,4-다이옥산, 6가크롬, 과불화옥탄산(PFOA), 과불화옥탄술폰산(PFOS), 과불화헥산술폰산(PFHxS), 구리, 나프탈렌, 납, 노말헥산추출물질(동·식물 유지류), 니켈, 다이에틸헥실아디페이트, 다이에틸헥실프탈레이트, 다이클로로메탄, 망간, 바륨, 벤젠, 부유물질, 불소화합물
[23:24:20] BuildItemLines → 15행
[23:24:20] ApplyCheckStates: CheckPanel항목=67개
[23:24:20] ApplyCheckStates 완료: 컬럼매칭=65  체크됨=15
