[00:39:28] 훈련 데이터 저장: 48건, 12종
[00:39:29] Python 훈련 오류
[00:40:58] 훈련 데이터 저장: 48건, 12종
[00:41:37] Python 훈련 오류
[00:44:14] 훈련 데이터 저장: 48건, 12종
[00:44:18] 시그니처 DB 빌드 완료: 9건
[00:44:18] ONNX 학습 완료
[00:47:51] 파일 저장: 2026.04.09 (처리장-샘플테이블).txt → UVVIS
[00:47:52] 파일 저장: 2026.04.09 (처리장-검량선).txt → UVVIS
[00:47:53] 파일 저장: 2026.04.09 (처리장).pdf → UVVIS
[00:48:26] 파일 저장: 2026.04.09 (처리장-샘플테이블).txt → UVVIS
[00:48:28] 파일 저장: 2026.04.09 (처리장-검량선).txt → UVVIS
[00:48:31] 파일 저장: 2026.04.09 (처리장).pdf → UVVIS
[00:48:41] 파일 저장: 2026.01.15 (측대).pdf → UVVIS
[00:48:43] 파일 저장: 2026.01.15 (측대-샘플테이블).txt → UVVIS
[00:48:45] 파일 저장: 2026.01.15 (측대-검량선).txt → UVVIS
[00:49:21] 파일 저장: 2025.11.19. (측대-샘플테이블).txt → UVVIS
[00:49:23] 파일 저장: 2025.11.19. (측대-검량선).txt → UVVIS
[00:49:25] 파일 저장: 2026.03.27. (측대-샘플테이블).txt → UVVIS
[00:49:28] 파일 저장: 2026.03.27. (측대-검량선).txt → UVVIS
[00:49:29] 파일 저장: 2026.03.19. (측대-샘플테이블).txt → UVVIS
[00:49:30] 파일 저장: 2026.03.19. (측대-검량선).txt → UVVIS
[00:49:32] 파일 저장: 2026.03.03. (측대-샘플테이블).txt → UVVIS
[00:49:33] 파일 저장: 2026.03.03. (측대-검량선).txt → UVVIS
[00:49:35] 파일 저장: 2026.02.12. (측대-샘플테이블).txt → UVVIS
[00:49:36] 파일 저장: 2026.02.12. (측대-검량선).txt → UVVIS
[00:49:38] 파일 저장: 2026.02.09. (측대-샘플테이블).txt → UVVIS
[00:49:39] 파일 저장: 2026.02.09. (측대-검량선).txt → UVVIS
[00:49:41] 파일 저장: 2026.04.01(샘플테이블).txt → UVVIS
[00:49:44] 파일 저장: 2026.04.01(검량선).txt → UVVIS
[00:49:46] 파일 저장: 2026.03.27(샘플테이블).txt → UVVIS
[00:49:48] 파일 저장: 2026.03.27(검량선).txt → UVVIS
[00:49:50] 파일 저장: 2026.03.25(샘플테이블).txt → UVVIS
[00:49:51] 파일 저장: 2026.03.25(검량선).txt → UVVIS
[00:49:53] 파일 저장: 2026.03.23(샘플테이블).txt → UVVIS
[00:49:54] 파일 저장: 2026.03.23(검량선).txt → UVVIS
[00:49:56] 파일 저장: 2026.03.19(샘플테이블).txt → UVVIS
[00:49:58] 파일 저장: 2026.03.19(검량선).txt → UVVIS
[00:50:00] 파일 저장: 2026.03.13(샘플테이블).txt → UVVIS
[00:50:01] 파일 저장: 2026.03.13(검량선).txt → UVVIS
[00:50:02] 파일 저장: 2026.03.12(샘플테이블).txt → UVVIS
[00:50:04] 파일 저장: 2026.03.12(검량선).txt → UVVIS
[00:50:06] 파일 저장: 2026.02.27(샘플테이블).txt → UVVIS
[00:50:07] 파일 저장: 2026.03.09(샘플테이블).txt → UVVIS
[00:50:09] 파일 저장: 2026.03.09(검량선).txt → UVVIS
[00:50:10] 파일 저장: 2026.02.27(검량선).txt → UVVIS
[00:50:12] 파일 저장: 2026.02.25(샘플테이블).txt → UVVIS
[00:50:14] 파일 저장: 2026.02.25(검량선).txt → UVVIS
[00:50:16] 파일 저장: 2026.02.24(샘플테이블).txt → UVVIS
[00:50:17] 파일 저장: 2026.02.24(검량선).txt → UVVIS
[00:50:19] 파일 저장: 2026.02.20(샘플테이블).txt → UVVIS
[00:50:21] 파일 저장: 2026.02.20(검량선).txt → UVVIS
[00:50:22] 파일 저장: 2026.02.13(샘플테이블).txt → UVVIS
[00:50:24] 파일 저장: 2026.02.13(검량선).txt → UVVIS
[00:50:26] 파일 저장: 2026.02.06(샘플테이블).txt → UVVIS
[00:50:27] 파일 저장: 2026.02.06(검량선).txt → UVVIS
[00:50:29] 파일 저장: 2026.03.23 추출법.pdf → UVVIS
[00:50:31] 파일 저장: 2026.03.12 추출법.pdf → UVVIS
[00:50:33] 파일 저장: 2026.04.01 추출법.pdf → UVVIS
[00:50:34] 파일 저장: 2026.03.27 추출법.pdf → UVVIS
[00:50:36] 파일 저장: 2026.03.25 추출법.pdf → UVVIS
[00:50:37] 파일 저장: 2026.03.13 추출법.pdf → UVVIS
[00:50:40] 파일 저장: 2026.03.09 추출법.pdf → UVVIS
[00:50:41] 파일 저장: 2026.03.19 추출법.pdf → UVVIS
[00:50:43] 파일 저장: 2026.03.27. (측대).pdf → UVVIS
[00:50:44] 파일 저장: 2026.03.19. (측대).pdf → UVVIS
[00:50:46] 파일 저장: 2026.03.03. (측대).pdf → UVVIS
[00:50:48] 파일 저장: 2026.02.27 추출법.pdf → UVVIS
[00:50:50] 파일 저장: 2026.02.12. (측대).pdf → UVVIS
[00:50:51] 파일 저장: 2026.02.25 추출법.pdf → UVVIS
[00:50:54] 파일 저장: 2026.02.24 추출법.pdf → UVVIS
[00:50:56] 파일 저장: 2026.02.09. (측대).pdf → UVVIS
[00:50:58] 파일 저장: 2026.02.20 추출법.pdf → UVVIS
[00:51:00] 파일 저장: 2026.02.13 추출법.pdf → UVVIS
[00:51:01] 파일 저장: 2026.02.06 추출법.pdf → UVVIS
[00:51:03] 파일 저장: 2025.11.19. (측대).pdf → UVVIS
[00:51:31] 훈련 데이터 저장: 117건, 13종
[00:51:34] 시그니처 DB 빌드 완료: 10건
[00:51:35] ONNX 학습 완료
