[23:57:20] [Contract] LoadData() 시작
[23:57:20] [Contract] 로드 완료 → 14건 (현행)
[23:57:20] [Contract] LoadData() 시작
[23:57:20] [Contract] 로드 완료 → 14건 (현행)
[23:57:21] [Contract] 선택: ㈜LG화학 여수-용성
[23:57:25] [Contract] 선택: ㈜한화 여수사업장
[23:58:02] [Contract] LoadData() 시작
[23:58:02] [Contract] 로드 완료 → 14건 (현행)
[23:58:02] [Contract] LoadData() 시작
[23:58:02] [Contract] 로드 완료 → 14건 (현행)
[23:58:03] [Contract] 선택: ㈜LG화학 나주
[23:58:05] [Contract] 선택: ㈜LG화학 여수-용성
[23:58:08] [Contract] 선택: ㈜LG화학 여수-화치
[23:58:16] [Contract] 선택: ㈜한화 여수사업장
[23:58:19] [Contract] 선택: ㈜LG화학 나주
[00:01:53] [Contract] LoadData() 시작
[00:01:53] [Contract] 로드 완료 → 14건 (현행)
[00:01:53] [Contract] LoadData() 시작
[00:01:53] [Contract] 로드 완료 → 14건 (현행)
[00:01:53] [Contract] 선택: ㈜LG화학 나주
[00:02:13] [Contract] 선택: ㈜LG화학 여수-확장
[00:02:13] [Contract] 선택: ㈜LG화학 여수-화치
[00:02:14] [Contract] 선택: ㈜LG화학 여수-적량
