Avalonia.Data.Core.ExpressionParseException: Expected ','.
   at Avalonia.Markup.Parsers.ArgumentListParser.ParseArguments(CharacterReader& r, Char open, Char close, Char delimiter)
   at Avalonia.Markup.Parsers.BindingExpressionGrammar.ParseIndexer(CharacterReader& r, List`1 nodes)
   at Avalonia.Markup.Parsers.BindingExpressionGrammar.Parse(CharacterReader& r, List`1 nodes)
   at Avalonia.Markup.Parsers.BindingExpressionGrammar.ParseToPooledList(CharacterReader& r)
   at Avalonia.Data.Binding.InstanceCore(AvaloniaProperty targetProperty, AvaloniaObject target, Object anchor, Boolean enableDataValidation)
   at Avalonia.Data.Binding.Instance(AvaloniaObject target, AvaloniaProperty targetProperty, Object anchor)
   at Avalonia.AvaloniaObject.Bind(AvaloniaProperty property, IBinding binding, Object anchor)
   at Avalonia.Controls.DataGridTextColumn.GenerateElement(DataGridCell cell, Object dataItem)
   at Avalonia.Controls.DataGridColumn.GenerateElementInternal(DataGridCell cell, Object dataItem)
   at Avalonia.Controls.DataGrid.PopulateCellContent(Boolean isCellEdited, DataGridColumn dataGridColumn, DataGridRow dataGridRow, DataGridCell dataGridCell)
   at Avalonia.Controls.DataGrid.AddNewCellPrivate(DataGridRow row, DataGridColumn column)
   at Avalonia.Controls.DataGrid.CompleteCellsCollection(DataGridRow dataGridRow)
   at Avalonia.Controls.DataGrid.GenerateRow(Int32 rowIndex, Int32 slot, Object dataContext)
   at Avalonia.Controls.DataGrid.GenerateRow(Int32 rowIndex, Int32 slot)
   at Avalonia.Controls.DataGrid.AddSlots(Int32 totalSlots)
   at Avalonia.Controls.DataGrid.RefreshRows(Boolean recycleRows, Boolean clearRows)
   at Avalonia.Controls.DataGrid.RefreshRowsAndColumns(Boolean clearRows)
   at Avalonia.Controls.DataGrid.MeasureOverride(Size availableSize)
   at Avalonia.Layout.Layoutable.MeasureCore(Size availableSize)
   at Avalonia.Layout.Layoutable.Measure(Size availableSize)
   at Avalonia.Controls.Grid.MeasureCell(Int32 cell, Boolean forceInfinityV)
   at Avalonia.Controls.Grid.MeasureCellsGroup(Int32 cellsHead, Boolean ignoreDesiredSizeU, Boolean forceInfinityV, Boolean& hasDesiredSizeUChanged)
   at Avalonia.Controls.Grid.MeasureOverride(Size constraint)
   at Avalonia.Layout.Layoutable.MeasureCore(Size availableSize)
   at Avalonia.Layout.Layoutable.Measure(Size availableSize)
   at Avalonia.Layout.LayoutManager.Measure(Layoutable control)
   at Avalonia.Layout.LayoutManager.Measure(Layoutable control)
   at Avalonia.Layout.LayoutManager.Measure(Layoutable control)
   at Avalonia.Layout.LayoutManager.Measure(Layoutable control)
   at Avalonia.Layout.LayoutManager.Measure(Layoutable control)
   at Avalonia.Layout.LayoutManager.ExecuteMeasurePass()
   at Avalonia.Layout.LayoutManager.ExecuteLayoutPass()
   at Avalonia.Media.MediaContext.FireInvokeOnRenderCallbacks()
   at Avalonia.Media.MediaContext.RenderCore()
   at Avalonia.Media.MediaContext.Render()
   at Avalonia.Threading.DispatcherOperation.InvokeCore()
   at Avalonia.Threading.DispatcherOperation.Execute()
   at Avalonia.Threading.Dispatcher.ExecuteJob(DispatcherOperation job)
   at Avalonia.Threading.Dispatcher.ExecuteJobsCore(Boolean fromExplicitBackgroundProcessingCallback)
   at Avalonia.Threading.Dispatcher.Signaled()
   at Avalonia.Native.Interop.Impl.__MicroComIAvnPlatformThreadingInterfaceEventsVTable.Signaled(Void* this)
--- End of stack trace from previous location ---
   at Avalonia.Native.DispatcherImpl.RunLoop(CancellationToken token)
   at Avalonia.Threading.DispatcherFrame.Run(IControlledDispatcherImpl impl)
   at Avalonia.Threading.Dispatcher.PushFrame(DispatcherFrame frame)
   at Avalonia.Threading.Dispatcher.MainLoop(CancellationToken cancellationToken)
   at Avalonia.Controls.ApplicationLifetimes.ClassicDesktopStyleApplicationLifetime.StartCore(String[] args)
   at Avalonia.Controls.ApplicationLifetimes.ClassicDesktopStyleApplicationLifetime.Start(String[] args)
   at Avalonia.ClassicDesktopStyleApplicationLifetimeExtensions.StartWithClassicDesktopLifetime(AppBuilder builder, String[] args, Action`1 lifetimeBuilder)
   at ETA.Program.Main(String[] args) in /Users/azrael/Documents/ETA/Program.cs:line 69