[13:07:11] [FacilityMigration] [진단] BOD있고 TOC없는 행: 30건 (상위30), NPOC SN수=2330, TCIC SN수=3414
[13:07:11] [FacilityMigration]   2026-04-13 SN=[04-13-01] clean=[04-13-01] 업체=티케이지휴켐스㈜ NPOC=False TCIC=False
[13:07:11] [FacilityMigration]   2026-03-31 SN=[[세풍]03-31-01] clean=[03-31-01] 업체=CIS케미칼 NPOC=False TCIC=False
[13:07:11] [FacilityMigration]   2026-03-31 SN=[[율촌]03-31-02] clean=[03-31-02] 업체=포스코 필바라 리튬솔루션 NPOC=False TCIC=False
[13:07:11] [FacilityMigration]   2026-03-31 SN=[[율촌]03-31-01] clean=[03-31-01] 업체=포스코에이치와이클린메탈㈜ NPOC=False TCIC=False
[13:07:11] [FacilityMigration]   2026-03-31 SN=[03-31-01] clean=[03-31-01] 업체=금호미쓰이화학㈜ NPOC=False TCIC=False
[13:07:11] [FacilityMigration]   2026-03-25 SN=[03-25-09] clean=[03-25-09] 업체=금호석유화학㈜[AU공장] NPOC=False TCIC=False
[13:07:11] [FacilityMigration]   2026-03-25 SN=[03-25-08] clean=[03-25-08] 업체=금호석유화학㈜[제2열병합발전소] NPOC=False TCIC=False
[13:07:11] [FacilityMigration]   2026-03-25 SN=[03-25-07] clean=[03-25-07] 업체=에어리퀴드코리아㈜ NPOC=False TCIC=False
[13:07:11] [FacilityMigration]   2026-03-25 SN=[03-25-06] clean=[03-25-06] 업체=금호석유화학㈜정밀화학AU공장 NPOC=False TCIC=False
[13:07:11] [FacilityMigration]   2026-03-25 SN=[03-25-05] clean=[03-25-05] 업체=한화솔루션㈜폴리실리콘 NPOC=False TCIC=False
[13:07:11] [FacilityMigration]   2026-03-25 SN=[03-25-04] clean=[03-25-04] 업체=금호석유화학㈜[1공장] NPOC=False TCIC=False
[13:07:11] [FacilityMigration]   2026-03-25 SN=[03-25-03] clean=[03-25-03] 업체=금호피앤비화학㈜ NPOC=False TCIC=False
[13:07:11] [FacilityMigration]   2026-03-25 SN=[03-25-02] clean=[03-25-02] 업체=㈜엘지화학 NPOC=False TCIC=False
[13:07:11] [FacilityMigration]   2026-03-25 SN=[03-25-01] clean=[03-25-01] 업체=금호폴리켐㈜여수1공장 NPOC=False TCIC=False
[13:07:11] [FacilityMigration]   2026-03-19 SN=[03-19-12] clean=[03-19-12] 업체=한국동서발전㈜ 신호남건설추진본부 NPOC=False TCIC=False
[13:07:11] [FacilityMigration] [진단] TOC: BOD있고 비어있음=1517건, TOC_TCIC_DATA SN수=3414
[13:07:11] [FacilityMigration] [진단] T-N: BOD있고 비어있음=1336건, TN_DATA SN수=4732
[13:07:11] [FacilityMigration] [진단] T-P: BOD있고 비어있음=1307건, TP_DATA SN수=4784
[13:07:11] [FacilityMigration] [진단] SS: BOD있고 비어있음=205건, SS_DATA SN수=4337
[13:07:11] [FacilityMigration] [진단] N-Hexan: BOD있고 비어있음=143건, NHexan_DATA SN수=4215
[13:07:11] [FacilityMigration] [진단] Phenols: BOD있고 비어있음=2157건, Phenols_DATA SN수=4790
[13:07:11] [FacilityMigration] [진단] SN=04-06-09 (2026-04-06): T-N 없음, DATA 존재: BOD_DATA(1), SS_DATA(1), TOC_NPOC_DATA(1), TOC_TCIC_DATA(1)
[13:07:11] [FacilityMigration] [진단] SN=04-06-08 (2026-04-06): T-N 없음, DATA 존재: BOD_DATA(2), SS_DATA(2), TOC_NPOC_DATA(1), TOC_TCIC_DATA(1)
[13:07:11] [FacilityMigration] [진단] SN=04-06-07 (2026-04-06): T-N 없음, DATA 존재: BOD_DATA(1), TP_DATA(1), SS_DATA(1), TOC_NPOC_DATA(1), TOC_TCIC_DATA(1)
[13:07:11] [FacilityMigration] [진단] SN=04-06-06 (2026-04-06): T-N 없음, DATA 존재: BOD_DATA(1), TP_DATA(1), SS_DATA(1), TOC_NPOC_DATA(1), TOC_TCIC_DATA(1)
[13:07:11] [FacilityMigration] [진단] SN=03-20-13 (2026-03-20): T-N 없음, DATA 존재: BOD_DATA(3), SS_DATA(3), TOC_NPOC_DATA(3), TOC_TCIC_DATA(2)
[13:07:11] [FacilityMigration] DATA 마이그레이션 스킵 (BOD 8572건 존재)
[13:07:23] [FacilityMigration] [진단] BOD있고 TOC없는 행: 30건 (상위30), NPOC SN수=2330, TCIC SN수=3414
[13:07:23] [FacilityMigration]   2026-04-13 SN=[04-13-01] clean=[04-13-01] 업체=티케이지휴켐스㈜ NPOC=False TCIC=False
[13:07:23] [FacilityMigration]   2026-03-31 SN=[[세풍]03-31-01] clean=[03-31-01] 업체=CIS케미칼 NPOC=False TCIC=False
[13:07:23] [FacilityMigration]   2026-03-31 SN=[[율촌]03-31-02] clean=[03-31-02] 업체=포스코 필바라 리튬솔루션 NPOC=False TCIC=False
[13:07:23] [FacilityMigration]   2026-03-31 SN=[[율촌]03-31-01] clean=[03-31-01] 업체=포스코에이치와이클린메탈㈜ NPOC=False TCIC=False
[13:07:23] [FacilityMigration]   2026-03-31 SN=[03-31-01] clean=[03-31-01] 업체=금호미쓰이화학㈜ NPOC=False TCIC=False
[13:07:23] [FacilityMigration]   2026-03-25 SN=[03-25-09] clean=[03-25-09] 업체=금호석유화학㈜[AU공장] NPOC=False TCIC=False
[13:07:23] [FacilityMigration]   2026-03-25 SN=[03-25-08] clean=[03-25-08] 업체=금호석유화학㈜[제2열병합발전소] NPOC=False TCIC=False
[13:07:23] [FacilityMigration]   2026-03-25 SN=[03-25-07] clean=[03-25-07] 업체=에어리퀴드코리아㈜ NPOC=False TCIC=False
[13:07:23] [FacilityMigration]   2026-03-25 SN=[03-25-06] clean=[03-25-06] 업체=금호석유화학㈜정밀화학AU공장 NPOC=False TCIC=False
[13:07:23] [FacilityMigration]   2026-03-25 SN=[03-25-05] clean=[03-25-05] 업체=한화솔루션㈜폴리실리콘 NPOC=False TCIC=False
[13:07:23] [FacilityMigration]   2026-03-25 SN=[03-25-04] clean=[03-25-04] 업체=금호석유화학㈜[1공장] NPOC=False TCIC=False
[13:07:23] [FacilityMigration]   2026-03-25 SN=[03-25-03] clean=[03-25-03] 업체=금호피앤비화학㈜ NPOC=False TCIC=False
[13:07:23] [FacilityMigration]   2026-03-25 SN=[03-25-02] clean=[03-25-02] 업체=㈜엘지화학 NPOC=False TCIC=False
[13:07:23] [FacilityMigration]   2026-03-25 SN=[03-25-01] clean=[03-25-01] 업체=금호폴리켐㈜여수1공장 NPOC=False TCIC=False
[13:07:23] [FacilityMigration]   2026-03-19 SN=[03-19-12] clean=[03-19-12] 업체=한국동서발전㈜ 신호남건설추진본부 NPOC=False TCIC=False
[13:07:23] [FacilityMigration] [진단] TOC: BOD있고 비어있음=1517건, TOC_TCIC_DATA SN수=3414
[13:07:23] [FacilityMigration] [진단] T-N: BOD있고 비어있음=1336건, TN_DATA SN수=4732
[13:07:23] [FacilityMigration] [진단] T-P: BOD있고 비어있음=1307건, TP_DATA SN수=4784
[13:07:23] [FacilityMigration] [진단] SS: BOD있고 비어있음=205건, SS_DATA SN수=4337
[13:07:23] [FacilityMigration] [진단] N-Hexan: BOD있고 비어있음=143건, NHexan_DATA SN수=4215
[13:07:23] [FacilityMigration] [진단] Phenols: BOD있고 비어있음=2157건, Phenols_DATA SN수=4790
[13:07:23] [FacilityMigration] [진단] SN=04-06-09 (2026-04-06): T-N 없음, DATA 존재: BOD_DATA(1), SS_DATA(1), TOC_NPOC_DATA(1), TOC_TCIC_DATA(1)
[13:07:23] [FacilityMigration] [진단] SN=04-06-08 (2026-04-06): T-N 없음, DATA 존재: BOD_DATA(2), SS_DATA(2), TOC_NPOC_DATA(1), TOC_TCIC_DATA(1)
[13:07:23] [FacilityMigration] [진단] SN=04-06-07 (2026-04-06): T-N 없음, DATA 존재: BOD_DATA(1), TP_DATA(1), SS_DATA(1), TOC_NPOC_DATA(1), TOC_TCIC_DATA(1)
[13:07:23] [FacilityMigration] [진단] SN=04-06-06 (2026-04-06): T-N 없음, DATA 존재: BOD_DATA(1), TP_DATA(1), SS_DATA(1), TOC_NPOC_DATA(1), TOC_TCIC_DATA(1)
[13:07:23] [FacilityMigration] [진단] SN=03-20-13 (2026-03-20): T-N 없음, DATA 존재: BOD_DATA(3), SS_DATA(3), TOC_NPOC_DATA(3), TOC_TCIC_DATA(2)
[13:07:23] [FacilityMigration] DATA 마이그레이션 스킵 (BOD 8572건 존재)
[13:08:04] [FacilityMigration] [진단] BOD있고 TOC없는 행: 30건 (상위30), NPOC SN수=2330, TCIC SN수=3414
[13:08:04] [FacilityMigration]   2026-04-13 SN=[04-13-01] clean=[04-13-01] 업체=티케이지휴켐스㈜ NPOC=False TCIC=False
[13:08:04] [FacilityMigration]   2026-03-31 SN=[[세풍]03-31-01] clean=[03-31-01] 업체=CIS케미칼 NPOC=False TCIC=False
[13:08:04] [FacilityMigration]   2026-03-31 SN=[[율촌]03-31-02] clean=[03-31-02] 업체=포스코 필바라 리튬솔루션 NPOC=False TCIC=False
[13:08:04] [FacilityMigration]   2026-03-31 SN=[[율촌]03-31-01] clean=[03-31-01] 업체=포스코에이치와이클린메탈㈜ NPOC=False TCIC=False
[13:08:04] [FacilityMigration]   2026-03-31 SN=[03-31-01] clean=[03-31-01] 업체=금호미쓰이화학㈜ NPOC=False TCIC=False
[13:08:04] [FacilityMigration]   2026-03-25 SN=[03-25-09] clean=[03-25-09] 업체=금호석유화학㈜[AU공장] NPOC=False TCIC=False
[13:08:04] [FacilityMigration]   2026-03-25 SN=[03-25-08] clean=[03-25-08] 업체=금호석유화학㈜[제2열병합발전소] NPOC=False TCIC=False
[13:08:04] [FacilityMigration]   2026-03-25 SN=[03-25-07] clean=[03-25-07] 업체=에어리퀴드코리아㈜ NPOC=False TCIC=False
[13:08:04] [FacilityMigration]   2026-03-25 SN=[03-25-06] clean=[03-25-06] 업체=금호석유화학㈜정밀화학AU공장 NPOC=False TCIC=False
[13:08:04] [FacilityMigration]   2026-03-25 SN=[03-25-05] clean=[03-25-05] 업체=한화솔루션㈜폴리실리콘 NPOC=False TCIC=False
[13:08:04] [FacilityMigration]   2026-03-25 SN=[03-25-04] clean=[03-25-04] 업체=금호석유화학㈜[1공장] NPOC=False TCIC=False
[13:08:04] [FacilityMigration]   2026-03-25 SN=[03-25-03] clean=[03-25-03] 업체=금호피앤비화학㈜ NPOC=False TCIC=False
[13:08:04] [FacilityMigration]   2026-03-25 SN=[03-25-02] clean=[03-25-02] 업체=㈜엘지화학 NPOC=False TCIC=False
[13:08:04] [FacilityMigration]   2026-03-25 SN=[03-25-01] clean=[03-25-01] 업체=금호폴리켐㈜여수1공장 NPOC=False TCIC=False
[13:08:04] [FacilityMigration]   2026-03-19 SN=[03-19-12] clean=[03-19-12] 업체=한국동서발전㈜ 신호남건설추진본부 NPOC=False TCIC=False
[13:08:04] [FacilityMigration] [진단] TOC: BOD있고 비어있음=1517건, TOC_TCIC_DATA SN수=3414
[13:08:04] [FacilityMigration] [진단] T-N: BOD있고 비어있음=1336건, TN_DATA SN수=4732
[13:08:04] [FacilityMigration] [진단] T-P: BOD있고 비어있음=1307건, TP_DATA SN수=4784
[13:08:04] [FacilityMigration] [진단] SS: BOD있고 비어있음=205건, SS_DATA SN수=4337
[13:08:04] [FacilityMigration] [진단] N-Hexan: BOD있고 비어있음=143건, NHexan_DATA SN수=4215
[13:08:04] [FacilityMigration] [진단] Phenols: BOD있고 비어있음=2157건, Phenols_DATA SN수=4790
[13:08:04] [FacilityMigration] [진단] SN=04-06-09 (2026-04-06): T-N 없음, DATA 존재: BOD_DATA(1), SS_DATA(1), TOC_NPOC_DATA(1), TOC_TCIC_DATA(1)
[13:08:04] [FacilityMigration] [진단] SN=04-06-08 (2026-04-06): T-N 없음, DATA 존재: BOD_DATA(2), SS_DATA(2), TOC_NPOC_DATA(1), TOC_TCIC_DATA(1)
[13:08:04] [FacilityMigration] [진단] SN=04-06-07 (2026-04-06): T-N 없음, DATA 존재: BOD_DATA(1), TP_DATA(1), SS_DATA(1), TOC_NPOC_DATA(1), TOC_TCIC_DATA(1)
[13:08:04] [FacilityMigration] [진단] SN=04-06-06 (2026-04-06): T-N 없음, DATA 존재: BOD_DATA(1), TP_DATA(1), SS_DATA(1), TOC_NPOC_DATA(1), TOC_TCIC_DATA(1)
[13:08:04] [FacilityMigration] [진단] SN=03-20-13 (2026-03-20): T-N 없음, DATA 존재: BOD_DATA(3), SS_DATA(3), TOC_NPOC_DATA(3), TOC_TCIC_DATA(2)
[13:08:04] [FacilityMigration] DATA 마이그레이션 스킵 (BOD 8572건 존재)
[13:08:08] [FacilityMigration] [진단] BOD있고 TOC없는 행: 30건 (상위30), NPOC SN수=2330, TCIC SN수=3414
[13:08:08] [FacilityMigration]   2026-04-13 SN=[04-13-01] clean=[04-13-01] 업체=티케이지휴켐스㈜ NPOC=False TCIC=False
[13:08:08] [FacilityMigration]   2026-03-31 SN=[[세풍]03-31-01] clean=[03-31-01] 업체=CIS케미칼 NPOC=False TCIC=False
[13:08:08] [FacilityMigration]   2026-03-31 SN=[[율촌]03-31-02] clean=[03-31-02] 업체=포스코 필바라 리튬솔루션 NPOC=False TCIC=False
[13:08:08] [FacilityMigration]   2026-03-31 SN=[[율촌]03-31-01] clean=[03-31-01] 업체=포스코에이치와이클린메탈㈜ NPOC=False TCIC=False
[13:08:08] [FacilityMigration]   2026-03-31 SN=[03-31-01] clean=[03-31-01] 업체=금호미쓰이화학㈜ NPOC=False TCIC=False
[13:08:08] [FacilityMigration]   2026-03-25 SN=[03-25-09] clean=[03-25-09] 업체=금호석유화학㈜[AU공장] NPOC=False TCIC=False
[13:08:08] [FacilityMigration]   2026-03-25 SN=[03-25-08] clean=[03-25-08] 업체=금호석유화학㈜[제2열병합발전소] NPOC=False TCIC=False
[13:08:08] [FacilityMigration]   2026-03-25 SN=[03-25-07] clean=[03-25-07] 업체=에어리퀴드코리아㈜ NPOC=False TCIC=False
[13:08:08] [FacilityMigration]   2026-03-25 SN=[03-25-06] clean=[03-25-06] 업체=금호석유화학㈜정밀화학AU공장 NPOC=False TCIC=False
[13:08:08] [FacilityMigration]   2026-03-25 SN=[03-25-05] clean=[03-25-05] 업체=한화솔루션㈜폴리실리콘 NPOC=False TCIC=False
[13:08:08] [FacilityMigration]   2026-03-25 SN=[03-25-04] clean=[03-25-04] 업체=금호석유화학㈜[1공장] NPOC=False TCIC=False
[13:08:08] [FacilityMigration]   2026-03-25 SN=[03-25-03] clean=[03-25-03] 업체=금호피앤비화학㈜ NPOC=False TCIC=False
[13:08:08] [FacilityMigration]   2026-03-25 SN=[03-25-02] clean=[03-25-02] 업체=㈜엘지화학 NPOC=False TCIC=False
[13:08:08] [FacilityMigration]   2026-03-25 SN=[03-25-01] clean=[03-25-01] 업체=금호폴리켐㈜여수1공장 NPOC=False TCIC=False
[13:08:08] [FacilityMigration]   2026-03-19 SN=[03-19-12] clean=[03-19-12] 업체=한국동서발전㈜ 신호남건설추진본부 NPOC=False TCIC=False
[13:08:08] [FacilityMigration] [진단] TOC: BOD있고 비어있음=1517건, TOC_TCIC_DATA SN수=3414
[13:08:08] [FacilityMigration] [진단] T-N: BOD있고 비어있음=1336건, TN_DATA SN수=4732
[13:08:08] [FacilityMigration] [진단] T-P: BOD있고 비어있음=1307건, TP_DATA SN수=4784
[13:08:08] [FacilityMigration] [진단] SS: BOD있고 비어있음=205건, SS_DATA SN수=4337
[13:08:08] [FacilityMigration] [진단] N-Hexan: BOD있고 비어있음=143건, NHexan_DATA SN수=4215
[13:08:08] [FacilityMigration] [진단] Phenols: BOD있고 비어있음=2157건, Phenols_DATA SN수=4790
[13:08:08] [FacilityMigration] [진단] SN=04-06-09 (2026-04-06): T-N 없음, DATA 존재: BOD_DATA(1), SS_DATA(1), TOC_NPOC_DATA(1), TOC_TCIC_DATA(1)
[13:08:08] [FacilityMigration] [진단] SN=04-06-08 (2026-04-06): T-N 없음, DATA 존재: BOD_DATA(2), SS_DATA(2), TOC_NPOC_DATA(1), TOC_TCIC_DATA(1)
[13:08:08] [FacilityMigration] [진단] SN=04-06-07 (2026-04-06): T-N 없음, DATA 존재: BOD_DATA(1), TP_DATA(1), SS_DATA(1), TOC_NPOC_DATA(1), TOC_TCIC_DATA(1)
[13:08:08] [FacilityMigration] [진단] SN=04-06-06 (2026-04-06): T-N 없음, DATA 존재: BOD_DATA(1), TP_DATA(1), SS_DATA(1), TOC_NPOC_DATA(1), TOC_TCIC_DATA(1)
[13:08:08] [FacilityMigration] [진단] SN=03-20-13 (2026-03-20): T-N 없음, DATA 존재: BOD_DATA(3), SS_DATA(3), TOC_NPOC_DATA(3), TOC_TCIC_DATA(2)
[13:08:08] [FacilityMigration] DATA 마이그레이션 스킵 (BOD 8572건 존재)
[13:13:01] [FacilityMigration] DATA 마이그레이션 스킵 (BOD 8572건 존재)
[13:13:04] [FacilityMigration] DATA 마이그레이션 스킵 (BOD 8572건 존재)
[13:15:35] [FacilityMigration] DATA 마이그레이션 스킵 (BOD 8572건 존재)
[13:15:45] [FacilityMigration] DATA 마이그레이션 스킵 (BOD 8572건 존재)
[21:34:25] [FacilityMigration] DATA 마이그레이션 스킵 (BOD 8572건 존재)
[21:34:30] [FacilityMigration] DATA 마이그레이션 스킵 (BOD 8572건 존재)
[21:36:52] [FacilityMigration] DATA 마이그레이션 스킵 (BOD 8572건 존재)
[21:36:55] [FacilityMigration] DATA 마이그레이션 스킵 (BOD 8572건 존재)
[21:39:29] [FacilityMigration] DATA 마이그레이션 스킵 (BOD 8572건 존재)
[21:39:33] [FacilityMigration] DATA 마이그레이션 스킵 (BOD 8572건 존재)
[21:59:39] [FacilityMigration] DATA 마이그레이션 스킵 (BOD 8572건 존재)
[21:59:42] [FacilityMigration] DATA 마이그레이션 스킵 (BOD 8572건 존재)
[22:04:25] [FacilityMigration] DATA 마이그레이션 스킵 (BOD 8572건 존재)
[22:04:28] [FacilityMigration] DATA 마이그레이션 스킵 (BOD 8572건 존재)
[22:04:39] [FacilityMigration] DATA 마이그레이션 스킵 (BOD 8572건 존재)
[22:04:43] [FacilityMigration] DATA 마이그레이션 스킵 (BOD 8572건 존재)
[22:04:49] [FacilityMigration] DATA 마이그레이션 스킵 (BOD 8572건 존재)
[22:04:56] [FacilityMigration] DATA 마이그레이션 스킵 (BOD 8572건 존재)
[22:06:16] [FacilityMigration] DATA 마이그레이션 스킵 (BOD 8572건 존재)
[22:06:20] [FacilityMigration] DATA 마이그레이션 스킵 (BOD 8572건 존재)
[22:07:43] [FacilityMigration] DATA 마이그레이션 스킵 (BOD 8572건 존재)
[22:08:30] [FacilityMigration] DATA 마이그레이션 스킵 (BOD 8572건 존재)
[22:08:36] [FacilityMigration] DATA 마이그레이션 스킵 (BOD 8572건 존재)
[22:12:47] [FacilityMigration] DATA 마이그레이션 스킵 (BOD 8572건 존재)
[22:12:52] [FacilityMigration] DATA 마이그레이션 스킵 (BOD 8572건 존재)
[22:15:11] [FacilityMigration] DATA 마이그레이션 스킵 (BOD 8572건 존재)
[22:15:14] [FacilityMigration] DATA 마이그레이션 스킵 (BOD 8572건 존재)
[22:16:16] [FacilityMigration] DATA 마이그레이션 스킵 (BOD 8572건 존재)
[22:16:20] [FacilityMigration] DATA 마이그레이션 스킵 (BOD 8572건 존재)
[22:18:39] [FacilityMigration] DATA 마이그레이션 스킵 (BOD 8572건 존재)
[22:19:05] [FacilityMigration] DATA 마이그레이션 스킵 (BOD 8572건 존재)
[22:19:08] [FacilityMigration] DATA 마이그레이션 스킵 (BOD 8572건 존재)
[22:21:16] [FacilityMigration] DATA 마이그레이션 스킵 (BOD 8572건 존재)
[22:21:22] [FacilityMigration] DATA 마이그레이션 스킵 (BOD 8572건 존재)
[22:22:50] [FacilityMigration] DATA 마이그레이션 스킵 (BOD 8572건 존재)
[22:22:53] [FacilityMigration] DATA 마이그레이션 스킵 (BOD 8572건 존재)
[22:25:11] [FacilityMigration] DATA 마이그레이션 스킵 (BOD 8572건 존재)
[22:25:14] [FacilityMigration] DATA 마이그레이션 스킵 (BOD 8572건 존재)
[22:25:43] [FacilityMigration] DATA 마이그레이션 스킵 (BOD 8572건 존재)
[22:25:47] [FacilityMigration] DATA 마이그레이션 스킵 (BOD 8572건 존재)
[22:28:45] [FacilityMigration] DATA 마이그레이션 스킵 (BOD 8572건 존재)
[22:28:49] [FacilityMigration] DATA 마이그레이션 스킵 (BOD 8572건 존재)
[22:30:33] [FacilityMigration] DATA 마이그레이션 스킵 (BOD 8572건 존재)
[22:30:37] [FacilityMigration] DATA 마이그레이션 스킵 (BOD 8572건 존재)
[06:14:47] [FacilityMigration] DATA 마이그레이션 스킵 (BOD 8572건 존재)
[06:14:50] [FacilityMigration] DATA 마이그레이션 스킵 (BOD 8572건 존재)
[06:21:28] [FacilityMigration] DATA 마이그레이션 스킵 (BOD 8572건 존재)
[06:21:33] [FacilityMigration] DATA 마이그레이션 스킵 (BOD 8572건 존재)
[06:31:01] [FacilityMigration] DATA 마이그레이션 스킵 (BOD 8572건 존재)
[06:31:05] [FacilityMigration] DATA 마이그레이션 스킵 (BOD 8572건 존재)
[06:54:28] [FacilityMigration] DATA 마이그레이션 스킵 (BOD 8572건 존재)
[06:54:32] [FacilityMigration] DATA 마이그레이션 스킵 (BOD 8572건 존재)
[07:04:24] [FacilityMigration] DATA 마이그레이션 스킵 (BOD 8572건 존재)
[07:04:27] [FacilityMigration] DATA 마이그레이션 스킵 (BOD 8572건 존재)
[07:08:00] [FacilityMigration] DATA 마이그레이션 스킵 (BOD 8572건 존재)
[07:08:04] [FacilityMigration] DATA 마이그레이션 스킵 (BOD 8572건 존재)
[07:20:11] [FacilityMigration] DATA 마이그레이션 스킵 (BOD 8572건 존재)
[07:20:17] [FacilityMigration] DATA 마이그레이션 스킵 (BOD 8572건 존재)
[07:29:18] [FacilityMigration] DATA 마이그레이션 스킵 (BOD 8572건 존재)
[07:29:23] [FacilityMigration] DATA 마이그레이션 스킵 (BOD 8572건 존재)
[07:33:24] [FacilityMigration] DATA 마이그레이션 스킵 (BOD 8572건 존재)
[07:33:27] [FacilityMigration] DATA 마이그레이션 스킵 (BOD 8572건 존재)
[07:38:19] [FacilityMigration] DATA 마이그레이션 스킵 (BOD 8572건 존재)
[07:38:23] [FacilityMigration] DATA 마이그레이션 스킵 (BOD 8572건 존재)
[07:49:19] [FacilityMigration] DATA 마이그레이션 스킵 (BOD 8572건 존재)
[07:49:23] [FacilityMigration] DATA 마이그레이션 스킵 (BOD 8572건 존재)
[07:56:14] [FacilityMigration] DATA 마이그레이션 스킵 (BOD 8572건 존재)
[07:56:20] [FacilityMigration] DATA 마이그레이션 스킵 (BOD 8572건 존재)
[08:04:59] [FacilityMigration] DATA 마이그레이션 스킵 (BOD 8572건 존재)
[08:05:02] [FacilityMigration] DATA 마이그레이션 스킵 (BOD 8572건 존재)
[08:09:51] [FacilityMigration] DATA 마이그레이션 스킵 (BOD 8572건 존재)
[08:09:53] [FacilityMigration] DATA 마이그레이션 스킵 (BOD 8572건 존재)
[08:14:25] [FacilityMigration] DATA 마이그레이션 스킵 (BOD 8572건 존재)
[08:14:28] [FacilityMigration] DATA 마이그레이션 스킵 (BOD 8572건 존재)
[08:27:54] [FacilityMigration] DATA 마이그레이션 스킵 (BOD 8572건 존재)
[08:27:58] [FacilityMigration] DATA 마이그레이션 스킵 (BOD 8572건 존재)
[08:29:50] [FacilityMigration] DATA 마이그레이션 스킵 (BOD 8572건 존재)
[08:29:54] [FacilityMigration] DATA 마이그레이션 스킵 (BOD 8572건 존재)
[08:39:43] [FacilityMigration] DATA 마이그레이션 스킵 (BOD 8572건 존재)
[08:39:46] [FacilityMigration] DATA 마이그레이션 스킵 (BOD 8572건 존재)
[08:42:23] [FacilityMigration] DATA 마이그레이션 스킵 (BOD 8572건 존재)
[08:42:26] [FacilityMigration] DATA 마이그레이션 스킵 (BOD 8572건 존재)
[08:46:06] [FacilityMigration] DATA 마이그레이션 스킵 (BOD 8572건 존재)
[08:46:09] [FacilityMigration] DATA 마이그레이션 스킵 (BOD 8572건 존재)
[08:56:41] [FacilityMigration] DATA 마이그레이션 스킵 (BOD 8572건 존재)
[08:56:45] [FacilityMigration] DATA 마이그레이션 스킵 (BOD 8572건 존재)
[09:10:21] [FacilityMigration] DATA 마이그레이션 스킵 (BOD 8572건 존재)
[09:10:24] [FacilityMigration] DATA 마이그레이션 스킵 (BOD 8572건 존재)
[09:17:24] [FacilityMigration] DATA 마이그레이션 스킵 (BOD 8572건 존재)
[09:17:28] [FacilityMigration] DATA 마이그레이션 스킵 (BOD 8572건 존재)
[09:20:33] [FacilityMigration] DATA 마이그레이션 스킵 (BOD 8572건 존재)
[09:21:02] [FacilityMigration] DATA 마이그레이션 스킵 (BOD 8572건 존재)
[09:21:05] [FacilityMigration] DATA 마이그레이션 스킵 (BOD 8572건 존재)
[09:23:00] [FacilityMigration] DATA 마이그레이션 스킵 (BOD 8572건 존재)
[09:23:07] [FacilityMigration] DATA 마이그레이션 스킵 (BOD 8572건 존재)
[09:28:01] [FacilityMigration] DATA 마이그레이션 스킵 (BOD 8572건 존재)
[09:28:05] [FacilityMigration] DATA 마이그레이션 스킵 (BOD 8572건 존재)
[09:33:13] [FacilityMigration] DATA 마이그레이션 스킵 (BOD 8572건 존재)
[09:33:15] [FacilityMigration] DATA 마이그레이션 스킵 (BOD 8572건 존재)
[09:34:04] [FacilityMigration] DATA 마이그레이션 스킵 (BOD 8572건 존재)
[09:34:08] [FacilityMigration] DATA 마이그레이션 스킵 (BOD 8572건 존재)
[09:34:48] [FacilityMigration] DATA 마이그레이션 스킵 (BOD 8572건 존재)
[09:34:51] [FacilityMigration] DATA 마이그레이션 스킵 (BOD 8572건 존재)
[09:35:19] [FacilityMigration] DATA 마이그레이션 스킵 (BOD 8572건 존재)
[09:35:22] [FacilityMigration] DATA 마이그레이션 스킵 (BOD 8572건 존재)
[09:45:43] [FacilityMigration] DATA 마이그레이션 스킵 (BOD 8572건 존재)
[09:45:50] [FacilityMigration] DATA 마이그레이션 스킵 (BOD 8572건 존재)
[09:49:29] [FacilityMigration] DATA 마이그레이션 스킵 (BOD 8572건 존재)
[09:49:33] [FacilityMigration] DATA 마이그레이션 스킵 (BOD 8572건 존재)
[10:20:19] [FacilityMigration] DATA 마이그레이션 스킵 (BOD 8572건 존재)
[10:20:24] [FacilityMigration] DATA 마이그레이션 스킵 (BOD 8572건 존재)
[10:51:08] [FacilityMigration] DATA 마이그레이션 스킵 (BOD 8572건 존재)
[10:51:16] [FacilityMigration] DATA 마이그레이션 스킵 (BOD 8572건 존재)
[10:57:35] [FacilityMigration] DATA 마이그레이션 스킵 (BOD 8572건 존재)
[10:57:49] [FacilityMigration] DATA 마이그레이션 스킵 (BOD 8572건 존재)
[11:08:15] [FacilityMigration] DATA 마이그레이션 스킵 (BOD 8572건 존재)
[11:08:18] [FacilityMigration] DATA 마이그레이션 스킵 (BOD 8572건 존재)
[11:11:16] [FacilityMigration] DATA 마이그레이션 스킵 (BOD 8572건 존재)
[11:11:19] [FacilityMigration] DATA 마이그레이션 스킵 (BOD 8572건 존재)
[11:17:18] [FacilityMigration] DATA 마이그레이션 스킵 (BOD 8572건 존재)
[11:17:27] [FacilityMigration] DATA 마이그레이션 스킵 (BOD 8572건 존재)
[11:21:50] [FacilityMigration] DATA 마이그레이션 스킵 (BOD 8572건 존재)
[11:21:53] [FacilityMigration] DATA 마이그레이션 스킵 (BOD 8572건 존재)
[13:14:19] [FacilityMigration] DATA 마이그레이션 스킵 (BOD 8572건 존재)
[13:14:23] [FacilityMigration] DATA 마이그레이션 스킵 (BOD 8572건 존재)
[13:20:10] [FacilityMigration] DATA 마이그레이션 스킵 (BOD 8572건 존재)
[13:20:13] [FacilityMigration] DATA 마이그레이션 스킵 (BOD 8572건 존재)
[13:22:40] [FacilityMigration] DATA 마이그레이션 스킵 (BOD 8572건 존재)
[13:22:43] [FacilityMigration] DATA 마이그레이션 스킵 (BOD 8572건 존재)
[13:29:44] [FacilityMigration] DATA 마이그레이션 스킵 (BOD 8572건 존재)
[13:29:48] [FacilityMigration] DATA 마이그레이션 스킵 (BOD 8572건 존재)
[13:32:51] [FacilityMigration] DATA 마이그레이션 스킵 (BOD 8572건 존재)
[13:32:55] [FacilityMigration] DATA 마이그레이션 스킵 (BOD 8572건 존재)
[13:36:52] [FacilityMigration] DATA 마이그레이션 스킵 (BOD 8572건 존재)
[13:36:56] [FacilityMigration] DATA 마이그레이션 스킵 (BOD 8572건 존재)
[13:40:18] [FacilityMigration] DATA 마이그레이션 스킵 (BOD 8572건 존재)
[13:40:21] [FacilityMigration] DATA 마이그레이션 스킵 (BOD 8572건 존재)
[13:49:11] [FacilityMigration] DATA 마이그레이션 스킵 (BOD 8572건 존재)
[13:49:18] [FacilityMigration] DATA 마이그레이션 스킵 (BOD 8572건 존재)
[13:51:45] [FacilityMigration] DATA 마이그레이션 스킵 (BOD 8572건 존재)
[13:51:54] [FacilityMigration] DATA 마이그레이션 스킵 (BOD 8572건 존재)
[13:54:06] [FacilityMigration] DATA 마이그레이션 스킵 (BOD 8572건 존재)
[13:54:13] [FacilityMigration] DATA 마이그레이션 스킵 (BOD 8572건 존재)
[13:58:39] [FacilityMigration] DATA 마이그레이션 스킵 (BOD 8572건 존재)
[13:58:42] [FacilityMigration] DATA 마이그레이션 스킵 (BOD 8572건 존재)
[14:15:42] [FacilityMigration] DATA 마이그레이션 스킵 (BOD 8572건 존재)
[14:15:47] [FacilityMigration] DATA 마이그레이션 스킵 (BOD 8572건 존재)
[14:18:50] [FacilityMigration] DATA 마이그레이션 스킵 (BOD 8572건 존재)
[14:18:53] [FacilityMigration] DATA 마이그레이션 스킵 (BOD 8572건 존재)
[14:21:42] [FacilityMigration] DATA 마이그레이션 스킵 (BOD 8572건 존재)
[14:21:45] [FacilityMigration] DATA 마이그레이션 스킵 (BOD 8572건 존재)
[14:24:58] [FacilityMigration] DATA 마이그레이션 스킵 (BOD 8572건 존재)
[14:25:27] [FacilityMigration] DATA 마이그레이션 스킵 (BOD 8572건 존재)
[14:25:31] [FacilityMigration] DATA 마이그레이션 스킵 (BOD 8572건 존재)
[14:42:27] [FacilityMigration] DATA 마이그레이션 스킵 (BOD 8572건 존재)
[14:42:29] [FacilityMigration] DATA 마이그레이션 스킵 (BOD 8572건 존재)
[14:47:34] [FacilityMigration] DATA 마이그레이션 스킵 (BOD 8572건 존재)
[14:47:37] [FacilityMigration] DATA 마이그레이션 스킵 (BOD 8572건 존재)
[14:50:28] [FacilityMigration] DATA 마이그레이션 스킵 (BOD 8572건 존재)
[14:50:31] [FacilityMigration] DATA 마이그레이션 스킵 (BOD 8572건 존재)
[14:52:28] [FacilityMigration] DATA 마이그레이션 스킵 (BOD 8572건 존재)
[14:52:31] [FacilityMigration] DATA 마이그레이션 스킵 (BOD 8572건 존재)
[14:53:28] [FacilityMigration] DATA 마이그레이션 스킵 (BOD 8572건 존재)
[14:53:30] [FacilityMigration] DATA 마이그레이션 스킵 (BOD 8572건 존재)
[14:54:29] [FacilityMigration] DATA 마이그레이션 스킵 (BOD 8572건 존재)
[14:54:33] [FacilityMigration] DATA 마이그레이션 스킵 (BOD 8572건 존재)
[14:56:07] [FacilityMigration] DATA 마이그레이션 스킵 (BOD 8572건 존재)
[14:57:44] [FacilityMigration] DATA 마이그레이션 스킵 (BOD 8572건 존재)
[14:59:04] [FacilityMigration] DATA 마이그레이션 스킵 (BOD 8572건 존재)
[16:06:17] [FacilityMigration] DATA 마이그레이션 스킵 (BOD 8572건 존재)
[16:09:55] [FacilityMigration] DATA 마이그레이션 스킵 (BOD 8572건 존재)
[16:17:34] [FacilityMigration] DATA 마이그레이션 스킵 (BOD 8572건 존재)
[16:19:36] [FacilityMigration] DATA 마이그레이션 스킵 (BOD 8572건 존재)
[16:23:57] [FacilityMigration] DATA 마이그레이션 스킵 (BOD 8572건 존재)
[16:25:43] [FacilityMigration] DATA 마이그레이션 스킵 (BOD 8572건 존재)
[16:27:52] [FacilityMigration] DATA 마이그레이션 스킵 (BOD 8572건 존재)
[16:27:55] [FacilityMigration] DATA 마이그레이션 스킵 (BOD 8572건 존재)
[16:31:16] [FacilityMigration] DATA 마이그레이션 스킵 (BOD 8572건 존재)
[16:31:20] [FacilityMigration] DATA 마이그레이션 스킵 (BOD 8572건 존재)
[16:34:23] [FacilityMigration] DATA 마이그레이션 스킵 (BOD 8572건 존재)
[16:34:28] [FacilityMigration] DATA 마이그레이션 스킵 (BOD 8572건 존재)
[16:35:55] [FacilityMigration] DATA 마이그레이션 스킵 (BOD 8572건 존재)
[16:36:02] [FacilityMigration] DATA 마이그레이션 스킵 (BOD 8572건 존재)
[16:41:48] [FacilityMigration] DATA 마이그레이션 스킵 (BOD 8572건 존재)
[16:41:51] [FacilityMigration] DATA 마이그레이션 스킵 (BOD 8572건 존재)
[16:44:42] [FacilityMigration] DATA 마이그레이션 스킵 (BOD 8572건 존재)
[16:44:46] [FacilityMigration] DATA 마이그레이션 스킵 (BOD 8572건 존재)
[16:47:50] [FacilityMigration] DATA 마이그레이션 스킵 (BOD 8572건 존재)
[16:48:02] [FacilityMigration] DATA 마이그레이션 스킵 (BOD 8572건 존재)
[16:50:20] [FacilityMigration] DATA 마이그레이션 스킵 (BOD 8572건 존재)
[16:50:24] [FacilityMigration] DATA 마이그레이션 스킵 (BOD 8572건 존재)
[16:52:16] [FacilityMigration] DATA 마이그레이션 스킵 (BOD 8572건 존재)
[16:52:19] [FacilityMigration] DATA 마이그레이션 스킵 (BOD 8572건 존재)
[16:55:35] [FacilityMigration] DATA 마이그레이션 스킵 (BOD 8572건 존재)
[16:55:40] [FacilityMigration] DATA 마이그레이션 스킵 (BOD 8572건 존재)
[16:57:23] [FacilityMigration] DATA 마이그레이션 스킵 (BOD 8572건 존재)
[16:57:28] [FacilityMigration] DATA 마이그레이션 스킵 (BOD 8572건 존재)
[16:59:06] [FacilityMigration] DATA 마이그레이션 스킵 (BOD 8572건 존재)
[16:59:10] [FacilityMigration] DATA 마이그레이션 스킵 (BOD 8572건 존재)
[17:00:59] [FacilityMigration] DATA 마이그레이션 스킵 (BOD 8572건 존재)
[17:01:02] [FacilityMigration] DATA 마이그레이션 스킵 (BOD 8572건 존재)
[17:10:42] [FacilityMigration] DATA 마이그레이션 스킵 (BOD 8572건 존재)
[17:10:46] [FacilityMigration] DATA 마이그레이션 스킵 (BOD 8572건 존재)
[17:13:34] [FacilityMigration] DATA 마이그레이션 스킵 (BOD 8572건 존재)
[17:13:46] [FacilityMigration] DATA 마이그레이션 스킵 (BOD 8572건 존재)
[17:16:12] [FacilityMigration] DATA 마이그레이션 스킵 (BOD 8572건 존재)
[17:16:15] [FacilityMigration] DATA 마이그레이션 스킵 (BOD 8572건 존재)
[17:24:02] [FacilityMigration] DATA 마이그레이션 스킵 (BOD 8572건 존재)
[17:24:04] [FacilityMigration] DATA 마이그레이션 스킵 (BOD 8572건 존재)
[17:28:55] [FacilityMigration] DATA 마이그레이션 스킵 (BOD 8572건 존재)
[17:28:58] [FacilityMigration] DATA 마이그레이션 스킵 (BOD 8572건 존재)
[17:33:13] [FacilityMigration] DATA 마이그레이션 스킵 (BOD 8572건 존재)
[17:33:31] [FacilityMigration] DATA 마이그레이션 스킵 (BOD 8572건 존재)
[17:41:30] [FacilityMigration] DATA 마이그레이션 스킵 (BOD 8572건 존재)
[17:41:33] [FacilityMigration] DATA 마이그레이션 스킵 (BOD 8572건 존재)
[17:46:21] [FacilityMigration] DATA 마이그레이션 스킵 (BOD 8572건 존재)
[17:46:24] [FacilityMigration] DATA 마이그레이션 스킵 (BOD 8572건 존재)
[20:50:03] [FacilityMigration] DATA 마이그레이션 스킵 (BOD 8572건 존재)
[20:50:08] [FacilityMigration] DATA 마이그레이션 스킵 (BOD 8572건 존재)
[21:04:37] [FacilityMigration] DATA 마이그레이션 스킵 (BOD 8572건 존재)
[21:04:42] [FacilityMigration] DATA 마이그레이션 스킵 (BOD 8572건 존재)
[21:06:34] [FacilityMigration] DATA 마이그레이션 스킵 (BOD 8572건 존재)
[21:06:37] [FacilityMigration] DATA 마이그레이션 스킵 (BOD 8572건 존재)
[21:17:31] [FacilityMigration] DATA 마이그레이션 스킵 (BOD 8572건 존재)
[21:17:35] [FacilityMigration] DATA 마이그레이션 스킵 (BOD 8572건 존재)
[21:42:57] [FacilityMigration] DATA 마이그레이션 스킵 (BOD 8572건 존재)
[21:43:00] [FacilityMigration] DATA 마이그레이션 스킵 (BOD 8572건 존재)
[21:45:11] [FacilityMigration] DATA 마이그레이션 스킵 (BOD 8572건 존재)
[21:45:14] [FacilityMigration] DATA 마이그레이션 스킵 (BOD 8572건 존재)
[22:03:25] [FacilityMigration] DATA 마이그레이션 스킵 (BOD 8572건 존재)
[22:03:25] [FacilityMigration] 빈 행 8772건 발견 → 수리 실행
[22:03:25] [FacilityMigration] 빈 행 수리 대상: 7659건
[22:03:30] [FacilityMigration] 빈 행 수리 BOD_DATA.결과 → BOD: 7659건
[22:03:30] [FacilityMigration] 빈 행 수리 SS_DATA.결과 → SS: 1143건
[22:03:31] [FacilityMigration] 빈 행 수리 TN_DATA.농도 → T-N: 973건
[22:03:32] [FacilityMigration] 빈 행 수리 TP_DATA.농도 → T-P: 955건
[22:03:33] [FacilityMigration] 빈 행 수리 NHexan_DATA.결과 → N-Hexan: 1317건
[22:03:33] [FacilityMigration] 빈 행 수리 Phenols_DATA.농도 → Phenols: 557건
[22:03:34] [FacilityMigration] 빈 행 TOC 수리 (TOC_TCIC_DATA): 513건
[22:03:34] [FacilityMigration] 빈 행 TOC 수리 (TOC_NPOC_DATA): 75건
[22:03:34] [FacilityMigration] 빈 행 수리 완료: 총 13192건
[22:03:38] [FacilityMigration] DATA 마이그레이션 스킵 (BOD 16231건 존재)
[22:03:38] [FacilityMigration] 빈 행 1113건 발견 → 수리 실행
[22:03:38] [FacilityMigration] 빈 행 수리 대상: 0건
[22:08:31] [FacilityMigration] DATA 마이그레이션 스킵 (BOD 16231건 존재)
[22:08:31] [FacilityMigration] 빈 행 1113건 발견 → 수리 실행
[22:08:31] [FacilityMigration] 빈 행 수리 대상: 0건
[22:08:35] [FacilityMigration] DATA 마이그레이션 스킵 (BOD 16231건 존재)
[22:08:35] [FacilityMigration] 빈 행 1113건 발견 → 수리 실행
[22:08:35] [FacilityMigration] 빈 행 수리 대상: 0건
[22:10:12] [FacilityMigration] DATA 마이그레이션 스킵 (BOD 16231건 존재)
[22:10:12] [FacilityMigration] 빈 행 1113건 발견 → 수리 실행
[22:10:12] [FacilityMigration] 빈 행 수리 대상: 0건
[22:10:15] [FacilityMigration] DATA 마이그레이션 스킵 (BOD 16231건 존재)
[22:10:15] [FacilityMigration] 빈 행 1113건 발견 → 수리 실행
[22:10:15] [FacilityMigration] 빈 행 수리 대상: 0건
[22:28:21] [FacilityMigration] BOD_DATA.결과 → BOD: 8757건
[22:28:24] [FacilityMigration] SS_DATA.결과 → SS: 8676건
[22:28:27] [FacilityMigration] TN_DATA.농도 → T-N: 8100건
[22:28:31] [FacilityMigration] TP_DATA.농도 → T-P: 8085건
[22:28:34] [FacilityMigration] NHexan_DATA.결과 → N-Hexan: 8679건
[22:28:37] [FacilityMigration] Phenols_DATA.농도 → Phenols: 7432건
[22:28:40] [FacilityMigration] TOC_TCIC_DATA.검량선_a → TOC: 6817건
[22:28:40] [FacilityMigration] TOC_NPOC_DATA.검량선_a → TOC (보충): 1건
[22:28:40] [FacilityMigration] 누락 시료 추가: 185건
[22:28:40] [FacilityMigration] 마이그레이션 양호 (빈 행 0/17902)
[22:28:58] [FacilityMigration] 마이그레이션 양호 (빈 행 0/18087)
[22:53:38] [FacilityMigration] === 폐수의뢰및결과 전면 재구축 시작 ===
[22:53:38] [FacilityMigration] 기존 데이터 전체 삭제
[22:53:38] [FacilityMigration] BOD_DATA 고유 시료: 8791건 (중복 제거 후)
[22:53:42] [FacilityMigration] 시료 행 INSERT 완료: 8791건
[22:53:46] [FacilityMigration] BOD_DATA.결과 → BOD: 8789건
[22:53:50] [FacilityMigration] SS_DATA.결과 → SS: 8328건
[22:53:55] [FacilityMigration] TN_DATA.농도 → T-N: 6046건
[22:54:00] [FacilityMigration] TP_DATA.농도 → T-P: 6055건
[22:54:05] [FacilityMigration] NHexan_DATA.결과 → N-Hexan: 8477건
[22:54:08] [FacilityMigration] Phenols_DATA.농도 → Phenols: 4531건
[22:54:12] [FacilityMigration] TOC_TCIC_DATA.검량선_a → TOC: 4848건
[22:54:12] [FacilityMigration] TOC_NPOC_DATA.검량선_a → TOC (보충): 489건
[22:54:12] [FacilityMigration] === 재구축 완료: 8791행, 47563건 결과값 갱신 ===
[22:54:21] [FacilityMigration] 마이그레이션 양호 (빈 행 0/8791)
[23:15:55] [FacilityMigration] 마이그레이션 양호 (빈 행 0/8791)
[23:16:24] [FacilityMigration] === 폐수의뢰및결과 전면 재구축 시작 ===
[23:16:24] [FacilityMigration] 기존 데이터 전체 삭제
[23:16:24] [FacilityMigration] BOD_DATA 고유 시료: 8791건 (중복 제거 후)
[23:16:29] [FacilityMigration] 시료 행 INSERT 완료: 8791건
[23:16:34] [FacilityMigration] BOD_DATA.결과 → BOD: 8789건 (비고매칭=940키)
[23:16:41] [FacilityMigration] SS_DATA.결과 → SS: 8390건 (비고매칭=957키)
[23:16:47] [FacilityMigration] TN_DATA.농도 → T-N: 6046건 (비고매칭=0키)
[23:16:52] [FacilityMigration] TP_DATA.농도 → T-P: 6055건 (비고매칭=1키)
[23:16:58] [FacilityMigration] NHexan_DATA.결과 → N-Hexan: 8506건 (비고매칭=505키)
[23:17:02] [FacilityMigration] Phenols_DATA.농도 → Phenols: 4531건 (비고매칭=31키)
[23:17:06] [FacilityMigration] TOC_TCIC_DATA.검량선_a → TOC: 4930건 (비고매칭=810키)
[23:17:07] [FacilityMigration] TOC_NPOC_DATA.검량선_a → TOC (보충): 505건
[23:17:07] [FacilityMigration] === 재구축 완료: 8791행, 47752건 결과값 갱신 ===
[23:17:10] [FacilityMigration] 마이그레이션 양호 (빈 행 0/8791)
[23:43:44] [FacilityMigration] 빈 행 167건 → SN 기반 수리
[23:43:44] [FacilityMigration] 빈 행 수리 대상: 167건
[23:43:45] [FacilityMigration] 빈 행 수리 완료: 총 0건
[23:43:48] [FacilityMigration] 빈 행 167건 → SN 기반 수리
[23:43:48] [FacilityMigration] 빈 행 수리 대상: 167건
[23:43:48] [FacilityMigration] 빈 행 수리 완료: 총 0건
[00:19:23] [FacilityMigration] BOD_DATA.결과 → BOD: 6334건
[00:19:27] [FacilityMigration] SS_DATA.결과 → SS: 8402건
[00:19:31] [FacilityMigration] TN_DATA.농도 → T-N: 8436건
[00:19:35] [FacilityMigration] TP_DATA.농도 → T-P: 8411건
[00:19:38] [FacilityMigration] NHexan_DATA.결과 → N-Hexan: 7374건
[00:19:42] [FacilityMigration] Phenols_DATA.농도 → Phenols: 6810건
[00:19:44] [FacilityMigration] TOC_TCIC_DATA.검량선_a → TOC: 4426건
[00:19:44] [FacilityMigration] TOC_NPOC_DATA.검량선_a → TOC (보충): 4건
[00:19:44] [FacilityMigration] 누락 시료 추가: 849건
[00:19:44] [FacilityMigration] 마이그레이션 양호 (빈 행 0/8542)
[00:19:48] [FacilityMigration] 빈 행 21건 → SN 기반 수리
[00:19:48] [FacilityMigration] 빈 행 수리 대상: 21건
[00:19:48] [FacilityMigration] 빈 행 수리 완료: 총 0건
[00:40:38] [FacilityMigration] 빈 행 21건 → SN 기반 수리
[00:40:38] [FacilityMigration] 빈 행 수리 대상: 21건
[00:40:38] [FacilityMigration] 빈 행 수리 완료: 총 0건
[00:40:51] [FacilityMigration] 빈 행 21건 → SN 기반 수리
[00:40:51] [FacilityMigration] 빈 행 수리 대상: 21건
[00:40:51] [FacilityMigration] 빈 행 수리 완료: 총 0건
[00:48:28] [FacilityMigration] 빈 행 21건 → SN 기반 수리
[00:48:28] [FacilityMigration] 빈 행 수리 대상: 21건
[00:48:28] [FacilityMigration] 빈 행 수리 완료: 총 0건
[00:48:31] [FacilityMigration] 빈 행 21건 → SN 기반 수리
[00:48:31] [FacilityMigration] 빈 행 수리 대상: 21건
[00:48:31] [FacilityMigration] 빈 행 수리 완료: 총 0건
[00:52:44] [FacilityMigration] 빈 행 21건 → SN 기반 수리
[00:52:44] [FacilityMigration] 빈 행 수리 대상: 21건
[00:52:44] [FacilityMigration] 빈 행 수리 완료: 총 0건
[00:52:48] [FacilityMigration] 빈 행 21건 → SN 기반 수리
[00:52:48] [FacilityMigration] 빈 행 수리 대상: 21건
[00:52:48] [FacilityMigration] 빈 행 수리 완료: 총 0건
[00:54:31] [FacilityMigration] 빈 행 21건 → SN 기반 수리
[00:54:31] [FacilityMigration] 빈 행 수리 대상: 21건
[00:54:32] [FacilityMigration] 빈 행 수리 완료: 총 0건
[00:54:35] [FacilityMigration] 빈 행 21건 → SN 기반 수리
[00:54:35] [FacilityMigration] 빈 행 수리 대상: 21건
[00:54:35] [FacilityMigration] 빈 행 수리 완료: 총 0건
[19:27:28] [FacilityMigration] 처리시설_분석계획 → 마스터 동기화 완료
[19:27:28] [FacilityMigration] 처리시설_분석계획 테이블 준비 완료
[19:27:28] [FacilityMigration] WaterCenterDbMigration 호출 시작
[19:27:28] [WaterCenterDb] ══ EnsureWaterCenterDataTables 진입 ══
[19:27:28] [WaterCenterDb] 분석정보 테이블 확인됨
[19:27:28] [WaterCenterDb] 구 GcLc 스키마 테이블 없음 — 스킵
[19:27:30] [WaterCenterDb] 스키마 불일치 테이블 DROP 완료: 0개 / 대상 43개
[19:27:30] [WaterCenterDb] 분석정보에서 Analyte 67개 수집
[19:27:31] [WaterCenterDb] 수질분석센터 DATA 테이블 확인 완료 — 0개 신규 생성
[19:27:31] [WaterCenterDb]   수질분석센터_TOC_TCIC_DATA 없음 — 스킵
[19:27:31] [FacilityMigration] WaterCenterDbMigration 호출 완료
[19:27:32] [FacilityMigration] 마이그레이션 이미 완료됨 (wasteresult_v2) — 건너뜀
[19:38:41] [FacilityMigration] 처리시설_분석계획 → 마스터 동기화 완료
[19:38:41] [FacilityMigration] 처리시설_분석계획 테이블 준비 완료
[19:38:41] [FacilityMigration] WaterCenterDbMigration 호출 시작
[19:38:41] [WaterCenterDb] ══ EnsureWaterCenterDataTables 진입 ══
[19:38:41] [WaterCenterDb] 분석정보 테이블 확인됨
[19:38:41] [WaterCenterDb] 구 GcLc 스키마 테이블 없음 — 스킵
[19:38:43] [WaterCenterDb] 스키마 불일치 테이블 DROP 완료: 0개 / 대상 43개
[19:38:43] [WaterCenterDb] 분석정보에서 Analyte 67개 수집
[19:38:45] [WaterCenterDb] 수질분석센터 DATA 테이블 확인 완료 — 0개 신규 생성
[19:38:45] [WaterCenterDb]   수질분석센터_TOC_TCIC_DATA 없음 — 스킵
[19:38:45] [FacilityMigration] WaterCenterDbMigration 호출 완료
[19:38:45] [FacilityMigration] 마이그레이션 이미 완료됨 (wasteresult_v2) — 건너뜀
[20:33:59] [FacilityMigration] 처리시설_분석계획 → 마스터 동기화 완료
[20:33:59] [FacilityMigration] 처리시설_분석계획 테이블 준비 완료
[20:33:59] [FacilityMigration] WaterCenterDbMigration 호출 시작
[20:33:59] [WaterCenterDb] ══ EnsureWaterCenterDataTables 진입 ══
[20:33:59] [WaterCenterDb] 분석정보 테이블 확인됨
[20:33:59] [WaterCenterDb] 구 GcLc 스키마 테이블 없음 — 스킵
[20:33:59] [WaterCenterDb] 스키마 불일치 테이블 DROP 완료: 0개 / 대상 43개
[20:33:59] [WaterCenterDb] 분석정보에서 Analyte 67개 수집
[20:34:00] [WaterCenterDb] 수질분석센터 DATA 테이블 확인 완료 — 0개 신규 생성
[20:34:00] [WaterCenterDb]   수질분석센터_TOC_TCIC_DATA 없음 — 스킵
[20:34:00] [FacilityMigration] WaterCenterDbMigration 호출 완료
[20:34:00] [FacilityMigration] 마이그레이션 이미 완료됨 (wasteresult_v2) — 건너뜀
[20:45:13] [FacilityMigration] 처리시설_분석계획 → 마스터 동기화 완료
[20:45:13] [FacilityMigration] 처리시설_분석계획 테이블 준비 완료
[20:45:14] [FacilityMigration] WaterCenterDbMigration 호출 시작
[20:45:14] [WaterCenterDb] ══ EnsureWaterCenterDataTables 진입 ══
[20:45:14] [WaterCenterDb] 분석정보 테이블 확인됨
[20:45:14] [WaterCenterDb] 구 GcLc 스키마 테이블 없음 — 스킵
[20:45:14] [WaterCenterDb] 스키마 불일치 테이블 DROP 완료: 0개 / 대상 43개
[20:45:14] [WaterCenterDb] 분석정보에서 Analyte 67개 수집
[20:45:14] [WaterCenterDb] 수질분석센터 DATA 테이블 확인 완료 — 0개 신규 생성
[20:45:14] [WaterCenterDb]   수질분석센터_TOC_TCIC_DATA 없음 — 스킵
[20:45:14] [FacilityMigration] WaterCenterDbMigration 호출 완료
[20:45:14] [FacilityMigration] 마이그레이션 이미 완료됨 (wasteresult_v2) — 건너뜀
[21:07:38] [FacilityMigration] 처리시설_분석계획 → 마스터 동기화 완료
[21:07:38] [FacilityMigration] 처리시설_분석계획 테이블 준비 완료
[21:07:38] [FacilityMigration] WaterCenterDbMigration 호출 시작
[21:07:38] [WaterCenterDb] ══ EnsureWaterCenterDataTables 진입 ══
[21:07:38] [WaterCenterDb] 분석정보 테이블 확인됨
[21:07:38] [WaterCenterDb] 구 GcLc 스키마 테이블 없음 — 스킵
[21:07:38] [WaterCenterDb] 스키마 불일치 테이블 DROP 완료: 0개 / 대상 43개
[21:07:38] [WaterCenterDb] 분석정보에서 Analyte 67개 수집
[21:07:38] [WaterCenterDb] 수질분석센터 DATA 테이블 확인 완료 — 0개 신규 생성
[21:07:38] [WaterCenterDb]   수질분석센터_TOC_TCIC_DATA 없음 — 스킵
[21:07:38] [FacilityMigration] WaterCenterDbMigration 호출 완료
[21:07:38] [FacilityMigration] 마이그레이션 이미 완료됨 (wasteresult_v2) — 건너뜀
[21:16:19] [FacilityMigration] 처리시설_분석계획 → 마스터 동기화 완료
[21:16:19] [FacilityMigration] 처리시설_분석계획 테이블 준비 완료
[21:16:19] [FacilityMigration] WaterCenterDbMigration 호출 시작
[21:16:19] [WaterCenterDb] ══ EnsureWaterCenterDataTables 진입 ══
[21:16:19] [WaterCenterDb] 분석정보 테이블 확인됨
[21:16:19] [WaterCenterDb] 구 GcLc 스키마 테이블 없음 — 스킵
[21:16:19] [WaterCenterDb] 스키마 불일치 테이블 DROP 완료: 0개 / 대상 43개
[21:16:19] [WaterCenterDb] 분석정보에서 Analyte 67개 수집
[21:16:19] [WaterCenterDb] 수질분석센터 DATA 테이블 확인 완료 — 0개 신규 생성
[21:16:19] [WaterCenterDb]   수질분석센터_TOC_TCIC_DATA 없음 — 스킵
[21:16:19] [FacilityMigration] WaterCenterDbMigration 호출 완료
[21:16:19] [FacilityMigration] 마이그레이션 이미 완료됨 (wasteresult_v2) — 건너뜀
[21:20:37] [FacilityMigration] 처리시설_분석계획 → 마스터 동기화 완료
[21:20:37] [FacilityMigration] 처리시설_분석계획 테이블 준비 완료
[21:20:37] [FacilityMigration] WaterCenterDbMigration 호출 시작
[21:20:37] [WaterCenterDb] ══ EnsureWaterCenterDataTables 진입 ══
[21:20:37] [WaterCenterDb] 분석정보 테이블 확인됨
[21:20:37] [WaterCenterDb] 구 GcLc 스키마 테이블 없음 — 스킵
[21:20:37] [WaterCenterDb] 스키마 불일치 테이블 DROP 완료: 0개 / 대상 43개
[21:20:37] [WaterCenterDb] 분석정보에서 Analyte 67개 수집
[21:20:37] [WaterCenterDb] 수질분석센터 DATA 테이블 확인 완료 — 0개 신규 생성
[21:20:37] [WaterCenterDb]   수질분석센터_TOC_TCIC_DATA 없음 — 스킵
[21:20:37] [FacilityMigration] WaterCenterDbMigration 호출 완료
[21:20:37] [FacilityMigration] 마이그레이션 이미 완료됨 (wasteresult_v2) — 건너뜀
[22:13:19] [FacilityMigration] 처리시설_분석계획 → 마스터 동기화 완료
[22:13:19] [FacilityMigration] 처리시설_분석계획 테이블 준비 완료
[22:13:19] [FacilityMigration] WaterCenterDbMigration 호출 시작
[22:13:19] [WaterCenterDb] ══ EnsureWaterCenterDataTables 진입 ══
[22:13:19] [WaterCenterDb] 분석정보 테이블 확인됨
[22:13:19] [WaterCenterDb] 구 GcLc 스키마 테이블 없음 — 스킵
[22:13:20] [WaterCenterDb] 스키마 불일치 테이블 DROP 완료: 0개 / 대상 43개
[22:13:20] [WaterCenterDb] 분석정보에서 Analyte 67개 수집
[22:13:20] [WaterCenterDb] 수질분석센터 DATA 테이블 확인 완료 — 0개 신규 생성
[22:13:20] [WaterCenterDb]   수질분석센터_TOC_TCIC_DATA 없음 — 스킵
[22:13:20] [FacilityMigration] WaterCenterDbMigration 호출 완료
[22:13:20] [FacilityMigration] 마이그레이션 이미 완료됨 (wasteresult_v2) — 건너뜀
[22:26:38] [FacilityMigration] 처리시설_분석계획 → 마스터 동기화 완료
[22:26:38] [FacilityMigration] 처리시설_분석계획 테이블 준비 완료
[22:26:38] [FacilityMigration] WaterCenterDbMigration 호출 시작
[22:26:38] [WaterCenterDb] ══ EnsureWaterCenterDataTables 진입 ══
[22:26:38] [WaterCenterDb] 분석정보 테이블 확인됨
[22:26:39] [WaterCenterDb] 구 GcLc 스키마 테이블 없음 — 스킵
[22:26:39] [WaterCenterDb] 스키마 불일치 테이블 DROP 완료: 0개 / 대상 43개
[22:26:39] [WaterCenterDb] 분석정보에서 Analyte 67개 수집
[22:26:39] [WaterCenterDb] 수질분석센터 DATA 테이블 확인 완료 — 0개 신규 생성
[22:26:39] [WaterCenterDb]   수질분석센터_TOC_TCIC_DATA 없음 — 스킵
[22:26:39] [FacilityMigration] WaterCenterDbMigration 호출 완료
[22:26:39] [FacilityMigration] 마이그레이션 이미 완료됨 (wasteresult_v2) — 건너뜀
