=== ImportData 시작: 2026-04-13 11:03:02 cat=GCMS rows=160 ===
[11:03:02] [0] QAQC: 1,1-DCE | BK-.D Source=미분류 Matched=False MatchedAnalysis=False FacilityName=
[11:03:02] [1] QAQC: 1,1-DCE | FBK(HS 26-0225).D Source=미분류 Matched=False MatchedAnalysis=False FacilityName=
[11:03:02] [2] QAQC: 1,1-DCE | FBK(DL 26-0226).D Source=미분류 Matched=False MatchedAnalysis=False FacilityName=
[11:03:02] [3] QAQC: 1,1-DCE | FBK(LT 26-0226).D Source=미분류 Matched=False MatchedAnalysis=False FacilityName=
[11:03:02] [4] QAQC: 1,1-DCE | FBK(PL 26-0227).D Source=미분류 Matched=False MatchedAnalysis=False FacilityName=
[11:03:02] [5] 미분류: 1,1-DCE | HS 26-02-25.D Source=미분류 Matched=False MatchedAnalysis=False FacilityName=
[11:03:03] [6] 미분류: 1,1-DCE | PL-01.D Source=미분류 Matched=False MatchedAnalysis=False FacilityName=
[11:03:03] [7] 미분류: 1,1-DCE | PL-02.D Source=미분류 Matched=False MatchedAnalysis=False FacilityName=
[11:03:03] [8] 미분류: 1,1-DCE | DL-01.D Source=미분류 Matched=False MatchedAnalysis=False FacilityName=
[11:03:03] [9] 미분류: 1,1-DCE | DL-02.D Source=미분류 Matched=False MatchedAnalysis=False FacilityName=
[11:03:03] [10] 미분류: 1,1-DCE | LT-01.D Source=미분류 Matched=False MatchedAnalysis=False FacilityName=
[11:03:04] [11] 미분류: 1,1-DCE | LT-02.D Source=미분류 Matched=False MatchedAnalysis=False FacilityName=
[11:03:04] [12] 미분류: 1,1-DCE | LT-03.D Source=미분류 Matched=False MatchedAnalysis=False FacilityName=
[11:03:04] [13] 미분류: 1,1-DCE | LT-02 R.D Source=미분류 Matched=False MatchedAnalysis=False FacilityName=
[11:03:04] [14] QAQC: 1,1-DCE | MBK.D Source=미분류 Matched=False MatchedAnalysis=False FacilityName=
[11:03:04] [15] QAQC: 1,1-DCE | CCV-.D Source=미분류 Matched=False MatchedAnalysis=False FacilityName=
[11:03:04] [16] QAQC: DCM | BK-.D Source=미분류 Matched=False MatchedAnalysis=False FacilityName=
[11:03:05] [17] QAQC: DCM | FBK(HS 26-0225).D Source=미분류 Matched=False MatchedAnalysis=False FacilityName=
[11:03:05] [18] QAQC: DCM | FBK(DL 26-0226).D Source=미분류 Matched=False MatchedAnalysis=False FacilityName=
[11:03:05] [19] QAQC: DCM | FBK(LT 26-0226).D Source=미분류 Matched=False MatchedAnalysis=False FacilityName=
[11:03:05] [20] QAQC: DCM | FBK(PL 26-0227).D Source=미분류 Matched=False MatchedAnalysis=False FacilityName=
[11:03:05] [21] 미분류: DCM | HS 26-02-25.D Source=미분류 Matched=False MatchedAnalysis=False FacilityName=
[11:03:05] [22] 미분류: DCM | PL-01.D Source=미분류 Matched=False MatchedAnalysis=False FacilityName=
[11:03:06] [23] 미분류: DCM | PL-02.D Source=미분류 Matched=False MatchedAnalysis=False FacilityName=
[11:03:06] [24] 미분류: DCM | DL-01.D Source=미분류 Matched=False MatchedAnalysis=False FacilityName=
[11:03:06] [25] 미분류: DCM | DL-02.D Source=미분류 Matched=False MatchedAnalysis=False FacilityName=
[11:03:06] [26] 미분류: DCM | LT-01.D Source=미분류 Matched=False MatchedAnalysis=False FacilityName=
[11:03:06] [27] 미분류: DCM | LT-02.D Source=미분류 Matched=False MatchedAnalysis=False FacilityName=
[11:03:07] [28] 미분류: DCM | LT-03.D Source=미분류 Matched=False MatchedAnalysis=False FacilityName=
[11:03:07] [29] 미분류: DCM | LT-02 R.D Source=미분류 Matched=False MatchedAnalysis=False FacilityName=
[11:03:07] [30] QAQC: DCM | MBK.D Source=미분류 Matched=False MatchedAnalysis=False FacilityName=
[11:03:07] [31] QAQC: DCM | CCV-.D Source=미분류 Matched=False MatchedAnalysis=False FacilityName=
[11:03:07] [32] QAQC: Chloroform | BK-.D Source=미분류 Matched=False MatchedAnalysis=False FacilityName=
[11:03:07] [33] QAQC: Chloroform | FBK(HS 26-0225).D Source=미분류 Matched=False MatchedAnalysis=False FacilityName=
[11:03:08] [34] QAQC: Chloroform | FBK(DL 26-0226).D Source=미분류 Matched=False MatchedAnalysis=False FacilityName=
[11:03:08] [35] QAQC: Chloroform | FBK(LT 26-0226).D Source=미분류 Matched=False MatchedAnalysis=False FacilityName=
[11:03:08] [36] QAQC: Chloroform | FBK(PL 26-0227).D Source=미분류 Matched=False MatchedAnalysis=False FacilityName=
[11:03:08] [37] 미분류: Chloroform | HS 26-02-25.D Source=미분류 Matched=False MatchedAnalysis=False FacilityName=
[11:03:08] [38] 미분류: Chloroform | PL-01.D Source=미분류 Matched=False MatchedAnalysis=False FacilityName=
[11:03:09] [39] 미분류: Chloroform | PL-02.D Source=미분류 Matched=False MatchedAnalysis=False FacilityName=
[11:03:09] [40] 미분류: Chloroform | DL-01.D Source=미분류 Matched=False MatchedAnalysis=False FacilityName=
[11:03:09] [41] 미분류: Chloroform | DL-02.D Source=미분류 Matched=False MatchedAnalysis=False FacilityName=
[11:03:09] [42] 미분류: Chloroform | LT-01.D Source=미분류 Matched=False MatchedAnalysis=False FacilityName=
[11:03:10] [43] 미분류: Chloroform | LT-02.D Source=미분류 Matched=False MatchedAnalysis=False FacilityName=
[11:03:10] [44] 미분류: Chloroform | LT-03.D Source=미분류 Matched=False MatchedAnalysis=False FacilityName=
[11:03:10] [45] 미분류: Chloroform | LT-02 R.D Source=미분류 Matched=False MatchedAnalysis=False FacilityName=
[11:03:10] [46] QAQC: Chloroform | MBK.D Source=미분류 Matched=False MatchedAnalysis=False FacilityName=
[11:03:10] [47] QAQC: Chloroform | CCV-.D Source=미분류 Matched=False MatchedAnalysis=False FacilityName=
[11:03:11] [48] QAQC: Carbon Chloride | BK-.D Source=미분류 Matched=False MatchedAnalysis=False FacilityName=
[11:03:11] [49] QAQC: Carbon Chloride | FBK(HS 26-0225).D Source=미분류 Matched=False MatchedAnalysis=False FacilityName=
[11:03:11] [50] QAQC: Carbon Chloride | FBK(DL 26-0226).D Source=미분류 Matched=False MatchedAnalysis=False FacilityName=
[11:03:11] [51] QAQC: Carbon Chloride | FBK(LT 26-0226).D Source=미분류 Matched=False MatchedAnalysis=False FacilityName=
[11:03:11] [52] QAQC: Carbon Chloride | FBK(PL 26-0227).D Source=미분류 Matched=False MatchedAnalysis=False FacilityName=
[11:03:11] [53] 미분류: Carbon Chloride | HS 26-02-25.D Source=미분류 Matched=False MatchedAnalysis=False FacilityName=
[11:03:12] [54] 미분류: Carbon Chloride | PL-01.D Source=미분류 Matched=False MatchedAnalysis=False FacilityName=
[11:03:12] [55] 미분류: Carbon Chloride | PL-02.D Source=미분류 Matched=False MatchedAnalysis=False FacilityName=
[11:03:12] [56] 미분류: Carbon Chloride | DL-01.D Source=미분류 Matched=False MatchedAnalysis=False FacilityName=
[11:03:12] [57] 미분류: Carbon Chloride | DL-02.D Source=미분류 Matched=False MatchedAnalysis=False FacilityName=
[11:03:12] [58] 미분류: Carbon Chloride | LT-01.D Source=미분류 Matched=False MatchedAnalysis=False FacilityName=
[11:03:13] [59] 미분류: Carbon Chloride | LT-02.D Source=미분류 Matched=False MatchedAnalysis=False FacilityName=
[11:03:13] [60] 미분류: Carbon Chloride | LT-03.D Source=미분류 Matched=False MatchedAnalysis=False FacilityName=
[11:03:13] [61] 미분류: Carbon Chloride | LT-02 R.D Source=미분류 Matched=False MatchedAnalysis=False FacilityName=
[11:03:13] [62] QAQC: Carbon Chloride | MBK.D Source=미분류 Matched=False MatchedAnalysis=False FacilityName=
[11:03:13] [63] QAQC: Carbon Chloride | CCV-.D Source=미분류 Matched=False MatchedAnalysis=False FacilityName=
[11:03:13] [64] QAQC: 1,2-DCE | BK-.D Source=미분류 Matched=False MatchedAnalysis=False FacilityName=
[11:03:14] [65] QAQC: 1,2-DCE | FBK(HS 26-0225).D Source=미분류 Matched=False MatchedAnalysis=False FacilityName=
[11:03:14] [66] QAQC: 1,2-DCE | FBK(DL 26-0226).D Source=미분류 Matched=False MatchedAnalysis=False FacilityName=
[11:03:14] [67] QAQC: 1,2-DCE | FBK(LT 26-0226).D Source=미분류 Matched=False MatchedAnalysis=False FacilityName=
[11:03:14] [68] QAQC: 1,2-DCE | FBK(PL 26-0227).D Source=미분류 Matched=False MatchedAnalysis=False FacilityName=
[11:03:14] [69] 미분류: 1,2-DCE | HS 26-02-25.D Source=미분류 Matched=False MatchedAnalysis=False FacilityName=
[11:03:14] [70] 미분류: 1,2-DCE | PL-01.D Source=미분류 Matched=False MatchedAnalysis=False FacilityName=
[11:03:15] [71] 미분류: 1,2-DCE | PL-02.D Source=미분류 Matched=False MatchedAnalysis=False FacilityName=
[11:03:15] [72] 미분류: 1,2-DCE | DL-01.D Source=미분류 Matched=False MatchedAnalysis=False FacilityName=
[11:03:15] [73] 미분류: 1,2-DCE | DL-02.D Source=미분류 Matched=False MatchedAnalysis=False FacilityName=
[11:03:15] [74] 미분류: 1,2-DCE | LT-01.D Source=미분류 Matched=False MatchedAnalysis=False FacilityName=
[11:03:15] [75] 미분류: 1,2-DCE | LT-02.D Source=미분류 Matched=False MatchedAnalysis=False FacilityName=
[11:03:15] [76] 미분류: 1,2-DCE | LT-03.D Source=미분류 Matched=False MatchedAnalysis=False FacilityName=
[11:03:16] [77] 미분류: 1,2-DCE | LT-02 R.D Source=미분류 Matched=False MatchedAnalysis=False FacilityName=
[11:03:16] [78] QAQC: 1,2-DCE | MBK.D Source=미분류 Matched=False MatchedAnalysis=False FacilityName=
[11:03:16] [79] QAQC: 1,2-DCE | CCV-.D Source=미분류 Matched=False MatchedAnalysis=False FacilityName=
[11:03:16] [80] QAQC: Benzene | BK-.D Source=미분류 Matched=False MatchedAnalysis=False FacilityName=
[11:03:16] [81] QAQC: Benzene | FBK(HS 26-0225).D Source=미분류 Matched=False MatchedAnalysis=False FacilityName=
[11:03:16] [82] QAQC: Benzene | FBK(DL 26-0226).D Source=미분류 Matched=False MatchedAnalysis=False FacilityName=
[11:03:17] [83] QAQC: Benzene | FBK(LT 26-0226).D Source=미분류 Matched=False MatchedAnalysis=False FacilityName=
[11:03:17] [84] QAQC: Benzene | FBK(PL 26-0227).D Source=미분류 Matched=False MatchedAnalysis=False FacilityName=
[11:03:17] [85] 미분류: Benzene | HS 26-02-25.D Source=미분류 Matched=False MatchedAnalysis=False FacilityName=
[11:03:17] [86] 미분류: Benzene | PL-01.D Source=미분류 Matched=False MatchedAnalysis=False FacilityName=
[11:03:17] [87] 미분류: Benzene | PL-02.D Source=미분류 Matched=False MatchedAnalysis=False FacilityName=
[11:03:18] [88] 미분류: Benzene | DL-01.D Source=미분류 Matched=False MatchedAnalysis=False FacilityName=
[11:03:18] [89] 미분류: Benzene | DL-02.D Source=미분류 Matched=False MatchedAnalysis=False FacilityName=
[11:03:18] [90] 미분류: Benzene | LT-01.D Source=미분류 Matched=False MatchedAnalysis=False FacilityName=
[11:03:18] [91] 미분류: Benzene | LT-02.D Source=미분류 Matched=False MatchedAnalysis=False FacilityName=
[11:03:18] [92] 미분류: Benzene | LT-03.D Source=미분류 Matched=False MatchedAnalysis=False FacilityName=
[11:03:19] [93] 미분류: Benzene | LT-02 R.D Source=미분류 Matched=False MatchedAnalysis=False FacilityName=
[11:03:19] [94] QAQC: Benzene | MBK.D Source=미분류 Matched=False MatchedAnalysis=False FacilityName=
[11:03:19] [95] QAQC: Benzene | CCV-.D Source=미분류 Matched=False MatchedAnalysis=False FacilityName=
[11:03:19] [96] QAQC: TCE | BK-.D Source=미분류 Matched=False MatchedAnalysis=False FacilityName=
[11:03:19] [97] QAQC: TCE | FBK(HS 26-0225).D Source=미분류 Matched=False MatchedAnalysis=False FacilityName=
[11:03:19] [98] QAQC: TCE | FBK(DL 26-0226).D Source=미분류 Matched=False MatchedAnalysis=False FacilityName=
[11:03:20] [99] QAQC: TCE | FBK(LT 26-0226).D Source=미분류 Matched=False MatchedAnalysis=False FacilityName=
[11:03:20] [100] QAQC: TCE | FBK(PL 26-0227).D Source=미분류 Matched=False MatchedAnalysis=False FacilityName=
[11:03:20] [101] 미분류: TCE | HS 26-02-25.D Source=미분류 Matched=False MatchedAnalysis=False FacilityName=
[11:03:20] [102] 미분류: TCE | PL-01.D Source=미분류 Matched=False MatchedAnalysis=False FacilityName=
[11:03:20] [103] 미분류: TCE | PL-02.D Source=미분류 Matched=False MatchedAnalysis=False FacilityName=
[11:03:21] [104] 미분류: TCE | DL-01.D Source=미분류 Matched=False MatchedAnalysis=False FacilityName=
[11:03:21] [105] 미분류: TCE | DL-02.D Source=미분류 Matched=False MatchedAnalysis=False FacilityName=
[11:03:21] [106] 미분류: TCE | LT-01.D Source=미분류 Matched=False MatchedAnalysis=False FacilityName=
[11:03:21] [107] 미분류: TCE | LT-02.D Source=미분류 Matched=False MatchedAnalysis=False FacilityName=
[11:03:22] [108] 미분류: TCE | LT-03.D Source=미분류 Matched=False MatchedAnalysis=False FacilityName=
[11:03:22] [109] 미분류: TCE | LT-02 R.D Source=미분류 Matched=False MatchedAnalysis=False FacilityName=
[11:03:22] [110] QAQC: TCE | MBK.D Source=미분류 Matched=False MatchedAnalysis=False FacilityName=
[11:03:22] [111] QAQC: TCE | CCV-.D Source=미분류 Matched=False MatchedAnalysis=False FacilityName=
[11:03:22] [112] QAQC: Toluene | BK-.D Source=미분류 Matched=False MatchedAnalysis=False FacilityName=
[11:03:23] [113] QAQC: Toluene | FBK(HS 26-0225).D Source=미분류 Matched=False MatchedAnalysis=False FacilityName=
[11:03:23] [114] QAQC: Toluene | FBK(DL 26-0226).D Source=미분류 Matched=False MatchedAnalysis=False FacilityName=
[11:03:23] [115] QAQC: Toluene | FBK(LT 26-0226).D Source=미분류 Matched=False MatchedAnalysis=False FacilityName=
[11:03:23] [116] QAQC: Toluene | FBK(PL 26-0227).D Source=미분류 Matched=False MatchedAnalysis=False FacilityName=
[11:03:23] [117] 미분류: Toluene | HS 26-02-25.D Source=미분류 Matched=False MatchedAnalysis=False FacilityName=
[11:03:24] [118] 미분류: Toluene | PL-01.D Source=미분류 Matched=False MatchedAnalysis=False FacilityName=
[11:03:24] [119] 미분류: Toluene | PL-02.D Source=미분류 Matched=False MatchedAnalysis=False FacilityName=
[11:03:24] [120] 미분류: Toluene | DL-01.D Source=미분류 Matched=False MatchedAnalysis=False FacilityName=
[11:03:24] [121] 미분류: Toluene | DL-02.D Source=미분류 Matched=False MatchedAnalysis=False FacilityName=
[11:03:25] [122] 미분류: Toluene | LT-01.D Source=미분류 Matched=False MatchedAnalysis=False FacilityName=
[11:03:25] [123] 미분류: Toluene | LT-02.D Source=미분류 Matched=False MatchedAnalysis=False FacilityName=
[11:03:25] [124] 미분류: Toluene | LT-03.D Source=미분류 Matched=False MatchedAnalysis=False FacilityName=
[11:03:25] [125] 미분류: Toluene | LT-02 R.D Source=미분류 Matched=False MatchedAnalysis=False FacilityName=
[11:03:25] [126] QAQC: Toluene | MBK.D Source=미분류 Matched=False MatchedAnalysis=False FacilityName=
[11:03:26] [127] QAQC: Toluene | CCV-.D Source=미분류 Matched=False MatchedAnalysis=False FacilityName=
[11:03:26] [128] QAQC: PCE | BK-.D Source=미분류 Matched=False MatchedAnalysis=False FacilityName=
[11:03:26] [129] QAQC: PCE | FBK(HS 26-0225).D Source=미분류 Matched=False MatchedAnalysis=False FacilityName=
[11:03:26] [130] QAQC: PCE | FBK(DL 26-0226).D Source=미분류 Matched=False MatchedAnalysis=False FacilityName=
[11:03:26] [131] QAQC: PCE | FBK(LT 26-0226).D Source=미분류 Matched=False MatchedAnalysis=False FacilityName=
[11:03:27] [132] QAQC: PCE | FBK(PL 26-0227).D Source=미분류 Matched=False MatchedAnalysis=False FacilityName=
[11:03:27] [133] 미분류: PCE | HS 26-02-25.D Source=미분류 Matched=False MatchedAnalysis=False FacilityName=
[11:03:27] [134] 미분류: PCE | PL-01.D Source=미분류 Matched=False MatchedAnalysis=False FacilityName=
[11:03:27] [135] 미분류: PCE | PL-02.D Source=미분류 Matched=False MatchedAnalysis=False FacilityName=
[11:03:27] [136] 미분류: PCE | DL-01.D Source=미분류 Matched=False MatchedAnalysis=False FacilityName=
[11:03:27] [137] 미분류: PCE | DL-02.D Source=미분류 Matched=False MatchedAnalysis=False FacilityName=
[11:03:28] [138] 미분류: PCE | LT-01.D Source=미분류 Matched=False MatchedAnalysis=False FacilityName=
[11:03:28] [139] 미분류: PCE | LT-02.D Source=미분류 Matched=False MatchedAnalysis=False FacilityName=
[11:03:28] [140] 미분류: PCE | LT-03.D Source=미분류 Matched=False MatchedAnalysis=False FacilityName=
[11:03:28] [141] 미분류: PCE | LT-02 R.D Source=미분류 Matched=False MatchedAnalysis=False FacilityName=
[11:03:28] [142] QAQC: PCE | MBK.D Source=미분류 Matched=False MatchedAnalysis=False FacilityName=
[11:03:28] [143] QAQC: PCE | CCV-.D Source=미분류 Matched=False MatchedAnalysis=False FacilityName=
[11:03:29] [144] QAQC: Xylene | BK-.D Source=미분류 Matched=False MatchedAnalysis=False FacilityName=
[11:03:29] [145] QAQC: Xylene | FBK(HS 26-0225).D Source=미분류 Matched=False MatchedAnalysis=False FacilityName=
[11:03:29] [146] QAQC: Xylene | FBK(DL 26-0226).D Source=미분류 Matched=False MatchedAnalysis=False FacilityName=
[11:03:29] [147] QAQC: Xylene | FBK(LT 26-0226).D Source=미분류 Matched=False MatchedAnalysis=False FacilityName=
[11:03:30] [148] QAQC: Xylene | FBK(PL 26-0227).D Source=미분류 Matched=False MatchedAnalysis=False FacilityName=
[11:03:30] [149] 미분류: Xylene | HS 26-02-25.D Source=미분류 Matched=False MatchedAnalysis=False FacilityName=
[11:03:30] [150] 미분류: Xylene | PL-01.D Source=미분류 Matched=False MatchedAnalysis=False FacilityName=
[11:03:30] [151] 미분류: Xylene | PL-02.D Source=미분류 Matched=False MatchedAnalysis=False FacilityName=
[11:03:30] [152] 미분류: Xylene | DL-01.D Source=미분류 Matched=False MatchedAnalysis=False FacilityName=
[11:03:31] [153] 미분류: Xylene | DL-02.D Source=미분류 Matched=False MatchedAnalysis=False FacilityName=
[11:03:31] [154] 미분류: Xylene | LT-01.D Source=미분류 Matched=False MatchedAnalysis=False FacilityName=
[11:03:31] [155] 미분류: Xylene | LT-02.D Source=미분류 Matched=False MatchedAnalysis=False FacilityName=
[11:03:31] [156] 미분류: Xylene | LT-03.D Source=미분류 Matched=False MatchedAnalysis=False FacilityName=
[11:03:31] [157] 미분류: Xylene | LT-02 R.D Source=미분류 Matched=False MatchedAnalysis=False FacilityName=
[11:03:32] [158] QAQC: Xylene | MBK.D Source=미분류 Matched=False MatchedAnalysis=False FacilityName=
[11:03:32] [159] QAQC: Xylene | CCV-.D Source=미분류 Matched=False MatchedAnalysis=False FacilityName=
[11:03:32] === ImportData 완료: 160건 저장, 0건 비활성(토글OFF), 0건 오류 ===
