10:47:54 === ParseJenaPdf 시작: 2026.04.09 (처리장).pdf, 페이지=4 ===
10:47:54 페이지 1: 단어 82개
10:47:54 페이지 2: 단어 162개
10:47:54 페이지 3: 단어 175개
10:47:54 페이지 4: 단어 104개
10:47:54 총 줄 수: 140
10:47:54   [000] Standard Table Report
10:47:54   [001] 2026-04-09 04:01:57 오
10:47:54   [002] File Name:C:\Users\admin\Desktop\UV\2026년\T-N\TN[26.04.09]처리장.pho
10:47:54   [003] Standard Curve
10:47:54   [004] 0.4819
10:47:54   [005] 0.4000
10:47:54   [006] s .
10:47:54   [007] b
10:47:54   [008] A
10:47:54   [009] 0.2000
10:47:54   [010] 0.0000
10:47:54   [011] -0.0426
10:47:54   [012] 0.0000 0.5000 1.0000 1.5000 2.0000
10:47:54   [013] Conc. (mg/l)
10:47:54   [014] y = 0.212582 x + 0.0134384
10:47:54   [015] Correlation Coefficient r2 = 0.99414
10:47:54   [016] Standard Table
10:47:54   [017] Sample ID Type Ex Conc WL220.0 Wgt.Factor Comments
10:47:54   [018] 1 ST1 Standard 0.0000 0.0011 1.0000
10:47:54   [019] 2 ST2 Standard 0.5000 0.1322 1.0000
10:47:54   [020] 3 ST3 Standard 1.0000 0.2252 1.0000
10:47:54   [021] 4 ST4 Standard 1.5000 0.3460 1.0000
10:47:54   [022] 5 ST5 Standard 2.0000 0.4256 1.0000
10:47:54   [023] 6
10:47:54   [024] Page 1 / 1
10:47:54   [025] Sample Table Report
10:47:54   [026] 2026-04-09 04:02:16 오
10:47:54   [027] File Name: C:\Users\admin\Desktop\UV\2026년\T-N\TN[26.04.09]처리장.pho
10:47:54   [028] Sample Graph
10:47:54   [029] 2.1696
10:47:54   [030] 2.0000
10:47:54   [031] 1.5000
10:47:54   [032] ) l
10:47:54   [033] g /
10:47:54   [034] m
10:47:54   [035] ( 1.0000
10:47:54   [036] c .
10:47:54   [037] n
10:47:54   [038] o
10:47:54   [039] C
10:47:54   [040] 0.5000
10:47:54   [041] 0.0000
10:47:54   [042] -0.2564
10:47:54   [043] 1 10 20 30 40 45
10:47:54   [044] Sequence No.
10:47:54   [045] Sample Table
10:47:54   [046] Sample ID Type Ex Conc WL220.0 Comments
10:47:54   [047] 1 MBK Unknown -0.0515 0.0025
10:47:54   [048] 2 FBK Unknown -0.0542 0.0019
10:47:54   [049] 3 표준용액 (1.0mg/L) Unknown 0.7539 0.1737
10:47:54   [050] 4 중흥 농축여액 Unknown 1.2891 0.2875
10:47:54   [051] 5 중흥 탈리액 Unknown 1.2884 0.2873
10:47:54   [052] 6 중흥 유입수 Unknown 1.2923 0.2882
10:47:54   [053] 7 중흥 유량조정조 Unknown 1.2937 0.2885
10:47:54   [054] 8 중흥 기존 무산소조 유입 Unknown 1.7174 0.3785
10:47:54   [055] 9 중흥 증설 무산소조 유입 Unknown 1.4791 0.3279
10:47:54   [056] 10 중흥 침전지 Unknown 0.5444 0.1292
10:47:54   [057] 11 중흥 약품응집침전지 Unknown 0.5823 0.1372
10:47:54   [058] 12 중흥 증설 침전지 Unknown 0.9438 0.2141
10:47:54   [059] 13 중흥 증설 약품응집침전지 Unknown 0.6456 0.1507
10:47:54 시료 파싱 시작 (sampleIdRe 탐색)
10:47:54 파싱 완료: 검량선=, 시료=0건
