[22:10:16] [WasteCompany] 로드 완료 → 166건 / 1그룹
[22:10:17] [WasteCompany] 선택: 남해화학㈜ 여수공장
[22:10:24] [WasteCompany] 선택: 금호폴리켐(주)여수1공장
[22:10:25] [WasteCompany] 선택: 금호석유화학(주)[1공장]
[22:10:25] [WasteCompany] 선택: 여천NCC(주)
[22:10:30] [WasteCompany] 선택: 오라이온코리아(주)
[22:10:31] [WasteCompany] 선택: 한화솔루션(주)티디아이
[22:10:32] [WasteCompany] 선택: 구다우케미칼
[22:10:32] [WasteCompany] 선택: 롯데케미칼(주)
[22:10:33] [WasteCompany] 선택: (주)엘지화학[엔씨씨옥소알콜-엔씨씨]
[22:10:34] [WasteCompany] 선택: (주)엘지화학[브이시엠공장]
[22:10:35] [WasteCompany] 선택: 롯데케미칼(주)
[22:10:36] [WasteCompany] 선택: 금호피앤비화학(주)
[22:16:05] [WasteCompany] 로드 완료 → 여수 166건
[22:16:07] [WasteCompany] 로드 완료 → 여수 166건
[22:16:07] [WasteCompany] 로드 완료 → 율촌 23건
[22:16:08] [WasteCompany] 로드 완료 → 세풍 3건
[22:16:09] [WasteCompany] 로드 완료 → 율촌 23건
[22:16:11] [WasteCompany] 로드 완료 → 여수 166건
[22:16:12] [WasteCompany] 로드 완료 → 율촌 23건
[22:16:13] [WasteCompany] 로드 완료 → 세풍 3건
[22:16:13] [WasteCompany] 로드 완료 → 율촌 23건
[22:16:14] [WasteCompany] 로드 완료 → 여수 166건
[22:16:17] [WasteCompany] 선택: (주)엘지화학
[22:16:18] [WasteCompany] 선택: 남해화학㈜ 여수공장
[22:16:18] [WasteCompany] 로드 완료 → 율촌 23건
[22:16:19] [WasteCompany] 선택: 쓰리에스글로벌
[22:16:19] [WasteCompany] 선택: 현대오일뱅크㈜
[22:16:23] [WasteCompany] 선택: DSR제강㈜
[22:16:24] [WasteCompany] 선택: ㈜한맥데코산업
[22:16:28] [WasteCompany] 선택: ㈜광양워터
[22:16:34] [WasteCompany] 선택: 정수장
[22:16:36] [WasteCompany] 로드 완료 → 여수 166건
[22:16:38] [WasteCompany] 선택: 한화솔루션(주)여수
[22:16:38] [WasteCompany] 선택: 금호폴리켐(주)여수1공장
[22:16:40] [WasteCompany] 선택: 지에스칼텍스(주)여수공장
[22:16:46] [WasteCompany] 로드 완료 → 율촌 23건
[22:16:47] [WasteCompany] 선택: 쓰리에스글로벌
[22:16:47] [WasteCompany] 선택: CGN율촌전력㈜
[22:17:00] [WasteCompany] 선택: 포스코에이치와이클린메탈㈜
[22:17:01] [WasteCompany] 선택: 포스코에이치와이클린메탈㈜
[22:17:01] [WasteCompany] 선택: ㈜동부그린
[22:17:02] [WasteCompany] 선택: 금호티앤엘㈜
[22:17:02] [WasteCompany] 선택: 현대오일뱅크㈜
[22:17:04] [WasteCompany] 선택: ㈜한맥데코산업
[22:34:19] [WasteCompany] 로드 완료 → 여수 166건
[22:36:28] [WasteCompany] 로드 완료 → 여수 166건
[22:44:15] [WasteCompany] 로드 완료 → 여수 166건
[22:44:16] [WasteCompany] 선택: 남해화학㈜ 여수공장
[22:44:17] [WasteCompany] 선택: 금호피앤비화학(주)
[22:44:18] [WasteCompany] 선택: 롯데케미칼(주)
[22:44:18] [WasteCompany] 로드 완료 → 여수 166건
[22:44:23] [WasteCompany] 로드 완료 → 여수 166건
[22:44:24] [WasteCompany] 로드 완료 → 여수 166건
[22:44:26] [WasteCompany] 로드 완료 → 여수 166건
[22:44:27] [WasteCompany] 로드 완료 → 여수 166건
[22:44:28] [WasteCompany] 로드 완료 → 여수 166건
[22:44:28] [WasteCompany] 로드 완료 → 여수 166건
[22:44:29] [WasteCompany] 로드 완료 → 여수 166건
[22:44:29] [WasteCompany] 로드 완료 → 여수 166건
[22:44:31] [WasteCompany] 로드 완료 → 여수 166건
[23:01:59] [WasteCompany] 로드 완료 → 여수 166건
[23:02:00] [WasteCompany] 선택: 금호석유화학(주)[1공장]
[23:02:01] [WasteCompany] 선택: 지에스칼텍스(주)여수공장
[23:02:01] [WasteCompany] 선택: 여천NCC(주)
[23:02:02] [WasteCompany] 선택: (주)엘지화학[브이시엠공장]
[23:02:02] [WasteCompany] 선택: 구다우케미칼
[23:02:03] [WasteCompany] 로드 완료 → 여수 166건
[23:02:06] [WasteCompany] 로드 완료 → 여수 166건
[23:02:07] [WasteCompany] 로드 완료 → 여수 166건
[23:02:07] [WasteCompany] 로드 완료 → 여수 166건
[23:02:08] [WasteCompany] 로드 완료 → 여수 166건
[23:02:09] [WasteCompany] 로드 완료 → 여수 166건
[23:02:17] [WasteCompany] 선택: 남해화학㈜ 여수공장
[23:02:28] [WasteCompany] 로드 완료 → 여수 166건
[23:02:56] [WasteCompany] 로드 완료 → 여수 166건
[23:02:57] [WasteCompany] 선택: 금호피앤비화학(주)
[23:02:58] [WasteCompany] 선택: 금호석유화학(주)[1공장]
[23:03:37] [WasteCompany] 선택: 한화솔루션(주)여수
[23:03:38] [WasteCompany] 선택: 금호피앤비화학(주)
[23:05:24] [WasteCompany] 로드 완료 → 여수 166건
[23:05:25] [WasteCompany] 선택: 남해화학㈜ 여수공장
[23:05:31] [WasteCompany] 로드 완료 → 여수 166건
[23:05:32] [WasteCompany] 선택: 남해화학㈜ 여수공장
[23:05:44] [WasteCompany] 선택: 금호피앤비화학(주)
[23:05:47] [WasteCompany] 선택: 금호석유화학(주)[1공장]
[23:05:52] [WasteCompany] 선택: 오라이온코리아(주)
[23:05:53] [WasteCompany] 선택: 여천NCC(주)
[23:06:17] [WasteCompany] 선택: (주)동성케미컬
[23:06:18] [WasteCompany] 선택: 삼남석유화학㈜ 여수공장
[23:06:18] [WasteCompany] 선택: 한국바스프㈜
[23:09:37] [WasteCompany] 로드 완료 → 여수 166건
[23:09:41] [WasteCompany] 선택: 금호폴리켐(주)여수1공장
[23:09:43] [WasteCompany] 선택: 금호석유화학(주)[1공장]
[23:10:02] [WasteCompany] 선택: 지에스칼텍스(주)여수공장
[23:10:23] [WasteCompany] 선택: (주)엘지화학[브이시엠공장]
[23:10:30] [WasteCompany] 선택: 구다우케미칼
[23:10:38] [WasteCompany] 선택: 롯데케미칼(주)
[23:10:42] [WasteCompany] 선택: 삼남석유화학㈜ 여수공장
[23:10:52] [WasteCompany] 선택: 롯데케미칼(주)
[23:12:18] [WasteCompany] 로드 완료 → 여수 166건
[23:12:20] [WasteCompany] 선택: 금호피앤비화학(주)
[23:12:24] [WasteCompany] 선택: 금호폴리켐(주)여수1공장
[23:12:46] [WasteCompany] 선택: 금호석유화학(주)[1공장]
[23:12:47] [WasteCompany] 선택: 롯데케미칼(주)
[23:12:48] [WasteCompany] 선택: 지에스칼텍스(주)여수공장
[23:15:13] [WasteCompany] 선택: 여천NCC(주)
[23:15:14] [WasteCompany] 선택: 오라이온코리아(주)
[23:15:14] [WasteCompany] 선택: (주)엘지화학[브이시엠공장]
[23:16:26] [WasteCompany] 선택: ㈜와이엔텍
[23:17:00] [WasteCompany] 로드 완료 → 율촌 23건
[23:17:01] [WasteCompany] 선택: DSR제강㈜
[23:19:19] [WasteCompany] 로드 완료 → 여수 166건
[23:19:24] [WasteCompany] 선택: 남해화학㈜ 여수공장
[23:19:26] [WasteCompany] 선택: 한화솔루션(주)여수
[23:19:26] [WasteCompany] 선택: 금호폴리켐(주)여수1공장
[23:19:27] [WasteCompany] 선택: 금호석유화학(주)[1공장]
[23:19:28] [WasteCompany] 선택: 롯데케미칼(주)
[23:19:32] [WasteCompany] 선택: 지에스칼텍스(주)여수공장
[23:19:33] [WasteCompany] 선택: 여천NCC(주)
[23:19:33] [WasteCompany] 선택: 여천NCC(주)
[23:19:34] [WasteCompany] 선택: (주)엘지화학[브이시엠공장]
[23:19:34] [WasteCompany] 선택: 한화솔루션(주)티디아이
[23:19:35] [WasteCompany] 선택: 구다우케미칼
[23:19:36] [WasteCompany] 선택: 롯데케미칼(주)
[23:19:36] [WasteCompany] 선택: 롯데케미칼(주)
[23:19:37] [WasteCompany] 선택: 삼남석유화학㈜ 여수공장
[23:19:38] [WasteCompany] 선택: (주)엘지화학[엔씨씨옥소알콜-엔씨씨]
[23:19:39] [WasteCompany] 선택: 한국바스프㈜
[23:19:40] [WasteCompany] 선택: 금호미쓰이화학(주)
[23:19:41] [WasteCompany] 선택: (주)엘엑스엠엠에이
[23:19:41] [WasteCompany] 선택: ㈜케이씨씨여천공장
[23:19:42] [WasteCompany] 선택: 비를라카본코리아㈜
[23:19:43] [WasteCompany] 선택: 디엘케미칼(주)
[23:19:43] [WasteCompany] 선택: 씨이케이㈜
[23:19:44] [WasteCompany] 선택: 해인기업㈜ 여천공장
[23:19:45] [WasteCompany] 선택: 에어리퀴드코리아㈜
[23:19:47] [WasteCompany] 선택: ㈜한국환경사업단
[23:19:48] [WasteCompany] 선택: (주)엘지화학[폴리카보네이트]
[23:19:48] [WasteCompany] 선택: 유한기술㈜
[23:19:49] [WasteCompany] 선택: (주)엠투엔
[23:19:49] [WasteCompany] 선택: ㈜인성 여수공장
[23:19:50] [WasteCompany] 선택: 화양산업(주)
[23:19:51] [WasteCompany] 선택: 코오롱인더스트리(주)여수공장
[23:26:44] [WasteCompany] 로드 완료 → 여수 166건
[23:26:46] [WasteCompany] 선택: 금호폴리켐(주)여수1공장
[23:58:03] [WasteCompany] 로드 완료 → 여수 166건
[00:46:09] [WasteCompany] 로드 완료 → 여수 166건
[00:46:10] [WasteCompany] 선택: 한화솔루션(주)여수
[01:01:38] [WasteCompany] 로드 완료 → 여수 166건
[01:01:39] [WasteCompany] 선택: 금호피앤비화학(주)
[01:01:39] [WasteCompany] 선택: 롯데케미칼(주)
[01:01:44] [WasteCompany] 선택: 금호피앤비화학(주)
[01:01:47] [WasteCompany] 선택: 금호폴리켐(주)여수1공장
[01:01:50] [WasteCompany] 선택: 롯데케미칼(주)
[01:01:51] [WasteCompany] 선택: 지에스칼텍스(주)여수공장
[01:01:51] [WasteCompany] 선택: 여천NCC(주)
[01:01:52] [WasteCompany] 선택: 한화솔루션(주)티디아이
[01:01:53] [WasteCompany] 선택: (주)동성케미컬
[01:01:53] [WasteCompany] 선택: 구다우케미칼
[01:01:54] [WasteCompany] 선택: 롯데케미칼(주)
[01:01:55] [WasteCompany] 선택: 삼남석유화학㈜ 여수공장
[01:01:55] [WasteCompany] 선택: ㈜와이엔텍
[01:01:56] [WasteCompany] 선택: 한국바스프㈜
[01:01:56] [WasteCompany] 선택: 금호미쓰이화학(주)
[01:01:58] [WasteCompany] 선택: 삼남석유화학㈜ 여수공장
[01:01:58] [WasteCompany] 선택: 구다우케미칼
[01:01:59] [WasteCompany] 선택: 오라이온코리아(주)
[01:01:59] [WasteCompany] 선택: 여천NCC(주)
[01:02:00] [WasteCompany] 선택: 롯데케미칼(주)
[01:02:00] [WasteCompany] 선택: 금호피앤비화학(주)
[01:02:07] [WasteCompany] 선택: 금호피앤비화학(주)
[01:02:07] [WasteCompany] 선택: 한화솔루션(주)여수
[01:16:02] [WasteCompany] 로드 완료 → 여수 166건
[01:16:09] [WasteCompany] 로드 완료 → 여수 166건
[20:16:50] [WasteCompany] 로드 완료 → 여수 166건
[20:16:51] [WasteCompany] 선택: 남해화학㈜ 여수공장
[20:16:52] [WasteCompany] 선택: 금호피앤비화학(주)
[20:16:52] [WasteCompany] 선택: 금호석유화학(주)[1공장]
[22:17:50] [WasteCompany] 로드 완료 → 여수 166건
[22:17:52] [WasteCompany] 선택: 금호피앤비화학(주)
[22:17:53] [WasteCompany] 선택: 금호폴리켐(주)여수1공장
[22:17:53] [WasteCompany] 선택: 롯데케미칼(주)
[22:17:54] [WasteCompany] 선택: 여천NCC(주)
[22:20:38] [WasteCompany] 로드 완료 → 여수 166건
[22:21:19] [WasteCompany] 로드 완료 → 여수 166건
[22:21:19] [WasteCompany] 로드 완료 → 여수 166건
[22:21:22] [WasteCompany] 로드 완료 → 여수 166건
[22:21:22] [WasteCompany] 로드 완료 → 여수 166건
[22:21:22] [WasteCompany] 로드 완료 → 여수 166건
[22:21:25] [WasteCompany] 로드 완료 → 여수 166건
[01:01:40] [WasteCompany] 로드 완료 → 여수 166건
