
[14:59:04] GetAssignmentChartData 진입 range=2026-04-01~2026-04-30 IsMariaDb=True DbPath=/Users/azrael/Documents/ETA/Data/eta.db exists=True
  reader: read=2, parseOk=0, skipped=[277, 278]
[14:59:04] GetAssignmentChartData SQL: 항목명 BETWEEN '2026-04-01' AND '2026-04-30'
  info=70개, dateRows=0개
  dateRows 비어있음!
[14:59:08] GetAssignmentChartData 진입 range=2026-04-01~2026-04-30 IsMariaDb=True DbPath=/Users/azrael/Documents/ETA/Data/eta.db exists=True
  reader: read=2, parseOk=0, skipped=[277, 278]
[14:59:08] GetAssignmentChartData SQL: 항목명 BETWEEN '2026-04-01' AND '2026-04-30'
  info=70개, dateRows=0개
  dateRows 비어있음!
[14:59:08] 범위: 2026-04-01 ~ 2026-04-30
spans=0개
전체 analytes=70개
  full='항목명' short='항목명'
  full='노말헥산 추출물질' short='노말헥산 추출물질'
  full='노말헥산 추출물질(광유류)' short='노말헥산 추출물질(광유류)'
  full='노말헥산추출물질(동·식물 유지류)' short='노말헥산추출물질(동·식물 유지류)'
  full='부유물질' short='부유물질'
  full='색도' short='색도'
  full='생물화학적 산소요구량' short='생물화학적 산소요구량'
  full='수소이온농도' short='수소이온농도'
  full='온도' short='온도'
  full='전기전도도' short='전기전도도'
[14:59:10] GetAssignmentChartData 진입 range=2026-03-01~2026-03-31 IsMariaDb=True DbPath=/Users/azrael/Documents/ETA/Data/eta.db exists=True
  reader: read=31, parseOk=0, skipped=[246, 247, 248, 249, 250]
[14:59:10] GetAssignmentChartData SQL: 항목명 BETWEEN '2026-03-01' AND '2026-03-31'
  info=70개, dateRows=0개
  dateRows 비어있음!
[14:59:10] 범위: 2026-03-01 ~ 2026-03-31
spans=0개
전체 analytes=70개
  full='항목명' short='항목명'
  full='노말헥산 추출물질' short='노말헥산 추출물질'
  full='노말헥산 추출물질(광유류)' short='노말헥산 추출물질(광유류)'
  full='노말헥산추출물질(동·식물 유지류)' short='노말헥산추출물질(동·식물 유지류)'
  full='부유물질' short='부유물질'
  full='색도' short='색도'
  full='생물화학적 산소요구량' short='생물화학적 산소요구량'
  full='수소이온농도' short='수소이온농도'
  full='온도' short='온도'
  full='전기전도도' short='전기전도도'
[14:59:10] GetAssignmentChartData 진입 range=2026-02-01~2026-02-28 IsMariaDb=True DbPath=/Users/azrael/Documents/ETA/Data/eta.db exists=True
  reader: read=28, parseOk=0, skipped=[218, 219, 220, 221, 222]
[14:59:10] GetAssignmentChartData SQL: 항목명 BETWEEN '2026-02-01' AND '2026-02-28'
  info=70개, dateRows=0개
  dateRows 비어있음!
[14:59:10] 범위: 2026-02-01 ~ 2026-02-28
spans=0개
전체 analytes=70개
  full='항목명' short='항목명'
  full='노말헥산 추출물질' short='노말헥산 추출물질'
  full='노말헥산 추출물질(광유류)' short='노말헥산 추출물질(광유류)'
  full='노말헥산추출물질(동·식물 유지류)' short='노말헥산추출물질(동·식물 유지류)'
  full='부유물질' short='부유물질'
  full='색도' short='색도'
  full='생물화학적 산소요구량' short='생물화학적 산소요구량'
  full='수소이온농도' short='수소이온농도'
  full='온도' short='온도'
  full='전기전도도' short='전기전도도'
[14:59:11] GetAssignmentChartData 진입 range=2026-01-01~2026-01-31 IsMariaDb=True DbPath=/Users/azrael/Documents/ETA/Data/eta.db exists=True
  reader: read=31, parseOk=0, skipped=[187, 188, 189, 190, 191]
[14:59:11] GetAssignmentChartData SQL: 항목명 BETWEEN '2026-01-01' AND '2026-01-31'
  info=70개, dateRows=0개
  dateRows 비어있음!
[14:59:11] 범위: 2026-01-01 ~ 2026-01-31
spans=0개
전체 analytes=70개
  full='항목명' short='항목명'
  full='노말헥산 추출물질' short='노말헥산 추출물질'
  full='노말헥산 추출물질(광유류)' short='노말헥산 추출물질(광유류)'
  full='노말헥산추출물질(동·식물 유지류)' short='노말헥산추출물질(동·식물 유지류)'
  full='부유물질' short='부유물질'
  full='색도' short='색도'
  full='생물화학적 산소요구량' short='생물화학적 산소요구량'
  full='수소이온농도' short='수소이온농도'
  full='온도' short='온도'
  full='전기전도도' short='전기전도도'
[14:59:14] GetAssignmentChartData 진입 range=2025-12-01~2025-12-31 IsMariaDb=True DbPath=/Users/azrael/Documents/ETA/Data/eta.db exists=True
  reader: read=31, parseOk=0, skipped=[156, 157, 158, 159, 160]
[14:59:14] GetAssignmentChartData SQL: 항목명 BETWEEN '2025-12-01' AND '2025-12-31'
  info=70개, dateRows=0개
  dateRows 비어있음!
[14:59:14] 범위: 2025-12-01 ~ 2025-12-31
spans=0개
전체 analytes=70개
  full='항목명' short='항목명'
  full='노말헥산 추출물질' short='노말헥산 추출물질'
  full='노말헥산 추출물질(광유류)' short='노말헥산 추출물질(광유류)'
  full='노말헥산추출물질(동·식물 유지류)' short='노말헥산추출물질(동·식물 유지류)'
  full='부유물질' short='부유물질'
  full='색도' short='색도'
  full='생물화학적 산소요구량' short='생물화학적 산소요구량'
  full='수소이온농도' short='수소이온농도'
  full='온도' short='온도'
  full='전기전도도' short='전기전도도'
[14:59:14] GetAssignmentChartData 진입 range=2025-11-01~2025-11-30 IsMariaDb=True DbPath=/Users/azrael/Documents/ETA/Data/eta.db exists=True
  reader: read=30, parseOk=0, skipped=[126, 127, 128, 129, 130]
[14:59:14] GetAssignmentChartData SQL: 항목명 BETWEEN '2025-11-01' AND '2025-11-30'
  info=70개, dateRows=0개
  dateRows 비어있음!
[14:59:14] 범위: 2025-11-01 ~ 2025-11-30
spans=0개
전체 analytes=70개
  full='항목명' short='항목명'
  full='노말헥산 추출물질' short='노말헥산 추출물질'
  full='노말헥산 추출물질(광유류)' short='노말헥산 추출물질(광유류)'
  full='노말헥산추출물질(동·식물 유지류)' short='노말헥산추출물질(동·식물 유지류)'
  full='부유물질' short='부유물질'
  full='색도' short='색도'
  full='생물화학적 산소요구량' short='생물화학적 산소요구량'
  full='수소이온농도' short='수소이온농도'
  full='온도' short='온도'
  full='전기전도도' short='전기전도도'
[14:59:14] GetAssignmentChartData 진입 range=2025-10-01~2025-10-31 IsMariaDb=True DbPath=/Users/azrael/Documents/ETA/Data/eta.db exists=True
  reader: read=31, parseOk=0, skipped=[95, 96, 97, 98, 99]
[14:59:14] GetAssignmentChartData SQL: 항목명 BETWEEN '2025-10-01' AND '2025-10-31'
  info=70개, dateRows=0개
  dateRows 비어있음!
[14:59:14] 범위: 2025-10-01 ~ 2025-10-31
spans=0개
전체 analytes=70개
  full='항목명' short='항목명'
  full='노말헥산 추출물질' short='노말헥산 추출물질'
  full='노말헥산 추출물질(광유류)' short='노말헥산 추출물질(광유류)'
  full='노말헥산추출물질(동·식물 유지류)' short='노말헥산추출물질(동·식물 유지류)'
  full='부유물질' short='부유물질'
  full='색도' short='색도'
  full='생물화학적 산소요구량' short='생물화학적 산소요구량'
  full='수소이온농도' short='수소이온농도'
  full='온도' short='온도'
  full='전기전도도' short='전기전도도'
[14:59:15] GetAssignmentChartData 진입 range=2025-09-01~2025-09-30 IsMariaDb=True DbPath=/Users/azrael/Documents/ETA/Data/eta.db exists=True
  reader: read=30, parseOk=0, skipped=[65, 66, 67, 68, 69]
[14:59:15] GetAssignmentChartData SQL: 항목명 BETWEEN '2025-09-01' AND '2025-09-30'
  info=70개, dateRows=0개
  dateRows 비어있음!
[14:59:15] 범위: 2025-09-01 ~ 2025-09-30
spans=0개
전체 analytes=70개
  full='항목명' short='항목명'
  full='노말헥산 추출물질' short='노말헥산 추출물질'
  full='노말헥산 추출물질(광유류)' short='노말헥산 추출물질(광유류)'
  full='노말헥산추출물질(동·식물 유지류)' short='노말헥산추출물질(동·식물 유지류)'
  full='부유물질' short='부유물질'
  full='색도' short='색도'
  full='생물화학적 산소요구량' short='생물화학적 산소요구량'
  full='수소이온농도' short='수소이온농도'
  full='온도' short='온도'
  full='전기전도도' short='전기전도도'
[14:59:15] GetAssignmentChartData 진입 range=2025-08-01~2025-08-31 IsMariaDb=True DbPath=/Users/azrael/Documents/ETA/Data/eta.db exists=True
  reader: read=31, parseOk=0, skipped=[34, 35, 36, 37, 38]
[14:59:15] GetAssignmentChartData SQL: 항목명 BETWEEN '2025-08-01' AND '2025-08-31'
  info=70개, dateRows=0개
  dateRows 비어있음!
[14:59:15] 범위: 2025-08-01 ~ 2025-08-31
spans=0개
전체 analytes=70개
  full='항목명' short='항목명'
  full='노말헥산 추출물질' short='노말헥산 추출물질'
  full='노말헥산 추출물질(광유류)' short='노말헥산 추출물질(광유류)'
  full='노말헥산추출물질(동·식물 유지류)' short='노말헥산추출물질(동·식물 유지류)'
  full='부유물질' short='부유물질'
  full='색도' short='색도'
  full='생물화학적 산소요구량' short='생물화학적 산소요구량'
  full='수소이온농도' short='수소이온농도'
  full='온도' short='온도'
  full='전기전도도' short='전기전도도'
[14:59:16] GetAssignmentChartData 진입 range=2025-07-01~2025-07-31 IsMariaDb=True DbPath=/Users/azrael/Documents/ETA/Data/eta.db exists=True
  reader: read=31, parseOk=0, skipped=[3, 4, 5, 6, 7]
[14:59:16] GetAssignmentChartData SQL: 항목명 BETWEEN '2025-07-01' AND '2025-07-31'
  info=70개, dateRows=0개
  dateRows 비어있음!
[14:59:16] 범위: 2025-07-01 ~ 2025-07-31
spans=0개
전체 analytes=70개
  full='항목명' short='항목명'
  full='노말헥산 추출물질' short='노말헥산 추출물질'
  full='노말헥산 추출물질(광유류)' short='노말헥산 추출물질(광유류)'
  full='노말헥산추출물질(동·식물 유지류)' short='노말헥산추출물질(동·식물 유지류)'
  full='부유물질' short='부유물질'
  full='색도' short='색도'
  full='생물화학적 산소요구량' short='생물화학적 산소요구량'
  full='수소이온농도' short='수소이온농도'
  full='온도' short='온도'
  full='전기전도도' short='전기전도도'
[14:59:16] GetAssignmentChartData 진입 range=2025-06-01~2025-06-30 IsMariaDb=True DbPath=/Users/azrael/Documents/ETA/Data/eta.db exists=True
  reader: read=0, parseOk=0, skipped=[]
[14:59:16] GetAssignmentChartData SQL: 항목명 BETWEEN '2025-06-01' AND '2025-06-30'
  info=70개, dateRows=0개
  dateRows 비어있음!
[14:59:16] 범위: 2025-06-01 ~ 2025-06-30
spans=0개
전체 analytes=70개
  full='항목명' short='항목명'
  full='노말헥산 추출물질' short='노말헥산 추출물질'
  full='노말헥산 추출물질(광유류)' short='노말헥산 추출물질(광유류)'
  full='노말헥산추출물질(동·식물 유지류)' short='노말헥산추출물질(동·식물 유지류)'
  full='부유물질' short='부유물질'
  full='색도' short='색도'
  full='생물화학적 산소요구량' short='생물화학적 산소요구량'
  full='수소이온농도' short='수소이온농도'
  full='온도' short='온도'
  full='전기전도도' short='전기전도도'
[14:59:16] GetAssignmentChartData 진입 range=2025-05-01~2025-05-31 IsMariaDb=True DbPath=/Users/azrael/Documents/ETA/Data/eta.db exists=True
  reader: read=0, parseOk=0, skipped=[]
[14:59:16] GetAssignmentChartData SQL: 항목명 BETWEEN '2025-05-01' AND '2025-05-31'
  info=70개, dateRows=0개
  dateRows 비어있음!
[14:59:16] 범위: 2025-05-01 ~ 2025-05-31
spans=0개
전체 analytes=70개
  full='항목명' short='항목명'
  full='노말헥산 추출물질' short='노말헥산 추출물질'
  full='노말헥산 추출물질(광유류)' short='노말헥산 추출물질(광유류)'
  full='노말헥산추출물질(동·식물 유지류)' short='노말헥산추출물질(동·식물 유지류)'
  full='부유물질' short='부유물질'
  full='색도' short='색도'
  full='생물화학적 산소요구량' short='생물화학적 산소요구량'
  full='수소이온농도' short='수소이온농도'
  full='온도' short='온도'
  full='전기전도도' short='전기전도도'
[14:59:16] GetAssignmentChartData 진입 range=2025-04-01~2025-04-30 IsMariaDb=True DbPath=/Users/azrael/Documents/ETA/Data/eta.db exists=True
  reader: read=0, parseOk=0, skipped=[]
[14:59:16] GetAssignmentChartData SQL: 항목명 BETWEEN '2025-04-01' AND '2025-04-30'
  info=70개, dateRows=0개
  dateRows 비어있음!
[14:59:16] 범위: 2025-04-01 ~ 2025-04-30
spans=0개
전체 analytes=70개
  full='항목명' short='항목명'
  full='노말헥산 추출물질' short='노말헥산 추출물질'
  full='노말헥산 추출물질(광유류)' short='노말헥산 추출물질(광유류)'
  full='노말헥산추출물질(동·식물 유지류)' short='노말헥산추출물질(동·식물 유지류)'
  full='부유물질' short='부유물질'
  full='색도' short='색도'
  full='생물화학적 산소요구량' short='생물화학적 산소요구량'
  full='수소이온농도' short='수소이온농도'
  full='온도' short='온도'
  full='전기전도도' short='전기전도도'
