[00:39:25.690] [EnsureTables] DB연결 OK. 타입: MySqlConnection
[00:39:25.694] [EnsureTables] 테이블 존재: True
[00:39:25.798] [EnsureTables] 테이블 정상 확인
[00:43:19.556] [EnsureTables] DB연결 OK. 타입: MySqlConnection
[00:43:19.561] [EnsureTables] 테이블 존재: True
[00:43:19.657] [EnsureTables] 테이블 정상 확인
[00:47:30.073] === 파일추가 시작 | 파서: UVVIS ===
[00:47:30.074] ListPanelChanged 구독 여부: True
[00:47:30.074] TopLevel: OK
[00:47:50.014] 파일 선택 개수: 3
[00:47:50.015]   처리 중: 2026.04.09 (처리장-샘플테이블).txt
[00:47:51.412]   읽기 완료: 2,071 bytes
[00:47:51.413]   텍스트 추출: 2,018자
[00:47:51.475]   [SaveFile] INSERT rows=1  2026.04.09 (처리장-샘플테이블).txt
[00:47:51.478]   DB저장 후 UVVIS 파일 수: 1
[00:47:51.479]   처리 중: 2026.04.09 (처리장-검량선).txt
[00:47:52.894]   읽기 완료: 271 bytes
[00:47:52.895]   텍스트 추출: 271자
[00:47:52.911]   [SaveFile] INSERT rows=1  2026.04.09 (처리장-검량선).txt
[00:47:52.914]   DB저장 후 UVVIS 파일 수: 2
[00:47:52.915]   처리 중: 2026.04.09 (처리장).pdf
[00:47:52.917]   읽기 완료: 127,317 bytes
[00:47:53.184]   텍스트 추출: 2,365자
[00:47:53.253]   [SaveFile] INSERT rows=1  2026.04.09 (처리장).pdf
[00:47:53.337]   DB저장 후 UVVIS 파일 수: 3
[00:47:53.338] 저장 완료: 3/3개
[00:47:53.338] BuildParserTree() 호출
[00:47:53.362] ListPanelChanged?.Invoke() 호출 (null=False)
[00:47:53.363] BuildListPanel 완료: Grid
[00:47:53.364] === 파일추가 완료 ===

[00:47:54.999] === 파일추가 시작 | 파서: UVVIS ===
[00:47:54.999] ListPanelChanged 구독 여부: True
[00:47:54.999] TopLevel: OK
[00:48:25.004] 파일 선택 개수: 3
[00:48:25.005]   처리 중: 2026.04.09 (처리장-샘플테이블).txt
[00:48:26.874]   읽기 완료: 2,196 bytes
[00:48:26.875]   텍스트 추출: 2,139자
[00:48:26.936]   [SaveFile] INSERT rows=1  2026.04.09 (처리장-샘플테이블).txt
[00:48:26.939]   DB저장 후 UVVIS 파일 수: 4
[00:48:26.941]   처리 중: 2026.04.09 (처리장-검량선).txt
[00:48:27.173] === 파일추가 시작 | 파서: UVVIS ===
[00:48:27.174] ListPanelChanged 구독 여부: True
[00:48:27.174] TopLevel: OK
[00:48:28.832]   읽기 완료: 272 bytes
[00:48:28.833]   텍스트 추출: 272자
[00:48:28.858]   [SaveFile] INSERT rows=1  2026.04.09 (처리장-검량선).txt
[00:48:28.862]   DB저장 후 UVVIS 파일 수: 5
[00:48:28.864]   처리 중: 2026.04.09 (처리장).pdf
[00:48:31.324]   읽기 완료: 127,599 bytes
[00:48:31.372]   텍스트 추출: 2,352자
[00:48:31.388]   [SaveFile] INSERT rows=1  2026.04.09 (처리장).pdf
[00:48:31.391]   DB저장 후 UVVIS 파일 수: 6
[00:48:31.391] 저장 완료: 3/3개
[00:48:31.391] BuildParserTree() 호출
[00:48:31.426] ListPanelChanged?.Invoke() 호출 (null=False)
[00:48:31.428] BuildListPanel 완료: Grid
[00:48:31.429] === 파일추가 완료 ===

[00:48:39.195] 파일 선택 개수: 3
[00:48:39.195]   처리 중: 2026.01.15 (측대).pdf
[00:48:40.462] === 파일추가 시작 | 파서: UVVIS ===
[00:48:40.462] ListPanelChanged 구독 여부: True
[00:48:40.462] TopLevel: OK
[00:48:41.263]   읽기 완료: 107,509 bytes
[00:48:41.284]   텍스트 추출: 970자
[00:48:41.313]   [SaveFile] INSERT rows=1  2026.01.15 (측대).pdf
[00:48:41.316]   DB저장 후 UVVIS 파일 수: 7
[00:48:41.316]   처리 중: 2026.01.15 (측대-샘플테이블).txt
[00:48:43.259]   읽기 완료: 223 bytes
[00:48:43.264]   텍스트 추출: 221자
[00:48:43.288]   [SaveFile] INSERT rows=1  2026.01.15 (측대-샘플테이블).txt
[00:48:43.291]   DB저장 후 UVVIS 파일 수: 8
[00:48:43.292]   처리 중: 2026.01.15 (측대-검량선).txt
[00:48:45.254]   읽기 완료: 271 bytes
[00:48:45.255]   텍스트 추출: 271자
[00:48:45.280]   [SaveFile] INSERT rows=1  2026.01.15 (측대-검량선).txt
[00:48:45.376]   DB저장 후 UVVIS 파일 수: 9
[00:48:45.377] 저장 완료: 3/3개
[00:48:45.378] BuildParserTree() 호출
[00:48:45.409] ListPanelChanged?.Invoke() 호출 (null=False)
[00:48:45.412] BuildListPanel 완료: Grid
[00:48:45.413] === 파일추가 완료 ===

[00:49:19.787] 파일 선택 개수: 60
[00:49:19.788]   처리 중: 2025.11.19. (측대-샘플테이블).txt
[00:49:21.677]   읽기 완료: 221 bytes
[00:49:21.677]   텍스트 추출: 217자
[00:49:21.696]   [SaveFile] INSERT rows=1  2025.11.19. (측대-샘플테이블).txt
[00:49:21.699]   DB저장 후 UVVIS 파일 수: 10
[00:49:21.700]   처리 중: 2025.11.19. (측대-검량선).txt
[00:49:23.815]   읽기 완료: 272 bytes
[00:49:23.815]   텍스트 추출: 272자
[00:49:23.862]   [SaveFile] INSERT rows=1  2025.11.19. (측대-검량선).txt
[00:49:23.865]   DB저장 후 UVVIS 파일 수: 11
[00:49:23.865]   처리 중: 2026.03.27. (측대-샘플테이블).txt
[00:49:25.685]   읽기 완료: 379 bytes
[00:49:25.686]   텍스트 추출: 376자
[00:49:25.707]   [SaveFile] INSERT rows=1  2026.03.27. (측대-샘플테이블).txt
[00:49:25.709]   DB저장 후 UVVIS 파일 수: 12
[00:49:25.710]   처리 중: 2026.03.27. (측대-검량선).txt
[00:49:27.587] === 파일추가 시작 | 파서: UVVIS ===
[00:49:27.588] ListPanelChanged 구독 여부: True
[00:49:27.588] TopLevel: OK
[00:49:28.044]   읽기 완료: 271 bytes
[00:49:28.044]   텍스트 추출: 271자
[00:49:28.066]   [SaveFile] INSERT rows=1  2026.03.27. (측대-검량선).txt
[00:49:28.069]   DB저장 후 UVVIS 파일 수: 13
[00:49:28.069]   처리 중: 2026.03.19. (측대-샘플테이블).txt
[00:49:29.101]   읽기 완료: 341 bytes
[00:49:29.101]   텍스트 추출: 338자
[00:49:29.131]   [SaveFile] INSERT rows=1  2026.03.19. (측대-샘플테이블).txt
[00:49:29.134]   DB저장 후 UVVIS 파일 수: 14
[00:49:29.135]   처리 중: 2026.03.19. (측대-검량선).txt
[00:49:30.627]   읽기 완료: 271 bytes
[00:49:30.627]   텍스트 추출: 271자
[00:49:30.659]   [SaveFile] INSERT rows=1  2026.03.19. (측대-검량선).txt
[00:49:30.662]   DB저장 후 UVVIS 파일 수: 15
[00:49:30.662]   처리 중: 2026.03.03. (측대-샘플테이블).txt
[00:49:32.056]   읽기 완료: 635 bytes
[00:49:32.057]   텍스트 추출: 619자
[00:49:32.077]   [SaveFile] INSERT rows=1  2026.03.03. (측대-샘플테이블).txt
[00:49:32.147]   DB저장 후 UVVIS 파일 수: 16
[00:49:32.148]   처리 중: 2026.03.03. (측대-검량선).txt
[00:49:33.591]   읽기 완료: 272 bytes
[00:49:33.592]   텍스트 추출: 272자
[00:49:33.613]   [SaveFile] INSERT rows=1  2026.03.03. (측대-검량선).txt
[00:49:33.622]   DB저장 후 UVVIS 파일 수: 17
[00:49:33.622]   처리 중: 2026.02.12. (측대-샘플테이블).txt
[00:49:35.022]   읽기 완료: 316 bytes
[00:49:35.023]   텍스트 추출: 316자
[00:49:35.048]   [SaveFile] INSERT rows=1  2026.02.12. (측대-샘플테이블).txt
[00:49:35.051]   DB저장 후 UVVIS 파일 수: 18
[00:49:35.052]   처리 중: 2026.02.12. (측대-검량선).txt
[00:49:36.521]   읽기 완료: 271 bytes
[00:49:36.521]   텍스트 추출: 271자
[00:49:36.568]   [SaveFile] INSERT rows=1  2026.02.12. (측대-검량선).txt
[00:49:36.571]   DB저장 후 UVVIS 파일 수: 19
[00:49:36.572]   처리 중: 2026.02.09. (측대-샘플테이블).txt
[00:49:37.989]   읽기 완료: 468 bytes
[00:49:37.990]   텍스트 추출: 468자
[00:49:38.009]   [SaveFile] INSERT rows=1  2026.02.09. (측대-샘플테이블).txt
[00:49:38.012]   DB저장 후 UVVIS 파일 수: 20
[00:49:38.013]   처리 중: 2026.02.09. (측대-검량선).txt
[00:49:39.413]   읽기 완료: 271 bytes
[00:49:39.417]   텍스트 추출: 271자
[00:49:39.447]   [SaveFile] INSERT rows=1  2026.02.09. (측대-검량선).txt
[00:49:39.450]   DB저장 후 UVVIS 파일 수: 21
[00:49:39.451]   처리 중: 2026.04.01(샘플테이블).txt
[00:49:41.114]   읽기 완료: 434 bytes
[00:49:41.115]   텍스트 추출: 434자
[00:49:41.139]   [SaveFile] INSERT rows=1  2026.04.01(샘플테이블).txt
[00:49:41.143]   DB저장 후 UVVIS 파일 수: 22
[00:49:41.144]   처리 중: 2026.04.01(검량선).txt
[00:49:43.969]   읽기 완료: 271 bytes
[00:49:43.972]   텍스트 추출: 271자
[00:49:44.009]   [SaveFile] INSERT rows=1  2026.04.01(검량선).txt
[00:49:44.089]   DB저장 후 UVVIS 파일 수: 23
[00:49:44.090]   처리 중: 2026.03.27(샘플테이블).txt
[00:49:45.915]   읽기 완료: 317 bytes
[00:49:45.916]   텍스트 추출: 317자
[00:49:46.040]   [SaveFile] INSERT rows=1  2026.03.27(샘플테이블).txt
[00:49:46.044]   DB저장 후 UVVIS 파일 수: 24
[00:49:46.045]   처리 중: 2026.03.27(검량선).txt
[00:49:47.860]   읽기 완료: 272 bytes
[00:49:47.866]   텍스트 추출: 272자
[00:49:48.018]   [SaveFile] INSERT rows=1  2026.03.27(검량선).txt
[00:49:48.022]   DB저장 후 UVVIS 파일 수: 25
[00:49:48.023]   처리 중: 2026.03.25(샘플테이블).txt
[00:49:49.979]   읽기 완료: 581 bytes
[00:49:49.980]   텍스트 추출: 581자
[00:49:50.010]   [SaveFile] INSERT rows=1  2026.03.25(샘플테이블).txt
[00:49:50.013]   DB저장 후 UVVIS 파일 수: 26
[00:49:50.013]   처리 중: 2026.03.25(검량선).txt
[00:49:51.796]   읽기 완료: 271 bytes
[00:49:51.798]   텍스트 추출: 271자
[00:49:51.822]   [SaveFile] INSERT rows=1  2026.03.25(검량선).txt
[00:49:51.826]   DB저장 후 UVVIS 파일 수: 27
[00:49:51.827]   처리 중: 2026.03.23(샘플테이블).txt
[00:49:53.149]   읽기 완료: 730 bytes
[00:49:53.149]   텍스트 추출: 730자
[00:49:53.184]   [SaveFile] INSERT rows=1  2026.03.23(샘플테이블).txt
[00:49:53.188]   DB저장 후 UVVIS 파일 수: 28
[00:49:53.189]   처리 중: 2026.03.23(검량선).txt
[00:49:54.915]   읽기 완료: 271 bytes
[00:49:54.917]   텍스트 추출: 271자
[00:49:54.946]   [SaveFile] INSERT rows=1  2026.03.23(검량선).txt
[00:49:54.950]   DB저장 후 UVVIS 파일 수: 29
[00:49:54.951]   처리 중: 2026.03.19(샘플테이블).txt
[00:49:56.254]   읽기 완료: 690 bytes
[00:49:56.255]   텍스트 추출: 686자
[00:49:56.323]   [SaveFile] INSERT rows=1  2026.03.19(샘플테이블).txt
[00:49:56.326]   DB저장 후 UVVIS 파일 수: 30
[00:49:56.327]   처리 중: 2026.03.19(검량선).txt
[00:49:57.946]   읽기 완료: 271 bytes
[00:49:57.947]   텍스트 추출: 271자
[00:49:57.976]   [SaveFile] INSERT rows=1  2026.03.19(검량선).txt
[00:49:58.056]   DB저장 후 UVVIS 파일 수: 31
[00:49:58.057]   처리 중: 2026.03.13(샘플테이블).txt
[00:50:00.028]   읽기 완료: 508 bytes
[00:50:00.038]   텍스트 추출: 508자
[00:50:00.068]   [SaveFile] INSERT rows=1  2026.03.13(샘플테이블).txt
[00:50:00.072]   DB저장 후 UVVIS 파일 수: 32
[00:50:00.073]   처리 중: 2026.03.13(검량선).txt
[00:50:01.560]   읽기 완료: 271 bytes
[00:50:01.561]   텍스트 추출: 271자
[00:50:01.583]   [SaveFile] INSERT rows=1  2026.03.13(검량선).txt
[00:50:01.587]   DB저장 후 UVVIS 파일 수: 33
[00:50:01.588]   처리 중: 2026.03.12(샘플테이블).txt
[00:50:02.589]   읽기 완료: 281 bytes
[00:50:02.599]   텍스트 추출: 281자
[00:50:02.633]   [SaveFile] INSERT rows=1  2026.03.12(샘플테이블).txt
[00:50:02.635]   DB저장 후 UVVIS 파일 수: 34
[00:50:02.636]   처리 중: 2026.03.12(검량선).txt
[00:50:04.488]   읽기 완료: 271 bytes
[00:50:04.489]   텍스트 추출: 271자
[00:50:04.581]   [SaveFile] INSERT rows=1  2026.03.12(검량선).txt
[00:50:04.585]   DB저장 후 UVVIS 파일 수: 35
[00:50:04.586]   처리 중: 2026.02.27(샘플테이블).txt
[00:50:06.452]   읽기 완료: 540 bytes
[00:50:06.452]   텍스트 추출: 540자
[00:50:06.483]   [SaveFile] INSERT rows=1  2026.02.27(샘플테이블).txt
[00:50:06.486]   DB저장 후 UVVIS 파일 수: 36
[00:50:06.487]   처리 중: 2026.03.09(샘플테이블).txt
[00:50:07.328]   읽기 완료: 591 bytes
[00:50:07.329]   텍스트 추출: 591자
[00:50:07.352]   [SaveFile] INSERT rows=1  2026.03.09(샘플테이블).txt
[00:50:07.355]   DB저장 후 UVVIS 파일 수: 37
[00:50:07.356]   처리 중: 2026.03.09(검량선).txt
[00:50:09.064]   읽기 완료: 271 bytes
[00:50:09.065]   텍스트 추출: 271자
[00:50:09.088]   [SaveFile] INSERT rows=1  2026.03.09(검량선).txt
[00:50:09.092]   DB저장 후 UVVIS 파일 수: 38
[00:50:09.093]   처리 중: 2026.02.27(검량선).txt
[00:50:10.893]   읽기 완료: 271 bytes
[00:50:10.901]   텍스트 추출: 271자
[00:50:10.922]   [SaveFile] INSERT rows=1  2026.02.27(검량선).txt
[00:50:10.926]   DB저장 후 UVVIS 파일 수: 39
[00:50:10.927]   처리 중: 2026.02.25(샘플테이블).txt
[00:50:12.756]   읽기 완료: 658 bytes
[00:50:12.758]   텍스트 추출: 658자
[00:50:12.793]   [SaveFile] INSERT rows=1  2026.02.25(샘플테이블).txt
[00:50:12.868]   DB저장 후 UVVIS 파일 수: 40
[00:50:12.871]   처리 중: 2026.02.25(검량선).txt
[00:50:14.453]   읽기 완료: 271 bytes
[00:50:14.455]   텍스트 추출: 271자
[00:50:14.476]   [SaveFile] INSERT rows=1  2026.02.25(검량선).txt
[00:50:14.480]   DB저장 후 UVVIS 파일 수: 41
[00:50:14.482]   처리 중: 2026.02.24(샘플테이블).txt
[00:50:16.139]   읽기 완료: 811 bytes
[00:50:16.140]   텍스트 추출: 811자
[00:50:16.154]   [SaveFile] INSERT rows=1  2026.02.24(샘플테이블).txt
[00:50:16.156]   DB저장 후 UVVIS 파일 수: 42
[00:50:16.157]   처리 중: 2026.02.24(검량선).txt
[00:50:17.578]   읽기 완료: 271 bytes
[00:50:17.580]   텍스트 추출: 271자
[00:50:17.617]   [SaveFile] INSERT rows=1  2026.02.24(검량선).txt
[00:50:17.621]   DB저장 후 UVVIS 파일 수: 43
[00:50:17.622]   처리 중: 2026.02.20(샘플테이블).txt
[00:50:19.418]   읽기 완료: 578 bytes
[00:50:19.420]   텍스트 추출: 578자
[00:50:19.443]   [SaveFile] INSERT rows=1  2026.02.20(샘플테이블).txt
[00:50:19.447]   DB저장 후 UVVIS 파일 수: 44
[00:50:19.449]   처리 중: 2026.02.20(검량선).txt
[00:50:21.023]   읽기 완료: 272 bytes
[00:50:21.027]   텍스트 추출: 272자
[00:50:21.047]   [SaveFile] INSERT rows=1  2026.02.20(검량선).txt
[00:50:21.050]   DB저장 후 UVVIS 파일 수: 45
[00:50:21.050]   처리 중: 2026.02.13(샘플테이블).txt
[00:50:22.610]   읽기 완료: 475 bytes
[00:50:22.611]   텍스트 추출: 475자
[00:50:22.639]   [SaveFile] INSERT rows=1  2026.02.13(샘플테이블).txt
[00:50:22.642]   DB저장 후 UVVIS 파일 수: 46
[00:50:22.643]   처리 중: 2026.02.13(검량선).txt
[00:50:24.233]   읽기 완료: 272 bytes
[00:50:24.233]   텍스트 추출: 272자
[00:50:24.284]   [SaveFile] INSERT rows=1  2026.02.13(검량선).txt
[00:50:24.288]   DB저장 후 UVVIS 파일 수: 47
[00:50:24.290]   처리 중: 2026.02.06(샘플테이블).txt
[00:50:26.074]   읽기 완료: 604 bytes
[00:50:26.084]   텍스트 추출: 604자
[00:50:26.101]   [SaveFile] INSERT rows=1  2026.02.06(샘플테이블).txt
[00:50:26.105]   DB저장 후 UVVIS 파일 수: 48
[00:50:26.106]   처리 중: 2026.02.06(검량선).txt
[00:50:27.670]   읽기 완료: 272 bytes
[00:50:27.671]   텍스트 추출: 272자
[00:50:27.693]   [SaveFile] INSERT rows=1  2026.02.06(검량선).txt
[00:50:27.695]   DB저장 후 UVVIS 파일 수: 49
[00:50:27.696]   처리 중: 2026.03.23 추출법.pdf
[00:50:29.798]   읽기 완료: 113,922 bytes
[00:50:29.860]   텍스트 추출: 1,725자
[00:50:29.906]   [SaveFile] INSERT rows=1  2026.03.23 추출법.pdf
[00:50:29.992]   DB저장 후 UVVIS 파일 수: 50
[00:50:29.993]   처리 중: 2026.03.12 추출법.pdf
[00:50:31.664]   읽기 완료: 109,870 bytes
[00:50:31.682]   텍스트 추출: 1,030자
[00:50:31.704]   [SaveFile] INSERT rows=1  2026.03.12 추출법.pdf
[00:50:31.707]   DB저장 후 UVVIS 파일 수: 51
[00:50:31.707]   처리 중: 2026.04.01 추출법.pdf
[00:50:33.147]   읽기 완료: 110,663 bytes
[00:50:33.170]   텍스트 추출: 1,184자
[00:50:33.196]   [SaveFile] INSERT rows=1  2026.04.01 추출법.pdf
[00:50:33.198]   DB저장 후 UVVIS 파일 수: 52
[00:50:33.199]   처리 중: 2026.03.27 추출법.pdf
[00:50:34.836]   읽기 완료: 109,965 bytes
[00:50:34.844]   텍스트 추출: 1,059자
[00:50:34.863]   [SaveFile] INSERT rows=1  2026.03.27 추출법.pdf
[00:50:34.866]   DB저장 후 UVVIS 파일 수: 53
[00:50:34.866]   처리 중: 2026.03.25 추출법.pdf
[00:50:36.326]   읽기 완료: 110,913 bytes
[00:50:36.346]   텍스트 추출: 1,295자
[00:50:36.411]   [SaveFile] INSERT rows=1  2026.03.25 추출법.pdf
[00:50:36.415]   DB저장 후 UVVIS 파일 수: 54
[00:50:36.416]   처리 중: 2026.03.13 추출법.pdf
[00:50:37.899]   읽기 완료: 110,513 bytes
[00:50:37.915]   텍스트 추출: 1,231자
[00:50:37.934]   [SaveFile] INSERT rows=1  2026.03.13 추출법.pdf
[00:50:37.937]   DB저장 후 UVVIS 파일 수: 55
[00:50:37.938]   처리 중: 2026.03.09 추출법.pdf
[00:50:40.009]   읽기 완료: 111,280 bytes
[00:50:40.035]   텍스트 추출: 1,303자
[00:50:40.061]   [SaveFile] INSERT rows=1  2026.03.09 추출법.pdf
[00:50:40.063]   DB저장 후 UVVIS 파일 수: 56
[00:50:40.064]   처리 중: 2026.03.19 추출법.pdf
[00:50:41.767]   읽기 완료: 114,252 bytes
[00:50:41.775]   텍스트 추출: 1,403자
[00:50:41.792]   [SaveFile] INSERT rows=1  2026.03.19 추출법.pdf
[00:50:41.795]   DB저장 후 UVVIS 파일 수: 57
[00:50:41.795]   처리 중: 2026.03.27. (측대).pdf
[00:50:43.194]   읽기 완료: 111,116 bytes
[00:50:43.205]   텍스트 추출: 1,135자
[00:50:43.296]   [SaveFile] INSERT rows=1  2026.03.27. (측대).pdf
[00:50:43.298]   DB저장 후 UVVIS 파일 수: 58
[00:50:43.299]   처리 중: 2026.03.19. (측대).pdf
[00:50:44.787]   읽기 완료: 110,794 bytes
[00:50:44.801]   텍스트 추출: 1,097자
[00:50:44.824]   [SaveFile] INSERT rows=1  2026.03.19. (측대).pdf
[00:50:44.827]   DB저장 후 UVVIS 파일 수: 59
[00:50:44.828]   처리 중: 2026.03.03. (측대).pdf
[00:50:46.842]   읽기 완료: 116,725 bytes
[00:50:46.849]   텍스트 추출: 1,357자
[00:50:46.980]   [SaveFile] INSERT rows=1  2026.03.03. (측대).pdf
[00:50:46.983]   DB저장 후 UVVIS 파일 수: 60
[00:50:46.984]   처리 중: 2026.02.27 추출법.pdf
[00:50:48.543]   읽기 완료: 109,579 bytes
[00:50:48.559]   텍스트 추출: 1,252자
[00:50:48.638]   [SaveFile] INSERT rows=1  2026.02.27 추출법.pdf
[00:50:48.714]   DB저장 후 UVVIS 파일 수: 61
[00:50:48.715]   처리 중: 2026.02.12. (측대).pdf
[00:50:50.155]   읽기 완료: 108,535 bytes
[00:50:50.180]   텍스트 추출: 1,063자
[00:50:50.198]   [SaveFile] INSERT rows=1  2026.02.12. (측대).pdf
[00:50:50.202]   DB저장 후 UVVIS 파일 수: 62
[00:50:50.202]   처리 중: 2026.02.25 추출법.pdf
[00:50:51.807]   읽기 완료: 110,014 bytes
[00:50:51.821]   텍스트 추출: 1,367자
[00:50:51.837]   [SaveFile] INSERT rows=1  2026.02.25 추출법.pdf
[00:50:51.840]   DB저장 후 UVVIS 파일 수: 63
[00:50:51.840]   처리 중: 2026.02.24 추출법.pdf
[00:50:53.941]   읽기 완료: 113,276 bytes
[00:50:53.954]   텍스트 추출: 1,794자
[00:50:54.034]   [SaveFile] INSERT rows=1  2026.02.24 추출법.pdf
[00:50:54.038]   DB저장 후 UVVIS 파일 수: 64
[00:50:54.040]   처리 중: 2026.02.09. (측대).pdf
[00:50:56.206]   읽기 완료: 109,949 bytes
[00:50:56.226]   텍스트 추출: 1,200자
[00:50:56.245]   [SaveFile] INSERT rows=1  2026.02.09. (측대).pdf
[00:50:56.248]   DB저장 후 UVVIS 파일 수: 65
[00:50:56.249]   처리 중: 2026.02.20 추출법.pdf
[00:50:58.169]   읽기 완료: 109,755 bytes
[00:50:58.175]   텍스트 추출: 1,295자
[00:50:58.196]   [SaveFile] INSERT rows=1  2026.02.20 추출법.pdf
[00:50:58.199]   DB저장 후 UVVIS 파일 수: 66
[00:50:58.199]   처리 중: 2026.02.13 추출법.pdf
[00:51:00.363]   읽기 완료: 109,839 bytes
[00:51:00.381]   텍스트 추출: 1,210자
[00:51:00.409]   [SaveFile] INSERT rows=1  2026.02.13 추출법.pdf
[00:51:00.412]   DB저장 후 UVVIS 파일 수: 67
[00:51:00.413]   처리 중: 2026.02.06 추출법.pdf
[00:51:01.932]   읽기 완료: 110,365 bytes
[00:51:01.948]   텍스트 추출: 1,314자
[00:51:01.968]   [SaveFile] INSERT rows=1  2026.02.06 추출법.pdf
[00:51:01.971]   DB저장 후 UVVIS 파일 수: 68
[00:51:01.973]   처리 중: 2025.11.19. (측대).pdf
[00:51:03.685]   읽기 완료: 114,935 bytes
[00:51:03.709]   텍스트 추출: 1,332자
[00:51:03.731]   [SaveFile] INSERT rows=1  2025.11.19. (측대).pdf
[00:51:03.734]   DB저장 후 UVVIS 파일 수: 69
[00:51:03.734] 저장 완료: 60/60개
[00:51:03.734] BuildParserTree() 호출
[00:51:03.770] ListPanelChanged?.Invoke() 호출 (null=False)
[00:51:03.774] BuildListPanel 완료: Grid
[00:51:03.778] === 파일추가 완료 ===

[00:51:09.776] 파일 선택 개수: 0
[00:51:09.776] 선택된 파일 없음 → 종료
[00:51:12.950] === 파일추가 시작 | 파서: NHex ===
[00:51:12.951] ListPanelChanged 구독 여부: True
[00:51:12.951] TopLevel: OK
[00:51:28.787] 파일 선택 개수: 0
[00:51:28.790] 선택된 파일 없음 → 종료
[01:00:03.013] [EnsureTables] DB연결 OK. 타입: MySqlConnection
[01:00:03.016] [EnsureTables] 테이블 존재: True
[01:00:03.111] [EnsureTables] 테이블 정상 확인
[16:57:13.476] [EnsureTables] DB연결 OK. 타입: MySqlConnection
[16:57:13.498] [EnsureTables] 테이블 존재: True
[16:57:13.619] [EnsureTables] 테이블 정상 확인
