=== AgilentCaryUvPdf Parse Start: 2026.04.09 (처리장).pdf ===
[10:57:15] 총 4페이지
[10:57:15] 
--- 1페이지 설정 ---
[10:57:15]   [Standard Table Report 2026-04-09 04:01:57 오]
[10:57:15]   [File Name:C:\Users\admin\Desktop\UV\2026년\T-N\TN[26.04.09]처리장.pho]
[10:57:15]   [Standard Curve]
[10:57:15]   [0.4819]
[10:57:15]   [0.4000]
[10:57:15]   [s .]
[10:57:15]   [b A]
[10:57:15]   [0.2000]
[10:57:15]   [0.0000]
[10:57:15]   [-0.0426]
[10:57:15]   [0.0000 0.5000 1.0000 1.5000 2.0000]
[10:57:15]   [Conc. (mg/l)]
[10:57:15]   [y = 0.212582 x + 0.0134384]
[10:57:15]   [Correlation Coefficient r2 = 0.99414]
[10:57:15]   [Standard Table]
[10:57:15]   [Sample ID Type Ex Conc WL220.0 Wgt.Factor Comments]
[10:57:15]   [1 ST1 Standard 0.0000 0.0011 1.0000]
[10:57:15]   [2 ST2 Standard 0.5000 0.1322 1.0000]
[10:57:15]   [3 ST3 Standard 1.0000 0.2252 1.0000]
[10:57:15]   [4 ST4 Standard 1.5000 0.3460 1.0000]
[10:57:15]   [5 ST5 Standard 2.0000 0.4256 1.0000]
[10:57:15]   [6]
[10:57:15]   [Page 1 / 1]
[10:57:15] 
--- 페이지 2 (38줄) ---
[10:57:15]   [Sample Table Report 2026-04-09 04:02:16 오]
[10:57:15]   [File Name: C:\Users\admin\Desktop\UV\2026년\T-N\TN[26.04.09]처리장.pho]
[10:57:15]   [Sample Graph]
[10:57:15]   [2.1696]
[10:57:15]   [2.0000]
[10:57:15]   [1.5000]
[10:57:15]   [) / l]
[10:57:15]   [g m]
[10:57:15]   [( 1.0000]
[10:57:15]   [c .]
[10:57:15]   [o n]
[10:57:15]   [C]
[10:57:15]   [0.5000]
[10:57:15]   [0.0000]
[10:57:15]   [-0.2564]
[10:57:15]   [1 10 20 30 40 45]
[10:57:15]   [Sequence No.]
[10:57:15]   [Sample Table]
[10:57:15]   [Sample ID Type Ex Conc WL220.0 Comments]
[10:57:15]   [1 MBK Unknown -0.0515 0.0025]
[10:57:15]   [2 FBK Unknown -0.0542 0.0019]
[10:57:15]   [3 표준용액 (1.0mg/L) Unknown 0.7539 0.1737]
[10:57:15]   [4 중흥 농축여액 Unknown 1.2891 0.2875]
[10:57:15]   [5 중흥 탈리액 Unknown 1.2884 0.2873]
[10:57:15]   [6 중흥 유입수 Unknown 1.2923 0.2882]
[10:57:15]   [7 중흥 유량조정조 Unknown 1.2937 0.2885]
[10:57:15]   [8 중흥 기존 무산소조 유입 Unknown 1.7174 0.3785]
[10:57:15]   [9 중흥 증설 무산소조 유입 Unknown 1.4791 0.3279]
[10:57:15]   [10 중흥 침전지 Unknown 0.5444 0.1292]
[10:57:15]   [11 중흥 약품응집침전지 Unknown 0.5823 0.1372]
[10:57:15]   [12 중흥 증설 침전지 Unknown 0.9438 0.2141]
[10:57:15]   [13 중흥 증설 약품응집침전지 Unknown 0.6456 0.1507]
[10:57:15]   [14 중흥 여과기 Unknown 0.6736 0.1566]
[10:57:15]   [15 중흥 활성탄 Unknown 0.6311 0.1476]
[10:57:15]   [16 중흥 방류수 Unknown 0.5309 0.1263]
[10:57:15]   [17 월내 농축여액 Unknown 0.6443 0.1504]
[10:57:15]   [18 월내 탈리액 Unknown 0.5715 0.1349]
[10:57:15]   [Page 1 / 3]
[10:57:16] 
--- 페이지 3 (38줄) ---
[10:57:16]   [Sample Table Report 2026-04-09 04:02:16 오]
[10:57:16]   [File Name: C:\Users\admin\Desktop\UV\2026년\T-N\TN[26.04.09]처리장.pho]
[10:57:16]   [Sample Graph]
[10:57:16]   [2.1696]
[10:57:16]   [2.0000]
[10:57:16]   [1.5000]
[10:57:16]   [) / l]
[10:57:16]   [g m]
[10:57:16]   [( 1.0000]
[10:57:16]   [c .]
[10:57:16]   [o n]
[10:57:16]   [C]
[10:57:16]   [0.5000]
[10:57:16]   [0.0000]
[10:57:16]   [-0.2564]
[10:57:16]   [1 10 20 30 40 45]
[10:57:16]   [Sequence No.]
[10:57:16]   [Sample Table]
[10:57:16]   [Sample ID Type Ex Conc WL220.0 Comments]
[10:57:16]   [19 월내 유입수 Unknown 0.5329 0.1267]
[10:57:16]   [20 CCV(ST3, 1.0mg/L) Unknown 0.9340 0.2120]
[10:57:16]   [21 월내 유량조정조 Unknown 1.1472 0.2573]
[10:57:16]   [22 월내 침전지 Unknown 0.6038 0.1418]
[10:57:16]   [23 월내 가압부상지 Unknown 0.5856 0.1379]
[10:57:16]   [24 월내 방류수 Unknown 0.5336 0.1269]
[10:57:16]   [25 4 단계 농축여액 Unknown 1.5041 0.3332]
[10:57:16]   [26 4 단계 탈리액 Unknown 1.3758 0.3059]
[10:57:16]   [27 4 단계 유입수 Unknown 1.5099 0.3344]
[10:57:16]   [28 4 단계 유량조정조 Unknown 1.9675 0.4317]
[10:57:16]   [29 4 단계 고속침전지 Unknown 0.5878 0.1384]
[10:57:16]   [30 4 단계 복합처리설비 Unknown 0.5170 0.1233]
[10:57:16]   [31 4 단계 방류수 Unknown 0.5368 0.1276]
[10:57:16]   [32 율촌 유입수 Unknown 1.2947 0.2887]
[10:57:16]   [33 율촌 분배조 Unknown 0.9514 0.2157]
[10:57:16]   [34 율촌 고속응집침전지 , 후 ( 기존 ) Unknown 0.8930 0.2033]
[10:57:16]   [35 율촌 고속응집침전지 , 후 ( 증설 ) Unknown 0.7575 0.1745]
[10:57:16]   [36 율촌 방류수 Unknown 0.5943 0.1398]
[10:57:16]   [Page 2 / 3]
[10:57:16] 
--- 페이지 4 (30줄) ---
[10:57:16]   [Sample Table Report 2026-04-09 04:02:16 오]
[10:57:16]   [File Name: C:\Users\admin\Desktop\UV\2026년\T-N\TN[26.04.09]처리장.pho]
[10:57:16]   [Sample Graph]
[10:57:16]   [2.1696]
[10:57:16]   [2.0000]
[10:57:16]   [1.5000]
[10:57:16]   [) / l]
[10:57:16]   [g m]
[10:57:16]   [( 1.0000]
[10:57:16]   [c .]
[10:57:16]   [o n]
[10:57:16]   [C]
[10:57:16]   [0.5000]
[10:57:16]   [0.0000]
[10:57:16]   [-0.2564]
[10:57:16]   [1 10 20 30 40 45]
[10:57:16]   [Sequence No.]
[10:57:16]   [Sample Table]
[10:57:16]   [Sample ID Type Ex Conc WL220.0 Comments]
[10:57:16]   [37 세풍 유입수 Unknown 0.5224 0.1245]
[10:57:16]   [38 세풍 분배조 Unknown 0.5972 0.1404]
[10:57:16]   [39 CCV*(ST3, 1.0mg/L) Unknown 1.0359 0.2337]
[10:57:16]   [40 세풍 방류수 Unknown 0.9927 0.2245]
[10:57:16]   [41 24 시펌프장 Unknown 1.1467 0.2572]
[10:57:16]   [42 07 시펌프장 Unknown 1.0435 0.2353]
[10:57:16]   [43 사후매립장 Unknown 5.2205 1.1232]
[10:57:16]   [44 월내유입 * Unknown 1.2927 0.2882]
[10:57:16]   [45 CCV**(ST3, 1.0mg/L) Unknown 1.0051 0.2271]
[10:57:16]   [46]
[10:57:16]   [Page 3 / 3]
[10:57:16] 
결과: 시료 0건, 파장=0nm, 카테고리=
[10:57:16]   기울기=, R²=
