=== ShimadzuUvPdf Parse Start: 2026.04.09 (처리장).pdf ===
[15:04:07] 총 4페이지
[15:04:07] 
--- 페이지 1 (24줄) ---
[15:04:07]   [Standard Table Report 2026-04-09 04:05:12 오]
[15:04:07]   [File Name:C:\Users\admin\Desktop\UV\2026년\T-P\TP[26.04.09] 처리장.pho]
[15:04:07]   [Standard Curve]
[15:04:07]   [0.7350]
[15:04:07]   [0.6000]
[15:04:07]   [0.4000]
[15:04:07]   [s .]
[15:04:07]   [b A]
[15:04:07]   [0.2000]
[15:04:07]   [0.0000]
[15:04:07]   [-0.0771]
[15:04:07]   [0.0000 0.2000 0.4000 0.6000 0.8000 1.0000]
[15:04:07]   [Conc. (mg/l)]
[15:04:07]   [y = 0.677466 x - 0.00943146]
[15:04:07]   [Correlation Coefficient r2 = 0.99889]
[15:04:07]   [Standard Table]
[15:04:07]   [Sample ID Type Ex Conc WL880.0 Wgt.Factor Comments]
[15:04:07]   [1 ST1 Standard 0.0000 -0.0002 1.0000]
[15:04:07]   [2 ST2 Standard 0.2500 0.1468 1.0000]
[15:04:07]   [3 ST3 Standard 0.5000 0.3269 1.0000]
[15:04:07]   [4 ST4 Standard 0.7500 0.5061 1.0000]
[15:04:07]   [5 ST5 Standard 1.0000 0.6670 1.0000]
[15:04:07]   [6]
[15:04:07]   [Page 1 / 1]
[15:04:07] 검량선: slope=0.677466, intercept=-0.00943146
[15:04:07] R²=0.99889
[15:04:07] 날짜 감지: 2026-04-09
[15:04:07] UV 항목 감지: 'T-P' → TP  (줄: File Name:C:\Users\admin\Desktop\UV\2026년\T-P\TP[26.04.09] 처리장.pho)
[15:04:07] 
--- 페이지 2 (36줄) ---
[15:04:07]   [Sample Table Report 2026-04-09 04:05:19 오]
[15:04:07]   [File Name: C:\Users\admin\Desktop\UV\2026년\T-P\TP[26.04.09] 처리장.pho]
[15:04:07]   [Sample Graph]
[15:04:07]   [1.0976]
[15:04:07]   [1.0000]
[15:04:07]   [) / l]
[15:04:07]   [g m]
[15:04:07]   [(]
[15:04:07]   [c . 0.5000]
[15:04:07]   [o n]
[15:04:07]   [C]
[15:04:07]   [0.0000]
[15:04:07]   [-0.0851]
[15:04:07]   [1 10 20 30 40 47]
[15:04:07]   [Sequence No.]
[15:04:07]   [Sample Table]
[15:04:07]   [Sample ID Type Ex Conc WL880.0 Comments]
[15:04:07]   [1 MBK Unknown 0.0134 -0.0003]
[15:04:07]   [2 FBK Unknown 0.0135 -0.0003]
[15:04:07]   [3 표준용액 (0.500mg/L) Unknown 0.4282 0.2806]
[15:04:07]   [4 중흥 농축여액 Unknown 0.5174 0.3411]
[15:04:07]   [5 중흥 탈리액 Unknown 0.5066 0.3337]
[15:04:07]   [6 중흥 유입수 Unknown 0.4828 0.3177]
[15:04:07]   [7 중흥 유량조정조 Unknown 0.5117 0.3373]
[15:04:07]   [8 중흥 기존 무산소조 유입 Unknown 0.9990 0.6674]
[15:04:07]   [9 중흥 증설 무산소조 유입 Unknown 0.6297 0.4172]
[15:04:07]   [10 중흥 침전지 Unknown 0.2780 0.1789]
[15:04:07]   [11 중흥 침전지 C Unknown 0.3761 0.2453]
[15:04:07]   [12 중흥 약품응집침전지 Unknown 0.1653 0.1026]
[15:04:07]   [13 중흥 약품응집침전지 C Unknown 0.1801 0.1126]
[15:04:07]   [14 중흥 증설 침전지 Unknown 0.3523 0.2293]
[15:04:07]   [15 중흥 증설 침전지 C Unknown 0.3163 0.2048]
[15:04:07]   [16 중흥 증설 약품응집침전지 Unknown 0.1972 0.1242]
[15:04:07]   [17 중흥 증설 약품응집침전지 C Unknown 0.1471 0.0902]
[15:04:07]   [18 중흥 여과기 Unknown 0.2066 0.1305]
[15:04:07]   [Page 1 / 3]
[15:04:07]   ROW: name=[MBK] conc=0.0134 abs=-0.0003 ctrl=True
[15:04:08]   ROW: name=[FBK] conc=0.0135 abs=-0.0003 ctrl=True
[15:04:08]   ROW: name=[표준용액 (0.500mg/L)] conc=0.4282 abs=0.2806 ctrl=False
[15:04:08]   ROW: name=[중흥 농축여액] conc=0.5174 abs=0.3411 ctrl=False
[15:04:08]   ROW: name=[중흥 탈리액] conc=0.5066 abs=0.3337 ctrl=False
[15:04:08]   ROW: name=[중흥 유입수] conc=0.4828 abs=0.3177 ctrl=False
[15:04:08]   ROW: name=[중흥 유량조정조] conc=0.5117 abs=0.3373 ctrl=False
[15:04:08]   ROW: name=[중흥 기존 무산소조 유입] conc=0.9990 abs=0.6674 ctrl=False
[15:04:08]   ROW: name=[중흥 증설 무산소조 유입] conc=0.6297 abs=0.4172 ctrl=False
[15:04:08]   ROW: name=[중흥 침전지] conc=0.2780 abs=0.1789 ctrl=False
[15:04:08]   ROW: name=[중흥 침전지 C] conc=0.3761 abs=0.2453 ctrl=False
[15:04:08]   ROW: name=[중흥 약품응집침전지] conc=0.1653 abs=0.1026 ctrl=False
[15:04:08]   ROW: name=[중흥 약품응집침전지 C] conc=0.1801 abs=0.1126 ctrl=False
[15:04:08]   ROW: name=[중흥 증설 침전지] conc=0.3523 abs=0.2293 ctrl=False
[15:04:08]   ROW: name=[중흥 증설 침전지 C] conc=0.3163 abs=0.2048 ctrl=False
[15:04:08]   ROW: name=[중흥 증설 약품응집침전지] conc=0.1972 abs=0.1242 ctrl=False
[15:04:08]   ROW: name=[중흥 증설 약품응집침전지 C] conc=0.1471 abs=0.0902 ctrl=False
[15:04:08]   ROW: name=[중흥 여과기] conc=0.2066 abs=0.1305 ctrl=False
[15:04:08] 
--- 페이지 3 (36줄) ---
[15:04:08]   [Sample Table Report 2026-04-09 04:05:19 오]
[15:04:08]   [File Name: C:\Users\admin\Desktop\UV\2026년\T-P\TP[26.04.09] 처리장.pho]
[15:04:08]   [Sample Graph]
[15:04:08]   [1.0976]
[15:04:08]   [1.0000]
[15:04:08]   [) / l]
[15:04:08]   [g m]
[15:04:08]   [(]
[15:04:08]   [c . 0.5000]
[15:04:08]   [o n]
[15:04:08]   [C]
[15:04:08]   [0.0000]
[15:04:08]   [-0.0851]
[15:04:08]   [1 10 20 30 40 47]
[15:04:08]   [Sequence No.]
[15:04:08]   [Sample Table]
[15:04:08]   [Sample ID Type Ex Conc WL880.0 Comments]
[15:04:08]   [19 중흥 활성탄 Unknown 0.1905 0.1196]
[15:04:08]   [20 CCV(ST3, 0.500mg/L) Unknown 0.4944 0.3255]
[15:04:08]   [21 중흥 방류수 Unknown 0.1800 0.1125]
[15:04:08]   [22 월내 농축여액 Unknown 0.7095 0.4712]
[15:04:08]   [23 월내 탈리액 Unknown 0.6765 0.4488]
[15:04:08]   [24 월내 유입수 Unknown 0.5560 0.3672]
[15:04:08]   [25 월내 유량조정조 Unknown 0.5522 0.3647]
[15:04:08]   [26 월내 침전지 Unknown 0.4632 0.3044]
[15:04:08]   [27 월내 가압부상지 Unknown 0.2726 0.1752]
[15:04:08]   [28 월내 방류수 Unknown 0.2540 0.1626]
[15:04:08]   [29 4 단계 농축여액 Unknown 0.5796 0.3832]
[15:04:08]   [30 4 단계 탈리액 Unknown 0.5490 0.3625]
[15:04:08]   [31 4 단계 유입수 Unknown 0.5160 0.3401]
[15:04:08]   [32 4 단계 유량조정조 Unknown 0.9735 0.6501]
[15:04:08]   [33 4 단계 고속침전지 Unknown 0.3056 0.1976]
[15:04:08]   [34 4 단계 복합처리설비 Unknown 0.2232 0.1418]
[15:04:08]   [35 4 단계 방류수 Unknown 0.1933 0.1215]
[15:04:08]   [36 율촌 유입수 Unknown 0.8191 0.5455]
[15:04:08]   [Page 2 / 3]
[15:04:08]   ROW: name=[중흥 활성탄] conc=0.1905 abs=0.1196 ctrl=False
[15:04:08]   ROW: name=[CCV(ST3, 0.500mg/L)] conc=0.4944 abs=0.3255 ctrl=True
[15:04:08]   ROW: name=[중흥 방류수] conc=0.1800 abs=0.1125 ctrl=False
[15:04:08]   ROW: name=[월내 농축여액] conc=0.7095 abs=0.4712 ctrl=False
[15:04:08]   ROW: name=[월내 탈리액] conc=0.6765 abs=0.4488 ctrl=False
[15:04:08]   ROW: name=[월내 유입수] conc=0.5560 abs=0.3672 ctrl=False
[15:04:08]   ROW: name=[월내 유량조정조] conc=0.5522 abs=0.3647 ctrl=False
[15:04:08]   ROW: name=[월내 침전지] conc=0.4632 abs=0.3044 ctrl=False
[15:04:08]   ROW: name=[월내 가압부상지] conc=0.2726 abs=0.1752 ctrl=False
[15:04:08]   ROW: name=[월내 방류수] conc=0.2540 abs=0.1626 ctrl=False
[15:04:08]   ROW: name=[4 단계 농축여액] conc=0.5796 abs=0.3832 ctrl=False
[15:04:08]   ROW: name=[4 단계 탈리액] conc=0.5490 abs=0.3625 ctrl=False
[15:04:08]   ROW: name=[4 단계 유입수] conc=0.5160 abs=0.3401 ctrl=False
[15:04:08]   ROW: name=[4 단계 유량조정조] conc=0.9735 abs=0.6501 ctrl=False
[15:04:08]   ROW: name=[4 단계 고속침전지] conc=0.3056 abs=0.1976 ctrl=False
[15:04:08]   ROW: name=[4 단계 복합처리설비] conc=0.2232 abs=0.1418 ctrl=False
[15:04:08]   ROW: name=[4 단계 방류수] conc=0.1933 abs=0.1215 ctrl=False
[15:04:08]   ROW: name=[율촌 유입수] conc=0.8191 abs=0.5455 ctrl=False
[15:04:08] 
--- 페이지 4 (30줄) ---
[15:04:08]   [Sample Table Report 2026-04-09 04:05:19 오]
[15:04:08]   [File Name: C:\Users\admin\Desktop\UV\2026년\T-P\TP[26.04.09] 처리장.pho]
[15:04:08]   [Sample Graph]
[15:04:08]   [1.0976]
[15:04:08]   [1.0000]
[15:04:08]   [) / l]
[15:04:08]   [g m]
[15:04:08]   [(]
[15:04:08]   [c . 0.5000]
[15:04:08]   [o n]
[15:04:08]   [C]
[15:04:08]   [0.0000]
[15:04:08]   [-0.0851]
[15:04:08]   [1 10 20 30 40 47]
[15:04:08]   [Sequence No.]
[15:04:08]   [Sample Table]
[15:04:08]   [Sample ID Type Ex Conc WL880.0 Comments]
[15:04:08]   [37 율촌 분배조 Unknown 0.9008 0.6008]
[15:04:08]   [38 율촌 고속응집침전지 , 후 ( 기존 ) Unknown 0.8750 0.5833]
[15:04:08]   [39 율촌 고속응집침전지 , 후 ( 증설 ) Unknown 0.5636 0.3724]
[15:04:08]   [40 CCV*(ST3, 0.500mg/L) Unknown 0.5234 0.3452]
[15:04:08]   [41 율촌 방류수 Unknown 0.2210 0.1403]
[15:04:08]   [42 세풍 유입수 Unknown 0.1739 0.1084]
[15:04:08]   [43 세풍 분배조 Unknown 0.4362 0.2861]
[15:04:08]   [44 세풍 방류수 Unknown 0.3381 0.2196]
[15:04:08]   [45 24 시펌프장 Unknown 0.2260 0.1437]
[15:04:08]   [46 07 시펌프장 Unknown 0.3124 0.2022]
[15:04:08]   [47 CCV**(ST3, 0.500mg/L) Unknown 0.4856 0.3195]
[15:04:08]   [48]
[15:04:08]   [Page 3 / 3]
[15:04:08]   ROW: name=[율촌 분배조] conc=0.9008 abs=0.6008 ctrl=False
[15:04:08]   ROW: name=[율촌 고속응집침전지 , 후 ( 기존 )] conc=0.8750 abs=0.5833 ctrl=False
[15:04:08]   ROW: name=[율촌 고속응집침전지 , 후 ( 증설 )] conc=0.5636 abs=0.3724 ctrl=False
[15:04:08]   ROW: name=[CCV*(ST3, 0.500mg/L)] conc=0.5234 abs=0.3452 ctrl=True
[15:04:08]   ROW: name=[율촌 방류수] conc=0.2210 abs=0.1403 ctrl=False
[15:04:08]   ROW: name=[세풍 유입수] conc=0.1739 abs=0.1084 ctrl=False
[15:04:08]   ROW: name=[세풍 분배조] conc=0.4362 abs=0.2861 ctrl=False
[15:04:08]   ROW: name=[세풍 방류수] conc=0.3381 abs=0.2196 ctrl=False
[15:04:08]   ROW: name=[24 시펌프장] conc=0.2260 abs=0.1437 ctrl=False
[15:04:08]   ROW: name=[07 시펌프장] conc=0.3124 abs=0.2022 ctrl=False
[15:04:08]   ROW: name=[CCV**(ST3, 0.500mg/L)] conc=0.4856 abs=0.3195 ctrl=True
[15:04:08] 
결과: 시료 47건, 기울기=0.677466, R²=0.99889, 날짜=2026-04-09, 항목=TP
