[2026-04-02 00:31:50] ========== 로그인 창 시작 ==========
[2026-04-02 00:31:50] [Init] MigrateAccountColumns 시작
[2026-04-02 00:31:50] [Init] MigrateAccountColumns 완료
[2026-04-02 00:31:50] [Init] MigrateInitialPasswords 시작
[2026-04-02 00:31:51] [Init] MigrateInitialPasswords 완료
[2026-04-02 00:32:02] ---------- 로그인 시도 ----------
[2026-04-02 00:32:02] [DoLogin] DB 모드: MariaDB
[2026-04-02 00:32:02] [DoLogin] 사번 입력값: '201000308'
[2026-04-02 00:32:02] [DoLogin] 비밀번호 길이: 10자 / 비어있음: False
[2026-04-02 00:32:02] [DoLogin] 비밀번호 입력 해시: f3898fe2...
[2026-04-02 00:32:02] [DoLogin] TodoService.SyncApprovalStatusAsync 시작
[2026-04-02 00:32:04] [DoLogin] TodoService.SyncApprovalStatusAsync 완료
[2026-04-02 00:32:04] [DoLogin] DB 계정 상태 확인 시작
[2026-04-02 00:32:04] [DebugCheck] DB 경로: /Users/azrael/Documents/ETA/Data/eta.db
[2026-04-02 00:32:04] [DebugCheck] DB 존재: True
[2026-04-02 00:32:04] [DebugCheck] 사번=201000308 상태=approved must_change=0 해시=f3898fe2... taskId=AQMkADAwATM3ZmYAZS0xYTYxLTUwMTEALTAwAi0wMAoARgAAA6fkKAJzURFCp03uDLvXp98HALAvg_JdvZ9GofhcqP1PJIMAAAIBEgAAALAvg_JdvZ9GofhcqP1PJIMABvr4c1sAAAA=
[2026-04-02 00:32:04] [DebugCheck] 123456 해시=8d969eef...
[2026-04-02 00:32:04] [DoLogin] ValidateLogin 호출
[2026-04-02 00:32:04] [ValidateLogin] DB해시=f3898fe2... / 입력해시=f3898fe2... / 일치=True
[2026-04-02 00:32:04] [DoLogin] ValidateLogin 결과 → success=True, mustChangePw=False, message='로그인 성공'
[2026-04-02 00:32:04] [DoLogin] 로그인 성공 → Lottie 재생
[2026-04-02 00:32:04] [Lottie] 재생 시작
[2026-04-02 00:32:04] [Progress] 0% — DB 연결 중...
[2026-04-02 00:32:04] [Progress] 22% — DB 연결 완료
[2026-04-02 00:32:04] [Progress] 22% — 테이블 초기화 중...
[2026-04-02 00:32:04] [Progress] 55% — 테이블 준비 완료
[2026-04-02 00:32:04] [Progress] 55% — 견적 데이터 준비 중...
[2026-04-02 00:32:04] [Progress] 82% — 데이터 준비 완료
[2026-04-02 00:32:05] [Progress] 96% — 시스템 준비 완료
[2026-04-02 00:32:05] [Progress] 100% — ✓ 완료!
[2026-04-02 00:56:08] ========== 로그인 창 시작 ==========
[2026-04-02 00:56:08] [Init] MigrateAccountColumns 시작
[2026-04-02 00:56:09] [Init] MigrateAccountColumns 완료
[2026-04-02 00:56:09] [Init] MigrateInitialPasswords 시작
[2026-04-02 00:56:09] [Init] MigrateInitialPasswords 완료
[2026-04-02 00:56:30] ---------- 로그인 시도 ----------
[2026-04-02 00:56:30] [DoLogin] DB 모드: MariaDB
[2026-04-02 00:56:30] [DoLogin] 사번 입력값: '201000308'
[2026-04-02 00:56:30] [DoLogin] 비밀번호 길이: 10자 / 비어있음: False
[2026-04-02 00:56:30] [DoLogin] 비밀번호 입력 해시: f3898fe2...
[2026-04-02 00:56:30] [DoLogin] TodoService.SyncApprovalStatusAsync 시작
[2026-04-02 00:56:32] [DoLogin] TodoService.SyncApprovalStatusAsync 완료
[2026-04-02 00:56:32] [DoLogin] DB 계정 상태 확인 시작
[2026-04-02 00:56:32] [DebugCheck] DB 경로: /Users/azrael/Documents/ETA/Data/eta.db
[2026-04-02 00:56:32] [DebugCheck] DB 존재: True
[2026-04-02 00:56:32] [DebugCheck] 사번=201000308 상태=approved must_change=0 해시=f3898fe2... taskId=AQMkADAwATM3ZmYAZS0xYTYxLTUwMTEALTAwAi0wMAoARgAAA6fkKAJzURFCp03uDLvXp98HALAvg_JdvZ9GofhcqP1PJIMAAAIBEgAAALAvg_JdvZ9GofhcqP1PJIMABvr4c1sAAAA=
[2026-04-02 00:56:32] [DebugCheck] 123456 해시=8d969eef...
[2026-04-02 00:56:32] [DoLogin] ValidateLogin 호출
[2026-04-02 00:56:32] [ValidateLogin] DB해시=f3898fe2... / 입력해시=f3898fe2... / 일치=True
[2026-04-02 00:56:32] [DoLogin] ValidateLogin 결과 → success=True, mustChangePw=False, message='로그인 성공'
[2026-04-02 00:56:32] [DoLogin] 로그인 성공 → Lottie 재생
[2026-04-02 00:56:32] [Lottie] 재생 시작
[2026-04-02 00:56:32] [Progress] 0% — DB 연결 중...
[2026-04-02 00:56:32] [Progress] 22% — DB 연결 완료
[2026-04-02 00:56:32] [Progress] 22% — 테이블 초기화 중...
[2026-04-02 00:56:32] [Progress] 55% — 테이블 준비 완료
[2026-04-02 00:56:32] [Progress] 55% — 견적 데이터 준비 중...
[2026-04-02 00:56:32] [Progress] 82% — 데이터 준비 완료
[2026-04-02 00:56:32] [Progress] 96% — 시스템 준비 완료
[2026-04-02 00:56:33] [Progress] 100% — ✓ 완료!
[2026-04-02 01:00:56] ========== 로그인 창 시작 ==========
[2026-04-02 01:00:56] [Init] MigrateAccountColumns 시작
[2026-04-02 01:00:56] [Init] MigrateAccountColumns 완료
[2026-04-02 01:00:56] [Init] MigrateInitialPasswords 시작
[2026-04-02 01:00:56] [Init] MigrateInitialPasswords 완료
[2026-04-02 01:01:17] ---------- 로그인 시도 ----------
[2026-04-02 01:01:17] [DoLogin] DB 모드: MariaDB
[2026-04-02 01:01:17] [DoLogin] 사번 입력값: '201000308'
[2026-04-02 01:01:17] [DoLogin] 비밀번호 길이: 10자 / 비어있음: False
[2026-04-02 01:01:17] [DoLogin] 비밀번호 입력 해시: f3898fe2...
[2026-04-02 01:01:17] [DoLogin] TodoService.SyncApprovalStatusAsync 시작
[2026-04-02 01:01:19] [DoLogin] TodoService.SyncApprovalStatusAsync 완료
[2026-04-02 01:01:19] [DoLogin] DB 계정 상태 확인 시작
[2026-04-02 01:01:19] [DebugCheck] DB 경로: /Users/azrael/Documents/ETA/Data/eta.db
[2026-04-02 01:01:19] [DebugCheck] DB 존재: True
[2026-04-02 01:01:19] [DebugCheck] 사번=201000308 상태=approved must_change=0 해시=f3898fe2... taskId=AQMkADAwATM3ZmYAZS0xYTYxLTUwMTEALTAwAi0wMAoARgAAA6fkKAJzURFCp03uDLvXp98HALAvg_JdvZ9GofhcqP1PJIMAAAIBEgAAALAvg_JdvZ9GofhcqP1PJIMABvr4c1sAAAA=
[2026-04-02 01:01:19] [DebugCheck] 123456 해시=8d969eef...
[2026-04-02 01:01:19] [DoLogin] ValidateLogin 호출
[2026-04-02 01:01:19] [ValidateLogin] DB해시=f3898fe2... / 입력해시=f3898fe2... / 일치=True
[2026-04-02 01:01:19] [DoLogin] ValidateLogin 결과 → success=True, mustChangePw=False, message='로그인 성공'
[2026-04-02 01:01:19] [DoLogin] 로그인 성공 → Lottie 재생
[2026-04-02 01:01:19] [Lottie] 재생 시작
[2026-04-02 01:01:19] [Progress] 0% — DB 연결 중...
[2026-04-02 01:01:19] [Progress] 22% — DB 연결 완료
[2026-04-02 01:01:19] [Progress] 22% — 테이블 초기화 중...
[2026-04-02 01:01:19] [Progress] 55% — 테이블 준비 완료
[2026-04-02 01:01:19] [Progress] 55% — 견적 데이터 준비 중...
[2026-04-02 01:01:19] [Progress] 82% — 데이터 준비 완료
[2026-04-02 01:01:19] [Progress] 96% — 시스템 준비 완료
[2026-04-02 01:01:19] [Progress] 100% — ✓ 완료!
[2026-04-02 21:41:16] ========== 로그인 창 시작 ==========
[2026-04-02 21:41:16] [Init] MigrateAccountColumns 시작
[2026-04-02 21:41:17] [Init] MigrateAccountColumns 완료
[2026-04-02 21:41:17] [Init] MigrateInitialPasswords 시작
[2026-04-02 21:41:17] [Init] MigrateInitialPasswords 완료
[2026-04-02 21:41:51] ========== 로그인 창 시작 ==========
[2026-04-02 21:41:51] [Init] MigrateAccountColumns 시작
[2026-04-02 21:41:51] [Init] MigrateAccountColumns 완료
[2026-04-02 21:41:51] [Init] MigrateInitialPasswords 시작
[2026-04-02 21:41:51] [Init] MigrateInitialPasswords 완료
[2026-04-02 21:42:00] ---------- 로그인 시도 ----------
[2026-04-02 21:42:00] [DoLogin] DB 모드: MariaDB
[2026-04-02 21:42:00] [DoLogin] 사번 입력값: '201000308'
[2026-04-02 21:42:00] [DoLogin] 비밀번호 길이: 10자 / 비어있음: False
[2026-04-02 21:42:00] [DoLogin] 비밀번호 입력 해시: f3898fe2...
[2026-04-02 21:42:00] [DoLogin] TodoService.SyncApprovalStatusAsync 시작
[2026-04-02 21:42:02] [DoLogin] 중복 호출 차단
[2026-04-02 21:42:04] [DoLogin] TodoService.SyncApprovalStatusAsync 완료
[2026-04-02 21:42:04] [DoLogin] DB 계정 상태 확인 시작
[2026-04-02 21:42:04] [DebugCheck] DB 경로: /Users/azrael/Documents/ETA/Data/eta.db
[2026-04-02 21:42:04] [DebugCheck] DB 존재: True
[2026-04-02 21:42:04] [DebugCheck] 사번=201000308 상태=approved must_change=0 해시=f3898fe2... taskId=AQMkADAwATM3ZmYAZS0xYTYxLTUwMTEALTAwAi0wMAoARgAAA6fkKAJzURFCp03uDLvXp98HALAvg_JdvZ9GofhcqP1PJIMAAAIBEgAAALAvg_JdvZ9GofhcqP1PJIMABvr4c1sAAAA=
[2026-04-02 21:42:04] [DebugCheck] 123456 해시=8d969eef...
[2026-04-02 21:42:04] [DoLogin] ValidateLogin 호출
[2026-04-02 21:42:04] [ValidateLogin] DB해시=f3898fe2... / 입력해시=f3898fe2... / 일치=True
[2026-04-02 21:42:04] [DoLogin] ValidateLogin 결과 → success=True, mustChangePw=False, message='로그인 성공'
[2026-04-02 21:42:04] [DoLogin] 로그인 성공 → Lottie 재생
[2026-04-02 21:42:04] [Lottie] 재생 시작
[2026-04-02 21:42:04] [Progress] 0% — DB 연결 중...
[2026-04-02 21:42:04] [Progress] 22% — DB 연결 완료
[2026-04-02 21:42:04] [Progress] 22% — 테이블 초기화 중...
[2026-04-02 21:42:04] [Progress] 55% — 테이블 준비 완료
[2026-04-02 21:42:05] [Progress] 55% — 견적 데이터 준비 중...
[2026-04-02 21:42:05] [Progress] 82% — 데이터 준비 완료
[2026-04-02 21:42:05] [Progress] 96% — 시스템 준비 완료
[2026-04-02 21:42:05] [Progress] 100% — ✓ 완료!
[2026-04-02 21:50:17] ========== 로그인 창 시작 ==========
[2026-04-02 21:50:17] [Init] MigrateAccountColumns 시작
[2026-04-02 21:50:17] [Init] MigrateAccountColumns 완료
[2026-04-02 21:50:17] [Init] MigrateInitialPasswords 시작
[2026-04-02 21:50:17] [Init] MigrateInitialPasswords 완료
[2026-04-02 21:50:29] ---------- 로그인 시도 ----------
[2026-04-02 21:50:29] [DoLogin] DB 모드: MariaDB
[2026-04-02 21:50:29] [DoLogin] 사번 입력값: '201000308'
[2026-04-02 21:50:29] [DoLogin] 비밀번호 길이: 10자 / 비어있음: False
[2026-04-02 21:50:29] [DoLogin] 비밀번호 입력 해시: f3898fe2...
[2026-04-02 21:50:29] [DoLogin] TodoService.SyncApprovalStatusAsync 시작
[2026-04-02 21:50:31] [DoLogin] TodoService.SyncApprovalStatusAsync 완료
[2026-04-02 21:50:31] [DoLogin] DB 계정 상태 확인 시작
[2026-04-02 21:50:31] [DebugCheck] DB 경로: /Users/azrael/Documents/ETA/Data/eta.db
[2026-04-02 21:50:31] [DebugCheck] DB 존재: True
[2026-04-02 21:50:31] [DebugCheck] 사번=201000308 상태=approved must_change=0 해시=f3898fe2... taskId=AQMkADAwATM3ZmYAZS0xYTYxLTUwMTEALTAwAi0wMAoARgAAA6fkKAJzURFCp03uDLvXp98HALAvg_JdvZ9GofhcqP1PJIMAAAIBEgAAALAvg_JdvZ9GofhcqP1PJIMABvr4c1sAAAA=
[2026-04-02 21:50:31] [DebugCheck] 123456 해시=8d969eef...
[2026-04-02 21:50:31] [DoLogin] ValidateLogin 호출
[2026-04-02 21:50:31] [ValidateLogin] DB해시=f3898fe2... / 입력해시=f3898fe2... / 일치=True
[2026-04-02 21:50:31] [DoLogin] ValidateLogin 결과 → success=True, mustChangePw=False, message='로그인 성공'
[2026-04-02 21:50:31] [DoLogin] 로그인 성공 → Lottie 재생
[2026-04-02 21:50:31] [Lottie] 재생 시작
[2026-04-02 21:50:31] [Progress] 0% — DB 연결 중...
[2026-04-02 21:50:31] [Progress] 22% — DB 연결 완료
[2026-04-02 21:50:31] [Progress] 22% — 테이블 초기화 중...
[2026-04-02 21:50:31] [Progress] 55% — 테이블 준비 완료
[2026-04-02 21:50:31] [Progress] 55% — 견적 데이터 준비 중...
[2026-04-02 21:50:31] [Progress] 82% — 데이터 준비 완료
[2026-04-02 21:50:31] [Progress] 96% — 시스템 준비 완료
[2026-04-02 21:50:32] [Progress] 100% — ✓ 완료!
[2026-04-02 21:53:44] ========== 로그인 창 시작 ==========
[2026-04-02 21:53:44] [Init] MigrateAccountColumns 시작
[2026-04-02 21:53:44] [Init] MigrateAccountColumns 완료
[2026-04-02 21:53:44] [Init] MigrateInitialPasswords 시작
[2026-04-02 21:53:44] [Init] MigrateInitialPasswords 완료
[2026-04-02 21:53:54] ---------- 로그인 시도 ----------
[2026-04-02 21:53:54] [DoLogin] DB 모드: MariaDB
[2026-04-02 21:53:54] [DoLogin] 사번 입력값: '201000308'
[2026-04-02 21:53:54] [DoLogin] 비밀번호 길이: 10자 / 비어있음: False
[2026-04-02 21:53:54] [DoLogin] 비밀번호 입력 해시: f3898fe2...
[2026-04-02 21:53:54] [DoLogin] TodoService.SyncApprovalStatusAsync 시작
[2026-04-02 21:53:56] [DoLogin] TodoService.SyncApprovalStatusAsync 완료
[2026-04-02 21:53:56] [DoLogin] DB 계정 상태 확인 시작
[2026-04-02 21:53:56] [DebugCheck] DB 경로: /Users/azrael/Documents/ETA/Data/eta.db
[2026-04-02 21:53:56] [DebugCheck] DB 존재: True
[2026-04-02 21:53:56] [DebugCheck] 사번=201000308 상태=approved must_change=0 해시=f3898fe2... taskId=AQMkADAwATM3ZmYAZS0xYTYxLTUwMTEALTAwAi0wMAoARgAAA6fkKAJzURFCp03uDLvXp98HALAvg_JdvZ9GofhcqP1PJIMAAAIBEgAAALAvg_JdvZ9GofhcqP1PJIMABvr4c1sAAAA=
[2026-04-02 21:53:56] [DebugCheck] 123456 해시=8d969eef...
[2026-04-02 21:53:56] [DoLogin] ValidateLogin 호출
[2026-04-02 21:53:56] [ValidateLogin] DB해시=f3898fe2... / 입력해시=f3898fe2... / 일치=True
[2026-04-02 21:53:56] [DoLogin] ValidateLogin 결과 → success=True, mustChangePw=False, message='로그인 성공'
[2026-04-02 21:53:56] [DoLogin] 로그인 성공 → Lottie 재생
[2026-04-02 21:53:56] [Lottie] 재생 시작
[2026-04-02 21:53:56] [Progress] 0% — DB 연결 중...
[2026-04-02 21:53:56] [Progress] 22% — DB 연결 완료
[2026-04-02 21:53:56] [Progress] 22% — 테이블 초기화 중...
[2026-04-02 21:53:56] [Progress] 55% — 테이블 준비 완료
[2026-04-02 21:53:57] [Progress] 55% — 견적 데이터 준비 중...
[2026-04-02 21:53:57] [Progress] 82% — 데이터 준비 완료
[2026-04-02 21:53:57] [Progress] 96% — 시스템 준비 완료
[2026-04-02 21:53:57] [Progress] 100% — ✓ 완료!
[2026-04-02 22:01:00] ========== 로그인 창 시작 ==========
[2026-04-02 22:01:00] [Init] MigrateAccountColumns 시작
[2026-04-02 22:01:01] [Init] MigrateAccountColumns 완료
[2026-04-02 22:01:01] [Init] MigrateInitialPasswords 시작
[2026-04-02 22:01:01] [Init] MigrateInitialPasswords 완료
[2026-04-02 22:01:15] ---------- 로그인 시도 ----------
[2026-04-02 22:01:15] [DoLogin] DB 모드: MariaDB
[2026-04-02 22:01:15] [DoLogin] 사번 입력값: '201000308'
[2026-04-02 22:01:15] [DoLogin] 비밀번호 길이: 10자 / 비어있음: False
[2026-04-02 22:01:15] [DoLogin] 비밀번호 입력 해시: f3898fe2...
[2026-04-02 22:01:15] [DoLogin] TodoService.SyncApprovalStatusAsync 시작
[2026-04-02 22:01:17] [DoLogin] 중복 호출 차단
[2026-04-02 22:01:17] [DoLogin] TodoService.SyncApprovalStatusAsync 완료
[2026-04-02 22:01:17] [DoLogin] DB 계정 상태 확인 시작
[2026-04-02 22:01:17] [DebugCheck] DB 경로: /Users/azrael/Documents/ETA/Data/eta.db
[2026-04-02 22:01:17] [DebugCheck] DB 존재: True
[2026-04-02 22:01:17] [DebugCheck] 사번=201000308 상태=approved must_change=0 해시=f3898fe2... taskId=AQMkADAwATM3ZmYAZS0xYTYxLTUwMTEALTAwAi0wMAoARgAAA6fkKAJzURFCp03uDLvXp98HALAvg_JdvZ9GofhcqP1PJIMAAAIBEgAAALAvg_JdvZ9GofhcqP1PJIMABvr4c1sAAAA=
[2026-04-02 22:01:17] [DebugCheck] 123456 해시=8d969eef...
[2026-04-02 22:01:17] [DoLogin] ValidateLogin 호출
[2026-04-02 22:01:17] [ValidateLogin] DB해시=f3898fe2... / 입력해시=f3898fe2... / 일치=True
[2026-04-02 22:01:17] [DoLogin] ValidateLogin 결과 → success=True, mustChangePw=False, message='로그인 성공'
[2026-04-02 22:01:17] [DoLogin] 로그인 성공 → Lottie 재생
[2026-04-02 22:01:17] [Lottie] 재생 시작
[2026-04-02 22:01:17] [Progress] 0% — DB 연결 중...
[2026-04-02 22:01:17] [Progress] 22% — DB 연결 완료
[2026-04-02 22:01:18] [Progress] 22% — 테이블 초기화 중...
[2026-04-02 22:01:18] [Progress] 55% — 테이블 준비 완료
[2026-04-02 22:01:18] [Progress] 55% — 견적 데이터 준비 중...
[2026-04-02 22:01:18] [Progress] 82% — 데이터 준비 완료
[2026-04-02 22:01:18] [Progress] 96% — 시스템 준비 완료
[2026-04-02 22:01:18] [Progress] 100% — ✓ 완료!
[2026-04-02 22:04:43] ========== 로그인 창 시작 ==========
[2026-04-02 22:04:43] [Init] MigrateAccountColumns 시작
[2026-04-02 22:04:43] [Init] MigrateAccountColumns 완료
[2026-04-02 22:04:43] [Init] MigrateInitialPasswords 시작
[2026-04-02 22:04:44] [Init] MigrateInitialPasswords 완료
[2026-04-02 22:04:56] ---------- 로그인 시도 ----------
[2026-04-02 22:04:56] [DoLogin] DB 모드: MariaDB
[2026-04-02 22:04:56] [DoLogin] 사번 입력값: '201000308'
[2026-04-02 22:04:56] [DoLogin] 비밀번호 길이: 10자 / 비어있음: False
[2026-04-02 22:04:56] [DoLogin] 비밀번호 입력 해시: f3898fe2...
[2026-04-02 22:04:56] [DoLogin] TodoService.SyncApprovalStatusAsync 시작
[2026-04-02 22:04:58] [DoLogin] TodoService.SyncApprovalStatusAsync 완료
[2026-04-02 22:04:58] [DoLogin] DB 계정 상태 확인 시작
[2026-04-02 22:04:58] [DebugCheck] DB 경로: /Users/azrael/Documents/ETA/Data/eta.db
[2026-04-02 22:04:58] [DebugCheck] DB 존재: True
[2026-04-02 22:04:58] [DebugCheck] 사번=201000308 상태=approved must_change=0 해시=f3898fe2... taskId=AQMkADAwATM3ZmYAZS0xYTYxLTUwMTEALTAwAi0wMAoARgAAA6fkKAJzURFCp03uDLvXp98HALAvg_JdvZ9GofhcqP1PJIMAAAIBEgAAALAvg_JdvZ9GofhcqP1PJIMABvr4c1sAAAA=
[2026-04-02 22:04:58] [DebugCheck] 123456 해시=8d969eef...
[2026-04-02 22:04:58] [DoLogin] ValidateLogin 호출
[2026-04-02 22:04:58] [ValidateLogin] DB해시=f3898fe2... / 입력해시=f3898fe2... / 일치=True
[2026-04-02 22:04:58] [DoLogin] ValidateLogin 결과 → success=True, mustChangePw=False, message='로그인 성공'
[2026-04-02 22:04:58] [DoLogin] 로그인 성공 → Lottie 재생
[2026-04-02 22:04:58] [Lottie] 재생 시작
[2026-04-02 22:04:58] [Progress] 0% — DB 연결 중...
[2026-04-02 22:04:58] [Progress] 22% — DB 연결 완료
[2026-04-02 22:04:58] [Progress] 22% — 테이블 초기화 중...
[2026-04-02 22:04:58] [Progress] 55% — 테이블 준비 완료
[2026-04-02 22:04:58] [Progress] 55% — 견적 데이터 준비 중...
[2026-04-02 22:04:58] [Progress] 82% — 데이터 준비 완료
[2026-04-02 22:04:59] [Progress] 96% — 시스템 준비 완료
[2026-04-02 22:04:59] [Progress] 100% — ✓ 완료!
[2026-04-02 22:08:07] ========== 로그인 창 시작 ==========
[2026-04-02 22:08:07] [Init] MigrateAccountColumns 시작
[2026-04-02 22:08:08] [Init] MigrateAccountColumns 완료
[2026-04-02 22:08:08] [Init] MigrateInitialPasswords 시작
[2026-04-02 22:08:08] [Init] MigrateInitialPasswords 완료
[2026-04-02 22:08:17] ---------- 로그인 시도 ----------
[2026-04-02 22:08:17] [DoLogin] DB 모드: MariaDB
[2026-04-02 22:08:17] [DoLogin] 사번 입력값: '201000308'
[2026-04-02 22:08:17] [DoLogin] 비밀번호 길이: 10자 / 비어있음: False
[2026-04-02 22:08:17] [DoLogin] 비밀번호 입력 해시: f3898fe2...
[2026-04-02 22:08:17] [DoLogin] TodoService.SyncApprovalStatusAsync 시작
[2026-04-02 22:08:19] [DoLogin] TodoService.SyncApprovalStatusAsync 완료
[2026-04-02 22:08:19] [DoLogin] DB 계정 상태 확인 시작
[2026-04-02 22:08:19] [DebugCheck] DB 경로: /Users/azrael/Documents/ETA/Data/eta.db
[2026-04-02 22:08:19] [DebugCheck] DB 존재: True
[2026-04-02 22:08:19] [DebugCheck] 사번=201000308 상태=approved must_change=0 해시=f3898fe2... taskId=AQMkADAwATM3ZmYAZS0xYTYxLTUwMTEALTAwAi0wMAoARgAAA6fkKAJzURFCp03uDLvXp98HALAvg_JdvZ9GofhcqP1PJIMAAAIBEgAAALAvg_JdvZ9GofhcqP1PJIMABvr4c1sAAAA=
[2026-04-02 22:08:19] [DebugCheck] 123456 해시=8d969eef...
[2026-04-02 22:08:19] [DoLogin] ValidateLogin 호출
[2026-04-02 22:08:19] [ValidateLogin] DB해시=f3898fe2... / 입력해시=f3898fe2... / 일치=True
[2026-04-02 22:08:19] [DoLogin] ValidateLogin 결과 → success=True, mustChangePw=False, message='로그인 성공'
[2026-04-02 22:08:19] [DoLogin] 로그인 성공 → Lottie 재생
[2026-04-02 22:08:19] [Lottie] 재생 시작
[2026-04-02 22:08:19] [Progress] 0% — DB 연결 중...
[2026-04-02 22:08:19] [Progress] 22% — DB 연결 완료
[2026-04-02 22:08:19] [Progress] 22% — 테이블 초기화 중...
[2026-04-02 22:08:19] [Progress] 55% — 테이블 준비 완료
[2026-04-02 22:08:19] [Progress] 55% — 견적 데이터 준비 중...
[2026-04-02 22:08:19] [Progress] 82% — 데이터 준비 완료
[2026-04-02 22:08:20] [Progress] 96% — 시스템 준비 완료
[2026-04-02 22:08:20] [Progress] 100% — ✓ 완료!
[2026-04-02 22:09:04] ========== 로그인 창 시작 ==========
[2026-04-02 22:09:04] [Init] MigrateAccountColumns 시작
[2026-04-02 22:09:04] [Init] MigrateAccountColumns 완료
[2026-04-02 22:09:04] [Init] MigrateInitialPasswords 시작
[2026-04-02 22:09:04] [Init] MigrateInitialPasswords 완료
[2026-04-02 22:09:48] ========== 로그인 창 시작 ==========
[2026-04-02 22:09:48] [Init] MigrateAccountColumns 시작
[2026-04-02 22:09:48] [Init] MigrateAccountColumns 완료
[2026-04-02 22:09:48] [Init] MigrateInitialPasswords 시작
[2026-04-02 22:09:48] [Init] MigrateInitialPasswords 완료
[2026-04-02 22:10:18] ========== 로그인 창 시작 ==========
[2026-04-02 22:10:18] [Init] MigrateAccountColumns 시작
[2026-04-02 22:10:18] [Init] MigrateAccountColumns 완료
[2026-04-02 22:10:18] [Init] MigrateInitialPasswords 시작
[2026-04-02 22:10:18] [Init] MigrateInitialPasswords 완료
[2026-04-02 22:11:24] ========== 로그인 창 시작 ==========
[2026-04-02 22:11:24] [Init] MigrateAccountColumns 시작
[2026-04-02 22:11:24] [Init] MigrateAccountColumns 완료
[2026-04-02 22:11:24] [Init] MigrateInitialPasswords 시작
[2026-04-02 22:11:24] [Init] MigrateInitialPasswords 완료
[2026-04-02 22:11:38] ---------- 로그인 시도 ----------
[2026-04-02 22:11:38] [DoLogin] DB 모드: MariaDB
[2026-04-02 22:11:38] [DoLogin] 사번 입력값: '201000308'
[2026-04-02 22:11:38] [DoLogin] 비밀번호 길이: 10자 / 비어있음: False
[2026-04-02 22:11:38] [DoLogin] 비밀번호 입력 해시: f3898fe2...
[2026-04-02 22:11:38] [DoLogin] TodoService.SyncApprovalStatusAsync 시작
[2026-04-02 22:11:39] [DoLogin] 중복 호출 차단
[2026-04-02 22:11:40] [DoLogin] TodoService.SyncApprovalStatusAsync 완료
[2026-04-02 22:11:40] [DoLogin] DB 계정 상태 확인 시작
[2026-04-02 22:11:40] [DebugCheck] DB 경로: /Users/azrael/Documents/ETA/Data/eta.db
[2026-04-02 22:11:40] [DebugCheck] DB 존재: True
[2026-04-02 22:11:40] [DebugCheck] 사번=201000308 상태=approved must_change=0 해시=f3898fe2... taskId=AQMkADAwATM3ZmYAZS0xYTYxLTUwMTEALTAwAi0wMAoARgAAA6fkKAJzURFCp03uDLvXp98HALAvg_JdvZ9GofhcqP1PJIMAAAIBEgAAALAvg_JdvZ9GofhcqP1PJIMABvr4c1sAAAA=
[2026-04-02 22:11:40] [DebugCheck] 123456 해시=8d969eef...
[2026-04-02 22:11:40] [DoLogin] ValidateLogin 호출
[2026-04-02 22:11:40] [ValidateLogin] DB해시=f3898fe2... / 입력해시=f3898fe2... / 일치=True
[2026-04-02 22:11:40] [DoLogin] ValidateLogin 결과 → success=True, mustChangePw=False, message='로그인 성공'
[2026-04-02 22:11:40] [DoLogin] 로그인 성공 → Lottie 재생
[2026-04-02 22:11:40] [Lottie] 재생 시작
[2026-04-02 22:11:40] [Progress] 0% — DB 연결 중...
[2026-04-02 22:11:40] [Progress] 22% — DB 연결 완료
[2026-04-02 22:11:40] [Progress] 22% — 테이블 초기화 중...
[2026-04-02 22:11:40] [Progress] 55% — 테이블 준비 완료
[2026-04-02 22:11:40] [Progress] 55% — 견적 데이터 준비 중...
[2026-04-02 22:11:40] [Progress] 82% — 데이터 준비 완료
[2026-04-02 22:11:40] [Progress] 96% — 시스템 준비 완료
[2026-04-02 22:11:41] [Progress] 100% — ✓ 완료!
[2026-04-02 22:12:50] ========== 로그인 창 시작 ==========
[2026-04-02 22:12:50] [Init] MigrateAccountColumns 시작
[2026-04-02 22:12:50] [Init] MigrateAccountColumns 완료
[2026-04-02 22:12:50] [Init] MigrateInitialPasswords 시작
[2026-04-02 22:12:50] [Init] MigrateInitialPasswords 완료
[2026-04-02 22:12:52] [EasterEgg] 관리자 자동 로그인
[2026-04-02 22:12:52] [Lottie] 재생 시작
[2026-04-02 22:12:52] [Progress] 0% — DB 연결 중...
[2026-04-02 22:12:52] [Progress] 22% — DB 연결 완료
[2026-04-02 22:12:52] [Progress] 22% — 테이블 초기화 중...
[2026-04-02 22:12:53] [Progress] 55% — 테이블 준비 완료
[2026-04-02 22:12:53] [Progress] 55% — 견적 데이터 준비 중...
[2026-04-02 22:12:53] [Progress] 82% — 데이터 준비 완료
[2026-04-02 22:12:53] [Progress] 96% — 시스템 준비 완료
[2026-04-02 22:12:53] [Progress] 100% — ✓ 완료!
[2026-04-02 22:14:14] ========== 로그인 창 시작 ==========
[2026-04-02 22:14:14] [Init] MigrateAccountColumns 시작
[2026-04-02 22:14:14] [Init] MigrateAccountColumns 완료
[2026-04-02 22:14:14] [Init] MigrateInitialPasswords 시작
[2026-04-02 22:14:15] [Init] MigrateInitialPasswords 완료
[2026-04-02 22:14:18] [EasterEgg] 관리자 자동 로그인
[2026-04-02 22:14:18] [Lottie] 재생 시작
[2026-04-02 22:14:18] [Progress] 0% — DB 연결 중...
[2026-04-02 22:14:18] [Progress] 22% — DB 연결 완료
[2026-04-02 22:14:18] [Progress] 22% — 테이블 초기화 중...
[2026-04-02 22:14:18] [Progress] 55% — 테이블 준비 완료
[2026-04-02 22:14:18] [Progress] 55% — 견적 데이터 준비 중...
[2026-04-02 22:14:18] [Progress] 82% — 데이터 준비 완료
[2026-04-02 22:14:18] [Progress] 96% — 시스템 준비 완료
[2026-04-02 22:14:18] [Progress] 100% — ✓ 완료!
[2026-04-02 22:16:32] ========== 로그인 창 시작 ==========
[2026-04-02 22:16:32] [Init] MigrateAccountColumns 시작
[2026-04-02 22:16:32] [Init] MigrateAccountColumns 완료
[2026-04-02 22:16:32] [Init] MigrateInitialPasswords 시작
[2026-04-02 22:16:32] [Init] MigrateInitialPasswords 완료
[2026-04-02 22:16:34] [EasterEgg] 관리자 자동 로그인
[2026-04-02 22:16:34] [Lottie] 재생 시작
[2026-04-02 22:16:34] [Progress] 0% — DB 연결 중...
[2026-04-02 22:16:34] [Progress] 22% — DB 연결 완료
[2026-04-02 22:16:34] [Progress] 22% — 테이블 초기화 중...
[2026-04-02 22:16:34] [Progress] 55% — 테이블 준비 완료
[2026-04-02 22:16:34] [Progress] 55% — 견적 데이터 준비 중...
[2026-04-02 22:16:34] [Progress] 82% — 데이터 준비 완료
[2026-04-02 22:16:34] [Progress] 96% — 시스템 준비 완료
[2026-04-02 22:16:35] [Progress] 100% — ✓ 완료!
[2026-04-02 22:20:20] ========== 로그인 창 시작 ==========
[2026-04-02 22:20:20] [Init] MigrateAccountColumns 시작
[2026-04-02 22:20:21] [Init] MigrateAccountColumns 완료
[2026-04-02 22:20:21] [Init] MigrateInitialPasswords 시작
[2026-04-02 22:20:21] [Init] MigrateInitialPasswords 완료
[2026-04-02 22:20:24] [EasterEgg] 관리자 자동 로그인
[2026-04-02 22:20:24] [Lottie] 재생 시작
[2026-04-02 22:20:24] [Progress] 0% — DB 연결 중...
[2026-04-02 22:20:25] [Progress] 22% — DB 연결 완료
[2026-04-02 22:20:25] [Progress] 22% — 테이블 초기화 중...
[2026-04-02 22:20:25] [Progress] 55% — 테이블 준비 완료
[2026-04-02 22:20:25] [Progress] 55% — 견적 데이터 준비 중...
[2026-04-02 22:20:25] [Progress] 82% — 데이터 준비 완료
[2026-04-02 22:20:25] [Progress] 96% — 시스템 준비 완료
[2026-04-02 22:20:25] [Progress] 100% — ✓ 완료!
[2026-04-02 22:21:39] ========== 로그인 창 시작 ==========
[2026-04-02 22:21:39] [Init] MigrateAccountColumns 시작
[2026-04-02 22:21:39] [Init] MigrateAccountColumns 완료
[2026-04-02 22:21:39] [Init] MigrateInitialPasswords 시작
[2026-04-02 22:21:39] [Init] MigrateInitialPasswords 완료
[2026-04-02 22:22:14] ========== 로그인 창 시작 ==========
[2026-04-02 22:22:14] [Init] MigrateAccountColumns 시작
[2026-04-02 22:22:14] [Init] MigrateAccountColumns 완료
[2026-04-02 22:22:14] [Init] MigrateInitialPasswords 시작
[2026-04-02 22:22:14] [Init] MigrateInitialPasswords 완료
[2026-04-02 22:22:17] [EasterEgg] 관리자 자동 로그인
[2026-04-02 22:22:17] [Lottie] 재생 시작
[2026-04-02 22:22:17] [Progress] 0% — DB 연결 중...
[2026-04-02 22:22:17] [Progress] 22% — DB 연결 완료
[2026-04-02 22:22:17] [Progress] 22% — 테이블 초기화 중...
[2026-04-02 22:22:17] [Progress] 55% — 테이블 준비 완료
[2026-04-02 22:22:17] [Progress] 55% — 견적 데이터 준비 중...
[2026-04-02 22:22:17] [Progress] 82% — 데이터 준비 완료
[2026-04-02 22:22:17] [Progress] 96% — 시스템 준비 완료
[2026-04-02 22:22:17] [Progress] 100% — ✓ 완료!
[2026-04-02 22:25:12] ========== 로그인 창 시작 ==========
[2026-04-02 22:25:12] [Init] MigrateAccountColumns 시작
[2026-04-02 22:25:13] [Init] MigrateAccountColumns 완료
[2026-04-02 22:25:13] [Init] MigrateInitialPasswords 시작
[2026-04-02 22:25:13] [Init] MigrateInitialPasswords 완료
[2026-04-02 22:25:17] [EasterEgg] 관리자 자동 로그인
[2026-04-02 22:25:17] [Lottie] 재생 시작
[2026-04-02 22:25:17] [Progress] 0% — DB 연결 중...
[2026-04-02 22:25:17] [Progress] 22% — DB 연결 완료
[2026-04-02 22:25:17] [Progress] 22% — 테이블 초기화 중...
[2026-04-02 22:25:17] [Progress] 55% — 테이블 준비 완료
[2026-04-02 22:25:17] [Progress] 55% — 견적 데이터 준비 중...
[2026-04-02 22:25:17] [Progress] 82% — 데이터 준비 완료
[2026-04-02 22:25:17] [Progress] 96% — 시스템 준비 완료
[2026-04-02 22:25:18] [Progress] 100% — ✓ 완료!
[2026-04-02 22:26:26] ========== 로그인 창 시작 ==========
[2026-04-02 22:26:26] [Init] MigrateAccountColumns 시작
[2026-04-02 22:26:26] [Init] MigrateAccountColumns 완료
[2026-04-02 22:26:26] [Init] MigrateInitialPasswords 시작
[2026-04-02 22:26:26] [Init] MigrateInitialPasswords 완료
[2026-04-02 22:26:29] [EasterEgg] 관리자 자동 로그인
[2026-04-02 22:26:29] [Lottie] 재생 시작
[2026-04-02 22:26:29] [Progress] 0% — DB 연결 중...
[2026-04-02 22:26:29] [Progress] 22% — DB 연결 완료
[2026-04-02 22:26:29] [Progress] 22% — 테이블 초기화 중...
[2026-04-02 22:26:29] [Progress] 55% — 테이블 준비 완료
[2026-04-02 22:26:29] [Progress] 55% — 견적 데이터 준비 중...
[2026-04-02 22:26:29] [Progress] 82% — 데이터 준비 완료
[2026-04-02 22:26:29] [Progress] 96% — 시스템 준비 완료
[2026-04-02 22:26:29] [Progress] 100% — ✓ 완료!
[2026-04-02 22:33:06] ========== 로그인 창 시작 ==========
[2026-04-02 22:33:06] [Init] MigrateAccountColumns 시작
[2026-04-02 22:33:06] [Init] MigrateAccountColumns 완료
[2026-04-02 22:33:06] [Init] MigrateInitialPasswords 시작
[2026-04-02 22:33:06] [Init] MigrateInitialPasswords 완료
[2026-04-02 22:33:09] [EasterEgg] 관리자 자동 로그인
[2026-04-02 22:33:09] [Lottie] 재생 시작
[2026-04-02 22:33:09] [Progress] 0% — DB 연결 중...
[2026-04-02 22:33:09] [Progress] 22% — DB 연결 완료
[2026-04-02 22:33:09] [Progress] 22% — 테이블 초기화 중...
[2026-04-02 22:33:09] [Progress] 55% — 테이블 준비 완료
[2026-04-02 22:33:10] [Progress] 55% — 견적 데이터 준비 중...
[2026-04-02 22:33:10] [Progress] 82% — 데이터 준비 완료
[2026-04-02 22:33:10] [Progress] 96% — 시스템 준비 완료
[2026-04-02 22:33:10] [Progress] 100% — ✓ 완료!
[2026-04-02 22:41:00] ========== 로그인 창 시작 ==========
[2026-04-02 22:41:00] [Init] MigrateAccountColumns 시작
[2026-04-02 22:41:00] [Init] MigrateAccountColumns 완료
[2026-04-02 22:41:00] [Init] MigrateInitialPasswords 시작
[2026-04-02 22:41:00] [Init] MigrateInitialPasswords 완료
[2026-04-02 22:41:04] [EasterEgg] 관리자 자동 로그인
[2026-04-02 22:41:04] [Lottie] 재생 시작
[2026-04-02 22:41:04] [Progress] 0% — DB 연결 중...
[2026-04-02 22:41:04] [Progress] 22% — DB 연결 완료
[2026-04-02 22:41:04] [Progress] 22% — 테이블 초기화 중...
[2026-04-02 22:41:04] [Progress] 55% — 테이블 준비 완료
[2026-04-02 22:41:04] [Progress] 55% — 견적 데이터 준비 중...
[2026-04-02 22:41:04] [Progress] 82% — 데이터 준비 완료
[2026-04-02 22:41:04] [Progress] 96% — 시스템 준비 완료
[2026-04-02 22:41:05] [Progress] 100% — ✓ 완료!
[2026-04-02 22:53:08] ========== 로그인 창 시작 ==========
[2026-04-02 22:53:08] [Init] MigrateAccountColumns 시작
[2026-04-02 22:53:08] [Init] MigrateAccountColumns 완료
[2026-04-02 22:53:08] [Init] MigrateInitialPasswords 시작
[2026-04-02 22:53:08] [Init] MigrateInitialPasswords 완료
[2026-04-02 22:53:12] [EasterEgg] 관리자 자동 로그인
[2026-04-02 22:53:12] [Lottie] 재생 시작
[2026-04-02 22:53:12] [Progress] 0% — DB 연결 중...
[2026-04-02 22:53:12] [Progress] 22% — DB 연결 완료
[2026-04-02 22:53:13] [Progress] 22% — 테이블 초기화 중...
[2026-04-02 22:53:13] [Progress] 55% — 테이블 준비 완료
[2026-04-02 22:53:13] [Progress] 55% — 견적 데이터 준비 중...
[2026-04-02 22:53:13] [Progress] 82% — 데이터 준비 완료
[2026-04-02 22:53:13] [Progress] 96% — 시스템 준비 완료
[2026-04-02 22:53:13] [Progress] 100% — ✓ 완료!
[2026-04-02 23:34:34] ========== 로그인 창 시작 ==========
[2026-04-02 23:34:34] [Init] MigrateAccountColumns 시작
[2026-04-02 23:34:34] [Init] MigrateAccountColumns 완료
[2026-04-02 23:34:34] [Init] MigrateInitialPasswords 시작
[2026-04-02 23:34:35] [Init] MigrateInitialPasswords 완료
[2026-04-02 23:34:39] [EasterEgg] 관리자 자동 로그인
[2026-04-02 23:34:39] [Lottie] 재생 시작
[2026-04-02 23:34:39] [Progress] 0% — DB 연결 중...
[2026-04-02 23:34:39] [Progress] 22% — DB 연결 완료
[2026-04-02 23:34:39] [Progress] 22% — 테이블 초기화 중...
[2026-04-02 23:34:39] [Progress] 55% — 테이블 준비 완료
[2026-04-02 23:34:40] [Progress] 55% — 견적 데이터 준비 중...
[2026-04-02 23:34:40] [Progress] 82% — 데이터 준비 완료
[2026-04-02 23:34:40] [Progress] 96% — 시스템 준비 완료
[2026-04-02 23:34:40] [Progress] 100% — ✓ 완료!
[2026-04-02 23:50:05] ========== 로그인 창 시작 ==========
[2026-04-02 23:50:05] [Init] MigrateAccountColumns 시작
[2026-04-02 23:50:05] [Init] MigrateAccountColumns 완료
[2026-04-02 23:50:05] [Init] MigrateInitialPasswords 시작
[2026-04-02 23:50:05] [Init] MigrateInitialPasswords 완료
[2026-04-02 23:50:15] [EasterEgg] 관리자 자동 로그인
[2026-04-02 23:50:15] [Lottie] 재생 시작
[2026-04-02 23:50:15] [Progress] 0% — DB 연결 중...
[2026-04-02 23:50:15] [Progress] 22% — DB 연결 완료
[2026-04-02 23:50:16] [Progress] 22% — 테이블 초기화 중...
[2026-04-02 23:50:16] [Progress] 55% — 테이블 준비 완료
[2026-04-02 23:50:16] [Progress] 55% — 견적 데이터 준비 중...
[2026-04-02 23:50:16] [Progress] 82% — 데이터 준비 완료
[2026-04-02 23:50:16] [Progress] 96% — 시스템 준비 완료
[2026-04-02 23:50:16] [Progress] 100% — ✓ 완료!
